<?xml version="1.0" encoding="UTF-8"?>
<testsuites name="jest tests" tests="516" failures="335" errors="0" time="549.615">
  <testsuite name="selectFileForPinning" errors="0" failures="0" skipped="0" timestamp="2024-06-12T20:46:11" time="2.416" tests="16">
    <testcase classname="selectFileForPinning with a -r option chooses targetFile" name="selectFileForPinning with a -r option chooses targetFile" time="0.003">
    </testcase>
    <testcase classname="selectFileForPinning without -r or -c option chooses targetFile" name="selectFileForPinning without -r or -c option chooses targetFile" time="0">
    </testcase>
    <testcase classname="selectFileForPinning with a -c option chooses constraints.txt file" name="selectFileForPinning with a -c option chooses constraints.txt file" time="0.001">
    </testcase>
    <testcase classname="fix *req*.txt / *.txt Python projects fixes project with a -r option" name="fix *req*.txt / *.txt Python projects fixes project with a -r option" time="0.014">
    </testcase>
    <testcase classname="fix *req*.txt / *.txt Python projects does not add extra new lines" name="fix *req*.txt / *.txt Python projects does not add extra new lines" time="0.003">
    </testcase>
    <testcase classname="fix *req*.txt / *.txt Python projects retains new line eof" name="fix *req*.txt / *.txt Python projects retains new line eof" time="0.002">
    </testcase>
    <testcase classname="fix *req*.txt / *.txt Python projects does not mess formatting" name="fix *req*.txt / *.txt Python projects does not mess formatting" time="0.013">
    </testcase>
    <testcase classname="fix *req*.txt / *.txt Python projects ignores dependency name casing (treats all as lowercase)" name="fix *req*.txt / *.txt Python projects ignores dependency name casing (treats all as lowercase)" time="0.002">
    </testcase>
    <testcase classname="fix *req*.txt / *.txt Python projects maintains package name casing when upgrading" name="fix *req*.txt / *.txt Python projects maintains package name casing when upgrading" time="0.002">
    </testcase>
    <testcase classname="fix *req*.txt / *.txt Python projects matches a package with multiple digit versions i.e. 12.123.14" name="fix *req*.txt / *.txt Python projects matches a package with multiple digit versions i.e. 12.123.14" time="0.002">
    </testcase>
    <testcase classname="fix *req*.txt / *.txt Python projects maintains version comparator when upgrading" name="fix *req*.txt / *.txt Python projects maintains version comparator when upgrading" time="0.002">
    </testcase>
    <testcase classname="fix *req*.txt / *.txt Python projects retains python markers" name="fix *req*.txt / *.txt Python projects retains python markers" time="0.004">
    </testcase>
    <testcase classname="fix *req*.txt / *.txt Python projects fixes multiple files that are included via -r" name="fix *req*.txt / *.txt Python projects fixes multiple files that are included via -r" time="0.005">
    </testcase>
    <testcase classname="fix *req*.txt / *.txt Python projects fixes multiple files via -r with the same name (some were already fixed)" name="fix *req*.txt / *.txt Python projects fixes multiple files via -r with the same name (some were already fixed)" time="0.01">
    </testcase>
    <testcase classname="fix *req*.txt / *.txt Python projects fixes multiple files via -c &amp; -r with the same name (some were already fixed)" name="fix *req*.txt / *.txt Python projects fixes multiple files via -c &amp; -r with the same name (some were already fixed)" time="0.003">
    </testcase>
    <testcase classname="fix custom named Python projects with --file &amp; --packageManager parameters fixes *.frozen manifest with a --packageManager option" name="fix custom named Python projects with --file &amp; --packageManager parameters fixes *.frozen manifest with a --packageManager option" time="0.001">
    </testcase>
  </testsuite>
  <testsuite name="fix Poetry Python projects" errors="0" failures="0" skipped="0" timestamp="2024-06-12T20:46:13" time="0.874" tests="12">
    <testcase classname="fix Poetry Python projects shows expected changes with lockfile in --dry-run mode" name="fix Poetry Python projects shows expected changes with lockfile in --dry-run mode" time="0.011">
    </testcase>
    <testcase classname="fix Poetry Python projects error is bubbled up" name="fix Poetry Python projects error is bubbled up" time="0.007">
    </testcase>
    <testcase classname="fix Poetry Python projects Calls the plugin with expected parameters (upgrade &amp; pin)" name="fix Poetry Python projects Calls the plugin with expected parameters (upgrade &amp; pin)" time="0.003">
    </testcase>
    <testcase classname="fix Poetry Python projects Calls the plugin with expected parameters with --dev (upgrade &amp; pin)" name="fix Poetry Python projects Calls the plugin with expected parameters with --dev (upgrade &amp; pin)" time="0.006">
    </testcase>
    <testcase classname="fix Poetry Python projects pins a transitive dep with custom python interpreter via --command" name="fix Poetry Python projects pins a transitive dep with custom python interpreter via --command" time="0.003">
    </testcase>
    <testcase classname="fix Poetry Python projects shows expected changes when updating a dev dep" name="fix Poetry Python projects shows expected changes when updating a dev dep" time="0.002">
    </testcase>
    <testcase classname="fix Poetry Python projects upgrade fails since the env already has the right versions (full failure)" name="fix Poetry Python projects upgrade fails since the env already has the right versions (full failure)" time="0">
    </testcase>
    <testcase classname="fix Poetry Python projects upgrade of dev deps fails (partial failure)" name="fix Poetry Python projects upgrade of dev deps fails (partial failure)" time="0">
    </testcase>
    <testcase classname="fix Poetry Python projects fix sequentially shows expected changes with lockfile in --dry-run mode" name="fix Poetry Python projects fix sequentially shows expected changes with lockfile in --dry-run mode" time="0.002">
    </testcase>
    <testcase classname="fix Poetry Python projects fix sequentially error is bubbled up" name="fix Poetry Python projects fix sequentially error is bubbled up" time="0.017">
    </testcase>
    <testcase classname="fix Poetry Python projects fix sequentially Calls the plugin with expected parameters (upgrade &amp; pin)" name="fix Poetry Python projects fix sequentially Calls the plugin with expected parameters (upgrade &amp; pin)" time="0.002">
    </testcase>
    <testcase classname="fix Poetry Python projects fix sequentially Calls the plugin with expected parameters with --dev (upgrade &amp; pin)" name="fix Poetry Python projects fix sequentially Calls the plugin with expected parameters with --dev (upgrade &amp; pin)" time="0.01">
    </testcase>
    <testcase classname="fix Poetry Python projects fix sequentially pins a transitive dep with custom python interpreter via --command" name="fix Poetry Python projects fix sequentially pins a transitive dep with custom python interpreter via --command" time="0.002">
    </testcase>
    <testcase classname="fix Poetry Python projects fix sequentially shows expected changes when updating a dev dep" name="fix Poetry Python projects fix sequentially shows expected changes when updating a dev dep" time="0.001">
    </testcase>
    <testcase classname="fix Poetry Python projects fix sequentially upgrade fails since the env already has the right versions (full failure)" name="fix Poetry Python projects fix sequentially upgrade fails since the env already has the right versions (full failure)" time="0">
    </testcase>
    <testcase classname="fix Poetry Python projects fix sequentially upgrade of dev deps fails (partial failure)" name="fix Poetry Python projects fix sequentially upgrade of dev deps fails (partial failure)" time="0">
    </testcase>
  </testsuite>
  <testsuite name="fix Pipfile Python projects" errors="0" failures="0" skipped="0" timestamp="2024-06-12T20:46:14" time="0.599" tests="10">
    <testcase classname="fix Pipfile Python projects shows expected changes with lockfile in --dry-run mode" name="fix Pipfile Python projects shows expected changes with lockfile in --dry-run mode" time="0.005">
    </testcase>
    <testcase classname="fix Pipfile Python projects applies expected changes to Pipfile when locking fails" name="fix Pipfile Python projects applies expected changes to Pipfile when locking fails" time="0.002">
    </testcase>
    <testcase classname="fix Pipfile Python projects applies expected changes to Pipfile when install fails" name="fix Pipfile Python projects applies expected changes to Pipfile when install fails" time="0.001">
    </testcase>
    <testcase classname="fix Pipfile Python projects applies expected changes to Pipfile (100% success)" name="fix Pipfile Python projects applies expected changes to Pipfile (100% success)" time="0.002">
    </testcase>
    <testcase classname="fix Pipfile Python projects passes down custom --python if the project was tested with this (--command) from CLI" name="fix Pipfile Python projects passes down custom --python if the project was tested with this (--command) from CLI" time="0.005">
    </testcase>
    <testcase classname="fix Pipfile Python projects (fix sequentially) shows expected changes with lockfile in --dry-run mode" name="fix Pipfile Python projects (fix sequentially) shows expected changes with lockfile in --dry-run mode" time="0.001">
    </testcase>
    <testcase classname="fix Pipfile Python projects (fix sequentially) applies expected changes to Pipfile when locking fails" name="fix Pipfile Python projects (fix sequentially) applies expected changes to Pipfile when locking fails" time="0.002">
    </testcase>
    <testcase classname="fix Pipfile Python projects (fix sequentially) applies expected changes to Pipfile when install fails" name="fix Pipfile Python projects (fix sequentially) applies expected changes to Pipfile when install fails" time="0.002">
    </testcase>
    <testcase classname="fix Pipfile Python projects (fix sequentially) applies expected changes to Pipfile (100% success)" name="fix Pipfile Python projects (fix sequentially) applies expected changes to Pipfile (100% success)" time="0.002">
    </testcase>
    <testcase classname="fix Pipfile Python projects (fix sequentially) passes down custom --python if the project was tested with this (--command) from CLI" name="fix Pipfile Python projects (fix sequentially) passes down custom --python if the project was tested with this (--command) from CLI" time="0.003">
    </testcase>
  </testsuite>
  <testsuite name="analytics module" errors="0" failures="6" skipped="0" timestamp="2024-06-12T20:46:14" time="10.998" tests="12">
    <testcase classname="analytics module sends analytics for `snyk test` with no vulns found" name="analytics module sends analytics for `snyk test` with no vulns found" time="1.572">
      <failure>Error: expect(received).toMatchObject(expected)

Matcher error: received value must be a non-null object

Received has value: undefined
    at Object.&lt;anonymous&gt; (/project/workspace/test/jest/acceptance/analytics.spec.ts:60:25)
    at processTicksAndRejections (node:internal/process/task_queues:95:5)</failure>
    </testcase>
    <testcase classname="analytics module sends analytics for `snyk test` with vulns found" name="analytics module sends analytics for `snyk test` with vulns found" time="2.264">
      <failure>Error: expect(received).toMatchObject(expected)

Matcher error: received value must be a non-null object

Received has value: undefined
    at Object.&lt;anonymous&gt; (/project/workspace/test/jest/acceptance/analytics.spec.ts:134:25)
    at processTicksAndRejections (node:internal/process/task_queues:95:5)</failure>
    </testcase>
    <testcase classname="analytics module sends correct analytics data a bad command" name="analytics module sends correct analytics data a bad command" time="0.203">
      <failure>Error: expect(received).toMatchObject(expected)

Matcher error: received value must be a non-null object

Received has value: undefined
    at Object.&lt;anonymous&gt; (/project/workspace/test/jest/acceptance/analytics.spec.ts:212:25)
    at processTicksAndRejections (node:internal/process/task_queues:95:5)</failure>
    </testcase>
    <testcase classname="analytics module sends correct analytics with error-details containing 403 error body" name="analytics module sends correct analytics with error-details containing 403 error body" time="1.829">
      <failure>Error: expect(received).toMatchObject(expected)

Matcher error: received value must be a non-null object

Received has value: undefined
    at Object.&lt;anonymous&gt; (/project/workspace/test/jest/acceptance/analytics.spec.ts:288:25)
    at processTicksAndRejections (node:internal/process/task_queues:95:5)</failure>
    </testcase>
    <testcase classname="analytics module sends analytics data a bad command" name="analytics module sends analytics data a bad command" time="0.218">
      <failure>Error: expect(received).toMatchObject(expected)

Matcher error: received value must be a non-null object

Received has value: undefined
    at Object.&lt;anonymous&gt; (/project/workspace/test/jest/acceptance/analytics.spec.ts:357:25)
    at processTicksAndRejections (node:internal/process/task_queues:95:5)</failure>
    </testcase>
    <testcase classname="analytics module sends analytics data with basic check only" name="analytics module sends analytics data with basic check only" time="0.237">
    </testcase>
    <testcase classname="analytics module uses OAUTH token if set" name="analytics module uses OAUTH token if set" time="1.214">
    </testcase>
    <testcase classname="analytics module won&apos;t send analytics if disable analytics is set via SNYK_DISABLE_ANALYTICS" name="analytics module won&apos;t send analytics if disable analytics is set via SNYK_DISABLE_ANALYTICS" time="0.222">
    </testcase>
    <testcase classname="analytics module won&apos;t send analytics if disable analytics is set via SNYK_CFG_DISABLE_ANALYTICS" name="analytics module won&apos;t send analytics if disable analytics is set via SNYK_CFG_DISABLE_ANALYTICS" time="0.18">
    </testcase>
    <testcase classname="analytics module won&apos;t send analytics if disable analytics is set via config and disable-analytics" name="analytics module won&apos;t send analytics if disable analytics is set via config and disable-analytics" time="1.596">
    </testcase>
    <testcase classname="analytics module won&apos;t send analytics if disable analytics is set via --DISABLE_ANALYTICS" name="analytics module won&apos;t send analytics if disable analytics is set via --DISABLE_ANALYTICS" time="0.227">
    </testcase>
    <testcase classname="analytics module if analytics are disabled with --DISABLE_ANALYTICS, SNYK_DISABLE_ANALYTICS will be set to 1" name="analytics module if analytics are disabled with --DISABLE_ANALYTICS, SNYK_DISABLE_ANALYTICS will be set to 1" time="0.173">
      <failure>Error: expect(received).toContain(expected) // indexOf

Expected substring: &quot;SNYK_DISABLE_ANALYTICS=1&quot;
Received string:    &quot;_::: &lt;ref *1&gt; [
  {
    _: [Circular *1],
    language: &apos;cat&apos;,
    env: &apos;SNYK_DISABLE_ANALYTICS&apos;,
    DISABLE_ANALYTICS: true
  }
] :::_
language::: cat :::language
env::: SNYK_DISABLE_ANALYTICS :::env
DISABLE_ANALYTICS::: true :::DISABLE_ANALYTICS
SNYK_DISABLE_ANALYTICS=undefined·
    |         |
   /|         |\\
  | |         | |
  | |/-------\\| |
  \\             /
   |  \\     /  |
   | \\o/   \\o/ |
   |    | |    |
    \\/  | |  \\/
    |   | |   |
     \\  ( )  /
      \\_/ \\_/  /-----\\
        \\U/ --( Meow? )
               \\-----/·
&quot;
    at Object.&lt;anonymous&gt; (/project/workspace/test/jest/acceptance/analytics.spec.ts:549:20)
    at processTicksAndRejections (node:internal/process/task_queues:95:5)</failure>
    </testcase>
  </testsuite>
  <testsuite name="@snyk/protect" errors="0" failures="0" skipped="0" timestamp="2024-06-12T20:46:26" time="17.018" tests="13">
    <testcase classname="@snyk/protect applies patch(es) works for project with a single patchable module" name="@snyk/protect applies patch(es) works for project with a single patchable module" time="1.939">
    </testcase>
    <testcase classname="@snyk/protect applies patch(es) works for project with multiple patchable modules" name="@snyk/protect applies patch(es) works for project with multiple patchable modules" time="1.497">
    </testcase>
    <testcase classname="@snyk/protect applies patch(es) works when the vulnId in a .snyk file is quoted" name="@snyk/protect applies patch(es) works when the vulnId in a .snyk file is quoted" time="1.173">
    </testcase>
    <testcase classname="@snyk/protect does not apply any patches and does not fail for project with no modules with the target package name" name="@snyk/protect does not apply any patches and does not fail for project with no modules with the target package name" time="0.647">
    </testcase>
    <testcase classname="@snyk/protect does not apply any patches and does not fail for project with no .snyk file" name="@snyk/protect does not apply any patches and does not fail for project with no .snyk file" time="0.615">
    </testcase>
    <testcase classname="@snyk/protect does not send analytics if analytics is disabled via snyk.json file when disable-analytics equals &quot;1&quot; (as a string)" name="@snyk/protect does not send analytics if analytics is disabled via snyk.json file when disable-analytics equals &quot;1&quot; (as a string)" time="0.639">
    </testcase>
    <testcase classname="@snyk/protect does not send analytics if analytics is disabled via snyk.json file when disable-analytics equals 1 (as a number)" name="@snyk/protect does not send analytics if analytics is disabled via snyk.json file when disable-analytics equals 1 (as a number)" time="0.661">
    </testcase>
    <testcase classname="@snyk/protect does not send analytics if analytics is disabled via SNYK_DISABLE_ANALYTICS env var when SNYK_DISABLE_ANALYTICS is &quot;true&quot;" name="@snyk/protect does not send analytics if analytics is disabled via SNYK_DISABLE_ANALYTICS env var when SNYK_DISABLE_ANALYTICS is &quot;true&quot;" time="0.613">
    </testcase>
    <testcase classname="@snyk/protect does not send analytics if analytics is disabled via SNYK_DISABLE_ANALYTICS env var when SNYK_DISABLE_ANALYTICS is &quot;1&quot;" name="@snyk/protect does not send analytics if analytics is disabled via SNYK_DISABLE_ANALYTICS env var when SNYK_DISABLE_ANALYTICS is &quot;1&quot;" time="0.647">
    </testcase>
    <testcase classname="@snyk/protect outputs correct help documentation when called with --help" name="@snyk/protect outputs correct help documentation when called with --help" time="0.717">
    </testcase>
    <testcase classname="@snyk/protect outputs correct version when called with --version" name="@snyk/protect outputs correct version when called with --version" time="1.289">
    </testcase>
    <testcase classname="@snyk/protect does not attempt to apply patch if a flag file exists indicating the file has already been patched with `.orig` file from the old protect" name="@snyk/protect does not attempt to apply patch if a flag file exists indicating the file has already been patched with `.orig` file from the old protect" time="1.717">
    </testcase>
    <testcase classname="@snyk/protect does not attempt to apply patch if a flag file exists indicating the file has already been patched with `.snyk-protect.flag` file from the new protect" name="@snyk/protect does not attempt to apply patch if a flag file exists indicating the file has already been patched with `.snyk-protect.flag` file from the new protect" time="2.819">
    </testcase>
  </testsuite>
  <testsuite name="cli args" errors="0" failures="0" skipped="0" timestamp="2024-06-12T20:46:43" time="30.392" tests="61">
    <testcase classname="cli args delimiting args should pass expected args to the command as expected" name="cli args delimiting args should pass expected args to the command as expected" time="0.179">
    </testcase>
    <testcase classname="cli args snyk test command should fail when --file is not specified correctly" name="cli args snyk test command should fail when --file is not specified correctly" time="0.296">
    </testcase>
    <testcase classname="cli args snyk version command should show cli version" name="cli args snyk version command should show cli version" time="0.256">
    </testcase>
    <testcase classname="cli args snyk test command should fail when --packageManager is not specified correctly" name="cli args snyk test command should fail when --packageManager is not specified correctly" time="1.744">
    </testcase>
    <testcase classname="cli args snyk test command should fail when iac --file is specified" name="cli args snyk test command should fail when iac --file is specified" time="1.852">
    </testcase>
    <testcase classname="cli args snyk test multiple paths with --project-name=NAME" name="cli args snyk test multiple paths with --project-name=NAME" time="1.623">
    </testcase>
    <testcase classname="cli args snyk test --file=file.sln --project-name=NAME" name="cli args snyk test --file=file.sln --project-name=NAME" time="0.159">
    </testcase>
    <testcase classname="cli args snyk test --file=blah --scan-all-unmanaged" name="cli args snyk test --file=blah --scan-all-unmanaged" time="0.16">
    </testcase>
    <testcase classname="cli args snyk test --maven-aggregate-project --project-name=blah" name="cli args snyk test --maven-aggregate-project --project-name=blah" time="0.156">
    </testcase>
    <testcase classname="cli args test using --file and --yarn-workspaces displays error message" name="cli args test using --file and --yarn-workspaces displays error message" time="0.16">
    </testcase>
    <testcase classname="cli args monitor using --file and --yarn-workspaces displays error message" name="cli args monitor using --file and --yarn-workspaces displays error message" time="0.157">
    </testcase>
    <testcase classname="cli args test using --package-manager and --yarn-workspaces displays error message" name="cli args test using --package-manager and --yarn-workspaces displays error message" time="0.156">
    </testcase>
    <testcase classname="cli args monitor using --package-manager and --yarn-workspaces displays error message" name="cli args monitor using --package-manager and --yarn-workspaces displays error message" time="0.163">
    </testcase>
    <testcase classname="cli args test using --project-name and --yarn-workspaces displays error message" name="cli args test using --project-name and --yarn-workspaces displays error message" time="0.16">
    </testcase>
    <testcase classname="cli args monitor using --project-name and --yarn-workspaces displays error message" name="cli args monitor using --project-name and --yarn-workspaces displays error message" time="0.158">
    </testcase>
    <testcase classname="cli args test using --docker and --yarn-workspaces displays error message" name="cli args test using --docker and --yarn-workspaces displays error message" time="0.168">
    </testcase>
    <testcase classname="cli args monitor using --docker and --yarn-workspaces displays error message" name="cli args monitor using --docker and --yarn-workspaces displays error message" time="0.218">
    </testcase>
    <testcase classname="cli args test using --all-sub-projects and --yarn-workspaces displays error message" name="cli args test using --all-sub-projects and --yarn-workspaces displays error message" time="0.162">
    </testcase>
    <testcase classname="cli args monitor using --all-sub-projects and --yarn-workspaces displays error message" name="cli args monitor using --all-sub-projects and --yarn-workspaces displays error message" time="0.173">
    </testcase>
    <testcase classname="cli args test using --file and --all-projects displays error message" name="cli args test using --file and --all-projects displays error message" time="0.314">
    </testcase>
    <testcase classname="cli args monitor using --file and --all-projects displays error message" name="cli args monitor using --file and --all-projects displays error message" time="0.164">
    </testcase>
    <testcase classname="cli args test using --package-manager and --all-projects displays error message" name="cli args test using --package-manager and --all-projects displays error message" time="0.498">
    </testcase>
    <testcase classname="cli args monitor using --package-manager and --all-projects displays error message" name="cli args monitor using --package-manager and --all-projects displays error message" time="0.158">
    </testcase>
    <testcase classname="cli args test using --project-name and --all-projects displays error message" name="cli args test using --project-name and --all-projects displays error message" time="0.36">
    </testcase>
    <testcase classname="cli args monitor using --project-name and --all-projects displays error message" name="cli args monitor using --project-name and --all-projects displays error message" time="0.173">
    </testcase>
    <testcase classname="cli args test using --docker and --all-projects displays error message" name="cli args test using --docker and --all-projects displays error message" time="0.375">
    </testcase>
    <testcase classname="cli args monitor using --docker and --all-projects displays error message" name="cli args monitor using --docker and --all-projects displays error message" time="0.16">
    </testcase>
    <testcase classname="cli args test using --all-sub-projects and --all-projects displays error message" name="cli args test using --all-sub-projects and --all-projects displays error message" time="0.41">
    </testcase>
    <testcase classname="cli args monitor using --all-sub-projects and --all-projects displays error message" name="cli args monitor using --all-sub-projects and --all-projects displays error message" time="0.159">
    </testcase>
    <testcase classname="cli args test using --yarn-workspaces and --all-projects displays error message" name="cli args test using --yarn-workspaces and --all-projects displays error message" time="0.3">
    </testcase>
    <testcase classname="cli args monitor using --yarn-workspaces and --all-projects displays error message" name="cli args monitor using --yarn-workspaces and --all-projects displays error message" time="0.164">
    </testcase>
    <testcase classname="cli args snyk test --exclude without --all-project displays error message" name="cli args snyk test --exclude without --all-project displays error message" time="0.172">
    </testcase>
    <testcase classname="cli args snyk test --exclude without any value displays error message" name="cli args snyk test --exclude without any value displays error message" time="0.159">
    </testcase>
    <testcase classname="cli args snyk test --exclude=path/to/dir displays error message" name="cli args snyk test --exclude=path/to/dir displays error message" time="0.169">
    </testcase>
    <testcase classname="cli args config not allowed with --json-file-output" name="cli args config not allowed with --json-file-output" time="0.161">
    </testcase>
    <testcase classname="cli args ignore not allowed with --json-file-output" name="cli args ignore not allowed with --json-file-output" time="0.161">
    </testcase>
    <testcase classname="cli args modules not allowed with --json-file-output" name="cli args modules not allowed with --json-file-output" time="0.167">
    </testcase>
    <testcase classname="cli args monitor not allowed with --json-file-output" name="cli args monitor not allowed with --json-file-output" time="0.169">
    </testcase>
    <testcase classname="cli args policy not allowed with --json-file-output" name="cli args policy not allowed with --json-file-output" time="0.157">
    </testcase>
    <testcase classname="cli args protect not allowed with --json-file-output" name="cli args protect not allowed with --json-file-output" time="0.155">
    </testcase>
    <testcase classname="cli args version not allowed with --json-file-output" name="cli args version not allowed with --json-file-output" time="0.16">
    </testcase>
    <testcase classname="cli args wizard not allowed with --json-file-output" name="cli args wizard not allowed with --json-file-output" time="0.161">
    </testcase>
    <testcase classname="cli args woof not allowed with --json-file-output" name="cli args woof not allowed with --json-file-output" time="0.162">
    </testcase>
    <testcase classname="cli args project attributes are implemented --project{-business-criticality, -lifecycle, -environment}" name="cli args project attributes are implemented --project{-business-criticality, -lifecycle, -environment}" time="1.064">
    </testcase>
    <testcase classname="cli args snyk monitor --project-tags is implemented" name="cli args snyk monitor --project-tags is implemented" time="1.059">
    </testcase>
    <testcase classname="cli args snyk container monitor --project-tags is implemented" name="cli args snyk container monitor --project-tags is implemented" time="1.025">
    </testcase>
    <testcase classname="cli args snyk test --json-file-output no value produces error message" name="cli args snyk test --json-file-output no value produces error message" time="0.169">
    </testcase>
    <testcase classname="cli args snyk test --json-file-output no value produces error message" name="cli args snyk test --json-file-output no value produces error message" time="0.16">
    </testcase>
    <testcase classname="cli args snyk test --json-file-output no value produces error message" name="cli args snyk test --json-file-output no value produces error message" time="0.151">
    </testcase>
    <testcase classname="cli args snyk test --json-file-output no value produces error message" name="cli args snyk test --json-file-output no value produces error message" time="0.151">
    </testcase>
    <testcase classname="cli args iac test with flags not allowed with --sarif" name="cli args iac test with flags not allowed with --sarif" time="0.152">
    </testcase>
    <testcase classname="cli args container test with flags not allowed with --sarif" name="cli args container test with flags not allowed with --sarif" time="0.154">
    </testcase>
    <testcase classname="cli args snyk test --sarif-file-output no value produces error message" name="cli args snyk test --sarif-file-output no value produces error message" time="0.157">
    </testcase>
    <testcase classname="cli args snyk test --sarif-file-output no value produces error message" name="cli args snyk test --sarif-file-output no value produces error message" time="0.22">
    </testcase>
    <testcase classname="cli args snyk test --sarif-file-output no value produces error message" name="cli args snyk test --sarif-file-output no value produces error message" time="0.221">
    </testcase>
    <testcase classname="cli args snyk test --sarif-file-output no value produces error message" name="cli args snyk test --sarif-file-output no value produces error message" time="0.322">
    </testcase>
    <testcase classname="cli args container test --json-file-output can be used at the same time as --sarif-file-output" name="cli args container test --json-file-output can be used at the same time as --sarif-file-output" time="5.38">
    </testcase>
    <testcase classname="cli args container test --sarif-file-output can be used at the same time as --sarif" name="cli args container test --sarif-file-output can be used at the same time as --sarif" time="1.238">
    </testcase>
    <testcase classname="cli args container test --sarif-file-output without vulns" name="cli args container test --sarif-file-output without vulns" time="1.206">
    </testcase>
    <testcase classname="cli args container test --sarif-file-output can be used at the same time as --json" name="cli args container test --sarif-file-output can be used at the same time as --json" time="1.184">
    </testcase>
    <testcase classname="cli args container test --file=Dockerfile --exclude-base-image-vulns returns exit code 0" name="cli args container test --file=Dockerfile --exclude-base-image-vulns returns exit code 0" time="2.702">
    </testcase>
  </testsuite>
  <testsuite name="Directory scan" errors="0" failures="7" skipped="0" timestamp="2024-06-12T20:47:13" time="42.193" tests="20">
    <testcase classname="Directory scan scans all files in a directory with Kubernetes files" name="Directory scan scans all files in a directory with Kubernetes files" time="2.375">
      <failure>Error: expect(received).toContain(expected) // indexOf

Expected substring: &quot;Failed to parse YAML file
  Path: iac/kubernetes/helm-config.yaml&quot;
Received string:    &quot;
Snyk Infrastructure as Code·
- Snyk testing Infrastructure as Code configuration issues.
✔ Test completed.·
Issues·
Low Severity Issues: 24·
  [Low] Container&apos;s or Pod&apos;s  UID could clash with host&apos;s UID
  Info:    `runAsUser` value is set to low UID. UID of the container processes
           could clash with host&apos;s UIDs and lead to unintentional authorization
           bypass
  Rule:    https://security.snyk.io/rules/cloud/SNYK-CC-K8S-11
  Path:    [DocId: 0] &gt; input &gt; spec &gt; containers[example] &gt; securityContext &gt;
           runAsUser
  File:    pod-privileged-multi.yaml
  Resolve: Set `securityContext.runAsUser` value to greater or equal than
           10&apos;000. SecurityContext can be set on both `pod` and `container`
           level. If both are set, then the container level takes precedence·
  [Low] Container&apos;s or Pod&apos;s  UID could clash with host&apos;s UID
  Info:    `runAsUser` value is set to low UID. UID of the container processes
           could clash with host&apos;s UIDs and lead to unintentional authorization
           bypass
  Rule:    https://security.snyk.io/rules/cloud/SNYK-CC-K8S-11
  Path:    [DocId: 1] &gt; input &gt; spec &gt; containers[example] &gt; securityContext &gt;
           runAsUser
  File:    pod-privileged-multi.yaml
  Resolve: Set `securityContext.runAsUser` value to greater or equal than
           10&apos;000. SecurityContext can be set on both `pod` and `container`
           level. If both are set, then the container level takes precedence·
  [Low] Container is running without memory limit
  Info:    Memory limit is not defined. Containers without memory limits are
           more likely to be terminated when the node runs out of memory
  Rule:    https://security.snyk.io/rules/cloud/SNYK-CC-K8S-4
  Path:    [DocId: 0] &gt; input &gt; spec &gt; containers[example] &gt; resources &gt; limits
           &gt; memory
  File:    pod-privileged-multi.yaml
  Resolve: Set `resources.limits.memory` value·
  [Low] Container is running without memory limit
  Info:    Memory limit is not defined. Containers without memory limits are
           more likely to be terminated when the node runs out of memory
  Rule:    https://security.snyk.io/rules/cloud/SNYK-CC-K8S-4
  Path:    [DocId: 1] &gt; input &gt; spec &gt; containers[example] &gt; resources &gt; limits
           &gt; memory
  File:    pod-privileged-multi.yaml
  Resolve: Set `resources.limits.memory` value·
  [Low] Container is running without liveness probe
  Info:    Liveness probe is not defined. Kubernetes will not be able to detect
           if application is able to service requests, and will not restart
           unhealthy pods
  Rule:    https://security.snyk.io/rules/cloud/SNYK-CC-K8S-41
  Path:    [DocId: 0] &gt; spec &gt; containers[example] &gt; livenessProbe
  File:    pod-privileged-multi.yaml
  Resolve: Add `livenessProbe` attribute·
  [Low] Container is running without liveness probe
  Info:    Liveness probe is not defined. Kubernetes will not be able to detect
           if application is able to service requests, and will not restart
           unhealthy pods
  Rule:    https://security.snyk.io/rules/cloud/SNYK-CC-K8S-41
  Path:    [DocId: 1] &gt; spec &gt; containers[example] &gt; livenessProbe
  File:    pod-privileged-multi.yaml
  Resolve: Add `livenessProbe` attribute·
  [Low] Container could be running with outdated image
  Info:    The image policy does not prevent image reuse. The container may run
           with outdated or unauthorized image
  Rule:    https://security.snyk.io/rules/cloud/SNYK-CC-K8S-42
  Path:    [DocId: 0] &gt; spec &gt; containers[example] &gt; imagePullPolicy
  File:    pod-privileged-multi.yaml
  Resolve: Set `imagePullPolicy` attribute to `Always`·
  [Low] Container could be running with outdated image
  Info:    The image policy does not prevent image reuse. The container may run
           with outdated or unauthorized image
  Rule:    https://security.snyk.io/rules/cloud/SNYK-CC-K8S-42
  Path:    [DocId: 1] &gt; spec &gt; containers[example] &gt; imagePullPolicy
  File:    pod-privileged-multi.yaml
  Resolve: Set `imagePullPolicy` attribute to `Always`·
  [Low] Container has no CPU limit
  Info:    Container has no CPU limit. CPU limits can prevent containers from
           consuming valuable compute time for no benefit (e.g. inefficient
           code) that might lead to unnecessary costs. It is advisable to also
           configure CPU requests to ensure application stability.
  Rule:    https://security.snyk.io/rules/cloud/SNYK-CC-K8S-5
  Path:    [DocId: 0] &gt; input &gt; spec &gt; containers[example] &gt; resources &gt; limits
           &gt; cpu
  File:    pod-privileged-multi.yaml
  Resolve: Add `resources.limits.cpu` field with required CPU limit value·
  [Low] Container has no CPU limit
  Info:    Container has no CPU limit. CPU limits can prevent containers from
           consuming valuable compute time for no benefit (e.g. inefficient
           code) that might lead to unnecessary costs. It is advisable to also
           configure CPU requests to ensure application stability.
  Rule:    https://security.snyk.io/rules/cloud/SNYK-CC-K8S-5
  Path:    [DocId: 1] &gt; input &gt; spec &gt; containers[example] &gt; resources &gt; limits
           &gt; cpu
  File:    pod-privileged-multi.yaml
  Resolve: Add `resources.limits.cpu` field with required CPU limit value·
  [Low] Container is running with writable root filesystem
  Info:    `readOnlyRootFilesystem` attribute is not set to `true`. Compromised
           process could abuse writable root filesystem to elevate privileges
  Rule:    https://security.snyk.io/rules/cloud/SNYK-CC-K8S-8
  Path:    [DocId: 0] &gt; spec &gt; containers[example] &gt; securityContext &gt;
           readOnlyRootFilesystem
  File:    pod-privileged-multi.yaml
  Resolve: Set `spec.{containers,
           initContainers}.securityContext.readOnlyRootFilesystem` to `true`·
  [Low] Container is running with writable root filesystem
  Info:    `readOnlyRootFilesystem` attribute is not set to `true`. Compromised
           process could abuse writable root filesystem to elevate privileges
  Rule:    https://security.snyk.io/rules/cloud/SNYK-CC-K8S-8
  Path:    [DocId: 1] &gt; spec &gt; containers[example] &gt; securityContext &gt;
           readOnlyRootFilesystem
  File:    pod-privileged-multi.yaml
  Resolve: Set `spec.{containers,
           initContainers}.securityContext.readOnlyRootFilesystem` to `true`·
  [Low] Container&apos;s or Pod&apos;s  UID could clash with host&apos;s UID
  Info:    `runAsUser` value is set to low UID. UID of the container processes
           could clash with host&apos;s UIDs and lead to unintentional authorization
           bypass
  Rule:    https://security.snyk.io/rules/cloud/SNYK-CC-K8S-11
  Path:    [DocId: 0] &gt; input &gt; spec &gt; containers[example] &gt; securityContext &gt;
           runAsUser
  File:    pod-privileged.yaml
  Resolve: Set `securityContext.runAsUser` value to greater or equal than
           10&apos;000. SecurityContext can be set on both `pod` and `container`
           level. If both are set, then the container level takes precedence·
  [Low] Container is running without memory limit
  Info:    Memory limit is not defined. Containers without memory limits are
           more likely to be terminated when the node runs out of memory
  Rule:    https://security.snyk.io/rules/cloud/SNYK-CC-K8S-4
  Path:    [DocId: 0] &gt; input &gt; spec &gt; containers[example] &gt; resources &gt; limits
           &gt; memory
  File:    pod-privileged.yaml
  Resolve: Set `resources.limits.memory` value·
  [Low] Container is running without liveness probe
  Info:    Liveness probe is not defined. Kubernetes will not be able to detect
           if application is able to service requests, and will not restart
           unhealthy pods
  Rule:    https://security.snyk.io/rules/cloud/SNYK-CC-K8S-41
  Path:    [DocId: 0] &gt; spec &gt; containers[example] &gt; livenessProbe
  File:    pod-privileged.yaml
  Resolve: Add `livenessProbe` attribute·
  [Low] Container could be running with outdated image
  Info:    The image policy does not prevent image reuse. The container may run
           with outdated or unauthorized image
  Rule:    https://security.snyk.io/rules/cloud/SNYK-CC-K8S-42
  Path:    [DocId: 0] &gt; spec &gt; containers[example] &gt; imagePullPolicy
  File:    pod-privileged.yaml
  Resolve: Set `imagePullPolicy` attribute to `Always`·
  [Low] Container has no CPU limit
  Info:    Container has no CPU limit. CPU limits can prevent containers from
           consuming valuable compute time for no benefit (e.g. inefficient
           code) that might lead to unnecessary costs. It is advisable to also
           configure CPU requests to ensure application stability.
  Rule:    https://security.snyk.io/rules/cloud/SNYK-CC-K8S-5
  Path:    [DocId: 0] &gt; input &gt; spec &gt; containers[example] &gt; resources &gt; limits
           &gt; cpu
  File:    pod-privileged.yaml
  Resolve: Add `resources.limits.cpu` field with required CPU limit value·
  [Low] Container is running with writable root filesystem
  Info:    `readOnlyRootFilesystem` attribute is not set to `true`. Compromised
           process could abuse writable root filesystem to elevate privileges
  Rule:    https://security.snyk.io/rules/cloud/SNYK-CC-K8S-8
  Path:    [DocId: 0] &gt; spec &gt; containers[example] &gt; securityContext &gt;
           readOnlyRootFilesystem
  File:    pod-privileged.yaml
  Resolve: Set `spec.{containers,
           initContainers}.securityContext.readOnlyRootFilesystem` to `true`·
  [Low] Container&apos;s or Pod&apos;s  UID could clash with host&apos;s UID
  Info:    `runAsUser` value is set to low UID. UID of the container processes
           could clash with host&apos;s UIDs and lead to unintentional authorization
           bypass
  Rule:    https://security.snyk.io/rules/cloud/SNYK-CC-K8S-11
  Path:    input &gt; spec &gt; containers[example] &gt; securityContext &gt; runAsUser
  File:    pod-valid.json
  Resolve: Set `securityContext.runAsUser` value to greater or equal than
           10&apos;000. SecurityContext can be set on both `pod` and `container`
           level. If both are set, then the container level takes precedence·
  [Low] Container is running without memory limit
  Info:    Memory limit is not defined. Containers without memory limits are
           more likely to be terminated when the node runs out of memory
  Rule:    https://security.snyk.io/rules/cloud/SNYK-CC-K8S-4
  Path:    input &gt; spec &gt; containers[example] &gt; resources &gt; limits &gt; memory
  File:    pod-valid.json
  Resolve: Set `resources.limits.memory` value·
  [Low] Container is running without liveness probe
  Info:    Liveness probe is not defined. Kubernetes will not be able to detect
           if application is able to service requests, and will not restart
           unhealthy pods
  Rule:    https://security.snyk.io/rules/cloud/SNYK-CC-K8S-41
  Path:    spec &gt; containers[example] &gt; livenessProbe
  File:    pod-valid.json
  Resolve: Add `livenessProbe` attribute·
  [Low] Container could be running with outdated image
  Info:    The image policy does not prevent image reuse. The container may run
           with outdated or unauthorized image
  Rule:    https://security.snyk.io/rules/cloud/SNYK-CC-K8S-42
  Path:    spec &gt; containers[example] &gt; imagePullPolicy
  File:    pod-valid.json
  Resolve: Set `imagePullPolicy` attribute to `Always`·
  [Low] Container has no CPU limit
  Info:    Container has no CPU limit. CPU limits can prevent containers from
           consuming valuable compute time for no benefit (e.g. inefficient
           code) that might lead to unnecessary costs. It is advisable to also
           configure CPU requests to ensure application stability.
  Rule:    https://security.snyk.io/rules/cloud/SNYK-CC-K8S-5
  Path:    input &gt; spec &gt; containers[example] &gt; resources &gt; limits &gt; cpu
  File:    pod-valid.json
  Resolve: Add `resources.limits.cpu` field with required CPU limit value·
  [Low] Container is running with writable root filesystem
  Info:    `readOnlyRootFilesystem` attribute is not set to `true`. Compromised
           process could abuse writable root filesystem to elevate privileges
  Rule:    https://security.snyk.io/rules/cloud/SNYK-CC-K8S-8
  Path:    spec &gt; containers[example] &gt; securityContext &gt; readOnlyRootFilesystem
  File:    pod-valid.json
  Resolve: Set `spec.{containers,
           initContainers}.securityContext.readOnlyRootFilesystem` to `true`·
Medium Severity Issues: 12·
  [Medium] Container or Pod is running without root user control
  Info:    Container or Pod is running without root user control. Container or
           Pod could be running with full administrative privileges
  Rule:    https://security.snyk.io/rules/cloud/SNYK-CC-K8S-10
  Path:    [DocId: 0] &gt; input &gt; spec &gt; containers[example] &gt; securityContext &gt;
           runAsNonRoot
  File:    pod-privileged-multi.yaml
  Resolve: Set `securityContext.runAsNonRoot` to `true`·
  [Medium] Container or Pod is running without root user control
  Info:    Container or Pod is running without root user control. Container or
           Pod could be running with full administrative privileges
  Rule:    https://security.snyk.io/rules/cloud/SNYK-CC-K8S-10
  Path:    [DocId: 1] &gt; input &gt; spec &gt; containers[example] &gt; securityContext &gt;
           runAsNonRoot
  File:    pod-privileged-multi.yaml
  Resolve: Set `securityContext.runAsNonRoot` to `true`·
  [Medium] Container does not drop all default capabilities
  Info:    All default capabilities are not explicitly dropped. Containers are
           running with potentially unnecessary privileges
  Rule:    https://security.snyk.io/rules/cloud/SNYK-CC-K8S-6
  Path:    [DocId: 0] &gt; input &gt; spec &gt; containers[example] &gt; securityContext &gt;
           capabilities &gt; drop
  File:    pod-privileged-multi.yaml
  Resolve: Add `ALL` to `securityContext.capabilities.drop` list, and add only
           required capabilities in `securityContext.capabilities.add`·
  [Medium] Container does not drop all default capabilities
  Info:    All default capabilities are not explicitly dropped. Containers are
           running with potentially unnecessary privileges
  Rule:    https://security.snyk.io/rules/cloud/SNYK-CC-K8S-6
  Path:    [DocId: 1] &gt; input &gt; spec &gt; containers[example] &gt; securityContext &gt;
           capabilities &gt; drop
  File:    pod-privileged-multi.yaml
  Resolve: Add `ALL` to `securityContext.capabilities.drop` list, and add only
           required capabilities in `securityContext.capabilities.add`·
  [Medium] Container is running without privilege escalation control
  Info:    `allowPrivilegeEscalation` attribute is not set to `false`. Processes
           could elevate current privileges via known vectors, for example SUID
           binaries
  Rule:    https://security.snyk.io/rules/cloud/SNYK-CC-K8S-9
  Path:    [DocId: 0] &gt; spec &gt; containers[example] &gt; securityContext &gt;
           allowPrivilegeEscalation
  File:    pod-privileged-multi.yaml
  Resolve: Set `spec.{containers,
           initContainers}.securityContext.allowPrivilegeEscalation` to `false`·
  [Medium] Container is running without privilege escalation control
  Info:    `allowPrivilegeEscalation` attribute is not set to `false`. Processes
           could elevate current privileges via known vectors, for example SUID
           binaries
  Rule:    https://security.snyk.io/rules/cloud/SNYK-CC-K8S-9
  Path:    [DocId: 1] &gt; spec &gt; containers[example] &gt; securityContext &gt;
           allowPrivilegeEscalation
  File:    pod-privileged-multi.yaml
  Resolve: Set `spec.{containers,
           initContainers}.securityContext.allowPrivilegeEscalation` to `false`·
  [Medium] Container or Pod is running without root user control
  Info:    Container or Pod is running without root user control. Container or
           Pod could be running with full administrative privileges
  Rule:    https://security.snyk.io/rules/cloud/SNYK-CC-K8S-10
  Path:    [DocId: 0] &gt; input &gt; spec &gt; containers[example] &gt; securityContext &gt;
           runAsNonRoot
  File:    pod-privileged.yaml
  Resolve: Set `securityContext.runAsNonRoot` to `true`·
  [Medium] Container does not drop all default capabilities
  Info:    All default capabilities are not explicitly dropped. Containers are
           running with potentially unnecessary privileges
  Rule:    https://security.snyk.io/rules/cloud/SNYK-CC-K8S-6
  Path:    [DocId: 0] &gt; input &gt; spec &gt; containers[example] &gt; securityContext &gt;
           capabilities &gt; drop
  File:    pod-privileged.yaml
  Resolve: Add `ALL` to `securityContext.capabilities.drop` list, and add only
           required capabilities in `securityContext.capabilities.add`·
  [Medium] Container is running without privilege escalation control
  Info:    `allowPrivilegeEscalation` attribute is not set to `false`. Processes
           could elevate current privileges via known vectors, for example SUID
           binaries
  Rule:    https://security.snyk.io/rules/cloud/SNYK-CC-K8S-9
  Path:    [DocId: 0] &gt; spec &gt; containers[example] &gt; securityContext &gt;
           allowPrivilegeEscalation
  File:    pod-privileged.yaml
  Resolve: Set `spec.{containers,
           initContainers}.securityContext.allowPrivilegeEscalation` to `false`·
  [Medium] Container or Pod is running without root user control
  Info:    Container or Pod is running without root user control. Container or
           Pod could be running with full administrative privileges
  Rule:    https://security.snyk.io/rules/cloud/SNYK-CC-K8S-10
  Path:    input &gt; spec &gt; containers[example] &gt; securityContext &gt; runAsNonRoot
  File:    pod-valid.json
  Resolve: Set `securityContext.runAsNonRoot` to `true`·
  [Medium] Container does not drop all default capabilities
  Info:    All default capabilities are not explicitly dropped. Containers are
           running with potentially unnecessary privileges
  Rule:    https://security.snyk.io/rules/cloud/SNYK-CC-K8S-6
  Path:    input &gt; spec &gt; containers[example] &gt; securityContext &gt; capabilities &gt;
           drop
  File:    pod-valid.json
  Resolve: Add `ALL` to `securityContext.capabilities.drop` list, and add only
           required capabilities in `securityContext.capabilities.add`·
  [Medium] Container is running without privilege escalation control
  Info:    `allowPrivilegeEscalation` attribute is not set to `false`. Processes
           could elevate current privileges via known vectors, for example SUID
           binaries
  Rule:    https://security.snyk.io/rules/cloud/SNYK-CC-K8S-9
  Path:    spec &gt; containers[example] &gt; securityContext &gt;
           allowPrivilegeEscalation
  File:    pod-valid.json
  Resolve: Set `spec.{containers,
           initContainers}.securityContext.allowPrivilegeEscalation` to `false`·
High Severity Issues: 4·
  [High] Privileged container
  Info:    Container is running in privileged mode. Compromised container could
           potentially modify the underlying host’s kernel by loading
           unauthorized modules (i.e. drivers).
  Rule:    https://security.snyk.io/rules/cloud/SNYK-CC-K8S-1
  Path:    [DocId: 0] &gt; input &gt; spec &gt; containers[example] &gt; securityContext &gt;
           privileged
  File:    pod-privileged-multi.yaml
  Resolve: Remove `securityContext.privileged` attribute, or set value to
           `false`·
  [High] Privileged container
  Info:    Container is running in privileged mode. Compromised container could
           potentially modify the underlying host’s kernel by loading
           unauthorized modules (i.e. drivers).
  Rule:    https://security.snyk.io/rules/cloud/SNYK-CC-K8S-1
  Path:    [DocId: 1] &gt; input &gt; spec &gt; containers[example] &gt; securityContext &gt;
           privileged
  File:    pod-privileged-multi.yaml
  Resolve: Remove `securityContext.privileged` attribute, or set value to
           `false`·
  [High] Privileged container
  Info:    Container is running in privileged mode. Compromised container could
           potentially modify the underlying host’s kernel by loading
           unauthorized modules (i.e. drivers).
  Rule:    https://security.snyk.io/rules/cloud/SNYK-CC-K8S-1
  Path:    [DocId: 0] &gt; input &gt; spec &gt; containers[example] &gt; securityContext &gt;
           privileged
  File:    pod-privileged.yaml
  Resolve: Remove `securityContext.privileged` attribute, or set value to
           `false`·
  [High] Privileged container
  Info:    Container is running in privileged mode. Compromised container could
           potentially modify the underlying host’s kernel by loading
           unauthorized modules (i.e. drivers).
  Rule:    https://security.snyk.io/rules/cloud/SNYK-CC-K8S-1
  Path:    input &gt; spec &gt; containers[example] &gt; securityContext &gt; privileged
  File:    pod-valid.json
  Resolve: Remove `securityContext.privileged` attribute, or set value to
           `false`·
-------------------------------------------------------·
Test Summary·
  Organization: test-org
  Project name: fixtures·
✔ Files without issues: 1
✗ Files with issues: 3
  Ignored issues: 0
  Total issues: 40 [ 0 critical, 4 high, 12 medium, 24 low ]·
-------------------------------------------------------·
Tip·
  New: Share your test results in the Snyk Web UI with the option --report·
&quot;
    at Object.&lt;anonymous&gt; (/project/workspace/test/jest/acceptance/iac/test-directory.spec.ts:26:20)
    at processTicksAndRejections (node:internal/process/task_queues:95:5)</failure>
    </testcase>
    <testcase classname="Directory scan scans all files in a directory with a mix of IaC files" name="Directory scan scans all files in a directory with a mix of IaC files" time="3.081">
      <failure>Error: expect(received).toContain(expected) // indexOf

Expected substring: &quot;Failed to parse YAML file
  Path: iac/cloudformation/invalid-cfn.yml
        iac/kubernetes/helm-config.yaml
        iac/only-invalid/invalid-file1.yml
        iac/only-invalid/invalid-file2.yaml&quot;
Received string:    &quot;
Snyk Infrastructure as Code·
- Snyk testing Infrastructure as Code configuration issues.
✔ Test completed.·
Issues·
Low Severity Issues: 78·
  [Low] SNS topic is not encrypted with customer managed key
  Info:    SNS topic is not encrypted with customer managed key. Scope of use of
           the encryption key cannot be controlled via KMS/IAM policies
  Rule:    https://security.snyk.io/rules/cloud/SNYK-CC-AWS-422
  Path:    [DocId: 0] &gt; Resources[DatabaseAlarmTopic] &gt; Properties &gt;
           KmsMasterKeyId
  File:    cloudformation/aurora-valid.yml
  Resolve: Set `Properties.KmsMasterKeyId` attribute to a customer managed key
           id·
  [Low] S3 bucket versioning disabled
  Info:    S3 bucket versioning is disabled. Changes or deletion of objects will
           not be reversible
  Rule:    https://security.snyk.io/rules/cloud/SNYK-CC-TF-124
  Path:    Resources[CodePipelineArtifactBucket] &gt; Properties &gt;
           VersioningConfiguration &gt; Status
  File:    cloudformation/fargate-valid.json
  Resolve: Set `Properties.VersioningConfiguration.Status` attribute to
           `Enabled`·
  [Low] S3 bucket versioning disabled
  Info:    S3 bucket versioning is disabled. Changes or deletion of objects will
           not be reversible
  Rule:    https://security.snyk.io/rules/cloud/SNYK-CC-TF-124
  Path:    Resources[DefaultContainerBucket] &gt; Properties &gt;
           VersioningConfiguration &gt; Status
  File:    cloudformation/fargate-valid.json
  Resolve: Set `Properties.VersioningConfiguration.Status` attribute to
           `Enabled`·
  [Low] S3 bucket versioning disabled
  Info:    S3 bucket versioning is disabled. Changes or deletion of objects will
           not be reversible
  Rule:    https://security.snyk.io/rules/cloud/SNYK-CC-TF-124
  Path:    resource &gt; aws_s3_bucket[s3_bucket] &gt; versioning &gt; enabled
  File:    depth_detection/root.tf
  Resolve: For AWS provider &lt; v4.0.0, set `versioning.enabled` attribute to
           `true`. For AWS provider &gt;= v4.0.0, add aws_s3_bucket_versioning
           resource.·
  [Low] S3 bucket MFA delete control disabled
  Info:    S3 bucket will not enforce MFA login on delete requests. Object could
           be deleted without stronger MFA authorization
  Rule:    https://security.snyk.io/rules/cloud/SNYK-CC-TF-127
  Path:    resource &gt; aws_s3_bucket[s3_bucket] &gt; versioning &gt; mfa_delete
  File:    depth_detection/root.tf
  Resolve: Follow instructions in `https://docs.aws.amazon.com/AmazonS3/latest/u
           serguide/MultiFactorAuthenticationDelete.html` to manually configure
           the MFA setting. For AWS provider &lt; v4.0.0 set
           `versioning.mfa_delete` attribute to `true` in aws_s3_bucket
           resource. For AWS provider &gt;= v4.0.0 set
           &apos;versioning_configuration.mfa_delete` attribute to `Enabled`. The
           terraform change is required to reflect the setting in the state file·
  [Low] S3 server access logging is disabled
  Info:    The s3 access logs will not be collected. There will be no audit
           trail of access to s3 objects
  Rule:    https://security.snyk.io/rules/cloud/SNYK-CC-TF-45
  Path:    input &gt; resource &gt; aws_s3_bucket[s3_bucket] &gt; logging
  File:    depth_detection/root.tf
  Resolve: For AWS provider &lt; v4.0.0, add `logging` block attribute. For AWS
           provider &gt;= v4.0.0, add aws_s3_bucket_logging resource.·
  [Low] Container&apos;s or Pod&apos;s  UID could clash with host&apos;s UID
  Info:    `runAsUser` value is set to low UID. UID of the container processes
           could clash with host&apos;s UIDs and lead to unintentional authorization
           bypass
  Rule:    https://security.snyk.io/rules/cloud/SNYK-CC-K8S-11
  Path:    [DocId: 0] &gt; input &gt; spec &gt; containers[example] &gt; securityContext &gt;
           runAsUser
  File:    file-logging/file_content_logging.yaml
  Resolve: Set `securityContext.runAsUser` value to greater or equal than
           10&apos;000. SecurityContext can be set on both `pod` and `container`
           level. If both are set, then the container level takes precedence·
  [Low] Container is running without memory limit
  Info:    Memory limit is not defined. Containers without memory limits are
           more likely to be terminated when the node runs out of memory
  Rule:    https://security.snyk.io/rules/cloud/SNYK-CC-K8S-4
  Path:    [DocId: 0] &gt; input &gt; spec &gt; containers[example] &gt; resources &gt; limits
           &gt; memory
  File:    file-logging/file_content_logging.yaml
  Resolve: Set `resources.limits.memory` value·
  [Low] Container is running without liveness probe
  Info:    Liveness probe is not defined. Kubernetes will not be able to detect
           if application is able to service requests, and will not restart
           unhealthy pods
  Rule:    https://security.snyk.io/rules/cloud/SNYK-CC-K8S-41
  Path:    [DocId: 0] &gt; spec &gt; containers[example] &gt; livenessProbe
  File:    file-logging/file_content_logging.yaml
  Resolve: Add `livenessProbe` attribute·
  [Low] Container could be running with outdated image
  Info:    The image policy does not prevent image reuse. The container may run
           with outdated or unauthorized image
  Rule:    https://security.snyk.io/rules/cloud/SNYK-CC-K8S-42
  Path:    [DocId: 0] &gt; spec &gt; containers[example] &gt; imagePullPolicy
  File:    file-logging/file_content_logging.yaml
  Resolve: Set `imagePullPolicy` attribute to `Always`·
  [Low] Container has no CPU limit
  Info:    Container has no CPU limit. CPU limits can prevent containers from
           consuming valuable compute time for no benefit (e.g. inefficient
           code) that might lead to unnecessary costs. It is advisable to also
           configure CPU requests to ensure application stability.
  Rule:    https://security.snyk.io/rules/cloud/SNYK-CC-K8S-5
  Path:    [DocId: 0] &gt; input &gt; spec &gt; containers[example] &gt; resources &gt; limits
           &gt; cpu
  File:    file-logging/file_content_logging.yaml
  Resolve: Add `resources.limits.cpu` field with required CPU limit value·
  [Low] Container is running with writable root filesystem
  Info:    `readOnlyRootFilesystem` attribute is not set to `true`. Compromised
           process could abuse writable root filesystem to elevate privileges
  Rule:    https://security.snyk.io/rules/cloud/SNYK-CC-K8S-8
  Path:    [DocId: 0] &gt; spec &gt; containers[example] &gt; securityContext &gt;
           readOnlyRootFilesystem
  File:    file-logging/file_content_logging.yaml
  Resolve: Set `spec.{containers,
           initContainers}.securityContext.readOnlyRootFilesystem` to `true`·
  [Low] Container&apos;s or Pod&apos;s  UID could clash with host&apos;s UID
  Info:    `runAsUser` value is set to low UID. UID of the container processes
           could clash with host&apos;s UIDs and lead to unintentional authorization
           bypass
  Rule:    https://security.snyk.io/rules/cloud/SNYK-CC-K8S-11
  Path:    [DocId: 0] &gt; input &gt; spec &gt; containers[example] &gt; securityContext &gt;
           runAsUser
  File:    kubernetes/pod-privileged-multi.yaml
  Resolve: Set `securityContext.runAsUser` value to greater or equal than
           10&apos;000. SecurityContext can be set on both `pod` and `container`
           level. If both are set, then the container level takes precedence·
  [Low] Container&apos;s or Pod&apos;s  UID could clash with host&apos;s UID
  Info:    `runAsUser` value is set to low UID. UID of the container processes
           could clash with host&apos;s UIDs and lead to unintentional authorization
           bypass
  Rule:    https://security.snyk.io/rules/cloud/SNYK-CC-K8S-11
  Path:    [DocId: 1] &gt; input &gt; spec &gt; containers[example] &gt; securityContext &gt;
           runAsUser
  File:    kubernetes/pod-privileged-multi.yaml
  Resolve: Set `securityContext.runAsUser` value to greater or equal than
           10&apos;000. SecurityContext can be set on both `pod` and `container`
           level. If both are set, then the container level takes precedence·
  [Low] Container is running without memory limit
  Info:    Memory limit is not defined. Containers without memory limits are
           more likely to be terminated when the node runs out of memory
  Rule:    https://security.snyk.io/rules/cloud/SNYK-CC-K8S-4
  Path:    [DocId: 0] &gt; input &gt; spec &gt; containers[example] &gt; resources &gt; limits
           &gt; memory
  File:    kubernetes/pod-privileged-multi.yaml
  Resolve: Set `resources.limits.memory` value·
  [Low] Container is running without memory limit
  Info:    Memory limit is not defined. Containers without memory limits are
           more likely to be terminated when the node runs out of memory
  Rule:    https://security.snyk.io/rules/cloud/SNYK-CC-K8S-4
  Path:    [DocId: 1] &gt; input &gt; spec &gt; containers[example] &gt; resources &gt; limits
           &gt; memory
  File:    kubernetes/pod-privileged-multi.yaml
  Resolve: Set `resources.limits.memory` value·
  [Low] Container is running without liveness probe
  Info:    Liveness probe is not defined. Kubernetes will not be able to detect
           if application is able to service requests, and will not restart
           unhealthy pods
  Rule:    https://security.snyk.io/rules/cloud/SNYK-CC-K8S-41
  Path:    [DocId: 0] &gt; spec &gt; containers[example] &gt; livenessProbe
  File:    kubernetes/pod-privileged-multi.yaml
  Resolve: Add `livenessProbe` attribute·
  [Low] Container is running without liveness probe
  Info:    Liveness probe is not defined. Kubernetes will not be able to detect
           if application is able to service requests, and will not restart
           unhealthy pods
  Rule:    https://security.snyk.io/rules/cloud/SNYK-CC-K8S-41
  Path:    [DocId: 1] &gt; spec &gt; containers[example] &gt; livenessProbe
  File:    kubernetes/pod-privileged-multi.yaml
  Resolve: Add `livenessProbe` attribute·
  [Low] Container could be running with outdated image
  Info:    The image policy does not prevent image reuse. The container may run
           with outdated or unauthorized image
  Rule:    https://security.snyk.io/rules/cloud/SNYK-CC-K8S-42
  Path:    [DocId: 0] &gt; spec &gt; containers[example] &gt; imagePullPolicy
  File:    kubernetes/pod-privileged-multi.yaml
  Resolve: Set `imagePullPolicy` attribute to `Always`·
  [Low] Container could be running with outdated image
  Info:    The image policy does not prevent image reuse. The container may run
           with outdated or unauthorized image
  Rule:    https://security.snyk.io/rules/cloud/SNYK-CC-K8S-42
  Path:    [DocId: 1] &gt; spec &gt; containers[example] &gt; imagePullPolicy
  File:    kubernetes/pod-privileged-multi.yaml
  Resolve: Set `imagePullPolicy` attribute to `Always`·
  [Low] Container has no CPU limit
  Info:    Container has no CPU limit. CPU limits can prevent containers from
           consuming valuable compute time for no benefit (e.g. inefficient
           code) that might lead to unnecessary costs. It is advisable to also
           configure CPU requests to ensure application stability.
  Rule:    https://security.snyk.io/rules/cloud/SNYK-CC-K8S-5
  Path:    [DocId: 0] &gt; input &gt; spec &gt; containers[example] &gt; resources &gt; limits
           &gt; cpu
  File:    kubernetes/pod-privileged-multi.yaml
  Resolve: Add `resources.limits.cpu` field with required CPU limit value·
  [Low] Container has no CPU limit
  Info:    Container has no CPU limit. CPU limits can prevent containers from
           consuming valuable compute time for no benefit (e.g. inefficient
           code) that might lead to unnecessary costs. It is advisable to also
           configure CPU requests to ensure application stability.
  Rule:    https://security.snyk.io/rules/cloud/SNYK-CC-K8S-5
  Path:    [DocId: 1] &gt; input &gt; spec &gt; containers[example] &gt; resources &gt; limits
           &gt; cpu
  File:    kubernetes/pod-privileged-multi.yaml
  Resolve: Add `resources.limits.cpu` field with required CPU limit value·
  [Low] Container is running with writable root filesystem
  Info:    `readOnlyRootFilesystem` attribute is not set to `true`. Compromised
           process could abuse writable root filesystem to elevate privileges
  Rule:    https://security.snyk.io/rules/cloud/SNYK-CC-K8S-8
  Path:    [DocId: 0] &gt; spec &gt; containers[example] &gt; securityContext &gt;
           readOnlyRootFilesystem
  File:    kubernetes/pod-privileged-multi.yaml
  Resolve: Set `spec.{containers,
           initContainers}.securityContext.readOnlyRootFilesystem` to `true`·
  [Low] Container is running with writable root filesystem
  Info:    `readOnlyRootFilesystem` attribute is not set to `true`. Compromised
           process could abuse writable root filesystem to elevate privileges
  Rule:    https://security.snyk.io/rules/cloud/SNYK-CC-K8S-8
  Path:    [DocId: 1] &gt; spec &gt; containers[example] &gt; securityContext &gt;
           readOnlyRootFilesystem
  File:    kubernetes/pod-privileged-multi.yaml
  Resolve: Set `spec.{containers,
           initContainers}.securityContext.readOnlyRootFilesystem` to `true`·
  [Low] Container&apos;s or Pod&apos;s  UID could clash with host&apos;s UID
  Info:    `runAsUser` value is set to low UID. UID of the container processes
           could clash with host&apos;s UIDs and lead to unintentional authorization
           bypass
  Rule:    https://security.snyk.io/rules/cloud/SNYK-CC-K8S-11
  Path:    [DocId: 0] &gt; input &gt; spec &gt; containers[example] &gt; securityContext &gt;
           runAsUser
  File:    kubernetes/pod-privileged.yaml
  Resolve: Set `securityContext.runAsUser` value to greater or equal than
           10&apos;000. SecurityContext can be set on both `pod` and `container`
           level. If both are set, then the container level takes precedence·
  [Low] Container is running without memory limit
  Info:    Memory limit is not defined. Containers without memory limits are
           more likely to be terminated when the node runs out of memory
  Rule:    https://security.snyk.io/rules/cloud/SNYK-CC-K8S-4
  Path:    [DocId: 0] &gt; input &gt; spec &gt; containers[example] &gt; resources &gt; limits
           &gt; memory
  File:    kubernetes/pod-privileged.yaml
  Resolve: Set `resources.limits.memory` value·
  [Low] Container is running without liveness probe
  Info:    Liveness probe is not defined. Kubernetes will not be able to detect
           if application is able to service requests, and will not restart
           unhealthy pods
  Rule:    https://security.snyk.io/rules/cloud/SNYK-CC-K8S-41
  Path:    [DocId: 0] &gt; spec &gt; containers[example] &gt; livenessProbe
  File:    kubernetes/pod-privileged.yaml
  Resolve: Add `livenessProbe` attribute·
  [Low] Container could be running with outdated image
  Info:    The image policy does not prevent image reuse. The container may run
           with outdated or unauthorized image
  Rule:    https://security.snyk.io/rules/cloud/SNYK-CC-K8S-42
  Path:    [DocId: 0] &gt; spec &gt; containers[example] &gt; imagePullPolicy
  File:    kubernetes/pod-privileged.yaml
  Resolve: Set `imagePullPolicy` attribute to `Always`·
  [Low] Container has no CPU limit
  Info:    Container has no CPU limit. CPU limits can prevent containers from
           consuming valuable compute time for no benefit (e.g. inefficient
           code) that might lead to unnecessary costs. It is advisable to also
           configure CPU requests to ensure application stability.
  Rule:    https://security.snyk.io/rules/cloud/SNYK-CC-K8S-5
  Path:    [DocId: 0] &gt; input &gt; spec &gt; containers[example] &gt; resources &gt; limits
           &gt; cpu
  File:    kubernetes/pod-privileged.yaml
  Resolve: Add `resources.limits.cpu` field with required CPU limit value·
  [Low] Container is running with writable root filesystem
  Info:    `readOnlyRootFilesystem` attribute is not set to `true`. Compromised
           process could abuse writable root filesystem to elevate privileges
  Rule:    https://security.snyk.io/rules/cloud/SNYK-CC-K8S-8
  Path:    [DocId: 0] &gt; spec &gt; containers[example] &gt; securityContext &gt;
           readOnlyRootFilesystem
  File:    kubernetes/pod-privileged.yaml
  Resolve: Set `spec.{containers,
           initContainers}.securityContext.readOnlyRootFilesystem` to `true`·
  [Low] Container&apos;s or Pod&apos;s  UID could clash with host&apos;s UID
  Info:    `runAsUser` value is set to low UID. UID of the container processes
           could clash with host&apos;s UIDs and lead to unintentional authorization
           bypass
  Rule:    https://security.snyk.io/rules/cloud/SNYK-CC-K8S-11
  Path:    input &gt; spec &gt; containers[example] &gt; securityContext &gt; runAsUser
  File:    kubernetes/pod-valid.json
  Resolve: Set `securityContext.runAsUser` value to greater or equal than
           10&apos;000. SecurityContext can be set on both `pod` and `container`
           level. If both are set, then the container level takes precedence·
  [Low] Container is running without memory limit
  Info:    Memory limit is not defined. Containers without memory limits are
           more likely to be terminated when the node runs out of memory
  Rule:    https://security.snyk.io/rules/cloud/SNYK-CC-K8S-4
  Path:    input &gt; spec &gt; containers[example] &gt; resources &gt; limits &gt; memory
  File:    kubernetes/pod-valid.json
  Resolve: Set `resources.limits.memory` value·
  [Low] Container is running without liveness probe
  Info:    Liveness probe is not defined. Kubernetes will not be able to detect
           if application is able to service requests, and will not restart
           unhealthy pods
  Rule:    https://security.snyk.io/rules/cloud/SNYK-CC-K8S-41
  Path:    spec &gt; containers[example] &gt; livenessProbe
  File:    kubernetes/pod-valid.json
  Resolve: Add `livenessProbe` attribute·
  [Low] Container could be running with outdated image
  Info:    The image policy does not prevent image reuse. The container may run
           with outdated or unauthorized image
  Rule:    https://security.snyk.io/rules/cloud/SNYK-CC-K8S-42
  Path:    spec &gt; containers[example] &gt; imagePullPolicy
  File:    kubernetes/pod-valid.json
  Resolve: Set `imagePullPolicy` attribute to `Always`·
  [Low] Container has no CPU limit
  Info:    Container has no CPU limit. CPU limits can prevent containers from
           consuming valuable compute time for no benefit (e.g. inefficient
           code) that might lead to unnecessary costs. It is advisable to also
           configure CPU requests to ensure application stability.
  Rule:    https://security.snyk.io/rules/cloud/SNYK-CC-K8S-5
  Path:    input &gt; spec &gt; containers[example] &gt; resources &gt; limits &gt; cpu
  File:    kubernetes/pod-valid.json
  Resolve: Add `resources.limits.cpu` field with required CPU limit value·
  [Low] Container is running with writable root filesystem
  Info:    `readOnlyRootFilesystem` attribute is not set to `true`. Compromised
           process could abuse writable root filesystem to elevate privileges
  Rule:    https://security.snyk.io/rules/cloud/SNYK-CC-K8S-8
  Path:    spec &gt; containers[example] &gt; securityContext &gt; readOnlyRootFilesystem
  File:    kubernetes/pod-valid.json
  Resolve: Set `spec.{containers,
           initContainers}.securityContext.readOnlyRootFilesystem` to `true`·
  [Low] Container&apos;s or Pod&apos;s  UID could clash with host&apos;s UID
  Info:    `runAsUser` value is set to low UID. UID of the container processes
           could clash with host&apos;s UIDs and lead to unintentional authorization
           bypass
  Rule:    https://security.snyk.io/rules/cloud/SNYK-CC-K8S-11
  Path:    [DocId: 0] &gt; input &gt; spec &gt; containers[example] &gt; securityContext &gt;
           runAsUser
  File:    no_vulnerabilities/pod-privileged.yaml
  Resolve: Set `securityContext.runAsUser` value to greater or equal than
           10&apos;000. SecurityContext can be set on both `pod` and `container`
           level. If both are set, then the container level takes precedence·
  [Low] Container is running without memory limit
  Info:    Memory limit is not defined. Containers without memory limits are
           more likely to be terminated when the node runs out of memory
  Rule:    https://security.snyk.io/rules/cloud/SNYK-CC-K8S-4
  Path:    [DocId: 0] &gt; input &gt; spec &gt; containers[example] &gt; resources &gt; limits
           &gt; memory
  File:    no_vulnerabilities/pod-privileged.yaml
  Resolve: Set `resources.limits.memory` value·
  [Low] Container is running without liveness probe
  Info:    Liveness probe is not defined. Kubernetes will not be able to detect
           if application is able to service requests, and will not restart
           unhealthy pods
  Rule:    https://security.snyk.io/rules/cloud/SNYK-CC-K8S-41
  Path:    [DocId: 0] &gt; spec &gt; containers[example] &gt; livenessProbe
  File:    no_vulnerabilities/pod-privileged.yaml
  Resolve: Add `livenessProbe` attribute·
  [Low] Container could be running with outdated image
  Info:    The image policy does not prevent image reuse. The container may run
           with outdated or unauthorized image
  Rule:    https://security.snyk.io/rules/cloud/SNYK-CC-K8S-42
  Path:    [DocId: 0] &gt; spec &gt; containers[example] &gt; imagePullPolicy
  File:    no_vulnerabilities/pod-privileged.yaml
  Resolve: Set `imagePullPolicy` attribute to `Always`·
  [Low] Container has no CPU limit
  Info:    Container has no CPU limit. CPU limits can prevent containers from
           consuming valuable compute time for no benefit (e.g. inefficient
           code) that might lead to unnecessary costs. It is advisable to also
           configure CPU requests to ensure application stability.
  Rule:    https://security.snyk.io/rules/cloud/SNYK-CC-K8S-5
  Path:    [DocId: 0] &gt; input &gt; spec &gt; containers[example] &gt; resources &gt; limits
           &gt; cpu
  File:    no_vulnerabilities/pod-privileged.yaml
  Resolve: Add `resources.limits.cpu` field with required CPU limit value·
  [Low] Container is running with writable root filesystem
  Info:    `readOnlyRootFilesystem` attribute is not set to `true`. Compromised
           process could abuse writable root filesystem to elevate privileges
  Rule:    https://security.snyk.io/rules/cloud/SNYK-CC-K8S-8
  Path:    [DocId: 0] &gt; spec &gt; containers[example] &gt; securityContext &gt;
           readOnlyRootFilesystem
  File:    no_vulnerabilities/pod-privileged.yaml
  Resolve: Set `spec.{containers,
           initContainers}.securityContext.readOnlyRootFilesystem` to `true`·
  [Low] Container&apos;s or Pod&apos;s  UID could clash with host&apos;s UID
  Info:    `runAsUser` value is set to low UID. UID of the container processes
           could clash with host&apos;s UIDs and lead to unintentional authorization
           bypass
  Rule:    https://security.snyk.io/rules/cloud/SNYK-CC-K8S-11
  Path:    [DocId: 0] &gt; input &gt; spec &gt; containers[example] &gt; securityContext &gt;
           runAsUser
  File:    only-valid/pod-privileged-multi.yaml
  Resolve: Set `securityContext.runAsUser` value to greater or equal than
           10&apos;000. SecurityContext can be set on both `pod` and `container`
           level. If both are set, then the container level takes precedence·
  [Low] Container&apos;s or Pod&apos;s  UID could clash with host&apos;s UID
  Info:    `runAsUser` value is set to low UID. UID of the container processes
           could clash with host&apos;s UIDs and lead to unintentional authorization
           bypass
  Rule:    https://security.snyk.io/rules/cloud/SNYK-CC-K8S-11
  Path:    [DocId: 1] &gt; input &gt; spec &gt; containers[example] &gt; securityContext &gt;
           runAsUser
  File:    only-valid/pod-privileged-multi.yaml
  Resolve: Set `securityContext.runAsUser` value to greater or equal than
           10&apos;000. SecurityContext can be set on both `pod` and `container`
           level. If both are set, then the container level takes precedence·
  [Low] Container is running without memory limit
  Info:    Memory limit is not defined. Containers without memory limits are
           more likely to be terminated when the node runs out of memory
  Rule:    https://security.snyk.io/rules/cloud/SNYK-CC-K8S-4
  Path:    [DocId: 0] &gt; input &gt; spec &gt; containers[example] &gt; resources &gt; limits
           &gt; memory
  File:    only-valid/pod-privileged-multi.yaml
  Resolve: Set `resources.limits.memory` value·
  [Low] Container is running without memory limit
  Info:    Memory limit is not defined. Containers without memory limits are
           more likely to be terminated when the node runs out of memory
  Rule:    https://security.snyk.io/rules/cloud/SNYK-CC-K8S-4
  Path:    [DocId: 1] &gt; input &gt; spec &gt; containers[example] &gt; resources &gt; limits
           &gt; memory
  File:    only-valid/pod-privileged-multi.yaml
  Resolve: Set `resources.limits.memory` value·
  [Low] Container is running without liveness probe
  Info:    Liveness probe is not defined. Kubernetes will not be able to detect
           if application is able to service requests, and will not restart
           unhealthy pods
  Rule:    https://security.snyk.io/rules/cloud/SNYK-CC-K8S-41
  Path:    [DocId: 0] &gt; spec &gt; containers[example] &gt; livenessProbe
  File:    only-valid/pod-privileged-multi.yaml
  Resolve: Add `livenessProbe` attribute·
  [Low] Container is running without liveness probe
  Info:    Liveness probe is not defined. Kubernetes will not be able to detect
           if application is able to service requests, and will not restart
           unhealthy pods
  Rule:    https://security.snyk.io/rules/cloud/SNYK-CC-K8S-41
  Path:    [DocId: 1] &gt; spec &gt; containers[example] &gt; livenessProbe
  File:    only-valid/pod-privileged-multi.yaml
  Resolve: Add `livenessProbe` attribute·
  [Low] Container could be running with outdated image
  Info:    The image policy does not prevent image reuse. The container may run
           with outdated or unauthorized image
  Rule:    https://security.snyk.io/rules/cloud/SNYK-CC-K8S-42
  Path:    [DocId: 0] &gt; spec &gt; containers[example] &gt; imagePullPolicy
  File:    only-valid/pod-privileged-multi.yaml
  Resolve: Set `imagePullPolicy` attribute to `Always`·
  [Low] Container could be running with outdated image
  Info:    The image policy does not prevent image reuse. The container may run
           with outdated or unauthorized image
  Rule:    https://security.snyk.io/rules/cloud/SNYK-CC-K8S-42
  Path:    [DocId: 1] &gt; spec &gt; containers[example] &gt; imagePullPolicy
  File:    only-valid/pod-privileged-multi.yaml
  Resolve: Set `imagePullPolicy` attribute to `Always`·
  [Low] Container has no CPU limit
  Info:    Container has no CPU limit. CPU limits can prevent containers from
           consuming valuable compute time for no benefit (e.g. inefficient
           code) that might lead to unnecessary costs. It is advisable to also
           configure CPU requests to ensure application stability.
  Rule:    https://security.snyk.io/rules/cloud/SNYK-CC-K8S-5
  Path:    [DocId: 0] &gt; input &gt; spec &gt; containers[example] &gt; resources &gt; limits
           &gt; cpu
  File:    only-valid/pod-privileged-multi.yaml
  Resolve: Add `resources.limits.cpu` field with required CPU limit value·
  [Low] Container has no CPU limit
  Info:    Container has no CPU limit. CPU limits can prevent containers from
           consuming valuable compute time for no benefit (e.g. inefficient
           code) that might lead to unnecessary costs. It is advisable to also
           configure CPU requests to ensure application stability.
  Rule:    https://security.snyk.io/rules/cloud/SNYK-CC-K8S-5
  Path:    [DocId: 1] &gt; input &gt; spec &gt; containers[example] &gt; resources &gt; limits
           &gt; cpu
  File:    only-valid/pod-privileged-multi.yaml
  Resolve: Add `resources.limits.cpu` field with required CPU limit value·
  [Low] Container is running with writable root filesystem
  Info:    `readOnlyRootFilesystem` attribute is not set to `true`. Compromised
           process could abuse writable root filesystem to elevate privileges
  Rule:    https://security.snyk.io/rules/cloud/SNYK-CC-K8S-8
  Path:    [DocId: 0] &gt; spec &gt; containers[example] &gt; securityContext &gt;
           readOnlyRootFilesystem
  File:    only-valid/pod-privileged-multi.yaml
  Resolve: Set `spec.{containers,
           initContainers}.securityContext.readOnlyRootFilesystem` to `true`·
  [Low] Container is running with writable root filesystem
  Info:    `readOnlyRootFilesystem` attribute is not set to `true`. Compromised
           process could abuse writable root filesystem to elevate privileges
  Rule:    https://security.snyk.io/rules/cloud/SNYK-CC-K8S-8
  Path:    [DocId: 1] &gt; spec &gt; containers[example] &gt; securityContext &gt;
           readOnlyRootFilesystem
  File:    only-valid/pod-privileged-multi.yaml
  Resolve: Set `spec.{containers,
           initContainers}.securityContext.readOnlyRootFilesystem` to `true`·
  [Low] Container&apos;s or Pod&apos;s  UID could clash with host&apos;s UID
  Info:    `runAsUser` value is set to low UID. UID of the container processes
           could clash with host&apos;s UIDs and lead to unintentional authorization
           bypass
  Rule:    https://security.snyk.io/rules/cloud/SNYK-CC-K8S-11
  Path:    [DocId: 0] &gt; input &gt; spec &gt; containers[example] &gt; securityContext &gt;
           runAsUser
  File:    only-valid/pod-privileged.yaml
  Resolve: Set `securityContext.runAsUser` value to greater or equal than
           10&apos;000. SecurityContext can be set on both `pod` and `container`
           level. If both are set, then the container level takes precedence·
  [Low] Container is running without memory limit
  Info:    Memory limit is not defined. Containers without memory limits are
           more likely to be terminated when the node runs out of memory
  Rule:    https://security.snyk.io/rules/cloud/SNYK-CC-K8S-4
  Path:    [DocId: 0] &gt; input &gt; spec &gt; containers[example] &gt; resources &gt; limits
           &gt; memory
  File:    only-valid/pod-privileged.yaml
  Resolve: Set `resources.limits.memory` value·
  [Low] Container is running without liveness probe
  Info:    Liveness probe is not defined. Kubernetes will not be able to detect
           if application is able to service requests, and will not restart
           unhealthy pods
  Rule:    https://security.snyk.io/rules/cloud/SNYK-CC-K8S-41
  Path:    [DocId: 0] &gt; spec &gt; containers[example] &gt; livenessProbe
  File:    only-valid/pod-privileged.yaml
  Resolve: Add `livenessProbe` attribute·
  [Low] Container could be running with outdated image
  Info:    The image policy does not prevent image reuse. The container may run
           with outdated or unauthorized image
  Rule:    https://security.snyk.io/rules/cloud/SNYK-CC-K8S-42
  Path:    [DocId: 0] &gt; spec &gt; containers[example] &gt; imagePullPolicy
  File:    only-valid/pod-privileged.yaml
  Resolve: Set `imagePullPolicy` attribute to `Always`·
  [Low] Container has no CPU limit
  Info:    Container has no CPU limit. CPU limits can prevent containers from
           consuming valuable compute time for no benefit (e.g. inefficient
           code) that might lead to unnecessary costs. It is advisable to also
           configure CPU requests to ensure application stability.
  Rule:    https://security.snyk.io/rules/cloud/SNYK-CC-K8S-5
  Path:    [DocId: 0] &gt; input &gt; spec &gt; containers[example] &gt; resources &gt; limits
           &gt; cpu
  File:    only-valid/pod-privileged.yaml
  Resolve: Add `resources.limits.cpu` field with required CPU limit value·
  [Low] Container is running with writable root filesystem
  Info:    `readOnlyRootFilesystem` attribute is not set to `true`. Compromised
           process could abuse writable root filesystem to elevate privileges
  Rule:    https://security.snyk.io/rules/cloud/SNYK-CC-K8S-8
  Path:    [DocId: 0] &gt; spec &gt; containers[example] &gt; securityContext &gt;
           readOnlyRootFilesystem
  File:    only-valid/pod-privileged.yaml
  Resolve: Set `spec.{containers,
           initContainers}.securityContext.readOnlyRootFilesystem` to `true`·
  [Low] Container&apos;s or Pod&apos;s  UID could clash with host&apos;s UID
  Info:    `runAsUser` value is set to low UID. UID of the container processes
           could clash with host&apos;s UIDs and lead to unintentional authorization
           bypass
  Rule:    https://security.snyk.io/rules/cloud/SNYK-CC-K8S-11
  Path:    input &gt; spec &gt; containers[example] &gt; securityContext &gt; runAsUser
  File:    only-valid/pod-valid.json
  Resolve: Set `securityContext.runAsUser` value to greater or equal than
           10&apos;000. SecurityContext can be set on both `pod` and `container`
           level. If both are set, then the container level takes precedence·
  [Low] Container is running without memory limit
  Info:    Memory limit is not defined. Containers without memory limits are
           more likely to be terminated when the node runs out of memory
  Rule:    https://security.snyk.io/rules/cloud/SNYK-CC-K8S-4
  Path:    input &gt; spec &gt; containers[example] &gt; resources &gt; limits &gt; memory
  File:    only-valid/pod-valid.json
  Resolve: Set `resources.limits.memory` value·
  [Low] Container is running without liveness probe
  Info:    Liveness probe is not defined. Kubernetes will not be able to detect
           if application is able to service requests, and will not restart
           unhealthy pods
  Rule:    https://security.snyk.io/rules/cloud/SNYK-CC-K8S-41
  Path:    spec &gt; containers[example] &gt; livenessProbe
  File:    only-valid/pod-valid.json
  Resolve: Add `livenessProbe` attribute·
  [Low] Container could be running with outdated image
  Info:    The image policy does not prevent image reuse. The container may run
           with outdated or unauthorized image
  Rule:    https://security.snyk.io/rules/cloud/SNYK-CC-K8S-42
  Path:    spec &gt; containers[example] &gt; imagePullPolicy
  File:    only-valid/pod-valid.json
  Resolve: Set `imagePullPolicy` attribute to `Always`·
  [Low] Container has no CPU limit
  Info:    Container has no CPU limit. CPU limits can prevent containers from
           consuming valuable compute time for no benefit (e.g. inefficient
           code) that might lead to unnecessary costs. It is advisable to also
           configure CPU requests to ensure application stability.
  Rule:    https://security.snyk.io/rules/cloud/SNYK-CC-K8S-5
  Path:    input &gt; spec &gt; containers[example] &gt; resources &gt; limits &gt; cpu
  File:    only-valid/pod-valid.json
  Resolve: Add `resources.limits.cpu` field with required CPU limit value·
  [Low] Container is running with writable root filesystem
  Info:    `readOnlyRootFilesystem` attribute is not set to `true`. Compromised
           process could abuse writable root filesystem to elevate privileges
  Rule:    https://security.snyk.io/rules/cloud/SNYK-CC-K8S-8
  Path:    spec &gt; containers[example] &gt; securityContext &gt; readOnlyRootFilesystem
  File:    only-valid/pod-valid.json
  Resolve: Set `spec.{containers,
           initContainers}.securityContext.readOnlyRootFilesystem` to `true`·
  [Low] S3 bucket versioning disabled
  Info:    S3 bucket versioning is disabled. Changes or deletion of objects will
           not be reversible
  Rule:    https://security.snyk.io/rules/cloud/SNYK-CC-TF-124
  Path:    resource &gt; aws_s3_bucket[terra_ci] &gt; versioning &gt; enabled
  File:    terraform-plan/tf-plan-create.json
  Resolve: For AWS provider &lt; v4.0.0, set `versioning.enabled` attribute to
           `true`. For AWS provider &gt;= v4.0.0, add aws_s3_bucket_versioning
           resource.·
  [Low] S3 bucket MFA delete control disabled
  Info:    S3 bucket will not enforce MFA login on delete requests. Object could
           be deleted without stronger MFA authorization
  Rule:    https://security.snyk.io/rules/cloud/SNYK-CC-TF-127
  Path:    resource &gt; aws_s3_bucket[terra_ci] &gt; versioning &gt; mfa_delete
  File:    terraform-plan/tf-plan-create.json
  Resolve: Follow instructions in `https://docs.aws.amazon.com/AmazonS3/latest/u
           serguide/MultiFactorAuthenticationDelete.html` to manually configure
           the MFA setting. For AWS provider &lt; v4.0.0 set
           `versioning.mfa_delete` attribute to `true` in aws_s3_bucket
           resource. For AWS provider &gt;= v4.0.0 set
           &apos;versioning_configuration.mfa_delete` attribute to `Enabled`. The
           terraform change is required to reflect the setting in the state file·
  [Low] S3 server access logging is disabled
  Info:    The s3 access logs will not be collected. There will be no audit
           trail of access to s3 objects
  Rule:    https://security.snyk.io/rules/cloud/SNYK-CC-TF-45
  Path:    input &gt; resource &gt; aws_s3_bucket[terra_ci] &gt; logging
  File:    terraform-plan/tf-plan-create.json
  Resolve: For AWS provider &lt; v4.0.0, add `logging` block attribute. For AWS
           provider &gt;= v4.0.0, add aws_s3_bucket_logging resource.·
  [Low] S3 bucket versioning disabled
  Info:    S3 bucket versioning is disabled. Changes or deletion of objects will
           not be reversible
  Rule:    https://security.snyk.io/rules/cloud/SNYK-CC-TF-124
  Path:    resource &gt; aws_s3_bucket[logging2] &gt; versioning &gt; enabled
  File:    terraform-plan/tf-plan-v4.json
  Resolve: For AWS provider &lt; v4.0.0, set `versioning.enabled` attribute to
           `true`. For AWS provider &gt;= v4.0.0, add aws_s3_bucket_versioning
           resource.·
  [Low] S3 bucket versioning disabled
  Info:    S3 bucket versioning is disabled. Changes or deletion of objects will
           not be reversible
  Rule:    https://security.snyk.io/rules/cloud/SNYK-CC-TF-124
  Path:    resource &gt; aws_s3_bucket[duh] &gt; versioning &gt; enabled
  File:    terraform-plan/tf-plan-v4.json
  Resolve: For AWS provider &lt; v4.0.0, set `versioning.enabled` attribute to
           `true`. For AWS provider &gt;= v4.0.0, add aws_s3_bucket_versioning
           resource.·
  [Low] S3 bucket versioning disabled
  Info:    S3 bucket versioning is disabled. Changes or deletion of objects will
           not be reversible
  Rule:    https://security.snyk.io/rules/cloud/SNYK-CC-TF-124
  Path:    resource &gt; aws_s3_bucket[denied] &gt; versioning &gt; enabled
  File:    terraform-plan/tf-plan-v4.json
  Resolve: For AWS provider &lt; v4.0.0, set `versioning.enabled` attribute to
           `true`. For AWS provider &gt;= v4.0.0, add aws_s3_bucket_versioning
           resource.·
  [Low] S3 bucket MFA delete control disabled
  Info:    S3 bucket will not enforce MFA login on delete requests. Object could
           be deleted without stronger MFA authorization
  Rule:    https://security.snyk.io/rules/cloud/SNYK-CC-TF-127
  Path:    resource &gt; aws_s3_bucket[logging2] &gt; versioning &gt; mfa_delete
  File:    terraform-plan/tf-plan-v4.json
  Resolve: Follow instructions in `https://docs.aws.amazon.com/AmazonS3/latest/u
           serguide/MultiFactorAuthenticationDelete.html` to manually configure
           the MFA setting. For AWS provider &lt; v4.0.0 set
           `versioning.mfa_delete` attribute to `true` in aws_s3_bucket
           resource. For AWS provider &gt;= v4.0.0 set
           &apos;versioning_configuration.mfa_delete` attribute to `Enabled`. The
           terraform change is required to reflect the setting in the state file·
  [Low] S3 bucket MFA delete control disabled
  Info:    S3 bucket will not enforce MFA login on delete requests. Object could
           be deleted without stronger MFA authorization
  Rule:    https://security.snyk.io/rules/cloud/SNYK-CC-TF-127
  Path:    resource &gt; aws_s3_bucket[denied] &gt; versioning &gt; mfa_delete
  File:    terraform-plan/tf-plan-v4.json
  Resolve: Follow instructions in `https://docs.aws.amazon.com/AmazonS3/latest/u
           serguide/MultiFactorAuthenticationDelete.html` to manually configure
           the MFA setting. For AWS provider &lt; v4.0.0 set
           `versioning.mfa_delete` attribute to `true` in aws_s3_bucket
           resource. For AWS provider &gt;= v4.0.0 set
           &apos;versioning_configuration.mfa_delete` attribute to `Enabled`. The
           terraform change is required to reflect the setting in the state file·
  [Low] S3 bucket MFA delete control disabled
  Info:    S3 bucket will not enforce MFA login on delete requests. Object could
           be deleted without stronger MFA authorization
  Rule:    https://security.snyk.io/rules/cloud/SNYK-CC-TF-127
  Path:    resource &gt; aws_s3_bucket[duh] &gt; versioning &gt; mfa_delete
  File:    terraform-plan/tf-plan-v4.json
  Resolve: Follow instructions in `https://docs.aws.amazon.com/AmazonS3/latest/u
           serguide/MultiFactorAuthenticationDelete.html` to manually configure
           the MFA setting. For AWS provider &lt; v4.0.0 set
           `versioning.mfa_delete` attribute to `true` in aws_s3_bucket
           resource. For AWS provider &gt;= v4.0.0 set
           &apos;versioning_configuration.mfa_delete` attribute to `Enabled`. The
           terraform change is required to reflect the setting in the state file·
  [Low] S3 server access logging is disabled
  Info:    The s3 access logs will not be collected. There will be no audit
           trail of access to s3 objects
  Rule:    https://security.snyk.io/rules/cloud/SNYK-CC-TF-45
  Path:    input &gt; resource &gt; aws_s3_bucket[duh] &gt; logging
  File:    terraform-plan/tf-plan-v4.json
  Resolve: For AWS provider &lt; v4.0.0, add `logging` block attribute. For AWS
           provider &gt;= v4.0.0, add aws_s3_bucket_logging resource.·
  [Low] S3 server access logging is disabled
  Info:    The s3 access logs will not be collected. There will be no audit
           trail of access to s3 objects
  Rule:    https://security.snyk.io/rules/cloud/SNYK-CC-TF-45
  Path:    input &gt; resource &gt; aws_s3_bucket[denied] &gt; logging
  File:    terraform-plan/tf-plan-v4.json
  Resolve: For AWS provider &lt; v4.0.0, add `logging` block attribute. For AWS
           provider &gt;= v4.0.0, add aws_s3_bucket_logging resource.·
  [Low] Rule allows open egress
  Info:    The security group rule allows open egress. Open egress can be used
           to exfiltrate data to unauthorized destinations, and enable access to
           potentially malicious resources
  Rule:    https://security.snyk.io/rules/cloud/SNYK-CC-TF-72
  Path:    resource &gt; aws_security_group_rule[egress]
  File:    terraform/var_deref/nested_var_deref/sg_open_ssh.tf
  Resolve: Set `cidr_blocks` attribute to specific ranges e.g. `192.168.1.0/24`·
Medium Severity Issues: 51·
  [Medium] Azure Firewall Network Rule Collection allows public access
  Info:    That inbound traffic is allowed to a resource from any source instead
           of a restricted range. That potentially everyone can access your
           resource
  Rule:    https://security.snyk.io/rules/cloud/SNYK-CC-TF-20
  Path:    resources[1] &gt; properties &gt; networkRuleCollections[0] &gt; properties &gt;
           rules[0] &gt; sourceAddresses
  File:    arm/rule_test.json
  Resolve: Set
           `properties.networkRuleCollections.properties.rules.sourceAddresses`
           attribute to specific IP range only, e.g. `192.168.1.0/24`·
  [Medium] RDS automatic backup is disabled
  Info:    Automatic backup of AWS Relational Database is disabled. No automatic
           backups will occur, availability risk if disaster occurs and manual
           backups have not been set
  Rule:    https://security.snyk.io/rules/cloud/SNYK-CC-AWS-408
  Path:    [DocId: 0] &gt; Resources[AuroraInstance1] &gt; Properties &gt;
           BackupRetentionPeriod
  File:    cloudformation/aurora-valid.yml
  Resolve: Set `Properties.BackupRetentionPeriod` to `1` or more·
  [Medium] RDS automatic backup is disabled
  Info:    Automatic backup of AWS Relational Database is disabled. No automatic
           backups will occur, availability risk if disaster occurs and manual
           backups have not been set
  Rule:    https://security.snyk.io/rules/cloud/SNYK-CC-AWS-408
  Path:    [DocId: 0] &gt; Resources[AuroraInstance0] &gt; Properties &gt;
           BackupRetentionPeriod
  File:    cloudformation/aurora-valid.yml
  Resolve: Set `Properties.BackupRetentionPeriod` to `1` or more·
  [Medium] RDS IAM authentication is disabled
  Info:    IAM database authentication is disabled, authentication tokens are
           not used to connect to DB instance. Users will connect to DB instance
           with password, which are less secure than temporary tokens which
           expire
  Rule:    https://security.snyk.io/rules/cloud/SNYK-CC-AWS-414
  Path:    [DocId: 0] &gt; Resources[AuroraInstance1] &gt; Properties &gt;
           EnableIAMDatabaseAuthentication
  File:    cloudformation/aurora-valid.yml
  Resolve: Set `Properties.EnableIAMDatabaseAuthentication` to `true`.·
  [Medium] RDS IAM authentication is disabled
  Info:    IAM database authentication is disabled, authentication tokens are
           not used to connect to DB instance. Users will connect to DB instance
           with password, which are less secure than temporary tokens which
           expire
  Rule:    https://security.snyk.io/rules/cloud/SNYK-CC-AWS-414
  Path:    [DocId: 0] &gt; Resources[AuroraInstance0] &gt; Properties &gt;
           EnableIAMDatabaseAuthentication
  File:    cloudformation/aurora-valid.yml
  Resolve: Set `Properties.EnableIAMDatabaseAuthentication` to `true`.·
  [Medium] RDS cluster does not have encryption enabled
  Info:    RDS cluster does not have encryption enabled which means data is
           stored on cluster in plaintext. In the occurrence of a data breach,
           sensitive data stored on the RDS cluster will be accessible
  Rule:    https://security.snyk.io/rules/cloud/SNYK-CC-AWS-439
  Path:    [DocId: 0] &gt; Resources[AuroraCluster] &gt; Properties &gt; StorageEncrypted
  File:    cloudformation/aurora-valid.yml
  Resolve: Set `Properties.StorageEncrypted` attribute to `true`·
  [Medium] IAM authentication for RDS cluster is disabled
  Info:    IAM authentication for RDS cluster is disabled. IAM integration
           allows you to avoid using passwords in favour of short lived tokens.
  Rule:    https://security.snyk.io/rules/cloud/SNYK-CC-AWS-710
  Path:    [DocId: 0] &gt; Resources[AuroraCluster] &gt; Properties &gt;
           EnableIAMDatabaseAuthentication
  File:    cloudformation/aurora-valid.yml
  Resolve: Set `Properties.EnableIAMDatabaseAuthentication` attribute to `true`·
  [Medium] Non-encrypted RDS instance at rest
  Info:    The DB instance storage is not encrypted by default. Should someone
           gain unauthorized access to the data they would be able to read the
           contents.
  Rule:    https://security.snyk.io/rules/cloud/SNYK-CC-TF-201
  Path:    [DocId: 0] &gt; Resources[AuroraInstance0] &gt; Properties &gt;
           StorageEncrypted
  File:    cloudformation/aurora-valid.yml
  Resolve: Set `Properties.StorageEncrypted` attribute to `true`·
  [Medium] Non-encrypted RDS instance at rest
  Info:    The DB instance storage is not encrypted by default. Should someone
           gain unauthorized access to the data they would be able to read the
           contents.
  Rule:    https://security.snyk.io/rules/cloud/SNYK-CC-TF-201
  Path:    [DocId: 0] &gt; Resources[AuroraInstance1] &gt; Properties &gt;
           StorageEncrypted
  File:    cloudformation/aurora-valid.yml
  Resolve: Set `Properties.StorageEncrypted` attribute to `true`·
  [Medium] Non-Encrypted SNS Topic
  Info:    The SNS topic is not encrypted at rest. That should someone gain
           unauthorized access to the data they would be able to read the
           contents.
  Rule:    https://security.snyk.io/rules/cloud/SNYK-CC-TF-55
  Path:    [DocId: 0] &gt; Resources &gt; DatabaseAlarmTopic &gt; Properties &gt;
           KmsMasterKeyId
  File:    cloudformation/aurora-valid.yml
  Resolve: Set `KmsMasterKeyId` attribute to KMS key for example `alias/aws/sns`·
  [Medium] S3 Bucket is publicly readable
  Info:    That this S3 bucket is publicly readable without any authentication
           or authorization. . That you may be leaking sensitive information to
           members of the public without realizing.
  Rule:    https://security.snyk.io/rules/cloud/SNYK-CC-TF-18
  Path:    input &gt; resource &gt; aws_s3_bucket[s3_bucket] &gt; acl
  File:    depth_detection/root.tf
  Resolve: Set `acl` attribute to `private`, or remove the attribute·
  [Medium] Container or Pod is running without root user control
  Info:    Container or Pod is running without root user control. Container or
           Pod could be running with full administrative privileges
  Rule:    https://security.snyk.io/rules/cloud/SNYK-CC-K8S-10
  Path:    [DocId: 0] &gt; input &gt; spec &gt; containers[example] &gt; securityContext &gt;
           runAsNonRoot
  File:    file-logging/file_content_logging.yaml
  Resolve: Set `securityContext.runAsNonRoot` to `true`·
  [Medium] Container does not drop all default capabilities
  Info:    All default capabilities are not explicitly dropped. Containers are
           running with potentially unnecessary privileges
  Rule:    https://security.snyk.io/rules/cloud/SNYK-CC-K8S-6
  Path:    [DocId: 0] &gt; input &gt; spec &gt; containers[example] &gt; securityContext &gt;
           capabilities &gt; drop
  File:    file-logging/file_content_logging.yaml
  Resolve: Add `ALL` to `securityContext.capabilities.drop` list, and add only
           required capabilities in `securityContext.capabilities.add`·
  [Medium] Container is running without privilege escalation control
  Info:    `allowPrivilegeEscalation` attribute is not set to `false`. Processes
           could elevate current privileges via known vectors, for example SUID
           binaries
  Rule:    https://security.snyk.io/rules/cloud/SNYK-CC-K8S-9
  Path:    [DocId: 0] &gt; spec &gt; containers[example] &gt; securityContext &gt;
           allowPrivilegeEscalation
  File:    file-logging/file_content_logging.yaml
  Resolve: Set `spec.{containers,
           initContainers}.securityContext.allowPrivilegeEscalation` to `false`·
  [Medium] Security Group allows open ingress
  Info:    That inbound traffic is allowed to a resource from any source instead
           of a restricted range. That potentially everyone can access your
           resource
  Rule:    https://security.snyk.io/rules/cloud/SNYK-CC-TF-1
  Path:    input &gt; resource &gt; aws_security_group[allow_ssh] &gt; ingress
  File:    file-output/nested-folder/sg_open_ssh.tf
  Resolve: Set `cidr_block` attribute with a more restrictive IP, for example
           `192.16.0.0/24`·
  [Medium] Security Group allows open ingress
  Info:    That inbound traffic is allowed to a resource from any source instead
           of a restricted range. That potentially everyone can access your
           resource
  Rule:    https://security.snyk.io/rules/cloud/SNYK-CC-TF-1
  Path:    input &gt; resource &gt; aws_security_group[allow_ssh] &gt; ingress
  File:    file-output/sg_open_ssh.tf
  Resolve: Set `cidr_block` attribute with a more restrictive IP, for example
           `192.16.0.0/24`·
  [Medium] Container or Pod is running without root user control
  Info:    Container or Pod is running without root user control. Container or
           Pod could be running with full administrative privileges
  Rule:    https://security.snyk.io/rules/cloud/SNYK-CC-K8S-10
  Path:    [DocId: 0] &gt; input &gt; spec &gt; containers[example] &gt; securityContext &gt;
           runAsNonRoot
  File:    kubernetes/pod-privileged-multi.yaml
  Resolve: Set `securityContext.runAsNonRoot` to `true`·
  [Medium] Container or Pod is running without root user control
  Info:    Container or Pod is running without root user control. Container or
           Pod could be running with full administrative privileges
  Rule:    https://security.snyk.io/rules/cloud/SNYK-CC-K8S-10
  Path:    [DocId: 1] &gt; input &gt; spec &gt; containers[example] &gt; securityContext &gt;
           runAsNonRoot
  File:    kubernetes/pod-privileged-multi.yaml
  Resolve: Set `securityContext.runAsNonRoot` to `true`·
  [Medium] Container does not drop all default capabilities
  Info:    All default capabilities are not explicitly dropped. Containers are
           running with potentially unnecessary privileges
  Rule:    https://security.snyk.io/rules/cloud/SNYK-CC-K8S-6
  Path:    [DocId: 0] &gt; input &gt; spec &gt; containers[example] &gt; securityContext &gt;
           capabilities &gt; drop
  File:    kubernetes/pod-privileged-multi.yaml
  Resolve: Add `ALL` to `securityContext.capabilities.drop` list, and add only
           required capabilities in `securityContext.capabilities.add`·
  [Medium] Container does not drop all default capabilities
  Info:    All default capabilities are not explicitly dropped. Containers are
           running with potentially unnecessary privileges
  Rule:    https://security.snyk.io/rules/cloud/SNYK-CC-K8S-6
  Path:    [DocId: 1] &gt; input &gt; spec &gt; containers[example] &gt; securityContext &gt;
           capabilities &gt; drop
  File:    kubernetes/pod-privileged-multi.yaml
  Resolve: Add `ALL` to `securityContext.capabilities.drop` list, and add only
           required capabilities in `securityContext.capabilities.add`·
  [Medium] Container is running without privilege escalation control
  Info:    `allowPrivilegeEscalation` attribute is not set to `false`. Processes
           could elevate current privileges via known vectors, for example SUID
           binaries
  Rule:    https://security.snyk.io/rules/cloud/SNYK-CC-K8S-9
  Path:    [DocId: 0] &gt; spec &gt; containers[example] &gt; securityContext &gt;
           allowPrivilegeEscalation
  File:    kubernetes/pod-privileged-multi.yaml
  Resolve: Set `spec.{containers,
           initContainers}.securityContext.allowPrivilegeEscalation` to `false`·
  [Medium] Container is running without privilege escalation control
  Info:    `allowPrivilegeEscalation` attribute is not set to `false`. Processes
           could elevate current privileges via known vectors, for example SUID
           binaries
  Rule:    https://security.snyk.io/rules/cloud/SNYK-CC-K8S-9
  Path:    [DocId: 1] &gt; spec &gt; containers[example] &gt; securityContext &gt;
           allowPrivilegeEscalation
  File:    kubernetes/pod-privileged-multi.yaml
  Resolve: Set `spec.{containers,
           initContainers}.securityContext.allowPrivilegeEscalation` to `false`·
  [Medium] Container or Pod is running without root user control
  Info:    Container or Pod is running without root user control. Container or
           Pod could be running with full administrative privileges
  Rule:    https://security.snyk.io/rules/cloud/SNYK-CC-K8S-10
  Path:    [DocId: 0] &gt; input &gt; spec &gt; containers[example] &gt; securityContext &gt;
           runAsNonRoot
  File:    kubernetes/pod-privileged.yaml
  Resolve: Set `securityContext.runAsNonRoot` to `true`·
  [Medium] Container does not drop all default capabilities
  Info:    All default capabilities are not explicitly dropped. Containers are
           running with potentially unnecessary privileges
  Rule:    https://security.snyk.io/rules/cloud/SNYK-CC-K8S-6
  Path:    [DocId: 0] &gt; input &gt; spec &gt; containers[example] &gt; securityContext &gt;
           capabilities &gt; drop
  File:    kubernetes/pod-privileged.yaml
  Resolve: Add `ALL` to `securityContext.capabilities.drop` list, and add only
           required capabilities in `securityContext.capabilities.add`·
  [Medium] Container is running without privilege escalation control
  Info:    `allowPrivilegeEscalation` attribute is not set to `false`. Processes
           could elevate current privileges via known vectors, for example SUID
           binaries
  Rule:    https://security.snyk.io/rules/cloud/SNYK-CC-K8S-9
  Path:    [DocId: 0] &gt; spec &gt; containers[example] &gt; securityContext &gt;
           allowPrivilegeEscalation
  File:    kubernetes/pod-privileged.yaml
  Resolve: Set `spec.{containers,
           initContainers}.securityContext.allowPrivilegeEscalation` to `false`·
  [Medium] Container or Pod is running without root user control
  Info:    Container or Pod is running without root user control. Container or
           Pod could be running with full administrative privileges
  Rule:    https://security.snyk.io/rules/cloud/SNYK-CC-K8S-10
  Path:    input &gt; spec &gt; containers[example] &gt; securityContext &gt; runAsNonRoot
  File:    kubernetes/pod-valid.json
  Resolve: Set `securityContext.runAsNonRoot` to `true`·
  [Medium] Container does not drop all default capabilities
  Info:    All default capabilities are not explicitly dropped. Containers are
           running with potentially unnecessary privileges
  Rule:    https://security.snyk.io/rules/cloud/SNYK-CC-K8S-6
  Path:    input &gt; spec &gt; containers[example] &gt; securityContext &gt; capabilities &gt;
           drop
  File:    kubernetes/pod-valid.json
  Resolve: Add `ALL` to `securityContext.capabilities.drop` list, and add only
           required capabilities in `securityContext.capabilities.add`·
  [Medium] Container is running without privilege escalation control
  Info:    `allowPrivilegeEscalation` attribute is not set to `false`. Processes
           could elevate current privileges via known vectors, for example SUID
           binaries
  Rule:    https://security.snyk.io/rules/cloud/SNYK-CC-K8S-9
  Path:    spec &gt; containers[example] &gt; securityContext &gt;
           allowPrivilegeEscalation
  File:    kubernetes/pod-valid.json
  Resolve: Set `spec.{containers,
           initContainers}.securityContext.allowPrivilegeEscalation` to `false`·
  [Medium] Container does not drop all default capabilities
  Info:    All default capabilities are not explicitly dropped. Containers are
           running with potentially unnecessary privileges
  Rule:    https://security.snyk.io/rules/cloud/SNYK-CC-K8S-6
  Path:    [DocId: 0] &gt; input &gt; spec &gt; containers[example] &gt; securityContext &gt;
           capabilities &gt; drop
  File:    no_vulnerabilities/pod-privileged.yaml
  Resolve: Add `ALL` to `securityContext.capabilities.drop` list, and add only
           required capabilities in `securityContext.capabilities.add`·
  [Medium] Container is running without privilege escalation control
  Info:    `allowPrivilegeEscalation` attribute is not set to `false`. Processes
           could elevate current privileges via known vectors, for example SUID
           binaries
  Rule:    https://security.snyk.io/rules/cloud/SNYK-CC-K8S-9
  Path:    [DocId: 0] &gt; spec &gt; containers[example] &gt; securityContext &gt;
           allowPrivilegeEscalation
  File:    no_vulnerabilities/pod-privileged.yaml
  Resolve: Set `spec.{containers,
           initContainers}.securityContext.allowPrivilegeEscalation` to `false`·
  [Medium] Container or Pod is running without root user control
  Info:    Container or Pod is running without root user control. Container or
           Pod could be running with full administrative privileges
  Rule:    https://security.snyk.io/rules/cloud/SNYK-CC-K8S-10
  Path:    [DocId: 0] &gt; input &gt; spec &gt; containers[example] &gt; securityContext &gt;
           runAsNonRoot
  File:    only-valid/pod-privileged-multi.yaml
  Resolve: Set `securityContext.runAsNonRoot` to `true`·
  [Medium] Container or Pod is running without root user control
  Info:    Container or Pod is running without root user control. Container or
           Pod could be running with full administrative privileges
  Rule:    https://security.snyk.io/rules/cloud/SNYK-CC-K8S-10
  Path:    [DocId: 1] &gt; input &gt; spec &gt; containers[example] &gt; securityContext &gt;
           runAsNonRoot
  File:    only-valid/pod-privileged-multi.yaml
  Resolve: Set `securityContext.runAsNonRoot` to `true`·
  [Medium] Container does not drop all default capabilities
  Info:    All default capabilities are not explicitly dropped. Containers are
           running with potentially unnecessary privileges
  Rule:    https://security.snyk.io/rules/cloud/SNYK-CC-K8S-6
  Path:    [DocId: 0] &gt; input &gt; spec &gt; containers[example] &gt; securityContext &gt;
           capabilities &gt; drop
  File:    only-valid/pod-privileged-multi.yaml
  Resolve: Add `ALL` to `securityContext.capabilities.drop` list, and add only
           required capabilities in `securityContext.capabilities.add`·
  [Medium] Container does not drop all default capabilities
  Info:    All default capabilities are not explicitly dropped. Containers are
           running with potentially unnecessary privileges
  Rule:    https://security.snyk.io/rules/cloud/SNYK-CC-K8S-6
  Path:    [DocId: 1] &gt; input &gt; spec &gt; containers[example] &gt; securityContext &gt;
           capabilities &gt; drop
  File:    only-valid/pod-privileged-multi.yaml
  Resolve: Add `ALL` to `securityContext.capabilities.drop` list, and add only
           required capabilities in `securityContext.capabilities.add`·
  [Medium] Container is running without privilege escalation control
  Info:    `allowPrivilegeEscalation` attribute is not set to `false`. Processes
           could elevate current privileges via known vectors, for example SUID
           binaries
  Rule:    https://security.snyk.io/rules/cloud/SNYK-CC-K8S-9
  Path:    [DocId: 0] &gt; spec &gt; containers[example] &gt; securityContext &gt;
           allowPrivilegeEscalation
  File:    only-valid/pod-privileged-multi.yaml
  Resolve: Set `spec.{containers,
           initContainers}.securityContext.allowPrivilegeEscalation` to `false`·
  [Medium] Container is running without privilege escalation control
  Info:    `allowPrivilegeEscalation` attribute is not set to `false`. Processes
           could elevate current privileges via known vectors, for example SUID
           binaries
  Rule:    https://security.snyk.io/rules/cloud/SNYK-CC-K8S-9
  Path:    [DocId: 1] &gt; spec &gt; containers[example] &gt; securityContext &gt;
           allowPrivilegeEscalation
  File:    only-valid/pod-privileged-multi.yaml
  Resolve: Set `spec.{containers,
           initContainers}.securityContext.allowPrivilegeEscalation` to `false`·
  [Medium] Container or Pod is running without root user control
  Info:    Container or Pod is running without root user control. Container or
           Pod could be running with full administrative privileges
  Rule:    https://security.snyk.io/rules/cloud/SNYK-CC-K8S-10
  Path:    [DocId: 0] &gt; input &gt; spec &gt; containers[example] &gt; securityContext &gt;
           runAsNonRoot
  File:    only-valid/pod-privileged.yaml
  Resolve: Set `securityContext.runAsNonRoot` to `true`·
  [Medium] Container does not drop all default capabilities
  Info:    All default capabilities are not explicitly dropped. Containers are
           running with potentially unnecessary privileges
  Rule:    https://security.snyk.io/rules/cloud/SNYK-CC-K8S-6
  Path:    [DocId: 0] &gt; input &gt; spec &gt; containers[example] &gt; securityContext &gt;
           capabilities &gt; drop
  File:    only-valid/pod-privileged.yaml
  Resolve: Add `ALL` to `securityContext.capabilities.drop` list, and add only
           required capabilities in `securityContext.capabilities.add`·
  [Medium] Container is running without privilege escalation control
  Info:    `allowPrivilegeEscalation` attribute is not set to `false`. Processes
           could elevate current privileges via known vectors, for example SUID
           binaries
  Rule:    https://security.snyk.io/rules/cloud/SNYK-CC-K8S-9
  Path:    [DocId: 0] &gt; spec &gt; containers[example] &gt; securityContext &gt;
           allowPrivilegeEscalation
  File:    only-valid/pod-privileged.yaml
  Resolve: Set `spec.{containers,
           initContainers}.securityContext.allowPrivilegeEscalation` to `false`·
  [Medium] Container or Pod is running without root user control
  Info:    Container or Pod is running without root user control. Container or
           Pod could be running with full administrative privileges
  Rule:    https://security.snyk.io/rules/cloud/SNYK-CC-K8S-10
  Path:    input &gt; spec &gt; containers[example] &gt; securityContext &gt; runAsNonRoot
  File:    only-valid/pod-valid.json
  Resolve: Set `securityContext.runAsNonRoot` to `true`·
  [Medium] Container does not drop all default capabilities
  Info:    All default capabilities are not explicitly dropped. Containers are
           running with potentially unnecessary privileges
  Rule:    https://security.snyk.io/rules/cloud/SNYK-CC-K8S-6
  Path:    input &gt; spec &gt; containers[example] &gt; securityContext &gt; capabilities &gt;
           drop
  File:    only-valid/pod-valid.json
  Resolve: Add `ALL` to `securityContext.capabilities.drop` list, and add only
           required capabilities in `securityContext.capabilities.add`·
  [Medium] Container is running without privilege escalation control
  Info:    `allowPrivilegeEscalation` attribute is not set to `false`. Processes
           could elevate current privileges via known vectors, for example SUID
           binaries
  Rule:    https://security.snyk.io/rules/cloud/SNYK-CC-K8S-9
  Path:    spec &gt; containers[example] &gt; securityContext &gt;
           allowPrivilegeEscalation
  File:    only-valid/pod-valid.json
  Resolve: Set `spec.{containers,
           initContainers}.securityContext.allowPrivilegeEscalation` to `false`·
  [Medium] Azure Firewall Network Rule Collection allows public access
  Info:    That inbound traffic is allowed to a resource from any source instead
           of a restricted range. That potentially everyone can access your
           resource
  Rule:    https://security.snyk.io/rules/cloud/SNYK-CC-TF-20
  Path:    resources[1] &gt; properties &gt; networkRuleCollections[0] &gt; properties &gt;
           rules[0] &gt; sourceAddresses
  File:    only-valid/rule_test.json
  Resolve: Set
           `properties.networkRuleCollections.properties.rules.sourceAddresses`
           attribute to specific IP range only, e.g. `192.168.1.0/24`·
  [Medium] Security Group allows open ingress
  Info:    That inbound traffic is allowed to a resource from any source instead
           of a restricted range. That potentially everyone can access your
           resource
  Rule:    https://security.snyk.io/rules/cloud/SNYK-CC-TF-1
  Path:    input &gt; resource &gt; aws_security_group[allow_ssh] &gt; ingress
  File:    only-valid/sg_open_ssh.tf
  Resolve: Set `cidr_block` attribute with a more restrictive IP, for example
           `192.16.0.0/24`·
  [Medium] Non-Encrypted CodeBuild artifacts
  Info:    CodeBuild project encryption is explicitly disabled. That should
           someone gain unauthorized access to the data they would be able to
           read the contents.
  Rule:    https://security.snyk.io/rules/cloud/SNYK-CC-TF-111
  Path:    resource &gt; aws_codebuild_project[some_projed] &gt; artifacts &gt;
           encryption_disabled
  File:    terraform-plan/tf-plan-update.json
  Resolve: Set `artifacts.encryption_disabled` or
           `secondary_artifacts.encryption_disabled` attributes to `false`, or
           remove the attribute from configuration·
  [Medium] Security Group allows open ingress
  Info:    That inbound traffic is allowed to a resource from any source instead
           of a restricted range. That potentially everyone can access your
           resource
  Rule:    https://security.snyk.io/rules/cloud/SNYK-CC-TF-1
  Path:    input &gt; resource &gt; aws_security_group[allow_ssh] &gt; ingress
  File:    terraform/sg_open_ssh.tf
  Resolve: Set `cidr_block` attribute with a more restrictive IP, for example
           `192.16.0.0/24`·
  [Medium] Security Group allows open ingress
  Info:    That inbound traffic is allowed to a resource from any source instead
           of a restricted range. That potentially everyone can access your
           resource
  Rule:    https://security.snyk.io/rules/cloud/SNYK-CC-TF-1
  Path:    input &gt; resource &gt; aws_security_group[allow_ssh_a_auto_tfvars] &gt;
           ingress
  File:    terraform/var_deref/sg_open_ssh.tf
  Resolve: Set `cidr_block` attribute with a more restrictive IP, for example
           `192.16.0.0/24`·
  [Medium] Security Group allows open ingress
  Info:    That inbound traffic is allowed to a resource from any source instead
           of a restricted range. That potentially everyone can access your
           resource
  Rule:    https://security.snyk.io/rules/cloud/SNYK-CC-TF-1
  Path:    input &gt; resource &gt; aws_security_group[allow_ssh_b_auto_tfvars] &gt;
           ingress
  File:    terraform/var_deref/sg_open_ssh.tf
  Resolve: Set `cidr_block` attribute with a more restrictive IP, for example
           `192.16.0.0/24`·
  [Medium] Security Group allows open ingress
  Info:    That inbound traffic is allowed to a resource from any source instead
           of a restricted range. That potentially everyone can access your
           resource
  Rule:    https://security.snyk.io/rules/cloud/SNYK-CC-TF-1
  Path:    input &gt; resource &gt; aws_security_group[allow_ssh] &gt; ingress
  File:    terraform/var_deref/sg_open_ssh.tf
  Resolve: Set `cidr_block` attribute with a more restrictive IP, for example
           `192.16.0.0/24`·
  [Medium] Security Group allows open ingress
  Info:    That inbound traffic is allowed to a resource from any source instead
           of a restricted range. That potentially everyone can access your
           resource
  Rule:    https://security.snyk.io/rules/cloud/SNYK-CC-TF-1
  Path:    input &gt; resource &gt; aws_security_group[allow_ssh_terraform_tfvars] &gt;
           ingress
  File:    terraform/var_deref/sg_open_ssh.tf
  Resolve: Set `cidr_block` attribute with a more restrictive IP, for example
           `192.16.0.0/24`·
  [Medium] Security Group allows open ingress
  Info:    That inbound traffic is allowed to a resource from any source instead
           of a restricted range. That potentially everyone can access your
           resource
  Rule:    https://security.snyk.io/rules/cloud/SNYK-CC-TF-1
  Path:    input &gt; resource &gt; aws_security_group[allow_ssh_locals] &gt; ingress
  File:    terraform/var_deref/sg_open_ssh.tf
  Resolve: Set `cidr_block` attribute with a more restrictive IP, for example
           `192.16.0.0/24`·
High Severity Issues: 8·
  [High] Privileged container
  Info:    Container is running in privileged mode. Compromised container could
           potentially modify the underlying host’s kernel by loading
           unauthorized modules (i.e. drivers).
  Rule:    https://security.snyk.io/rules/cloud/SNYK-CC-K8S-1
  Path:    [DocId: 0] &gt; input &gt; spec &gt; containers[example] &gt; securityContext &gt;
           privileged
  File:    kubernetes/pod-privileged-multi.yaml
  Resolve: Remove `securityContext.privileged` attribute, or set value to
           `false`·
  [High] Privileged container
  Info:    Container is running in privileged mode. Compromised container could
           potentially modify the underlying host’s kernel by loading
           unauthorized modules (i.e. drivers).
  Rule:    https://security.snyk.io/rules/cloud/SNYK-CC-K8S-1
  Path:    [DocId: 1] &gt; input &gt; spec &gt; containers[example] &gt; securityContext &gt;
           privileged
  File:    kubernetes/pod-privileged-multi.yaml
  Resolve: Remove `securityContext.privileged` attribute, or set value to
           `false`·
  [High] Privileged container
  Info:    Container is running in privileged mode. Compromised container could
           potentially modify the underlying host’s kernel by loading
           unauthorized modules (i.e. drivers).
  Rule:    https://security.snyk.io/rules/cloud/SNYK-CC-K8S-1
  Path:    [DocId: 0] &gt; input &gt; spec &gt; containers[example] &gt; securityContext &gt;
           privileged
  File:    kubernetes/pod-privileged.yaml
  Resolve: Remove `securityContext.privileged` attribute, or set value to
           `false`·
  [High] Privileged container
  Info:    Container is running in privileged mode. Compromised container could
           potentially modify the underlying host’s kernel by loading
           unauthorized modules (i.e. drivers).
  Rule:    https://security.snyk.io/rules/cloud/SNYK-CC-K8S-1
  Path:    input &gt; spec &gt; containers[example] &gt; securityContext &gt; privileged
  File:    kubernetes/pod-valid.json
  Resolve: Remove `securityContext.privileged` attribute, or set value to
           `false`·
  [High] Privileged container
  Info:    Container is running in privileged mode. Compromised container could
           potentially modify the underlying host’s kernel by loading
           unauthorized modules (i.e. drivers).
  Rule:    https://security.snyk.io/rules/cloud/SNYK-CC-K8S-1
  Path:    [DocId: 0] &gt; input &gt; spec &gt; containers[example] &gt; securityContext &gt;
           privileged
  File:    only-valid/pod-privileged-multi.yaml
  Resolve: Remove `securityContext.privileged` attribute, or set value to
           `false`·
  [High] Privileged container
  Info:    Container is running in privileged mode. Compromised container could
           potentially modify the underlying host’s kernel by loading
           unauthorized modules (i.e. drivers).
  Rule:    https://security.snyk.io/rules/cloud/SNYK-CC-K8S-1
  Path:    [DocId: 1] &gt; input &gt; spec &gt; containers[example] &gt; securityContext &gt;
           privileged
  File:    only-valid/pod-privileged-multi.yaml
  Resolve: Remove `securityContext.privileged` attribute, or set value to
           `false`·
  [High] Privileged container
  Info:    Container is running in privileged mode. Compromised container could
           potentially modify the underlying host’s kernel by loading
           unauthorized modules (i.e. drivers).
  Rule:    https://security.snyk.io/rules/cloud/SNYK-CC-K8S-1
  Path:    [DocId: 0] &gt; input &gt; spec &gt; containers[example] &gt; securityContext &gt;
           privileged
  File:    only-valid/pod-privileged.yaml
  Resolve: Remove `securityContext.privileged` attribute, or set value to
           `false`·
  [High] Privileged container
  Info:    Container is running in privileged mode. Compromised container could
           potentially modify the underlying host’s kernel by loading
           unauthorized modules (i.e. drivers).
  Rule:    https://security.snyk.io/rules/cloud/SNYK-CC-K8S-1
  Path:    input &gt; spec &gt; containers[example] &gt; securityContext &gt; privileged
  File:    only-valid/pod-valid.json
  Resolve: Remove `securityContext.privileged` attribute, or set value to
           `false`·
Test Failures·
  Failed to parse JSON file
  Path: iac/arm/invalid_rule_test.json·
  Failed to parse YAML file
  Path: iac/cloudformation/invalid-cfn.yml
        iac/only-invalid/invalid-file1.yml
        iac/only-invalid/invalid-file2.yaml·
  Failed to parse Terraform file
  Path: iac/terraform/sg_open_ssh_invalid_go_templates.tf
        iac/terraform/sg_open_ssh_invalid_hcl2.tf·
-------------------------------------------------------·
Test Summary·
  Organization: test-org
  Project name: fixtures·
✔ Files without issues: 8
✗ Files with issues: 22
  Ignored issues: 0
  Total issues: 137 [ 0 critical, 8 high, 51 medium, 78 low ]·
Tip: Re-run in debug mode to see more information: DEBUG=*snyk* &lt;COMMAND&gt;
If the issue persists contact support@snyk.io·
-------------------------------------------------------·
Tip·
  New: Share your test results in the Snyk Web UI with the option --report·
&quot;
    at Object.&lt;anonymous&gt; (/project/workspace/test/jest/acceptance/iac/test-directory.spec.ts:75:20)
    at processTicksAndRejections (node:internal/process/task_queues:95:5)</failure>
    </testcase>
    <testcase classname="Directory scan filters out issues when using severity threshold" name="Directory scan filters out issues when using severity threshold" time="2.467">
    </testcase>
    <testcase classname="Directory scan outputs the expected text when running with --sarif flag" name="Directory scan outputs the expected text when running with --sarif flag" time="2.264">
    </testcase>
    <testcase classname="Directory scan outputs the expected text when running with --json flag" name="Directory scan outputs the expected text when running with --json flag" time="2.26">
    </testcase>
    <testcase classname="Directory scan limits the depth of the directories" name="Directory scan limits the depth of the directories" time="2.052">
    </testcase>
    <testcase classname="Directory scan Variadic - multiple path scans outputs both results and failures combined when scanning three paths" name="Directory scan Variadic - multiple path scans outputs both results and failures combined when scanning three paths" time="2.607">
    </testcase>
    <testcase classname="Directory scan Variadic - multiple path scans outputs both results and failures combined with --json flag" name="Directory scan Variadic - multiple path scans outputs both results and failures combined with --json flag" time="2.414">
    </testcase>
    <testcase classname="Directory scan Variadic - multiple path scans outputs both results and failures combined with --sarif flag" name="Directory scan Variadic - multiple path scans outputs both results and failures combined with --sarif flag" time="2.401">
    </testcase>
    <testcase classname="Directory scan Variadic - multiple path scans outputs both results and failures for first path when the last path is empty or non-existent" name="Directory scan Variadic - multiple path scans outputs both results and failures for first path when the last path is empty or non-existent" time="1.93">
    </testcase>
    <testcase classname="Directory scan Variadic - multiple path scans outputs issues and errors when one of the paths fails, with --json flag" name="Directory scan Variadic - multiple path scans outputs issues and errors when one of the paths fails, with --json flag" time="2.329">
    </testcase>
    <testcase classname="Directory scan Variadic - multiple path scans filters out errors when one of the paths fails, with --sarif flag" name="Directory scan Variadic - multiple path scans filters out errors when one of the paths fails, with --sarif flag" time="2.082">
    </testcase>
    <testcase classname="Directory scan directory with files that can not be parsed prints all invalid paths" name="Directory scan directory with files that can not be parsed prints all invalid paths" time="2.061">
    </testcase>
    <testcase classname="Directory scan directory with files that can not be parsed prints all errors and paths in --json" name="Directory scan directory with files that can not be parsed prints all errors and paths in --json" time="1.876">
    </testcase>
    <testcase classname="Directory scan Exit codes Issues found returns 1 even if some files failed to parse" name="Directory scan Exit codes Issues found returns 1 even if some files failed to parse" time="1.934">
      <failure>Error: expect(received).toBe(expected) // Object.is equality

Expected: &quot;&quot;
Received: &quot;(node:25316) Warning: Keys with collection values will be stringified due to JS Object restrictions: \&quot;{ .Values.app.svc.myapp }\&quot;. Set mapAsMap: true to use object keys.
(Use `node --trace-warnings ...` to show where the warning was created)
&quot;
    at Object.&lt;anonymous&gt; (/project/workspace/test/jest/acceptance/iac/test-directory.spec.ts:301:24)
    at processTicksAndRejections (node:internal/process/task_queues:95:5)</failure>
    </testcase>
    <testcase classname="Directory scan Exit codes Issues found returns 1 even if some files failed to parse - using --json flag" name="Directory scan Exit codes Issues found returns 1 even if some files failed to parse - using --json flag" time="2.523">
      <failure>Error: expect(received).toBe(expected) // Object.is equality

Expected: &quot;&quot;
Received: &quot;(node:25331) Warning: Keys with collection values will be stringified due to JS Object restrictions: \&quot;{ .Values.app.svc.myapp }\&quot;. Set mapAsMap: true to use object keys.
(Use `node --trace-warnings ...` to show where the warning was created)
&quot;
    at Object.&lt;anonymous&gt; (/project/workspace/test/jest/acceptance/iac/test-directory.spec.ts:311:24)
    at processTicksAndRejections (node:internal/process/task_queues:95:5)</failure>
    </testcase>
    <testcase classname="Directory scan Exit codes Issues found returns 1 even if some files failed to parse - using --sarif flag" name="Directory scan Exit codes Issues found returns 1 even if some files failed to parse - using --sarif flag" time="2.051">
      <failure>Error: expect(received).toBe(expected) // Object.is equality

Expected: &quot;&quot;
Received: &quot;(node:25346) Warning: Keys with collection values will be stringified due to JS Object restrictions: \&quot;{ .Values.app.svc.myapp }\&quot;. Set mapAsMap: true to use object keys.
(Use `node --trace-warnings ...` to show where the warning was created)
&quot;
    at Object.&lt;anonymous&gt; (/project/workspace/test/jest/acceptance/iac/test-directory.spec.ts:320:24)
    at processTicksAndRejections (node:internal/process/task_queues:95:5)</failure>
    </testcase>
    <testcase classname="Directory scan Exit codes No Issues found returns 0 even if some files failed to parse" name="Directory scan Exit codes No Issues found returns 0 even if some files failed to parse" time="1.425">
    </testcase>
    <testcase classname="Directory scan Exit codes No Issues found returns 0 even if some files failed to parse - using --json flag" name="Directory scan Exit codes No Issues found returns 0 even if some files failed to parse - using --json flag" time="1.743">
      <failure>Error: expect(received).toContain(expected) // indexOf

Expected substring: &quot;\&quot;ok\&quot;: true&quot;
Received string:    &quot;SyntaxError: Unexpected token &apos;e&apos;, \&quot;eda{
  \&quot;na\&quot;... is not valid JSON
    at JSON.parse (&lt;anonymous&gt;)
    at getVersion (/project/workspace/dist/cli/webpack:/snyk/src/lib/version.ts:7:28)
    at setupRequest (/project/workspace/dist/cli/webpack:/snyk/src/lib/request/request.ts:32:35)
    at makeRequest (/project/workspace/dist/cli/webpack:/snyk/src/lib/request/request.ts:142:42)
    at makeRequestWrapper (/project/workspace/dist/cli/webpack:/snyk/src/lib/request/index.ts:21:37)
    at isFeatureFlagSupportedForOrg (/project/workspace/dist/cli/webpack:/snyk/src/lib/feature-flags/index.ts:13:37)
    at hasFeatureFlag (/project/workspace/dist/cli/webpack:/snyk/src/lib/feature-flags/index.ts:31:37)
    at test (/project/workspace/dist/cli/webpack:/snyk/src/cli/commands/test/index.ts:69:29)
    at callModule (/project/workspace/dist/cli/webpack:/snyk/src/cli/commands/index.js:6:1)
    at runCommand (/project/workspace/dist/cli/webpack:/snyk/src/cli/main.ts:56:25)
    at main (/project/workspace/dist/cli/webpack:/snyk/src/cli/main.ts:343:11)
    at /project/workspace/dist/cli/webpack:/snyk/src/cli/index.ts:13:3
    at callHandlingUnexpectedErrors (/project/workspace/dist/cli/webpack:/snyk/src/lib/unexpected-error.ts:28:5)
&quot;
    at Object.&lt;anonymous&gt; (/project/workspace/test/jest/acceptance/iac/test-directory.spec.ts:340:24)
    at processTicksAndRejections (node:internal/process/task_queues:95:5)</failure>
    </testcase>
    <testcase classname="Directory scan Exit codes No Issues found returns 0 even if some files failed to parse - using --sarif flag" name="Directory scan Exit codes No Issues found returns 0 even if some files failed to parse - using --sarif flag" time="0.036">
      <failure>Error: expect(received).toBe(expected) // Object.is equality

Expected: &quot;&quot;
Received: &quot;node:internal/modules/package_json_reader:93
        throw error;
        ^·
SyntaxError: Error parsing /project/workspace/package.json: Unexpected token &apos;e&apos;, \&quot;eda{
  \&quot;na\&quot;... is not valid JSON
    at parse (&lt;anonymous&gt;)
    at read (node:internal/modules/package_json_reader:80:16)
    at readPackage (node:internal/modules/package_json_reader:141:10)
    at readPackageScope (node:internal/modules/package_json_reader:164:19)
    at shouldUseESMLoader (node:internal/modules/run_main:72:15)
    at Function.executeUserEntryPoint [as runMain] (node:internal/modules/run_main:129:24)
    at node:internal/main/run_main_module:28:49 {
  path: &apos;/project/workspace/package.json&apos;
}·
Node.js v20.12.1
&quot;
    at Object.&lt;anonymous&gt; (/project/workspace/test/jest/acceptance/iac/test-directory.spec.ts:348:24)
    at processTicksAndRejections (node:internal/process/task_queues:95:5)</failure>
    </testcase>
  </testsuite>
  <testsuite name="Proxy configuration behavior" errors="0" failures="9" skipped="0" timestamp="2024-06-12T20:47:55" time="121.418" tests="9">
    <testcase classname="Proxy configuration behavior *_PROXY against HTTPS host tries to connect to the HTTPS_PROXY when HTTPS_PROXY is set" name="Proxy configuration behavior *_PROXY against HTTPS host tries to connect to the HTTPS_PROXY when HTTPS_PROXY is set" time="0.039">
      <failure>Error: expect(received).toBe(expected) // Object.is equality

Expected: 0
Received: 1
    at Object.&lt;anonymous&gt; (/project/workspace/test/jest/acceptance/proxy-behavior.spec.ts:170:20)
    at processTicksAndRejections (node:internal/process/task_queues:95:5)</failure>
    </testcase>
    <testcase classname="Proxy configuration behavior *_PROXY against HTTPS host uses NO_PROXY to avoid connecting to the HTTPS_PROXY that is set" name="Proxy configuration behavior *_PROXY against HTTPS host uses NO_PROXY to avoid connecting to the HTTPS_PROXY that is set" time="0.041">
      <failure>Error: expect(received).toBe(expected) // Object.is equality

Expected: 0
Received: 1
    at Object.&lt;anonymous&gt; (/project/workspace/test/jest/acceptance/proxy-behavior.spec.ts:187:20)
    at processTicksAndRejections (node:internal/process/task_queues:95:5)</failure>
    </testcase>
    <testcase classname="Proxy configuration behavior *_PROXY against HTTPS host does not try to connect to the HTTP_PROXY when it is set" name="Proxy configuration behavior *_PROXY against HTTPS host does not try to connect to the HTTP_PROXY when it is set" time="0.038">
      <failure>Error: expect(received).toBe(expected) // Object.is equality

Expected: 0
Received: 1
    at Object.&lt;anonymous&gt; (/project/workspace/test/jest/acceptance/proxy-behavior.spec.ts:202:20)
    at processTicksAndRejections (node:internal/process/task_queues:95:5)</failure>
    </testcase>
    <testcase classname="Proxy configuration behavior *_PROXY against HTTP host tries to connect to the HTTP_PROXY when HTTP_PROXY is set" name="Proxy configuration behavior *_PROXY against HTTP host tries to connect to the HTTP_PROXY when HTTP_PROXY is set" time="0.042">
      <failure>Error: expect(received).toBe(expected) // Object.is equality

Expected: 0
Received: 1
    at Object.&lt;anonymous&gt; (/project/workspace/test/jest/acceptance/proxy-behavior.spec.ts:220:20)</failure>
    </testcase>
    <testcase classname="Proxy Authentication (all platforms) fails to run snyk test due to disabled proxy authentication" name="Proxy Authentication (all platforms) fails to run snyk test due to disabled proxy authentication" time="0.001">
      <failure>Error: thrown: &quot;Exceeded timeout of 60000 ms for a hook.
Add a timeout value to this test to increase the timeout, if this is a long-running test. See https://jestjs.io/docs/api#testname-fn-timeout.&quot;
    at /project/workspace/test/jest/acceptance/proxy-behavior.spec.ts:236:5
    at _dispatchDescribe (/project/workspace/node_modules/jest-circus/build/index.js:91:26)
    at describe (/project/workspace/node_modules/jest-circus/build/index.js:55:5)
    at Object.&lt;anonymous&gt; (/project/workspace/test/jest/acceptance/proxy-behavior.spec.ts:230:1)
    at Runtime._execModule (/project/workspace/node_modules/jest-runtime/build/index.js:1439:24)
    at Runtime._loadModule (/project/workspace/node_modules/jest-runtime/build/index.js:1022:12)
    at Runtime.requireModule (/project/workspace/node_modules/jest-runtime/build/index.js:882:12)
    at jestAdapter (/project/workspace/node_modules/jest-circus/build/legacy-code-todo-rewrite/jestAdapter.js:77:13)
    at runTestInternal (/project/workspace/node_modules/jest-runner/build/runTest.js:367:16)
    at runTest (/project/workspace/node_modules/jest-runner/build/runTest.js:444:34)</failure>
      <failure>TypeError: Cannot read properties of undefined (reading &apos;restore&apos;)
    at Object.&lt;anonymous&gt; (/project/workspace/test/jest/acceptance/proxy-behavior.spec.ts:252:14)
    at Promise.then.completed (/project/workspace/node_modules/jest-circus/build/utils.js:298:28)
    at new Promise (&lt;anonymous&gt;)
    at callAsyncCircusFn (/project/workspace/node_modules/jest-circus/build/utils.js:231:10)
    at _callCircusHook (/project/workspace/node_modules/jest-circus/build/run.js:281:40)
    at _runTest (/project/workspace/node_modules/jest-circus/build/run.js:254:5)
    at _runTestsForDescribeBlock (/project/workspace/node_modules/jest-circus/build/run.js:126:9)
    at _runTestsForDescribeBlock (/project/workspace/node_modules/jest-circus/build/run.js:121:9)
    at run (/project/workspace/node_modules/jest-circus/build/run.js:71:3)
    at runAndTransformResultsToJestFormat (/project/workspace/node_modules/jest-circus/build/legacy-code-todo-rewrite/jestAdapterInit.js:122:21)
    at jestAdapter (/project/workspace/node_modules/jest-circus/build/legacy-code-todo-rewrite/jestAdapter.js:79:19)
    at runTestInternal (/project/workspace/node_modules/jest-runner/build/runTest.js:367:16)
    at runTest (/project/workspace/node_modules/jest-runner/build/runTest.js:444:34)</failure>
    </testcase>
    <testcase classname="Proxy Authentication (all platforms) successfully runs snyk test with proxy (AnyAuth)" name="Proxy Authentication (all platforms) successfully runs snyk test with proxy (AnyAuth)" time="0">
      <failure>Error: thrown: &quot;Exceeded timeout of 60000 ms for a hook.
Add a timeout value to this test to increase the timeout, if this is a long-running test. See https://jestjs.io/docs/api#testname-fn-timeout.&quot;
    at /project/workspace/test/jest/acceptance/proxy-behavior.spec.ts:236:5
    at _dispatchDescribe (/project/workspace/node_modules/jest-circus/build/index.js:91:26)
    at describe (/project/workspace/node_modules/jest-circus/build/index.js:55:5)
    at Object.&lt;anonymous&gt; (/project/workspace/test/jest/acceptance/proxy-behavior.spec.ts:230:1)
    at Runtime._execModule (/project/workspace/node_modules/jest-runtime/build/index.js:1439:24)
    at Runtime._loadModule (/project/workspace/node_modules/jest-runtime/build/index.js:1022:12)
    at Runtime.requireModule (/project/workspace/node_modules/jest-runtime/build/index.js:882:12)
    at jestAdapter (/project/workspace/node_modules/jest-circus/build/legacy-code-todo-rewrite/jestAdapter.js:77:13)
    at runTestInternal (/project/workspace/node_modules/jest-runner/build/runTest.js:367:16)
    at runTest (/project/workspace/node_modules/jest-runner/build/runTest.js:444:34)</failure>
      <failure>TypeError: Cannot read properties of undefined (reading &apos;restore&apos;)
    at Object.&lt;anonymous&gt; (/project/workspace/test/jest/acceptance/proxy-behavior.spec.ts:252:14)
    at Promise.then.completed (/project/workspace/node_modules/jest-circus/build/utils.js:298:28)
    at new Promise (&lt;anonymous&gt;)
    at callAsyncCircusFn (/project/workspace/node_modules/jest-circus/build/utils.js:231:10)
    at _callCircusHook (/project/workspace/node_modules/jest-circus/build/run.js:281:40)
    at _runTest (/project/workspace/node_modules/jest-circus/build/run.js:254:5)
    at _runTestsForDescribeBlock (/project/workspace/node_modules/jest-circus/build/run.js:126:9)
    at _runTestsForDescribeBlock (/project/workspace/node_modules/jest-circus/build/run.js:121:9)
    at run (/project/workspace/node_modules/jest-circus/build/run.js:71:3)
    at runAndTransformResultsToJestFormat (/project/workspace/node_modules/jest-circus/build/legacy-code-todo-rewrite/jestAdapterInit.js:122:21)
    at jestAdapter (/project/workspace/node_modules/jest-circus/build/legacy-code-todo-rewrite/jestAdapter.js:79:19)
    at runTestInternal (/project/workspace/node_modules/jest-runner/build/runTest.js:367:16)
    at runTest (/project/workspace/node_modules/jest-runner/build/runTest.js:444:34)</failure>
    </testcase>
    <testcase classname="Proxy Authentication (all platforms) successfully runs snyk test with proxy (Basic)" name="Proxy Authentication (all platforms) successfully runs snyk test with proxy (Basic)" time="0">
      <failure>Error: thrown: &quot;Exceeded timeout of 60000 ms for a hook.
Add a timeout value to this test to increase the timeout, if this is a long-running test. See https://jestjs.io/docs/api#testname-fn-timeout.&quot;
    at /project/workspace/test/jest/acceptance/proxy-behavior.spec.ts:236:5
    at _dispatchDescribe (/project/workspace/node_modules/jest-circus/build/index.js:91:26)
    at describe (/project/workspace/node_modules/jest-circus/build/index.js:55:5)
    at Object.&lt;anonymous&gt; (/project/workspace/test/jest/acceptance/proxy-behavior.spec.ts:230:1)
    at Runtime._execModule (/project/workspace/node_modules/jest-runtime/build/index.js:1439:24)
    at Runtime._loadModule (/project/workspace/node_modules/jest-runtime/build/index.js:1022:12)
    at Runtime.requireModule (/project/workspace/node_modules/jest-runtime/build/index.js:882:12)
    at jestAdapter (/project/workspace/node_modules/jest-circus/build/legacy-code-todo-rewrite/jestAdapter.js:77:13)
    at runTestInternal (/project/workspace/node_modules/jest-runner/build/runTest.js:367:16)
    at runTest (/project/workspace/node_modules/jest-runner/build/runTest.js:444:34)</failure>
      <failure>TypeError: Cannot read properties of undefined (reading &apos;restore&apos;)
    at Object.&lt;anonymous&gt; (/project/workspace/test/jest/acceptance/proxy-behavior.spec.ts:252:14)
    at Promise.then.completed (/project/workspace/node_modules/jest-circus/build/utils.js:298:28)
    at new Promise (&lt;anonymous&gt;)
    at callAsyncCircusFn (/project/workspace/node_modules/jest-circus/build/utils.js:231:10)
    at _callCircusHook (/project/workspace/node_modules/jest-circus/build/run.js:281:40)
    at _runTest (/project/workspace/node_modules/jest-circus/build/run.js:254:5)
    at _runTestsForDescribeBlock (/project/workspace/node_modules/jest-circus/build/run.js:126:9)
    at _runTestsForDescribeBlock (/project/workspace/node_modules/jest-circus/build/run.js:121:9)
    at run (/project/workspace/node_modules/jest-circus/build/run.js:71:3)
    at runAndTransformResultsToJestFormat (/project/workspace/node_modules/jest-circus/build/legacy-code-todo-rewrite/jestAdapterInit.js:122:21)
    at jestAdapter (/project/workspace/node_modules/jest-circus/build/legacy-code-todo-rewrite/jestAdapter.js:79:19)
    at runTestInternal (/project/workspace/node_modules/jest-runner/build/runTest.js:367:16)
    at runTest (/project/workspace/node_modules/jest-runner/build/runTest.js:444:34)</failure>
    </testcase>
    <testcase classname="Proxy Authentication (Non-Windows) fail to run snyk test with proxy due to incorrect cache configuration" name="Proxy Authentication (Non-Windows) fail to run snyk test with proxy due to incorrect cache configuration" time="0">
      <failure>Error: thrown: &quot;Exceeded timeout of 60000 ms for a hook.
Add a timeout value to this test to increase the timeout, if this is a long-running test. See https://jestjs.io/docs/api#testname-fn-timeout.&quot;
    at /project/workspace/test/jest/acceptance/proxy-behavior.spec.ts:325:5
    at _dispatchDescribe (/project/workspace/node_modules/jest-circus/build/index.js:91:26)
    at describe (/project/workspace/node_modules/jest-circus/build/index.js:55:5)
    at Object.&lt;anonymous&gt; (/project/workspace/test/jest/acceptance/proxy-behavior.spec.ts:319:1)
    at Runtime._execModule (/project/workspace/node_modules/jest-runtime/build/index.js:1439:24)
    at Runtime._loadModule (/project/workspace/node_modules/jest-runtime/build/index.js:1022:12)
    at Runtime.requireModule (/project/workspace/node_modules/jest-runtime/build/index.js:882:12)
    at jestAdapter (/project/workspace/node_modules/jest-circus/build/legacy-code-todo-rewrite/jestAdapter.js:77:13)
    at runTestInternal (/project/workspace/node_modules/jest-runner/build/runTest.js:367:16)
    at runTest (/project/workspace/node_modules/jest-runner/build/runTest.js:444:34)</failure>
      <failure>TypeError: Cannot read properties of undefined (reading &apos;restore&apos;)
    at Object.&lt;anonymous&gt; (/project/workspace/test/jest/acceptance/proxy-behavior.spec.ts:341:14)
    at Promise.then.completed (/project/workspace/node_modules/jest-circus/build/utils.js:298:28)
    at new Promise (&lt;anonymous&gt;)
    at callAsyncCircusFn (/project/workspace/node_modules/jest-circus/build/utils.js:231:10)
    at _callCircusHook (/project/workspace/node_modules/jest-circus/build/run.js:281:40)
    at _runTest (/project/workspace/node_modules/jest-circus/build/run.js:254:5)
    at _runTestsForDescribeBlock (/project/workspace/node_modules/jest-circus/build/run.js:126:9)
    at _runTestsForDescribeBlock (/project/workspace/node_modules/jest-circus/build/run.js:121:9)
    at run (/project/workspace/node_modules/jest-circus/build/run.js:71:3)
    at runAndTransformResultsToJestFormat (/project/workspace/node_modules/jest-circus/build/legacy-code-todo-rewrite/jestAdapterInit.js:122:21)
    at jestAdapter (/project/workspace/node_modules/jest-circus/build/legacy-code-todo-rewrite/jestAdapter.js:79:19)
    at runTestInternal (/project/workspace/node_modules/jest-runner/build/runTest.js:367:16)
    at runTest (/project/workspace/node_modules/jest-runner/build/runTest.js:444:34)</failure>
    </testcase>
    <testcase classname="Proxy Authentication (Non-Windows) fail to run snyk test with proxy due to incorrect config file" name="Proxy Authentication (Non-Windows) fail to run snyk test with proxy due to incorrect config file" time="0">
      <failure>Error: thrown: &quot;Exceeded timeout of 60000 ms for a hook.
Add a timeout value to this test to increase the timeout, if this is a long-running test. See https://jestjs.io/docs/api#testname-fn-timeout.&quot;
    at /project/workspace/test/jest/acceptance/proxy-behavior.spec.ts:325:5
    at _dispatchDescribe (/project/workspace/node_modules/jest-circus/build/index.js:91:26)
    at describe (/project/workspace/node_modules/jest-circus/build/index.js:55:5)
    at Object.&lt;anonymous&gt; (/project/workspace/test/jest/acceptance/proxy-behavior.spec.ts:319:1)
    at Runtime._execModule (/project/workspace/node_modules/jest-runtime/build/index.js:1439:24)
    at Runtime._loadModule (/project/workspace/node_modules/jest-runtime/build/index.js:1022:12)
    at Runtime.requireModule (/project/workspace/node_modules/jest-runtime/build/index.js:882:12)
    at jestAdapter (/project/workspace/node_modules/jest-circus/build/legacy-code-todo-rewrite/jestAdapter.js:77:13)
    at runTestInternal (/project/workspace/node_modules/jest-runner/build/runTest.js:367:16)
    at runTest (/project/workspace/node_modules/jest-runner/build/runTest.js:444:34)</failure>
      <failure>TypeError: Cannot read properties of undefined (reading &apos;restore&apos;)
    at Object.&lt;anonymous&gt; (/project/workspace/test/jest/acceptance/proxy-behavior.spec.ts:341:14)
    at Promise.then.completed (/project/workspace/node_modules/jest-circus/build/utils.js:298:28)
    at new Promise (&lt;anonymous&gt;)
    at callAsyncCircusFn (/project/workspace/node_modules/jest-circus/build/utils.js:231:10)
    at _callCircusHook (/project/workspace/node_modules/jest-circus/build/run.js:281:40)
    at _runTest (/project/workspace/node_modules/jest-circus/build/run.js:254:5)
    at _runTestsForDescribeBlock (/project/workspace/node_modules/jest-circus/build/run.js:126:9)
    at _runTestsForDescribeBlock (/project/workspace/node_modules/jest-circus/build/run.js:121:9)
    at run (/project/workspace/node_modules/jest-circus/build/run.js:71:3)
    at runAndTransformResultsToJestFormat (/project/workspace/node_modules/jest-circus/build/legacy-code-todo-rewrite/jestAdapterInit.js:122:21)
    at jestAdapter (/project/workspace/node_modules/jest-circus/build/legacy-code-todo-rewrite/jestAdapter.js:79:19)
    at runTestInternal (/project/workspace/node_modules/jest-runner/build/runTest.js:367:16)
    at runTest (/project/workspace/node_modules/jest-runner/build/runTest.js:444:34)</failure>
    </testcase>
    <testcase classname=" Test execution failure: could be caused by test hooks like &apos;afterAll&apos;." name=" Test execution failure: could be caused by test hooks like &apos;afterAll&apos;." time="0">
      <failure>{&quot;message&quot;:&quot;&quot;,&quot;stack&quot;:&quot;TypeError: Cannot read properties of undefined (reading &apos;closePromise&apos;)\n    at Object.&lt;anonymous&gt; (/project/workspace/test/jest/acceptance/proxy-behavior.spec.ts:256:20)\n    at Promise.then.completed (/project/workspace/node_modules/jest-circus/build/utils.js:298:28)\n    at new Promise (&lt;anonymous&gt;)\n    at callAsyncCircusFn (/project/workspace/node_modules/jest-circus/build/utils.js:231:10)\n    at _callCircusHook (/project/workspace/node_modules/jest-circus/build/run.js:281:40)\n    at _runTestsForDescribeBlock (/project/workspace/node_modules/jest-circus/build/run.js:154:7)\n    at _runTestsForDescribeBlock (/project/workspace/node_modules/jest-circus/build/run.js:121:9)\n    at run (/project/workspace/node_modules/jest-circus/build/run.js:71:3)\n    at runAndTransformResultsToJestFormat (/project/workspace/node_modules/jest-circus/build/legacy-code-todo-rewrite/jestAdapterInit.js:122:21)\n    at jestAdapter (/project/workspace/node_modules/jest-circus/build/legacy-code-todo-rewrite/jestAdapter.js:79:19)\n    at runTestInternal (/project/workspace/node_modules/jest-runner/build/runTest.js:367:16)\n    at runTest (/project/workspace/node_modules/jest-runner/build/runTest.js:444:34)\nTypeError: Cannot read properties of undefined (reading &apos;closePromise&apos;)\n    at Object.&lt;anonymous&gt; (/project/workspace/test/jest/acceptance/proxy-behavior.spec.ts:345:20)\n    at Promise.then.completed (/project/workspace/node_modules/jest-circus/build/utils.js:298:28)\n    at new Promise (&lt;anonymous&gt;)\n    at callAsyncCircusFn (/project/workspace/node_modules/jest-circus/build/utils.js:231:10)\n    at _callCircusHook (/project/workspace/node_modules/jest-circus/build/run.js:281:40)\n    at _runTestsForDescribeBlock (/project/workspace/node_modules/jest-circus/build/run.js:154:7)\n    at _runTestsForDescribeBlock (/project/workspace/node_modules/jest-circus/build/run.js:121:9)\n    at run (/project/workspace/node_modules/jest-circus/build/run.js:71:3)\n    at runAndTransformResultsToJestFormat (/project/workspace/node_modules/jest-circus/build/legacy-code-todo-rewrite/jestAdapterInit.js:122:21)\n    at jestAdapter (/project/workspace/node_modules/jest-circus/build/legacy-code-todo-rewrite/jestAdapter.js:79:19)\n    at runTestInternal (/project/workspace/node_modules/jest-runner/build/runTest.js:367:16)\n    at runTest (/project/workspace/node_modules/jest-runner/build/runTest.js:444:34)&quot;}</failure>
    </testcase>
  </testsuite>
  <testsuite name="snyk ignore" errors="0" failures="12" skipped="0" timestamp="2024-06-12T20:49:57" time="0.616" tests="12">
    <testcase classname="snyk ignore creates a policy file with exclude, using default group" name="snyk ignore creates a policy file with exclude, using default group" time="0">
      <failure>Error: No Snyk Token found in test environment.
    at requireSnykToken (/project/workspace/test/jest/util/requireSnykToken.ts:8:11)
    at Object.&lt;anonymous&gt; (/project/workspace/test/jest/acceptance/snyk-ignore/snyk-ignore.spec.ts:21:35)
    at Promise.then.completed (/project/workspace/node_modules/jest-circus/build/utils.js:290:26)
    at new Promise (&lt;anonymous&gt;)
    at callAsyncCircusFn (/project/workspace/node_modules/jest-circus/build/utils.js:231:10)
    at _callCircusHook (/project/workspace/node_modules/jest-circus/build/run.js:281:40)
    at _runTestsForDescribeBlock (/project/workspace/node_modules/jest-circus/build/run.js:95:7)
    at _runTestsForDescribeBlock (/project/workspace/node_modules/jest-circus/build/run.js:121:9)
    at run (/project/workspace/node_modules/jest-circus/build/run.js:71:3)
    at runAndTransformResultsToJestFormat (/project/workspace/node_modules/jest-circus/build/legacy-code-todo-rewrite/jestAdapterInit.js:122:21)
    at jestAdapter (/project/workspace/node_modules/jest-circus/build/legacy-code-todo-rewrite/jestAdapter.js:79:19)
    at runTestInternal (/project/workspace/node_modules/jest-runner/build/runTest.js:367:16)
    at runTest (/project/workspace/node_modules/jest-runner/build/runTest.js:444:34)</failure>
      <failure>TypeError: Cannot read properties of undefined (reading &apos;restore&apos;)
    at Object.&lt;anonymous&gt; (/project/workspace/test/jest/acceptance/snyk-ignore/snyk-ignore.spec.ts:30:12)
    at Promise.then.completed (/project/workspace/node_modules/jest-circus/build/utils.js:298:28)
    at new Promise (&lt;anonymous&gt;)
    at callAsyncCircusFn (/project/workspace/node_modules/jest-circus/build/utils.js:231:10)
    at _callCircusHook (/project/workspace/node_modules/jest-circus/build/run.js:281:40)
    at _runTest (/project/workspace/node_modules/jest-circus/build/run.js:254:5)
    at _runTestsForDescribeBlock (/project/workspace/node_modules/jest-circus/build/run.js:126:9)
    at _runTestsForDescribeBlock (/project/workspace/node_modules/jest-circus/build/run.js:121:9)
    at run (/project/workspace/node_modules/jest-circus/build/run.js:71:3)
    at runAndTransformResultsToJestFormat (/project/workspace/node_modules/jest-circus/build/legacy-code-todo-rewrite/jestAdapterInit.js:122:21)
    at jestAdapter (/project/workspace/node_modules/jest-circus/build/legacy-code-todo-rewrite/jestAdapter.js:79:19)
    at runTestInternal (/project/workspace/node_modules/jest-runner/build/runTest.js:367:16)
    at runTest (/project/workspace/node_modules/jest-runner/build/runTest.js:444:34)</failure>
    </testcase>
    <testcase classname="snyk ignore add multiple uniq patterns to the same group" name="snyk ignore add multiple uniq patterns to the same group" time="0.001">
      <failure>Error: No Snyk Token found in test environment.
    at requireSnykToken (/project/workspace/test/jest/util/requireSnykToken.ts:8:11)
    at Object.&lt;anonymous&gt; (/project/workspace/test/jest/acceptance/snyk-ignore/snyk-ignore.spec.ts:21:35)
    at Promise.then.completed (/project/workspace/node_modules/jest-circus/build/utils.js:290:26)
    at new Promise (&lt;anonymous&gt;)
    at callAsyncCircusFn (/project/workspace/node_modules/jest-circus/build/utils.js:231:10)
    at _callCircusHook (/project/workspace/node_modules/jest-circus/build/run.js:281:40)
    at _runTestsForDescribeBlock (/project/workspace/node_modules/jest-circus/build/run.js:95:7)
    at _runTestsForDescribeBlock (/project/workspace/node_modules/jest-circus/build/run.js:121:9)
    at run (/project/workspace/node_modules/jest-circus/build/run.js:71:3)
    at runAndTransformResultsToJestFormat (/project/workspace/node_modules/jest-circus/build/legacy-code-todo-rewrite/jestAdapterInit.js:122:21)
    at jestAdapter (/project/workspace/node_modules/jest-circus/build/legacy-code-todo-rewrite/jestAdapter.js:79:19)
    at runTestInternal (/project/workspace/node_modules/jest-runner/build/runTest.js:367:16)
    at runTest (/project/workspace/node_modules/jest-runner/build/runTest.js:444:34)</failure>
      <failure>TypeError: Cannot read properties of undefined (reading &apos;restore&apos;)
    at Object.&lt;anonymous&gt; (/project/workspace/test/jest/acceptance/snyk-ignore/snyk-ignore.spec.ts:30:12)
    at Promise.then.completed (/project/workspace/node_modules/jest-circus/build/utils.js:298:28)
    at new Promise (&lt;anonymous&gt;)
    at callAsyncCircusFn (/project/workspace/node_modules/jest-circus/build/utils.js:231:10)
    at _callCircusHook (/project/workspace/node_modules/jest-circus/build/run.js:281:40)
    at _runTest (/project/workspace/node_modules/jest-circus/build/run.js:254:5)
    at _runTestsForDescribeBlock (/project/workspace/node_modules/jest-circus/build/run.js:126:9)
    at _runTestsForDescribeBlock (/project/workspace/node_modules/jest-circus/build/run.js:121:9)
    at run (/project/workspace/node_modules/jest-circus/build/run.js:71:3)
    at runAndTransformResultsToJestFormat (/project/workspace/node_modules/jest-circus/build/legacy-code-todo-rewrite/jestAdapterInit.js:122:21)
    at jestAdapter (/project/workspace/node_modules/jest-circus/build/legacy-code-todo-rewrite/jestAdapter.js:79:19)
    at runTestInternal (/project/workspace/node_modules/jest-runner/build/runTest.js:367:16)
    at runTest (/project/workspace/node_modules/jest-runner/build/runTest.js:444:34)</failure>
    </testcase>
    <testcase classname="snyk ignore create a policy file with exclude, using custom group" name="snyk ignore create a policy file with exclude, using custom group" time="0">
      <failure>Error: No Snyk Token found in test environment.
    at requireSnykToken (/project/workspace/test/jest/util/requireSnykToken.ts:8:11)
    at Object.&lt;anonymous&gt; (/project/workspace/test/jest/acceptance/snyk-ignore/snyk-ignore.spec.ts:21:35)
    at Promise.then.completed (/project/workspace/node_modules/jest-circus/build/utils.js:290:26)
    at new Promise (&lt;anonymous&gt;)
    at callAsyncCircusFn (/project/workspace/node_modules/jest-circus/build/utils.js:231:10)
    at _callCircusHook (/project/workspace/node_modules/jest-circus/build/run.js:281:40)
    at _runTestsForDescribeBlock (/project/workspace/node_modules/jest-circus/build/run.js:95:7)
    at _runTestsForDescribeBlock (/project/workspace/node_modules/jest-circus/build/run.js:121:9)
    at run (/project/workspace/node_modules/jest-circus/build/run.js:71:3)
    at runAndTransformResultsToJestFormat (/project/workspace/node_modules/jest-circus/build/legacy-code-todo-rewrite/jestAdapterInit.js:122:21)
    at jestAdapter (/project/workspace/node_modules/jest-circus/build/legacy-code-todo-rewrite/jestAdapter.js:79:19)
    at runTestInternal (/project/workspace/node_modules/jest-runner/build/runTest.js:367:16)
    at runTest (/project/workspace/node_modules/jest-runner/build/runTest.js:444:34)</failure>
      <failure>TypeError: Cannot read properties of undefined (reading &apos;restore&apos;)
    at Object.&lt;anonymous&gt; (/project/workspace/test/jest/acceptance/snyk-ignore/snyk-ignore.spec.ts:30:12)
    at Promise.then.completed (/project/workspace/node_modules/jest-circus/build/utils.js:298:28)
    at new Promise (&lt;anonymous&gt;)
    at callAsyncCircusFn (/project/workspace/node_modules/jest-circus/build/utils.js:231:10)
    at _callCircusHook (/project/workspace/node_modules/jest-circus/build/run.js:281:40)
    at _runTest (/project/workspace/node_modules/jest-circus/build/run.js:254:5)
    at _runTestsForDescribeBlock (/project/workspace/node_modules/jest-circus/build/run.js:126:9)
    at _runTestsForDescribeBlock (/project/workspace/node_modules/jest-circus/build/run.js:121:9)
    at run (/project/workspace/node_modules/jest-circus/build/run.js:71:3)
    at runAndTransformResultsToJestFormat (/project/workspace/node_modules/jest-circus/build/legacy-code-todo-rewrite/jestAdapterInit.js:122:21)
    at jestAdapter (/project/workspace/node_modules/jest-circus/build/legacy-code-todo-rewrite/jestAdapter.js:79:19)
    at runTestInternal (/project/workspace/node_modules/jest-runner/build/runTest.js:367:16)
    at runTest (/project/workspace/node_modules/jest-runner/build/runTest.js:444:34)</failure>
    </testcase>
    <testcase classname="snyk ignore update a policy file with exclude, using different groups" name="snyk ignore update a policy file with exclude, using different groups" time="0">
      <failure>Error: No Snyk Token found in test environment.
    at requireSnykToken (/project/workspace/test/jest/util/requireSnykToken.ts:8:11)
    at Object.&lt;anonymous&gt; (/project/workspace/test/jest/acceptance/snyk-ignore/snyk-ignore.spec.ts:21:35)
    at Promise.then.completed (/project/workspace/node_modules/jest-circus/build/utils.js:290:26)
    at new Promise (&lt;anonymous&gt;)
    at callAsyncCircusFn (/project/workspace/node_modules/jest-circus/build/utils.js:231:10)
    at _callCircusHook (/project/workspace/node_modules/jest-circus/build/run.js:281:40)
    at _runTestsForDescribeBlock (/project/workspace/node_modules/jest-circus/build/run.js:95:7)
    at _runTestsForDescribeBlock (/project/workspace/node_modules/jest-circus/build/run.js:121:9)
    at run (/project/workspace/node_modules/jest-circus/build/run.js:71:3)
    at runAndTransformResultsToJestFormat (/project/workspace/node_modules/jest-circus/build/legacy-code-todo-rewrite/jestAdapterInit.js:122:21)
    at jestAdapter (/project/workspace/node_modules/jest-circus/build/legacy-code-todo-rewrite/jestAdapter.js:79:19)
    at runTestInternal (/project/workspace/node_modules/jest-runner/build/runTest.js:367:16)
    at runTest (/project/workspace/node_modules/jest-runner/build/runTest.js:444:34)</failure>
      <failure>TypeError: Cannot read properties of undefined (reading &apos;restore&apos;)
    at Object.&lt;anonymous&gt; (/project/workspace/test/jest/acceptance/snyk-ignore/snyk-ignore.spec.ts:30:12)
    at Promise.then.completed (/project/workspace/node_modules/jest-circus/build/utils.js:298:28)
    at new Promise (&lt;anonymous&gt;)
    at callAsyncCircusFn (/project/workspace/node_modules/jest-circus/build/utils.js:231:10)
    at _callCircusHook (/project/workspace/node_modules/jest-circus/build/run.js:281:40)
    at _runTest (/project/workspace/node_modules/jest-circus/build/run.js:254:5)
    at _runTestsForDescribeBlock (/project/workspace/node_modules/jest-circus/build/run.js:126:9)
    at _runTestsForDescribeBlock (/project/workspace/node_modules/jest-circus/build/run.js:121:9)
    at run (/project/workspace/node_modules/jest-circus/build/run.js:71:3)
    at runAndTransformResultsToJestFormat (/project/workspace/node_modules/jest-circus/build/legacy-code-todo-rewrite/jestAdapterInit.js:122:21)
    at jestAdapter (/project/workspace/node_modules/jest-circus/build/legacy-code-todo-rewrite/jestAdapter.js:79:19)
    at runTestInternal (/project/workspace/node_modules/jest-runner/build/runTest.js:367:16)
    at runTest (/project/workspace/node_modules/jest-runner/build/runTest.js:444:34)</failure>
    </testcase>
    <testcase classname="snyk ignore write a policy file for exclude by providing group, expiry and reason" name="snyk ignore write a policy file for exclude by providing group, expiry and reason" time="0">
      <failure>Error: No Snyk Token found in test environment.
    at requireSnykToken (/project/workspace/test/jest/util/requireSnykToken.ts:8:11)
    at Object.&lt;anonymous&gt; (/project/workspace/test/jest/acceptance/snyk-ignore/snyk-ignore.spec.ts:21:35)
    at Promise.then.completed (/project/workspace/node_modules/jest-circus/build/utils.js:290:26)
    at new Promise (&lt;anonymous&gt;)
    at callAsyncCircusFn (/project/workspace/node_modules/jest-circus/build/utils.js:231:10)
    at _callCircusHook (/project/workspace/node_modules/jest-circus/build/run.js:281:40)
    at _runTestsForDescribeBlock (/project/workspace/node_modules/jest-circus/build/run.js:95:7)
    at _runTestsForDescribeBlock (/project/workspace/node_modules/jest-circus/build/run.js:121:9)
    at run (/project/workspace/node_modules/jest-circus/build/run.js:71:3)
    at runAndTransformResultsToJestFormat (/project/workspace/node_modules/jest-circus/build/legacy-code-todo-rewrite/jestAdapterInit.js:122:21)
    at jestAdapter (/project/workspace/node_modules/jest-circus/build/legacy-code-todo-rewrite/jestAdapter.js:79:19)
    at runTestInternal (/project/workspace/node_modules/jest-runner/build/runTest.js:367:16)
    at runTest (/project/workspace/node_modules/jest-runner/build/runTest.js:444:34)</failure>
      <failure>TypeError: Cannot read properties of undefined (reading &apos;restore&apos;)
    at Object.&lt;anonymous&gt; (/project/workspace/test/jest/acceptance/snyk-ignore/snyk-ignore.spec.ts:30:12)
    at Promise.then.completed (/project/workspace/node_modules/jest-circus/build/utils.js:298:28)
    at new Promise (&lt;anonymous&gt;)
    at callAsyncCircusFn (/project/workspace/node_modules/jest-circus/build/utils.js:231:10)
    at _callCircusHook (/project/workspace/node_modules/jest-circus/build/run.js:281:40)
    at _runTest (/project/workspace/node_modules/jest-circus/build/run.js:254:5)
    at _runTestsForDescribeBlock (/project/workspace/node_modules/jest-circus/build/run.js:126:9)
    at _runTestsForDescribeBlock (/project/workspace/node_modules/jest-circus/build/run.js:121:9)
    at run (/project/workspace/node_modules/jest-circus/build/run.js:71:3)
    at runAndTransformResultsToJestFormat (/project/workspace/node_modules/jest-circus/build/legacy-code-todo-rewrite/jestAdapterInit.js:122:21)
    at jestAdapter (/project/workspace/node_modules/jest-circus/build/legacy-code-todo-rewrite/jestAdapter.js:79:19)
    at runTestInternal (/project/workspace/node_modules/jest-runner/build/runTest.js:367:16)
    at runTest (/project/workspace/node_modules/jest-runner/build/runTest.js:444:34)</failure>
    </testcase>
    <testcase classname="snyk ignore updates a policy file for exclude by providing group, expiry and reason" name="snyk ignore updates a policy file for exclude by providing group, expiry and reason" time="0">
      <failure>Error: No Snyk Token found in test environment.
    at requireSnykToken (/project/workspace/test/jest/util/requireSnykToken.ts:8:11)
    at Object.&lt;anonymous&gt; (/project/workspace/test/jest/acceptance/snyk-ignore/snyk-ignore.spec.ts:21:35)
    at Promise.then.completed (/project/workspace/node_modules/jest-circus/build/utils.js:290:26)
    at new Promise (&lt;anonymous&gt;)
    at callAsyncCircusFn (/project/workspace/node_modules/jest-circus/build/utils.js:231:10)
    at _callCircusHook (/project/workspace/node_modules/jest-circus/build/run.js:281:40)
    at _runTestsForDescribeBlock (/project/workspace/node_modules/jest-circus/build/run.js:95:7)
    at _runTestsForDescribeBlock (/project/workspace/node_modules/jest-circus/build/run.js:121:9)
    at run (/project/workspace/node_modules/jest-circus/build/run.js:71:3)
    at runAndTransformResultsToJestFormat (/project/workspace/node_modules/jest-circus/build/legacy-code-todo-rewrite/jestAdapterInit.js:122:21)
    at jestAdapter (/project/workspace/node_modules/jest-circus/build/legacy-code-todo-rewrite/jestAdapter.js:79:19)
    at runTestInternal (/project/workspace/node_modules/jest-runner/build/runTest.js:367:16)
    at runTest (/project/workspace/node_modules/jest-runner/build/runTest.js:444:34)</failure>
      <failure>TypeError: Cannot read properties of undefined (reading &apos;restore&apos;)
    at Object.&lt;anonymous&gt; (/project/workspace/test/jest/acceptance/snyk-ignore/snyk-ignore.spec.ts:30:12)
    at Promise.then.completed (/project/workspace/node_modules/jest-circus/build/utils.js:298:28)
    at new Promise (&lt;anonymous&gt;)
    at callAsyncCircusFn (/project/workspace/node_modules/jest-circus/build/utils.js:231:10)
    at _callCircusHook (/project/workspace/node_modules/jest-circus/build/run.js:281:40)
    at _runTest (/project/workspace/node_modules/jest-circus/build/run.js:254:5)
    at _runTestsForDescribeBlock (/project/workspace/node_modules/jest-circus/build/run.js:126:9)
    at _runTestsForDescribeBlock (/project/workspace/node_modules/jest-circus/build/run.js:121:9)
    at run (/project/workspace/node_modules/jest-circus/build/run.js:71:3)
    at runAndTransformResultsToJestFormat (/project/workspace/node_modules/jest-circus/build/legacy-code-todo-rewrite/jestAdapterInit.js:122:21)
    at jestAdapter (/project/workspace/node_modules/jest-circus/build/legacy-code-todo-rewrite/jestAdapter.js:79:19)
    at runTestInternal (/project/workspace/node_modules/jest-runner/build/runTest.js:367:16)
    at runTest (/project/workspace/node_modules/jest-runner/build/runTest.js:444:34)</failure>
    </testcase>
    <testcase classname="snyk ignore creates a policy file using minimal options" name="snyk ignore creates a policy file using minimal options" time="0">
      <failure>Error: No Snyk Token found in test environment.
    at requireSnykToken (/project/workspace/test/jest/util/requireSnykToken.ts:8:11)
    at Object.&lt;anonymous&gt; (/project/workspace/test/jest/acceptance/snyk-ignore/snyk-ignore.spec.ts:21:35)
    at Promise.then.completed (/project/workspace/node_modules/jest-circus/build/utils.js:290:26)
    at new Promise (&lt;anonymous&gt;)
    at callAsyncCircusFn (/project/workspace/node_modules/jest-circus/build/utils.js:231:10)
    at _callCircusHook (/project/workspace/node_modules/jest-circus/build/run.js:281:40)
    at _runTestsForDescribeBlock (/project/workspace/node_modules/jest-circus/build/run.js:95:7)
    at _runTestsForDescribeBlock (/project/workspace/node_modules/jest-circus/build/run.js:121:9)
    at run (/project/workspace/node_modules/jest-circus/build/run.js:71:3)
    at runAndTransformResultsToJestFormat (/project/workspace/node_modules/jest-circus/build/legacy-code-todo-rewrite/jestAdapterInit.js:122:21)
    at jestAdapter (/project/workspace/node_modules/jest-circus/build/legacy-code-todo-rewrite/jestAdapter.js:79:19)
    at runTestInternal (/project/workspace/node_modules/jest-runner/build/runTest.js:367:16)
    at runTest (/project/workspace/node_modules/jest-runner/build/runTest.js:444:34)</failure>
      <failure>TypeError: Cannot read properties of undefined (reading &apos;restore&apos;)
    at Object.&lt;anonymous&gt; (/project/workspace/test/jest/acceptance/snyk-ignore/snyk-ignore.spec.ts:30:12)
    at Promise.then.completed (/project/workspace/node_modules/jest-circus/build/utils.js:298:28)
    at new Promise (&lt;anonymous&gt;)
    at callAsyncCircusFn (/project/workspace/node_modules/jest-circus/build/utils.js:231:10)
    at _callCircusHook (/project/workspace/node_modules/jest-circus/build/run.js:281:40)
    at _runTest (/project/workspace/node_modules/jest-circus/build/run.js:254:5)
    at _runTestsForDescribeBlock (/project/workspace/node_modules/jest-circus/build/run.js:126:9)
    at _runTestsForDescribeBlock (/project/workspace/node_modules/jest-circus/build/run.js:121:9)
    at run (/project/workspace/node_modules/jest-circus/build/run.js:71:3)
    at runAndTransformResultsToJestFormat (/project/workspace/node_modules/jest-circus/build/legacy-code-todo-rewrite/jestAdapterInit.js:122:21)
    at jestAdapter (/project/workspace/node_modules/jest-circus/build/legacy-code-todo-rewrite/jestAdapter.js:79:19)
    at runTestInternal (/project/workspace/node_modules/jest-runner/build/runTest.js:367:16)
    at runTest (/project/workspace/node_modules/jest-runner/build/runTest.js:444:34)</failure>
    </testcase>
    <testcase classname="snyk ignore creates a policy file using provided options" name="snyk ignore creates a policy file using provided options" time="0">
      <failure>Error: No Snyk Token found in test environment.
    at requireSnykToken (/project/workspace/test/jest/util/requireSnykToken.ts:8:11)
    at Object.&lt;anonymous&gt; (/project/workspace/test/jest/acceptance/snyk-ignore/snyk-ignore.spec.ts:21:35)
    at Promise.then.completed (/project/workspace/node_modules/jest-circus/build/utils.js:290:26)
    at new Promise (&lt;anonymous&gt;)
    at callAsyncCircusFn (/project/workspace/node_modules/jest-circus/build/utils.js:231:10)
    at _callCircusHook (/project/workspace/node_modules/jest-circus/build/run.js:281:40)
    at _runTestsForDescribeBlock (/project/workspace/node_modules/jest-circus/build/run.js:95:7)
    at _runTestsForDescribeBlock (/project/workspace/node_modules/jest-circus/build/run.js:121:9)
    at run (/project/workspace/node_modules/jest-circus/build/run.js:71:3)
    at runAndTransformResultsToJestFormat (/project/workspace/node_modules/jest-circus/build/legacy-code-todo-rewrite/jestAdapterInit.js:122:21)
    at jestAdapter (/project/workspace/node_modules/jest-circus/build/legacy-code-todo-rewrite/jestAdapter.js:79:19)
    at runTestInternal (/project/workspace/node_modules/jest-runner/build/runTest.js:367:16)
    at runTest (/project/workspace/node_modules/jest-runner/build/runTest.js:444:34)</failure>
      <failure>TypeError: Cannot read properties of undefined (reading &apos;restore&apos;)
    at Object.&lt;anonymous&gt; (/project/workspace/test/jest/acceptance/snyk-ignore/snyk-ignore.spec.ts:30:12)
    at Promise.then.completed (/project/workspace/node_modules/jest-circus/build/utils.js:298:28)
    at new Promise (&lt;anonymous&gt;)
    at callAsyncCircusFn (/project/workspace/node_modules/jest-circus/build/utils.js:231:10)
    at _callCircusHook (/project/workspace/node_modules/jest-circus/build/run.js:281:40)
    at _runTest (/project/workspace/node_modules/jest-circus/build/run.js:254:5)
    at _runTestsForDescribeBlock (/project/workspace/node_modules/jest-circus/build/run.js:126:9)
    at _runTestsForDescribeBlock (/project/workspace/node_modules/jest-circus/build/run.js:121:9)
    at run (/project/workspace/node_modules/jest-circus/build/run.js:71:3)
    at runAndTransformResultsToJestFormat (/project/workspace/node_modules/jest-circus/build/legacy-code-todo-rewrite/jestAdapterInit.js:122:21)
    at jestAdapter (/project/workspace/node_modules/jest-circus/build/legacy-code-todo-rewrite/jestAdapter.js:79:19)
    at runTestInternal (/project/workspace/node_modules/jest-runner/build/runTest.js:367:16)
    at runTest (/project/workspace/node_modules/jest-runner/build/runTest.js:444:34)</failure>
    </testcase>
    <testcase classname="snyk ignore correctly creates ignore rules for multiple paths" name="snyk ignore correctly creates ignore rules for multiple paths" time="0">
      <failure>Error: No Snyk Token found in test environment.
    at requireSnykToken (/project/workspace/test/jest/util/requireSnykToken.ts:8:11)
    at Object.&lt;anonymous&gt; (/project/workspace/test/jest/acceptance/snyk-ignore/snyk-ignore.spec.ts:21:35)
    at Promise.then.completed (/project/workspace/node_modules/jest-circus/build/utils.js:290:26)
    at new Promise (&lt;anonymous&gt;)
    at callAsyncCircusFn (/project/workspace/node_modules/jest-circus/build/utils.js:231:10)
    at _callCircusHook (/project/workspace/node_modules/jest-circus/build/run.js:281:40)
    at _runTestsForDescribeBlock (/project/workspace/node_modules/jest-circus/build/run.js:95:7)
    at _runTestsForDescribeBlock (/project/workspace/node_modules/jest-circus/build/run.js:121:9)
    at run (/project/workspace/node_modules/jest-circus/build/run.js:71:3)
    at runAndTransformResultsToJestFormat (/project/workspace/node_modules/jest-circus/build/legacy-code-todo-rewrite/jestAdapterInit.js:122:21)
    at jestAdapter (/project/workspace/node_modules/jest-circus/build/legacy-code-todo-rewrite/jestAdapter.js:79:19)
    at runTestInternal (/project/workspace/node_modules/jest-runner/build/runTest.js:367:16)
    at runTest (/project/workspace/node_modules/jest-runner/build/runTest.js:444:34)</failure>
      <failure>TypeError: Cannot read properties of undefined (reading &apos;restore&apos;)
    at Object.&lt;anonymous&gt; (/project/workspace/test/jest/acceptance/snyk-ignore/snyk-ignore.spec.ts:30:12)
    at Promise.then.completed (/project/workspace/node_modules/jest-circus/build/utils.js:298:28)
    at new Promise (&lt;anonymous&gt;)
    at callAsyncCircusFn (/project/workspace/node_modules/jest-circus/build/utils.js:231:10)
    at _callCircusHook (/project/workspace/node_modules/jest-circus/build/run.js:281:40)
    at _runTest (/project/workspace/node_modules/jest-circus/build/run.js:254:5)
    at _runTestsForDescribeBlock (/project/workspace/node_modules/jest-circus/build/run.js:126:9)
    at _runTestsForDescribeBlock (/project/workspace/node_modules/jest-circus/build/run.js:121:9)
    at run (/project/workspace/node_modules/jest-circus/build/run.js:71:3)
    at runAndTransformResultsToJestFormat (/project/workspace/node_modules/jest-circus/build/legacy-code-todo-rewrite/jestAdapterInit.js:122:21)
    at jestAdapter (/project/workspace/node_modules/jest-circus/build/legacy-code-todo-rewrite/jestAdapter.js:79:19)
    at runTestInternal (/project/workspace/node_modules/jest-runner/build/runTest.js:367:16)
    at runTest (/project/workspace/node_modules/jest-runner/build/runTest.js:444:34)</failure>
    </testcase>
    <testcase classname="snyk ignore correctly updates an ignore rule when given an existing resource paths" name="snyk ignore correctly updates an ignore rule when given an existing resource paths" time="0.001">
      <failure>Error: No Snyk Token found in test environment.
    at requireSnykToken (/project/workspace/test/jest/util/requireSnykToken.ts:8:11)
    at Object.&lt;anonymous&gt; (/project/workspace/test/jest/acceptance/snyk-ignore/snyk-ignore.spec.ts:21:35)
    at Promise.then.completed (/project/workspace/node_modules/jest-circus/build/utils.js:290:26)
    at new Promise (&lt;anonymous&gt;)
    at callAsyncCircusFn (/project/workspace/node_modules/jest-circus/build/utils.js:231:10)
    at _callCircusHook (/project/workspace/node_modules/jest-circus/build/run.js:281:40)
    at _runTestsForDescribeBlock (/project/workspace/node_modules/jest-circus/build/run.js:95:7)
    at _runTestsForDescribeBlock (/project/workspace/node_modules/jest-circus/build/run.js:121:9)
    at run (/project/workspace/node_modules/jest-circus/build/run.js:71:3)
    at runAndTransformResultsToJestFormat (/project/workspace/node_modules/jest-circus/build/legacy-code-todo-rewrite/jestAdapterInit.js:122:21)
    at jestAdapter (/project/workspace/node_modules/jest-circus/build/legacy-code-todo-rewrite/jestAdapter.js:79:19)
    at runTestInternal (/project/workspace/node_modules/jest-runner/build/runTest.js:367:16)
    at runTest (/project/workspace/node_modules/jest-runner/build/runTest.js:444:34)</failure>
      <failure>TypeError: Cannot read properties of undefined (reading &apos;restore&apos;)
    at Object.&lt;anonymous&gt; (/project/workspace/test/jest/acceptance/snyk-ignore/snyk-ignore.spec.ts:30:12)
    at Promise.then.completed (/project/workspace/node_modules/jest-circus/build/utils.js:298:28)
    at new Promise (&lt;anonymous&gt;)
    at callAsyncCircusFn (/project/workspace/node_modules/jest-circus/build/utils.js:231:10)
    at _callCircusHook (/project/workspace/node_modules/jest-circus/build/run.js:281:40)
    at _runTest (/project/workspace/node_modules/jest-circus/build/run.js:254:5)
    at _runTestsForDescribeBlock (/project/workspace/node_modules/jest-circus/build/run.js:126:9)
    at _runTestsForDescribeBlock (/project/workspace/node_modules/jest-circus/build/run.js:121:9)
    at run (/project/workspace/node_modules/jest-circus/build/run.js:71:3)
    at runAndTransformResultsToJestFormat (/project/workspace/node_modules/jest-circus/build/legacy-code-todo-rewrite/jestAdapterInit.js:122:21)
    at jestAdapter (/project/workspace/node_modules/jest-circus/build/legacy-code-todo-rewrite/jestAdapter.js:79:19)
    at runTestInternal (/project/workspace/node_modules/jest-runner/build/runTest.js:367:16)
    at runTest (/project/workspace/node_modules/jest-runner/build/runTest.js:444:34)</failure>
    </testcase>
    <testcase classname="snyk ignore fails on missing ID" name="snyk ignore fails on missing ID" time="0">
      <failure>Error: No Snyk Token found in test environment.
    at requireSnykToken (/project/workspace/test/jest/util/requireSnykToken.ts:8:11)
    at Object.&lt;anonymous&gt; (/project/workspace/test/jest/acceptance/snyk-ignore/snyk-ignore.spec.ts:21:35)
    at Promise.then.completed (/project/workspace/node_modules/jest-circus/build/utils.js:290:26)
    at new Promise (&lt;anonymous&gt;)
    at callAsyncCircusFn (/project/workspace/node_modules/jest-circus/build/utils.js:231:10)
    at _callCircusHook (/project/workspace/node_modules/jest-circus/build/run.js:281:40)
    at _runTestsForDescribeBlock (/project/workspace/node_modules/jest-circus/build/run.js:95:7)
    at _runTestsForDescribeBlock (/project/workspace/node_modules/jest-circus/build/run.js:121:9)
    at run (/project/workspace/node_modules/jest-circus/build/run.js:71:3)
    at runAndTransformResultsToJestFormat (/project/workspace/node_modules/jest-circus/build/legacy-code-todo-rewrite/jestAdapterInit.js:122:21)
    at jestAdapter (/project/workspace/node_modules/jest-circus/build/legacy-code-todo-rewrite/jestAdapter.js:79:19)
    at runTestInternal (/project/workspace/node_modules/jest-runner/build/runTest.js:367:16)
    at runTest (/project/workspace/node_modules/jest-runner/build/runTest.js:444:34)</failure>
      <failure>TypeError: Cannot read properties of undefined (reading &apos;restore&apos;)
    at Object.&lt;anonymous&gt; (/project/workspace/test/jest/acceptance/snyk-ignore/snyk-ignore.spec.ts:30:12)
    at Promise.then.completed (/project/workspace/node_modules/jest-circus/build/utils.js:298:28)
    at new Promise (&lt;anonymous&gt;)
    at callAsyncCircusFn (/project/workspace/node_modules/jest-circus/build/utils.js:231:10)
    at _callCircusHook (/project/workspace/node_modules/jest-circus/build/run.js:281:40)
    at _runTest (/project/workspace/node_modules/jest-circus/build/run.js:254:5)
    at _runTestsForDescribeBlock (/project/workspace/node_modules/jest-circus/build/run.js:126:9)
    at _runTestsForDescribeBlock (/project/workspace/node_modules/jest-circus/build/run.js:121:9)
    at run (/project/workspace/node_modules/jest-circus/build/run.js:71:3)
    at runAndTransformResultsToJestFormat (/project/workspace/node_modules/jest-circus/build/legacy-code-todo-rewrite/jestAdapterInit.js:122:21)
    at jestAdapter (/project/workspace/node_modules/jest-circus/build/legacy-code-todo-rewrite/jestAdapter.js:79:19)
    at runTestInternal (/project/workspace/node_modules/jest-runner/build/runTest.js:367:16)
    at runTest (/project/workspace/node_modules/jest-runner/build/runTest.js:444:34)</failure>
    </testcase>
    <testcase classname="snyk ignore errors when user is not authorized to ignore" name="snyk ignore errors when user is not authorized to ignore" time="0">
      <failure>Error: No Snyk Token found in test environment.
    at requireSnykToken (/project/workspace/test/jest/util/requireSnykToken.ts:8:11)
    at Object.&lt;anonymous&gt; (/project/workspace/test/jest/acceptance/snyk-ignore/snyk-ignore.spec.ts:21:35)
    at Promise.then.completed (/project/workspace/node_modules/jest-circus/build/utils.js:290:26)
    at new Promise (&lt;anonymous&gt;)
    at callAsyncCircusFn (/project/workspace/node_modules/jest-circus/build/utils.js:231:10)
    at _callCircusHook (/project/workspace/node_modules/jest-circus/build/run.js:281:40)
    at _runTestsForDescribeBlock (/project/workspace/node_modules/jest-circus/build/run.js:95:7)
    at _runTestsForDescribeBlock (/project/workspace/node_modules/jest-circus/build/run.js:121:9)
    at run (/project/workspace/node_modules/jest-circus/build/run.js:71:3)
    at runAndTransformResultsToJestFormat (/project/workspace/node_modules/jest-circus/build/legacy-code-todo-rewrite/jestAdapterInit.js:122:21)
    at jestAdapter (/project/workspace/node_modules/jest-circus/build/legacy-code-todo-rewrite/jestAdapter.js:79:19)
    at runTestInternal (/project/workspace/node_modules/jest-runner/build/runTest.js:367:16)
    at runTest (/project/workspace/node_modules/jest-runner/build/runTest.js:444:34)</failure>
      <failure>TypeError: Cannot read properties of undefined (reading &apos;restore&apos;)
    at Object.&lt;anonymous&gt; (/project/workspace/test/jest/acceptance/snyk-ignore/snyk-ignore.spec.ts:30:12)
    at Promise.then.completed (/project/workspace/node_modules/jest-circus/build/utils.js:298:28)
    at new Promise (&lt;anonymous&gt;)
    at callAsyncCircusFn (/project/workspace/node_modules/jest-circus/build/utils.js:231:10)
    at _callCircusHook (/project/workspace/node_modules/jest-circus/build/run.js:281:40)
    at _runTest (/project/workspace/node_modules/jest-circus/build/run.js:254:5)
    at _runTestsForDescribeBlock (/project/workspace/node_modules/jest-circus/build/run.js:126:9)
    at _runTestsForDescribeBlock (/project/workspace/node_modules/jest-circus/build/run.js:121:9)
    at run (/project/workspace/node_modules/jest-circus/build/run.js:71:3)
    at runAndTransformResultsToJestFormat (/project/workspace/node_modules/jest-circus/build/legacy-code-todo-rewrite/jestAdapterInit.js:122:21)
    at jestAdapter (/project/workspace/node_modules/jest-circus/build/legacy-code-todo-rewrite/jestAdapter.js:79:19)
    at runTestInternal (/project/workspace/node_modules/jest-runner/build/runTest.js:367:16)
    at runTest (/project/workspace/node_modules/jest-runner/build/runTest.js:444:34)</failure>
    </testcase>
    <testcase classname=" Test execution failure: could be caused by test hooks like &apos;afterAll&apos;." name=" Test execution failure: could be caused by test hooks like &apos;afterAll&apos;." time="0">
      <failure>{&quot;message&quot;:&quot;&quot;,&quot;stack&quot;:&quot;TypeError: Cannot read properties of undefined (reading &apos;close&apos;)\n    at Object.&lt;anonymous&gt; (/project/workspace/test/jest/acceptance/snyk-ignore/snyk-ignore.spec.ts:34:12)\n    at Promise.then.completed (/project/workspace/node_modules/jest-circus/build/utils.js:290:26)\n    at new Promise (&lt;anonymous&gt;)\n    at callAsyncCircusFn (/project/workspace/node_modules/jest-circus/build/utils.js:231:10)\n    at _callCircusHook (/project/workspace/node_modules/jest-circus/build/run.js:281:40)\n    at _runTestsForDescribeBlock (/project/workspace/node_modules/jest-circus/build/run.js:154:7)\n    at _runTestsForDescribeBlock (/project/workspace/node_modules/jest-circus/build/run.js:121:9)\n    at run (/project/workspace/node_modules/jest-circus/build/run.js:71:3)\n    at runAndTransformResultsToJestFormat (/project/workspace/node_modules/jest-circus/build/legacy-code-todo-rewrite/jestAdapterInit.js:122:21)\n    at jestAdapter (/project/workspace/node_modules/jest-circus/build/legacy-code-todo-rewrite/jestAdapter.js:79:19)\n    at runTestInternal (/project/workspace/node_modules/jest-runner/build/runTest.js:367:16)\n    at runTest (/project/workspace/node_modules/jest-runner/build/runTest.js:444:34)&quot;}</failure>
    </testcase>
  </testsuite>
  <testsuite name="`snyk test` of basic projects for each language/ecosystem" errors="0" failures="17" skipped="2" timestamp="2024-06-12T20:49:57" time="16.352" tests="23">
    <testcase classname="`snyk test` of basic projects for each language/ecosystem run `snyk test` on a go project and ensure that required modules are not cached" name="`snyk test` of basic projects for each language/ecosystem run `snyk test` on a go project and ensure that required modules are not cached" time="0.502">
      <failure>Error: expect(received).toEqual(expected) // deep equality

Expected: 0
Received: 1
    at Object.&lt;anonymous&gt; (/project/workspace/test/jest/acceptance/snyk-test/basic-test-all-languages.spec.ts:72:18)
    at processTicksAndRejections (node:internal/process/task_queues:95:5)</failure>
    </testcase>
    <testcase classname="`snyk test` of basic projects for each language/ecosystem run `snyk test` on a python project" name="`snyk test` of basic projects for each language/ecosystem run `snyk test` on a python project" time="7.368">
      <failure>Error: expect(received).toEqual(expected) // deep equality

Expected: 0
Received: 1
    at Object.&lt;anonymous&gt; (/project/workspace/test/jest/acceptance/snyk-test/basic-test-all-languages.spec.ts:118:18)
    at processTicksAndRejections (node:internal/process/task_queues:95:5)</failure>
    </testcase>
    <testcase classname="`snyk test` of basic projects for each language/ecosystem fails `snyk test` on a python project with wrong command exits with code 2" name="`snyk test` of basic projects for each language/ecosystem fails `snyk test` on a python project with wrong command exits with code 2" time="0.044">
      <failure>Error: expect(received).toEqual(expected) // deep equality

Expected: 2
Received: 1
    at Object.&lt;anonymous&gt; (/project/workspace/test/jest/acceptance/snyk-test/basic-test-all-languages.spec.ts:134:25)
    at processTicksAndRejections (node:internal/process/task_queues:95:5)</failure>
    </testcase>
    <testcase classname="`snyk test` of basic projects for each language/ecosystem run `snyk test` on a gradle project" name="`snyk test` of basic projects for each language/ecosystem run `snyk test` on a gradle project" time="0.037">
      <failure>Error: expect(received).toEqual(expected) // deep equality

Expected: 0
Received: 1
    at Object.&lt;anonymous&gt; (/project/workspace/test/jest/acceptance/snyk-test/basic-test-all-languages.spec.ts:152:18)
    at processTicksAndRejections (node:internal/process/task_queues:95:5)</failure>
    </testcase>
    <testcase classname="`snyk test` of basic projects for each language/ecosystem run `snyk test` on a cocoapods project" name="`snyk test` of basic projects for each language/ecosystem run `snyk test` on a cocoapods project" time="0.038">
      <failure>Error: expect(received).toEqual(expected) // deep equality

Expected: 0
Received: 1
    at Object.&lt;anonymous&gt; (/project/workspace/test/jest/acceptance/snyk-test/basic-test-all-languages.spec.ts:163:18)
    at processTicksAndRejections (node:internal/process/task_queues:95:5)</failure>
    </testcase>
    <testcase classname="`snyk test` of basic projects for each language/ecosystem run `snyk test` on a maven project" name="`snyk test` of basic projects for each language/ecosystem run `snyk test` on a maven project" time="0.035">
      <failure>Error: expect(received).toEqual(expected) // deep equality

Expected: 0
Received: 1
    at Object.&lt;anonymous&gt; (/project/workspace/test/jest/acceptance/snyk-test/basic-test-all-languages.spec.ts:174:18)
    at processTicksAndRejections (node:internal/process/task_queues:95:5)</failure>
    </testcase>
    <testcase classname="`snyk test` of basic projects for each language/ecosystem run `snyk test` on a nuget project" name="`snyk test` of basic projects for each language/ecosystem run `snyk test` on a nuget project" time="0.036">
      <failure>Error: expect(received).toEqual(expected) // deep equality

Expected: 0
Received: 1
    at Object.&lt;anonymous&gt; (/project/workspace/test/jest/acceptance/snyk-test/basic-test-all-languages.spec.ts:184:18)
    at processTicksAndRejections (node:internal/process/task_queues:95:5)</failure>
    </testcase>
    <testcase classname="`snyk test` of basic projects for each language/ecosystem run `snyk test` on a nuget project using v2 dotnet runtime resolution logic for nuget-app-6" name="`snyk test` of basic projects for each language/ecosystem run `snyk test` on a nuget project using v2 dotnet runtime resolution logic for nuget-app-6" time="2.983">
      <failure>Error: expect(received).toEqual(expected) // deep equality

Expected: 0
Received: 1
    at /project/workspace/test/jest/acceptance/snyk-test/basic-test-all-languages.spec.ts:228:20
    at processTicksAndRejections (node:internal/process/task_queues:95:5)</failure>
    </testcase>
    <testcase classname="`snyk test` of basic projects for each language/ecosystem run `snyk test` on a nuget project using v2 dotnet runtime resolution logic for nuget-app-6-no-rid" name="`snyk test` of basic projects for each language/ecosystem run `snyk test` on a nuget project using v2 dotnet runtime resolution logic for nuget-app-6-no-rid" time="0.195">
      <failure>Error: expect(received).toEqual(expected) // deep equality

Expected: 0
Received: 1
    at /project/workspace/test/jest/acceptance/snyk-test/basic-test-all-languages.spec.ts:228:20
    at processTicksAndRejections (node:internal/process/task_queues:95:5)</failure>
    </testcase>
    <testcase classname="`snyk test` of basic projects for each language/ecosystem run `snyk test` on a nuget project using v2 dotnet runtime resolution logic for nuget-app-7-windows" name="`snyk test` of basic projects for each language/ecosystem run `snyk test` on a nuget project using v2 dotnet runtime resolution logic for nuget-app-7-windows" time="0.189">
      <failure>Error: expect(received).toEqual(expected) // deep equality

Expected: 0
Received: 1
    at /project/workspace/test/jest/acceptance/snyk-test/basic-test-all-languages.spec.ts:228:20
    at processTicksAndRejections (node:internal/process/task_queues:95:5)</failure>
    </testcase>
    <testcase classname="`snyk test` of basic projects for each language/ecosystem run `snyk test` on a nuget project using v2 dotnet runtime resolution logic for nuget-app-netstandard20" name="`snyk test` of basic projects for each language/ecosystem run `snyk test` on a nuget project using v2 dotnet runtime resolution logic for nuget-app-netstandard20" time="0.193">
      <failure>Error: expect(received).toEqual(expected) // deep equality

Expected: 0
Received: 1
    at /project/workspace/test/jest/acceptance/snyk-test/basic-test-all-languages.spec.ts:228:20
    at processTicksAndRejections (node:internal/process/task_queues:95:5)</failure>
    </testcase>
    <testcase classname="`snyk test` of basic projects for each language/ecosystem run `snyk test` on a nuget project using v2 dotnet runtime resolution logic with a custom output path" name="`snyk test` of basic projects for each language/ecosystem run `snyk test` on a nuget project using v2 dotnet runtime resolution logic with a custom output path" time="1.998">
      <failure>Error: expect(received).toEqual(expected) // deep equality

Expected: 0
Received: 1
    at Object.&lt;anonymous&gt; (/project/workspace/test/jest/acceptance/snyk-test/basic-test-all-languages.spec.ts:262:18)
    at processTicksAndRejections (node:internal/process/task_queues:95:5)</failure>
    </testcase>
    <testcase classname="`snyk test` of basic projects for each language/ecosystem run `snyk test` on a nuget project using v2 dotnet runtime resolution logic with explicit target framework net6.0" name="`snyk test` of basic projects for each language/ecosystem run `snyk test` on a nuget project using v2 dotnet runtime resolution logic with explicit target framework net6.0" time="0.176">
      <failure>Error: expect(received).toEqual(expected) // deep equality

Expected: 0
Received: 1
    at /project/workspace/test/jest/acceptance/snyk-test/basic-test-all-languages.spec.ts:302:20
    at processTicksAndRejections (node:internal/process/task_queues:95:5)</failure>
    </testcase>
    <testcase classname="`snyk test` of basic projects for each language/ecosystem run `snyk test` on a nuget project using v2 dotnet runtime resolution logic with explicit target framework net7.0" name="`snyk test` of basic projects for each language/ecosystem run `snyk test` on a nuget project using v2 dotnet runtime resolution logic with explicit target framework net7.0" time="0.184">
      <failure>Error: expect(received).toEqual(expected) // deep equality

Expected: 0
Received: 1
    at /project/workspace/test/jest/acceptance/snyk-test/basic-test-all-languages.spec.ts:302:20
    at processTicksAndRejections (node:internal/process/task_queues:95:5)</failure>
    </testcase>
    <testcase classname="`snyk test` of basic projects for each language/ecosystem run `snyk test` on a nuget project using v2 dotnet runtime resolution logic with explicit target framework net8.0" name="`snyk test` of basic projects for each language/ecosystem run `snyk test` on a nuget project using v2 dotnet runtime resolution logic with explicit target framework net8.0" time="0.172">
      <failure>Error: expect(received).toEqual(expected) // deep equality

Expected: 0
Received: 1
    at /project/workspace/test/jest/acceptance/snyk-test/basic-test-all-languages.spec.ts:302:20
    at processTicksAndRejections (node:internal/process/task_queues:95:5)</failure>
    </testcase>
    <testcase classname="`snyk test` of basic projects for each language/ecosystem run `snyk test` on a nuget project using v2 dotnet runtime resolution logic with explicit target framework undefined" name="`snyk test` of basic projects for each language/ecosystem run `snyk test` on a nuget project using v2 dotnet runtime resolution logic with explicit target framework undefined" time="0.177">
      <failure>Error: expect(received).toEqual(expected) // deep equality

Expected: 0
Received: 1
    at /project/workspace/test/jest/acceptance/snyk-test/basic-test-all-languages.spec.ts:302:20
    at processTicksAndRejections (node:internal/process/task_queues:95:5)</failure>
    </testcase>
    <testcase classname="`snyk test` of basic projects for each language/ecosystem run `snyk test` on an unmanaged project" name="`snyk test` of basic projects for each language/ecosystem run `snyk test` on an unmanaged project" time="0">
      <skipped/>
    </testcase>
    <testcase classname="`snyk test` of basic projects for each language/ecosystem run `snyk test` on an unmanaged project with a org-slug" name="`snyk test` of basic projects for each language/ecosystem run `snyk test` on an unmanaged project with a org-slug" time="0">
      <skipped/>
    </testcase>
    <testcase classname="`snyk test` of basic projects for each language/ecosystem run `snyk test` on an unmanaged project with purls" name="`snyk test` of basic projects for each language/ecosystem run `snyk test` on an unmanaged project with purls" time="0.194">
    </testcase>
    <testcase classname="`snyk test` of basic projects for each language/ecosystem run `snyk test --json` on an unmanaged project with purls" name="`snyk test` of basic projects for each language/ecosystem run `snyk test --json` on an unmanaged project with purls" time="0.108">
    </testcase>
    <testcase classname="`snyk test` of basic projects for each language/ecosystem run `snyk test` on a hex project" name="`snyk test` of basic projects for each language/ecosystem run `snyk test` on a hex project" time="0.008">
    </testcase>
    <testcase classname="`snyk test` of basic projects for each language/ecosystem run `snyk test` on a composer project" name="`snyk test` of basic projects for each language/ecosystem run `snyk test` on a composer project" time="0.749">
      <failure>Error: expect(received).toEqual(expected) // deep equality

Expected: 0
Received: 1
    at Object.&lt;anonymous&gt; (/project/workspace/test/jest/acceptance/snyk-test/basic-test-all-languages.spec.ts:383:20)
    at processTicksAndRejections (node:internal/process/task_queues:95:5)</failure>
    </testcase>
    <testcase classname="`snyk test` of basic projects for each language/ecosystem run `snyk test` on a sbt project" name="`snyk test` of basic projects for each language/ecosystem run `snyk test` on a sbt project" time="0.006">
    </testcase>
  </testsuite>
  <testsuite name="snyk-apps: create app" errors="0" failures="14" skipped="0" timestamp="2024-06-12T20:50:14" time="70.397" tests="14">
    <testcase classname="snyk-apps: create app experimental flag should throw error without the experimental flag" name="snyk-apps: create app experimental flag should throw error without the experimental flag" time="5.011">
      <failure>Error: expected process to display &quot;All &apos;apps&apos; commands are only accessible behind the &apos;--experimental&apos; flag.&quot; (waitUntilMatches reached timeout (5000ms))
    at Object.&lt;anonymous&gt; (/project/workspace/test/jest/acceptance/snyk-apps/create-app.spec.ts:56:25)
    at processTicksAndRejections (node:internal/process/task_queues:95:5)</failure>
    </testcase>
    <testcase classname="snyk-apps: create app help should print the apps helps document when apps subcommand invalid" name="snyk-apps: create app help should print the apps helps document when apps subcommand invalid" time="5.008">
      <failure>Error: expected process to display &quot;Snyk Apps are integrations that extend the functionality of the Snyk platform&quot; (waitUntilMatches reached timeout (5000ms))
    at Object.&lt;anonymous&gt; (/project/workspace/test/jest/acceptance/snyk-apps/create-app.spec.ts:71:25)
    at processTicksAndRejections (node:internal/process/task_queues:95:5)</failure>
    </testcase>
    <testcase classname="snyk-apps: create app interactive mode should prompt for app name and print error if not provided" name="snyk-apps: create app interactive mode should prompt for app name and print error if not provided" time="5.005">
      <failure>Error: expected process to display &quot;Name of the Snyk App (visible to users when they install the Snyk App)?&quot; (waitUntilMatches reached timeout (5000ms))
    at Object.&lt;anonymous&gt; (/project/workspace/test/jest/acceptance/snyk-apps/create-app.spec.ts:88:25)
    at processTicksAndRejections (node:internal/process/task_queues:95:5)</failure>
    </testcase>
    <testcase classname="snyk-apps: create app interactive mode should prompt for redirect uris and print error if not provided" name="snyk-apps: create app interactive mode should prompt for redirect uris and print error if not provided" time="5.01">
      <failure>Error: expected process to display &quot;Name of the Snyk App (visible to users when they install the Snyk App)?&quot; (waitUntilMatches reached timeout (5000ms))
    at Object.&lt;anonymous&gt; (/project/workspace/test/jest/acceptance/snyk-apps/create-app.spec.ts:102:25)
    at processTicksAndRejections (node:internal/process/task_queues:95:5)</failure>
    </testcase>
    <testcase classname="snyk-apps: create app interactive mode should prompt for scopes and print error if not provided" name="snyk-apps: create app interactive mode should prompt for scopes and print error if not provided" time="5.008">
      <failure>Error: expected process to display &quot;Name of the Snyk App (visible to users when they install the Snyk App)?&quot; (waitUntilMatches reached timeout (5000ms))
    at Object.&lt;anonymous&gt; (/project/workspace/test/jest/acceptance/snyk-apps/create-app.spec.ts:120:25)
    at processTicksAndRejections (node:internal/process/task_queues:95:5)</failure>
    </testcase>
    <testcase classname="snyk-apps: create app interactive mode should prompt for org id and print error if not provided" name="snyk-apps: create app interactive mode should prompt for org id and print error if not provided" time="5.005">
      <failure>Error: expected process to display &quot;Name of the Snyk App (visible to users when they install the Snyk App)?&quot; (waitUntilMatches reached timeout (5000ms))
    at Object.&lt;anonymous&gt; (/project/workspace/test/jest/acceptance/snyk-apps/create-app.spec.ts:140:25)
    at processTicksAndRejections (node:internal/process/task_queues:95:5)</failure>
    </testcase>
    <testcase classname="snyk-apps: create app interactive mode should create app with user provided data (interactive mode)" name="snyk-apps: create app interactive mode should create app with user provided data (interactive mode)" time="5.01">
      <failure>Error: expected process to display &quot;Name of the Snyk App (visible to users when they install the Snyk App)?&quot; (waitUntilMatches reached timeout (5000ms))
    at Object.&lt;anonymous&gt; (/project/workspace/test/jest/acceptance/snyk-apps/create-app.spec.ts:164:25)
    at processTicksAndRejections (node:internal/process/task_queues:95:5)</failure>
    </testcase>
    <testcase classname="snyk-apps: create app interactive mode should prompt users for input with flag shortcut (-i)" name="snyk-apps: create app interactive mode should prompt users for input with flag shortcut (-i)" time="5.01">
      <failure>Error: expected process to display &quot;Name of the Snyk App (visible to users when they install the Snyk App)?&quot; (waitUntilMatches reached timeout (5000ms))
    at Object.&lt;anonymous&gt; (/project/workspace/test/jest/acceptance/snyk-apps/create-app.spec.ts:197:25)
    at processTicksAndRejections (node:internal/process/task_queues:95:5)</failure>
    </testcase>
    <testcase classname="snyk-apps: create app scriptable mode should throw error when org id not provided" name="snyk-apps: create app scriptable mode should throw error when org id not provided" time="5.008">
      <failure>Error: expected process to display &quot;Option &apos;--org&apos; is required! For interactive mode, please use &apos;--interactive&apos; or &apos;-i&apos; flag&quot; (waitUntilMatches reached timeout (5000ms))
    at Object.&lt;anonymous&gt; (/project/workspace/test/jest/acceptance/snyk-apps/create-app.spec.ts:213:25)
    at processTicksAndRejections (node:internal/process/task_queues:95:5)</failure>
    </testcase>
    <testcase classname="snyk-apps: create app scriptable mode should throw error when app name not provided" name="snyk-apps: create app scriptable mode should throw error when app name not provided" time="5.01">
      <failure>Error: expected process to display &quot;Option &apos;--name&apos; is required! For interactive mode, please use &apos;--interactive&apos; or &apos;-i&apos; flag&quot; (waitUntilMatches reached timeout (5000ms))
    at Object.&lt;anonymous&gt; (/project/workspace/test/jest/acceptance/snyk-apps/create-app.spec.ts:225:25)
    at processTicksAndRejections (node:internal/process/task_queues:95:5)</failure>
    </testcase>
    <testcase classname="snyk-apps: create app scriptable mode should throw error when redirect uris not provided" name="snyk-apps: create app scriptable mode should throw error when redirect uris not provided" time="5.005">
      <failure>Error: expected process to display &quot;Option &apos;--redirect-uris&apos; is required! For interactive mode, please use &apos;--interactive&apos; or &apos;-i&apos; flag&quot; (waitUntilMatches reached timeout (5000ms))
    at Object.&lt;anonymous&gt; (/project/workspace/test/jest/acceptance/snyk-apps/create-app.spec.ts:237:25)
    at processTicksAndRejections (node:internal/process/task_queues:95:5)</failure>
    </testcase>
    <testcase classname="snyk-apps: create app scriptable mode should throw error when scopes not provided" name="snyk-apps: create app scriptable mode should throw error when scopes not provided" time="5.008">
      <failure>Error: expected process to display &quot;Option &apos;--scopes&apos; is required! For interactive mode, please use &apos;--interactive&apos; or &apos;-i&apos; flag&quot; (waitUntilMatches reached timeout (5000ms))
    at Object.&lt;anonymous&gt; (/project/workspace/test/jest/acceptance/snyk-apps/create-app.spec.ts:248:25)
    at processTicksAndRejections (node:internal/process/task_queues:95:5)</failure>
    </testcase>
    <testcase classname="snyk-apps: create app scriptable mode throws an error when an invalid context is provided" name="snyk-apps: create app scriptable mode throws an error when an invalid context is provided" time="5.012">
      <failure>Error: expected process to display &quot;Option &apos;--context&apos; must be either &apos;tenant&apos; or &apos;user&apos;! For interactive mode, please use &apos;--interactive&apos; or &apos;-i&apos; flag. For more information please run the help command &apos;snyk apps --help&apos; or &apos;snyk apps -h&apos;.&quot; (waitUntilMatches reached timeout (5000ms))
    at Object.&lt;anonymous&gt; (/project/workspace/test/jest/acceptance/snyk-apps/create-app.spec.ts:259:25)
    at processTicksAndRejections (node:internal/process/task_queues:95:5)</failure>
    </testcase>
    <testcase classname="snyk-apps: create app scriptable mode should create app with user provided data" name="snyk-apps: create app scriptable mode should create app with user provided data" time="5.009">
      <failure>Error: expected process to display &quot;Snyk App created successfully!&quot; (waitUntilMatches reached timeout (5000ms))
    at Object.&lt;anonymous&gt; (/project/workspace/test/jest/acceptance/snyk-apps/create-app.spec.ts:271:25)
    at processTicksAndRejections (node:internal/process/task_queues:95:5)</failure>
    </testcase>
  </testsuite>
  <testsuite name="code" errors="0" failures="12" skipped="0" timestamp="2024-06-12T20:51:24" time="1.18" tests="12">
    <testcase classname="code prints help info" name="code prints help info" time="0.062">
      <failure>Error: expect(received).toContain(expected) // indexOf

Expected substring: &quot;The snyk code test command finds security issues using Static Code Analysis.&quot;
Received string:    &quot;&quot;
    at Object.&lt;anonymous&gt; (/project/workspace/test/jest/acceptance/snyk-code/snyk-code.spec.ts:54:31)
    at processTicksAndRejections (node:internal/process/task_queues:95:5)</failure>
    </testcase>
    <testcase classname="code test should fail - when we do not support files" name="code test should fail - when we do not support files" time="0.037">
      <failure>Error: expect(received).toBe(expected) // Object.is equality

Expected: &quot;&quot;
Received: &quot;node:internal/modules/package_json_reader:93
        throw error;
        ^·
SyntaxError: Error parsing /project/workspace/package.json: Unexpected non-whitespace character after JSON at position 8
    at parse (&lt;anonymous&gt;)
    at read (node:internal/modules/package_json_reader:80:16)
    at readPackage (node:internal/modules/package_json_reader:141:10)
    at readPackageScope (node:internal/modules/package_json_reader:164:19)
    at shouldUseESMLoader (node:internal/modules/run_main:72:15)
    at Function.executeUserEntryPoint [as runMain] (node:internal/modules/run_main:129:24)
    at node:internal/main/run_main_module:28:49 {
  path: &apos;/project/workspace/package.json&apos;
}·
Node.js v20.12.1
&quot;
    at Object.&lt;anonymous&gt; (/project/workspace/test/jest/acceptance/snyk-code/snyk-code.spec.ts:71:22)
    at processTicksAndRejections (node:internal/process/task_queues:95:5)</failure>
    </testcase>
    <testcase classname="code test should succeed - when no errors found" name="code test should succeed - when no errors found" time="0.035">
      <failure>Error: expect(received).toBe(expected) // Object.is equality

Expected: &quot;&quot;
Received: &quot;node:internal/modules/package_json_reader:93
        throw error;
        ^·
SyntaxError: Error parsing /project/workspace/package.json: Unexpected non-whitespace character after JSON at position 8
    at parse (&lt;anonymous&gt;)
    at read (node:internal/modules/package_json_reader:80:16)
    at readPackage (node:internal/modules/package_json_reader:141:10)
    at readPackageScope (node:internal/modules/package_json_reader:164:19)
    at shouldUseESMLoader (node:internal/modules/run_main:72:15)
    at Function.executeUserEntryPoint [as runMain] (node:internal/modules/run_main:129:24)
    at node:internal/main/run_main_module:28:49 {
  path: &apos;/project/workspace/package.json&apos;
}·
Node.js v20.12.1
&quot;
    at Object.&lt;anonymous&gt; (/project/workspace/test/jest/acceptance/snyk-code/snyk-code.spec.ts:90:22)
    at processTicksAndRejections (node:internal/process/task_queues:95:5)</failure>
    </testcase>
    <testcase classname="code test should succeed - with correct exit code" name="code test should succeed - with correct exit code" time="0.044">
      <failure>Error: expect(received).toBe(expected) // Object.is equality

Expected: &quot;&quot;
Received: &quot;node:internal/modules/package_json_reader:93
        throw error;
        ^·
SyntaxError: Error parsing /project/workspace/package.json: Unexpected non-whitespace character after JSON at position 8
    at parse (&lt;anonymous&gt;)
    at read (node:internal/modules/package_json_reader:80:16)
    at readPackage (node:internal/modules/package_json_reader:141:10)
    at readPackageScope (node:internal/modules/package_json_reader:164:19)
    at shouldUseESMLoader (node:internal/modules/run_main:72:15)
    at Function.executeUserEntryPoint [as runMain] (node:internal/modules/run_main:129:24)
    at node:internal/main/run_main_module:28:49 {
  path: &apos;/project/workspace/package.json&apos;
}·
Node.js v20.12.1
&quot;
    at Object.&lt;anonymous&gt; (/project/workspace/test/jest/acceptance/snyk-code/snyk-code.spec.ts:115:22)
    at processTicksAndRejections (node:internal/process/task_queues:95:5)</failure>
    </testcase>
    <testcase classname="code test should show error if sast is not enabled" name="code test should show error if sast is not enabled" time="0.043">
      <failure>Error: expect(received).toBe(expected) // Object.is equality

Expected: &quot;&quot;
Received: &quot;node:internal/modules/package_json_reader:93
        throw error;
        ^·
SyntaxError: Error parsing /project/workspace/package.json: Unexpected non-whitespace character after JSON at position 8
    at parse (&lt;anonymous&gt;)
    at read (node:internal/modules/package_json_reader:80:16)
    at readPackage (node:internal/modules/package_json_reader:141:10)
    at readPackageScope (node:internal/modules/package_json_reader:164:19)
    at shouldUseESMLoader (node:internal/modules/run_main:72:15)
    at Function.executeUserEntryPoint [as runMain] (node:internal/modules/run_main:129:24)
    at node:internal/main/run_main_module:28:49 {
  path: &apos;/project/workspace/package.json&apos;
}·
Node.js v20.12.1
&quot;
    at Object.&lt;anonymous&gt; (/project/workspace/test/jest/acceptance/snyk-code/snyk-code.spec.ts:131:22)
    at processTicksAndRejections (node:internal/process/task_queues:95:5)</failure>
    </testcase>
    <testcase classname="code test succeed testing with correct exit code - with &quot;sarif&quot; output" name="code test succeed testing with correct exit code - with &quot;sarif&quot; output" time="0.051">
      <failure>Error: expect(received).toBe(expected) // Object.is equality

Expected: &quot;&quot;
Received: &quot;node:internal/modules/package_json_reader:93
        throw error;
        ^·
SyntaxError: Error parsing /project/workspace/package.json: Unexpected non-whitespace character after JSON at position 8
    at parse (&lt;anonymous&gt;)
    at read (node:internal/modules/package_json_reader:80:16)
    at readPackage (node:internal/modules/package_json_reader:141:10)
    at readPackageScope (node:internal/modules/package_json_reader:164:19)
    at shouldUseESMLoader (node:internal/modules/run_main:72:15)
    at Function.executeUserEntryPoint [as runMain] (node:internal/modules/run_main:129:24)
    at node:internal/main/run_main_module:28:49 {
  path: &apos;/project/workspace/package.json&apos;
}·
Node.js v20.12.1
&quot;
    at /project/workspace/test/jest/acceptance/snyk-code/snyk-code.spec.ts:153:24
    at processTicksAndRejections (node:internal/process/task_queues:95:5)</failure>
    </testcase>
    <testcase classname="code test succeed testing with correct exit code - with &quot;json&quot; output" name="code test succeed testing with correct exit code - with &quot;json&quot; output" time="0.041">
      <failure>Error: expect(received).toBe(expected) // Object.is equality

Expected: &quot;&quot;
Received: &quot;node:internal/modules/package_json_reader:93
        throw error;
        ^·
SyntaxError: Error parsing /project/workspace/package.json: Unexpected non-whitespace character after JSON at position 8
    at parse (&lt;anonymous&gt;)
    at read (node:internal/modules/package_json_reader:80:16)
    at readPackage (node:internal/modules/package_json_reader:141:10)
    at readPackageScope (node:internal/modules/package_json_reader:164:19)
    at shouldUseESMLoader (node:internal/modules/run_main:72:15)
    at Function.executeUserEntryPoint [as runMain] (node:internal/modules/run_main:129:24)
    at node:internal/main/run_main_module:28:49 {
  path: &apos;/project/workspace/package.json&apos;
}·
Node.js v20.12.1
&quot;
    at /project/workspace/test/jest/acceptance/snyk-code/snyk-code.spec.ts:153:24
    at processTicksAndRejections (node:internal/process/task_queues:95:5)</failure>
    </testcase>
    <testcase classname="code test succeed testing with correct exit code - with sarif oputput and no markdown" name="code test succeed testing with correct exit code - with sarif oputput and no markdown" time="0.039">
      <failure>Error: expect(received).toBe(expected) // Object.is equality

Expected: &quot;&quot;
Received: &quot;node:internal/modules/package_json_reader:93
        throw error;
        ^·
SyntaxError: Error parsing /project/workspace/package.json: Unexpected non-whitespace character after JSON at position 8
    at parse (&lt;anonymous&gt;)
    at read (node:internal/modules/package_json_reader:80:16)
    at readPackage (node:internal/modules/package_json_reader:141:10)
    at readPackageScope (node:internal/modules/package_json_reader:164:19)
    at shouldUseESMLoader (node:internal/modules/run_main:72:15)
    at Function.executeUserEntryPoint [as runMain] (node:internal/modules/run_main:129:24)
    at node:internal/main/run_main_module:28:49 {
  path: &apos;/project/workspace/package.json&apos;
}·
Node.js v20.12.1
&quot;
    at Object.&lt;anonymous&gt; (/project/workspace/test/jest/acceptance/snyk-code/snyk-code.spec.ts:174:22)
    at processTicksAndRejections (node:internal/process/task_queues:95:5)</failure>
    </testcase>
    <testcase classname="code test should fail - when server returns {&quot;code&quot;: 401}" name="code test should fail - when server returns {&quot;code&quot;: 401}" time="0.042">
      <failure>Error: expect(received).toBe(expected) // Object.is equality

Expected: &quot;&quot;
Received: &quot;node:internal/modules/package_json_reader:93
        throw error;
        ^·
SyntaxError: Error parsing /project/workspace/package.json: Unexpected non-whitespace character after JSON at position 8
    at parse (&lt;anonymous&gt;)
    at read (node:internal/modules/package_json_reader:80:16)
    at readPackage (node:internal/modules/package_json_reader:141:10)
    at readPackageScope (node:internal/modules/package_json_reader:164:19)
    at shouldUseESMLoader (node:internal/modules/run_main:72:15)
    at Function.executeUserEntryPoint [as runMain] (node:internal/modules/run_main:129:24)
    at node:internal/main/run_main_module:28:49 {
  path: &apos;/project/workspace/package.json&apos;
}·
Node.js v20.12.1
&quot;
    at /project/workspace/test/jest/acceptance/snyk-code/snyk-code.spec.ts:212:24
    at processTicksAndRejections (node:internal/process/task_queues:95:5)</failure>
    </testcase>
    <testcase classname="code test should fail - when server returns {&quot;code&quot;: 429}" name="code test should fail - when server returns {&quot;code&quot;: 429}" time="0.052">
      <failure>Error: expect(received).toBe(expected) // Object.is equality

Expected: &quot;&quot;
Received: &quot;node:internal/modules/package_json_reader:93
        throw error;
        ^·
SyntaxError: Error parsing /project/workspace/package.json: Unexpected non-whitespace character after JSON at position 8
    at parse (&lt;anonymous&gt;)
    at read (node:internal/modules/package_json_reader:80:16)
    at readPackage (node:internal/modules/package_json_reader:141:10)
    at readPackageScope (node:internal/modules/package_json_reader:164:19)
    at shouldUseESMLoader (node:internal/modules/run_main:72:15)
    at Function.executeUserEntryPoint [as runMain] (node:internal/modules/run_main:129:24)
    at node:internal/main/run_main_module:28:49 {
  path: &apos;/project/workspace/package.json&apos;
}·
Node.js v20.12.1
&quot;
    at /project/workspace/test/jest/acceptance/snyk-code/snyk-code.spec.ts:212:24
    at processTicksAndRejections (node:internal/process/task_queues:95:5)</failure>
    </testcase>
    <testcase classname="code test should fail - when server returns {&quot;code&quot;: 500}" name="code test should fail - when server returns {&quot;code&quot;: 500}" time="0.042">
      <failure>Error: expect(received).toBe(expected) // Object.is equality

Expected: &quot;&quot;
Received: &quot;node:internal/modules/package_json_reader:93
        throw error;
        ^·
SyntaxError: Error parsing /project/workspace/package.json: Unexpected non-whitespace character after JSON at position 8
    at parse (&lt;anonymous&gt;)
    at read (node:internal/modules/package_json_reader:80:16)
    at readPackage (node:internal/modules/package_json_reader:141:10)
    at readPackageScope (node:internal/modules/package_json_reader:164:19)
    at shouldUseESMLoader (node:internal/modules/run_main:72:15)
    at Function.executeUserEntryPoint [as runMain] (node:internal/modules/run_main:129:24)
    at node:internal/main/run_main_module:28:49 {
  path: &apos;/project/workspace/package.json&apos;
}·
Node.js v20.12.1
&quot;
    at /project/workspace/test/jest/acceptance/snyk-code/snyk-code.spec.ts:212:24
    at processTicksAndRejections (node:internal/process/task_queues:95:5)</failure>
    </testcase>
    <testcase classname="code test use remote LCE&apos;s url as base when LCE is enabled" name="code test use remote LCE&apos;s url as base when LCE is enabled" time="0.046">
      <failure>Error: expect(received).toBeGreaterThan(expected)

Expected: &gt; 0
Received:   0
    at Object.&lt;anonymous&gt; (/project/workspace/test/jest/acceptance/snyk-code/snyk-code.spec.ts:240:55)
    at processTicksAndRejections (node:internal/process/task_queues:95:5)</failure>
    </testcase>
  </testsuite>
  <testsuite name="iac describe" errors="0" failures="7" skipped="0" timestamp="2024-06-12T20:51:25" time="1.38" tests="9">
    <testcase classname="iac describe describe fail when not used as an iac sub-command" name="iac describe describe fail when not used as an iac sub-command" time="0.122">
      <failure>Error: expect(received).toContain(expected) // indexOf

Expected substring: &quot;Unknown command \&quot;describe\&quot;&quot;
Received string:    &quot;&quot;
    at Object.&lt;anonymous&gt; (/project/workspace/test/jest/acceptance/iac/describe.spec.ts:44:20)</failure>
    </testcase>
    <testcase classname="iac describe describe fail without the right entitlement" name="iac describe describe fail without the right entitlement" time="0.195">
      <failure>Error: expect(received).toMatch(expected)

Expected substring: &quot;Command \&quot;drift\&quot; is currently not supported for this org. To enable it, please contact snyk support.&quot;
Received string:    &quot;&quot;
    at Object.&lt;anonymous&gt; (/project/workspace/test/jest/acceptance/iac/describe.spec.ts:57:20)</failure>
    </testcase>
    <testcase classname="iac describe Test when driftctl scan exit in error" name="iac describe Test when driftctl scan exit in error" time="0.107">
      <failure>Error: expect(received).toMatch(expected)

Expected substring: &quot;something wrong happened&quot;
Received string:    &quot;node:internal/modules/package_json_reader:93
        throw error;
        ^·
SyntaxError: Error parsing /project/workspace/package.json: Unexpected non-whitespace character after JSON at position 8
    at parse (&lt;anonymous&gt;)
    at read (node:internal/modules/package_json_reader:80:16)
    at readPackage (node:internal/modules/package_json_reader:141:10)
    at readPackageScope (node:internal/modules/package_json_reader:164:19)
    at shouldUseESMLoader (node:internal/modules/run_main:72:15)
    at Function.executeUserEntryPoint [as runMain] (node:internal/modules/run_main:129:24)
    at node:internal/main/run_main_module:28:49 {
  path: &apos;/project/workspace/package.json&apos;
}·
Node.js v20.12.1
&quot;
    at Object.&lt;anonymous&gt; (/project/workspace/test/jest/acceptance/iac/describe.spec.ts:80:20)</failure>
    </testcase>
    <testcase classname="iac describe Launch driftctl from SNYK_DRIFTCTL_PATH env var when org has the entitlement" name="iac describe Launch driftctl from SNYK_DRIFTCTL_PATH env var when org has the entitlement" time="0.104">
      <failure>Error: ENOENT: no such file or directory, open &apos;/tmp/dctl-mCAY43/770435c7-4ead-4d1f-bb17-712b22cbefe9&apos;
    at Object.openSync (node:fs:582:18)
    at Object.readFileSync (node:fs:461:35)
    at Object.&lt;anonymous&gt; (/project/workspace/test/jest/acceptance/iac/describe.spec.ts:94:23)</failure>
    </testcase>
    <testcase classname="iac describe Download and launch driftctl when executable is not found and org has the entitlement" name="iac describe Download and launch driftctl when executable is not found and org has the entitlement" time="0.103">
      <failure>Error: expect(received).toMatch(expected)

Expected substring: &quot;download ok&quot;
Received string:    &quot;node:internal/modules/package_json_reader:93
        throw error;
        ^·
SyntaxError: Error parsing /project/workspace/package.json: Unexpected non-whitespace character after JSON at position 8
    at parse (&lt;anonymous&gt;)
    at read (node:internal/modules/package_json_reader:80:16)
    at readPackage (node:internal/modules/package_json_reader:141:10)
    at readPackageScope (node:internal/modules/package_json_reader:164:19)
    at shouldUseESMLoader (node:internal/modules/run_main:72:15)
    at Function.executeUserEntryPoint [as runMain] (node:internal/modules/run_main:129:24)
    at node:internal/main/run_main_module:28:49 {
  path: &apos;/project/workspace/package.json&apos;
}·
Node.js v20.12.1
&quot;
    at Object.&lt;anonymous&gt; (/project/workspace/test/jest/acceptance/iac/describe.spec.ts:116:20)
    at processTicksAndRejections (node:internal/process/task_queues:95:5)</failure>
    </testcase>
    <testcase classname="iac describe Launch driftctl from SNYK_DRIFTCTL_PATH with html output" name="iac describe Launch driftctl from SNYK_DRIFTCTL_PATH with html output" time="0.064">
      <failure>Error: ENOENT: no such file or directory, open &apos;/tmp/dctl-A6QhR4/c74327ee-2521-4b9a-a68e-e0f80d99b442&apos;
    at Object.openSync (node:fs:582:18)
    at Object.readFileSync (node:fs:461:35)
    at Object.&lt;anonymous&gt; (/project/workspace/test/jest/acceptance/iac/describe.spec.ts:133:23)
    at processTicksAndRejections (node:internal/process/task_queues:95:5)</failure>
    </testcase>
    <testcase classname="iac describe Test html file output Launch driftctl with html output format" name="iac describe Test html file output Launch driftctl with html output format" time="0.052">
      <failure>Error: expect(received).toBe(expected) // Object.is equality

Expected: 0
Received: 1
    at Object.&lt;anonymous&gt; (/project/workspace/test/jest/acceptance/iac/describe.spec.ts:186:24)
    at processTicksAndRejections (node:internal/process/task_queues:95:5)</failure>
    </testcase>
    <testcase classname="processDriftctlOutput test that html in stdout is parsed correctly" name="processDriftctlOutput test that html in stdout is parsed correctly" time="0.001">
    </testcase>
    <testcase classname="processDriftctlOutput test that html in file is parsed correctly" name="processDriftctlOutput test that html in file is parsed correctly" time="0.002">
    </testcase>
  </testsuite>
  <testsuite name="snyk container" errors="0" failures="7" skipped="0" timestamp="2024-06-12T20:51:26" time="120.699" tests="7">
    <testcase classname="snyk container test finds dependencies in rpm sqlite databases" name="snyk container test finds dependencies in rpm sqlite databases" time="60.003">
      <failure>Error: thrown: &quot;Exceeded timeout of 60000 ms for a test.
Add a timeout value to this test to increase the timeout, if this is a long-running test. See https://jestjs.io/docs/api#testname-fn-timeout.&quot;
    at /project/workspace/test/jest/acceptance/snyk-container/container.spec.ts:108:5
    at _dispatchDescribe (/project/workspace/node_modules/jest-circus/build/index.js:91:26)
    at describe (/project/workspace/node_modules/jest-circus/build/index.js:55:5)
    at /project/workspace/test/jest/acceptance/snyk-container/container.spec.ts:107:3
    at _dispatchDescribe (/project/workspace/node_modules/jest-circus/build/index.js:91:26)
    at describe (/project/workspace/node_modules/jest-circus/build/index.js:55:5)
    at Object.&lt;anonymous&gt; (/project/workspace/test/jest/acceptance/snyk-container/container.spec.ts:9:1)
    at Runtime._execModule (/project/workspace/node_modules/jest-runtime/build/index.js:1439:24)
    at Runtime._loadModule (/project/workspace/node_modules/jest-runtime/build/index.js:1022:12)
    at Runtime.requireModule (/project/workspace/node_modules/jest-runtime/build/index.js:882:12)
    at jestAdapter (/project/workspace/node_modules/jest-circus/build/legacy-code-todo-rewrite/jestAdapter.js:77:13)
    at runTestInternal (/project/workspace/node_modules/jest-runner/build/runTest.js:367:16)
    at runTest (/project/workspace/node_modules/jest-runner/build/runTest.js:444:34)</failure>
    </testcase>
    <testcase classname="snyk container test finds dependencies in oci image (library/ubuntu)" name="snyk container test finds dependencies in oci image (library/ubuntu)" time="60.001">
      <failure>Error: thrown: &quot;Exceeded timeout of 60000 ms for a test.
Add a timeout value to this test to increase the timeout, if this is a long-running test. See https://jestjs.io/docs/api#testname-fn-timeout.&quot;
    at /project/workspace/test/jest/acceptance/snyk-container/container.spec.ts:115:5
    at _dispatchDescribe (/project/workspace/node_modules/jest-circus/build/index.js:91:26)
    at describe (/project/workspace/node_modules/jest-circus/build/index.js:55:5)
    at /project/workspace/test/jest/acceptance/snyk-container/container.spec.ts:107:3
    at _dispatchDescribe (/project/workspace/node_modules/jest-circus/build/index.js:91:26)
    at describe (/project/workspace/node_modules/jest-circus/build/index.js:55:5)
    at Object.&lt;anonymous&gt; (/project/workspace/test/jest/acceptance/snyk-container/container.spec.ts:9:1)
    at Runtime._execModule (/project/workspace/node_modules/jest-runtime/build/index.js:1439:24)
    at Runtime._loadModule (/project/workspace/node_modules/jest-runtime/build/index.js:1022:12)
    at Runtime.requireModule (/project/workspace/node_modules/jest-runtime/build/index.js:882:12)
    at jestAdapter (/project/workspace/node_modules/jest-circus/build/legacy-code-todo-rewrite/jestAdapter.js:77:13)
    at runTestInternal (/project/workspace/node_modules/jest-runner/build/runTest.js:367:16)
    at runTest (/project/workspace/node_modules/jest-runner/build/runTest.js:444:34)</failure>
    </testcase>
    <testcase classname="snyk container test prints dep graph with --print-graph flag" name="snyk container test prints dep graph with --print-graph flag" time="0.046">
      <failure>Error: expect(received).toEqual(expected) // deep equality

Expected: 0
Received: 1

CLI stderr:
node:internal/modules/package_json_reader:93
        throw error;
        ^

SyntaxError: Error parsing /project/workspace/package.json: Unexpected non-whitespace character after JSON at position 8
    at parse (&lt;anonymous&gt;)
    at read (node:internal/modules/package_json_reader:80:16)
    at readPackage (node:internal/modules/package_json_reader:141:10)
    at readPackageScope (node:internal/modules/package_json_reader:164:19)
    at shouldUseESMLoader (node:internal/modules/run_main:72:15)
    at Function.executeUserEntryPoint [as runMain] (node:internal/modules/run_main:129:24)
    at node:internal/main/run_main_module:28:49 {
  path: &apos;/project/workspace/package.json&apos;
}

Node.js v20.12.1

    at assertCliExitCode (/project/workspace/test/jest/acceptance/snyk-container/container.spec.ts:274:13)
    at Object.&lt;anonymous&gt; (/project/workspace/test/jest/acceptance/snyk-container/container.spec.ts:128:7)
    at processTicksAndRejections (node:internal/process/task_queues:95:5)</failure>
    </testcase>
    <testcase classname="snyk container depgraph should print depgraph for image as JSON" name="snyk container depgraph should print depgraph for image as JSON" time="0.042">
      <failure>Error: expect(received).toEqual(expected) // deep equality

Expected: 0
Received: 1

CLI stderr:
node:internal/modules/package_json_reader:93
        throw error;
        ^

SyntaxError: Error parsing /project/workspace/package.json: Unexpected non-whitespace character after JSON at position 8
    at parse (&lt;anonymous&gt;)
    at read (node:internal/modules/package_json_reader:80:16)
    at readPackage (node:internal/modules/package_json_reader:141:10)
    at readPackageScope (node:internal/modules/package_json_reader:164:19)
    at shouldUseESMLoader (node:internal/modules/run_main:72:15)
    at Function.executeUserEntryPoint [as runMain] (node:internal/modules/run_main:129:24)
    at node:internal/main/run_main_module:28:49 {
  path: &apos;/project/workspace/package.json&apos;
}

Node.js v20.12.1

    at assertCliExitCode (/project/workspace/test/jest/acceptance/snyk-container/container.spec.ts:274:13)
    at Object.&lt;anonymous&gt; (/project/workspace/test/jest/acceptance/snyk-container/container.spec.ts:149:7)
    at processTicksAndRejections (node:internal/process/task_queues:95:5)</failure>
    </testcase>
    <testcase classname="snyk container sbom (mock export-sbom service) should print sbom for image - spdx" name="snyk container sbom (mock export-sbom service) should print sbom for image - spdx" time="0.039">
      <failure>Error: expect(received).toEqual(expected) // deep equality

Expected: 0
Received: 1

CLI stderr:
node:internal/modules/package_json_reader:93
        throw error;
        ^

SyntaxError: Error parsing /project/workspace/package.json: Unexpected non-whitespace character after JSON at position 8
    at parse (&lt;anonymous&gt;)
    at read (node:internal/modules/package_json_reader:80:16)
    at readPackage (node:internal/modules/package_json_reader:141:10)
    at readPackageScope (node:internal/modules/package_json_reader:164:19)
    at shouldUseESMLoader (node:internal/modules/run_main:72:15)
    at Function.executeUserEntryPoint [as runMain] (node:internal/modules/run_main:129:24)
    at node:internal/main/run_main_module:28:49 {
  path: &apos;/project/workspace/package.json&apos;
}

Node.js v20.12.1

    at assertCliExitCode (/project/workspace/test/jest/acceptance/snyk-container/container.spec.ts:274:13)
    at Object.&lt;anonymous&gt; (/project/workspace/test/jest/acceptance/snyk-container/container.spec.ts:199:7)
    at processTicksAndRejections (node:internal/process/task_queues:95:5)</failure>
    </testcase>
    <testcase classname="snyk container sbom (mock export-sbom service) should print sbom for image - cyclonedx 1.4" name="snyk container sbom (mock export-sbom service) should print sbom for image - cyclonedx 1.4" time="0.038">
      <failure>Error: expect(received).toEqual(expected) // deep equality

Expected: 0
Received: 1

CLI stderr:
node:internal/modules/package_json_reader:93
        throw error;
        ^

SyntaxError: Error parsing /project/workspace/package.json: Unexpected non-whitespace character after JSON at position 8
    at parse (&lt;anonymous&gt;)
    at read (node:internal/modules/package_json_reader:80:16)
    at readPackage (node:internal/modules/package_json_reader:141:10)
    at readPackageScope (node:internal/modules/package_json_reader:164:19)
    at shouldUseESMLoader (node:internal/modules/run_main:72:15)
    at Function.executeUserEntryPoint [as runMain] (node:internal/modules/run_main:129:24)
    at node:internal/main/run_main_module:28:49 {
  path: &apos;/project/workspace/package.json&apos;
}

Node.js v20.12.1

    at assertCliExitCode (/project/workspace/test/jest/acceptance/snyk-container/container.spec.ts:274:13)
    at Object.&lt;anonymous&gt; (/project/workspace/test/jest/acceptance/snyk-container/container.spec.ts:222:7)
    at processTicksAndRejections (node:internal/process/task_queues:95:5)</failure>
    </testcase>
    <testcase classname="snyk container sbom (mock export-sbom service) should print sbom for image - cyclonedx 1.5" name="snyk container sbom (mock export-sbom service) should print sbom for image - cyclonedx 1.5" time="0.039">
      <failure>Error: expect(received).toEqual(expected) // deep equality

Expected: 0
Received: 1

CLI stderr:
node:internal/modules/package_json_reader:93
        throw error;
        ^

SyntaxError: Error parsing /project/workspace/package.json: Unexpected non-whitespace character after JSON at position 8
    at parse (&lt;anonymous&gt;)
    at read (node:internal/modules/package_json_reader:80:16)
    at readPackage (node:internal/modules/package_json_reader:141:10)
    at readPackageScope (node:internal/modules/package_json_reader:164:19)
    at shouldUseESMLoader (node:internal/modules/run_main:72:15)
    at Function.executeUserEntryPoint [as runMain] (node:internal/modules/run_main:129:24)
    at node:internal/main/run_main_module:28:49 {
  path: &apos;/project/workspace/package.json&apos;
}

Node.js v20.12.1

    at assertCliExitCode (/project/workspace/test/jest/acceptance/snyk-container/container.spec.ts:274:13)
    at Object.&lt;anonymous&gt; (/project/workspace/test/jest/acceptance/snyk-container/container.spec.ts:249:7)
    at processTicksAndRejections (node:internal/process/task_queues:95:5)</failure>
    </testcase>
  </testsuite>
  <testsuite name="CLI Share Results" errors="0" failures="10" skipped="0" timestamp="2024-06-12T20:53:27" time="0.971" tests="10">
    <testcase classname="CLI Share Results feature flag is not enabled the output includes an error" name="CLI Share Results feature flag is not enabled the output includes an error" time="0.038">
      <failure>Error: expect(received).toMatch(expected)

Expected substring: &quot;Flag \&quot;--report\&quot; is only supported if feature flag \&quot;iacCliShareResults\&quot; is enabled. To enable it, please contact Snyk support.&quot;
Received string:    &quot;&quot;
    at Object.&lt;anonymous&gt; (/project/workspace/test/jest/acceptance/iac/cli-share-results.spec.ts:36:22)
    at processTicksAndRejections (node:internal/process/task_queues:95:5)</failure>
    </testcase>
    <testcase classname="CLI Share Results feature flag is enabled the output of a regular scan includes a link to the projects page" name="CLI Share Results feature flag is enabled the output of a regular scan includes a link to the projects page" time="0.043">
      <failure>Error: expect(received).toContain(expected) // indexOf

Expected substring: &quot;Your test results are available at: http://localhost:40487/org/test-org/projects&quot;
Received string:    &quot;&quot;
    at Object.&lt;anonymous&gt; (/project/workspace/test/jest/acceptance/iac/cli-share-results.spec.ts:53:22)
    at processTicksAndRejections (node:internal/process/task_queues:95:5)</failure>
    </testcase>
    <testcase classname="CLI Share Results feature flag is enabled forwards value to iac-cli-share-results endpoint" name="CLI Share Results feature flag is enabled forwards value to iac-cli-share-results endpoint" time="0.046">
      <failure>Error: expect(received).toEqual(expected) // deep equality

Expected: 1
Received: 0
    at Object.&lt;anonymous&gt; (/project/workspace/test/jest/acceptance/iac/cli-share-results.spec.ts:69:35)
    at processTicksAndRejections (node:internal/process/task_queues:95:5)</failure>
    </testcase>
    <testcase classname="CLI Share Results feature flag is enabled forwards project tags" name="CLI Share Results feature flag is enabled forwards project tags" time="0.06">
      <failure>Error: expect(received).toEqual(expected) // deep equality

Expected: 1
Received: 0
    at Object.&lt;anonymous&gt; (/project/workspace/test/jest/acceptance/iac/cli-share-results.spec.ts:102:31)
    at processTicksAndRejections (node:internal/process/task_queues:95:5)</failure>
    </testcase>
    <testcase classname="CLI Share Results feature flag is enabled forwards project environment" name="CLI Share Results feature flag is enabled forwards project environment" time="0.039">
      <failure>Error: expect(received).toEqual(expected) // deep equality

Expected: 1
Received: 0
    at Object.&lt;anonymous&gt; (/project/workspace/test/jest/acceptance/iac/cli-share-results.spec.ts:121:31)
    at processTicksAndRejections (node:internal/process/task_queues:95:5)</failure>
    </testcase>
    <testcase classname="CLI Share Results feature flag is enabled forwards project lifecycle" name="CLI Share Results feature flag is enabled forwards project lifecycle" time="0.04">
      <failure>Error: expect(received).toEqual(expected) // deep equality

Expected: 1
Received: 0
    at Object.&lt;anonymous&gt; (/project/workspace/test/jest/acceptance/iac/cli-share-results.spec.ts:142:31)
    at processTicksAndRejections (node:internal/process/task_queues:95:5)</failure>
    </testcase>
    <testcase classname="CLI Share Results feature flag is enabled forwards project business criticality" name="CLI Share Results feature flag is enabled forwards project business criticality" time="0.038">
      <failure>Error: expect(received).toEqual(expected) // deep equality

Expected: 1
Received: 0
    at Object.&lt;anonymous&gt; (/project/workspace/test/jest/acceptance/iac/cli-share-results.spec.ts:162:31)
    at processTicksAndRejections (node:internal/process/task_queues:95:5)</failure>
    </testcase>
    <testcase classname="CLI Share Results feature flag is enabled should print an error message if test usage is exceeded" name="CLI Share Results feature flag is enabled should print an error message if test usage is exceeded" time="0.041">
      <failure>Error: expect(received).toMatch(expected)

Expected pattern: /test limit reached/i
Received string:  &quot;&quot;
    at Object.&lt;anonymous&gt; (/project/workspace/test/jest/acceptance/iac/cli-share-results.spec.ts:180:22)
    at processTicksAndRejections (node:internal/process/task_queues:95:5)</failure>
    </testcase>
    <testcase classname="CLI Share Results feature flag is enabled should filter out NONE custom policies severity issues and then forward" name="CLI Share Results feature flag is enabled should filter out NONE custom policies severity issues and then forward" time="0.044">
      <failure>Error: expect(received).toEqual(expected) // deep equality

Expected: 1
Received: 0
    at Object.&lt;anonymous&gt; (/project/workspace/test/jest/acceptance/iac/cli-share-results.spec.ts:193:31)
    at processTicksAndRejections (node:internal/process/task_queues:95:5)</failure>
    </testcase>
    <testcase classname="CLI Share Results feature flag is enabled with target reference forwards the target reference to iac-cli-share-results endpoint" name="CLI Share Results feature flag is enabled with target reference forwards the target reference to iac-cli-share-results endpoint" time="0.047">
      <failure>Error: expect(received).toMatchObject(expected)

Matcher error: received value must be a non-null object

Received has value: undefined
    at Object.&lt;anonymous&gt; (/project/workspace/test/jest/acceptance/iac/cli-share-results.spec.ts:231:33)
    at processTicksAndRejections (node:internal/process/task_queues:95:5)</failure>
    </testcase>
  </testsuite>
  <testsuite name="iac test text output" errors="0" failures="10" skipped="0" timestamp="2024-06-12T20:53:28" time="0.697" tests="10">
    <testcase classname="iac test text output should show the IaC test title" name="iac test text output should show the IaC test title" time="0.04">
      <failure>Error: expect(received).toContain(expected) // indexOf

Expected substring: &quot;Snyk Infrastructure as Code&quot;
Received string:    &quot;&quot;
    at Object.&lt;anonymous&gt; (/project/workspace/test/jest/acceptance/iac/output-formats/text.spec.ts:33:20)
    at processTicksAndRejections (node:internal/process/task_queues:95:5)</failure>
    </testcase>
    <testcase classname="iac test text output should show the spinner message" name="iac test text output should show the spinner message" time="0.046">
      <failure>Error: expect(received).toContain(expected) // indexOf

Expected substring: &quot;Snyk testing Infrastructure as Code configuration issues.&quot;
Received string:    &quot;&quot;
    at Object.&lt;anonymous&gt; (/project/workspace/test/jest/acceptance/iac/output-formats/text.spec.ts:40:20)
    at processTicksAndRejections (node:internal/process/task_queues:95:5)</failure>
    </testcase>
    <testcase classname="iac test text output should show the test completion message" name="iac test text output should show the test completion message" time="0.039">
      <failure>Error: expect(received).toContain(expected) // indexOf

Expected substring: &quot;Test completed.&quot;
Received string:    &quot;&quot;
    at Object.&lt;anonymous&gt; (/project/workspace/test/jest/acceptance/iac/output-formats/text.spec.ts:49:20)
    at processTicksAndRejections (node:internal/process/task_queues:95:5)</failure>
    </testcase>
    <testcase classname="iac test text output should show the issues list section with correct values" name="iac test text output should show the issues list section with correct values" time="0.036">
      <failure>Error: expect(received).toContain(expected) // indexOf

Expected substring: &quot;  [Medium] Azure Firewall Network Rule Collection allows public access
  Info:    That inbound traffic is allowed to a resource from any source instead
           of a restricted range. That potentially everyone can access your
           resource
  Rule:    https://security.snyk.io/rules/cloud/SNYK-CC-TF-20
  Path:    resources[1] &gt; properties &gt; networkRuleCollections[0] &gt; properties &gt;
           rules[0] &gt; sourceAddresses
  File:    ./iac/arm/rule_test.json
  Resolve: Set
           `properties.networkRuleCollections.properties.rules.sourceAddresses`
           attribute to specific IP range only, e.g. `192.168.1.0/24`&quot;
Received string:    &quot;&quot;
    at Object.&lt;anonymous&gt; (/project/workspace/test/jest/acceptance/iac/output-formats/text.spec.ts:55:20)
    at processTicksAndRejections (node:internal/process/task_queues:95:5)</failure>
    </testcase>
    <testcase classname="iac test text output should show the test summary section with correct values" name="iac test text output should show the test summary section with correct values" time="0.039">
      <failure>Error: expect(received).toContain(expected) // indexOf

Expected substring: &quot;Test Summary·
  Organization: test-org
  Project name: fixtures·
✔ Files without issues: &quot;
Received string:    &quot;&quot;
    at Object.&lt;anonymous&gt; (/project/workspace/test/jest/acceptance/iac/output-formats/text.spec.ts:86:20)
    at processTicksAndRejections (node:internal/process/task_queues:95:5)</failure>
    </testcase>
    <testcase classname="iac test text output with multiple test results with test failures should show the failures list section with the correct values" name="iac test text output with multiple test results with test failures should show the failures list section with the correct values" time="0.037">
      <failure>Error: expect(received).toContain(expected) // indexOf

Expected substring: &quot;  Failed to parse JSON file
  Path: iac/arm/invalid_rule_test.json·
  Failed to parse YAML file
  Path: iac/cloudformation/invalid-cfn.yml
        iac/kubernetes/helm-config.yaml
        iac/only-invalid/invalid-file1.yml
        iac/only-invalid/invalid-file2.yaml·
  Failed to parse Terraform file
  Path: iac/terraform/sg_open_ssh_invalid_go_templates.tf
        iac/terraform/sg_open_ssh_invalid_hcl2.tf·
  Failed to load file content
  Path: my-imaginary-file.tf·
  Could not find any valid IaC files
  Path: my-imaginary-directory/&quot;
Received string:    &quot;&quot;
    at Object.&lt;anonymous&gt; (/project/workspace/test/jest/acceptance/iac/output-formats/text.spec.ts:111:24)
    at processTicksAndRejections (node:internal/process/task_queues:95:5)</failure>
    </testcase>
    <testcase classname="iac test text output with multiple test results with test failures should include user tip for test failures" name="iac test text output with multiple test results with test failures should include user tip for test failures" time="0.042">
      <failure>Error: expect(received).toContain(expected) // indexOf

Expected substring: &quot;Tip: Re-run in debug mode to see more information: DEBUG=*snyk* &lt;COMMAND&gt;
If the issue persists contact support@snyk.io&quot;
Received string:    &quot;&quot;
    at Object.&lt;anonymous&gt; (/project/workspace/test/jest/acceptance/iac/output-formats/text.spec.ts:166:24)
    at processTicksAndRejections (node:internal/process/task_queues:95:5)</failure>
    </testcase>
    <testcase classname="iac test text output with only test failures should display the test failures list" name="iac test text output with only test failures should display the test failures list" time="0.038">
      <failure>Error: expect(received).toContain(expected) // indexOf

Expected substring: &quot;  Failed to parse YAML file
  Path: iac/cloudformation/invalid-cfn.yml·
  Failed to parse Terraform file
  Path: iac/terraform/sg_open_ssh_invalid_go_templates.tf
        iac/terraform/sg_open_ssh_invalid_hcl2.tf·
  Could not find any valid IaC files
  Path: does/not/exist&quot;
Received string:    &quot;&quot;
    at Object.&lt;anonymous&gt; (/project/workspace/test/jest/acceptance/iac/output-formats/text.spec.ts:185:22)
    at processTicksAndRejections (node:internal/process/task_queues:95:5)</failure>
    </testcase>
    <testcase classname="iac test text output with no issues should display an appropriate message in the issues section" name="iac test text output with no issues should display an appropriate message in the issues section" time="0.039">
      <failure>Error: expect(received).toContain(expected) // indexOf

Expected substring: &quot;No vulnerable paths were found!&quot;
Received string:    &quot;&quot;
    at Object.&lt;anonymous&gt; (/project/workspace/test/jest/acceptance/iac/output-formats/text.spec.ts:220:22)
    at processTicksAndRejections (node:internal/process/task_queues:95:5)</failure>
    </testcase>
    <testcase classname="iac test text output with issues generated by custom rules should include the public custom rule IDs" name="iac test text output with issues generated by custom rules should include the public custom rule IDs" time="0.038">
      <failure>Error: expect(received).toContain(expected) // indexOf

Expected substring: &quot;Rule:    custom rule CUSTOM-1&quot;
Received string:    &quot;&quot;
    at Object.&lt;anonymous&gt; (/project/workspace/test/jest/acceptance/iac/output-formats/text.spec.ts:231:22)
    at processTicksAndRejections (node:internal/process/task_queues:95:5)</failure>
    </testcase>
  </testsuite>
  <testsuite name="snyk test --all-projects (mocked server only)" errors="0" failures="8" skipped="0" timestamp="2024-06-12T20:53:29" time="1.028" tests="8">
    <testcase classname="snyk test --all-projects (mocked server only) `test yarn-out-of-sync` skips the out of sync project and scans the rest" name="snyk test --all-projects (mocked server only) `test yarn-out-of-sync` skips the out of sync project and scans the rest" time="0.136">
      <failure>Error: expect(received).toEqual(expected) // deep equality

Expected: 0
Received: 1
    at Object.&lt;anonymous&gt; (/project/workspace/test/jest/acceptance/snyk-test/all-projects.spec.ts:48:18)</failure>
    </testcase>
    <testcase classname="snyk test --all-projects (mocked server only) `test yarn-out-of-sync` with --fail-fast errors the whole scan" name="snyk test --all-projects (mocked server only) `test yarn-out-of-sync` with --fail-fast errors the whole scan" time="0.102">
      <failure>Error: expect(received).toEqual(expected) // deep equality

Expected: 2
Received: 1
    at Object.&lt;anonymous&gt; (/project/workspace/test/jest/acceptance/snyk-test/all-projects.spec.ts:76:18)</failure>
    </testcase>
    <testcase classname="snyk test --all-projects (mocked server only) `test yarn-out-of-sync` --strict-out-of-sync=false scans all the workspace projects" name="snyk test --all-projects (mocked server only) `test yarn-out-of-sync` --strict-out-of-sync=false scans all the workspace projects" time="0.173">
      <failure>Error: expect(received).toEqual(expected) // deep equality

Expected: 0
Received: 1
    at Object.&lt;anonymous&gt; (/project/workspace/test/jest/acceptance/snyk-test/all-projects.spec.ts:102:18)</failure>
    </testcase>
    <testcase classname="snyk test --all-projects (mocked server only) `test ruby-app --all-projects`" name="snyk test --all-projects (mocked server only) `test ruby-app --all-projects`" time="0.117">
      <failure>Error: expect(received).toMatch(expected)

Expected substring: &quot;Package manager:   rubygems&quot;
Received string:    &quot;&quot;
    at Object.&lt;anonymous&gt; (/project/workspace/test/jest/acceptance/snyk-test/all-projects.spec.ts:126:20)</failure>
    </testcase>
    <testcase classname="snyk test --all-projects (mocked server only) `test ruby-app-thresholds --all-projects --ignore-policy`" name="snyk test --all-projects (mocked server only) `test ruby-app-thresholds --all-projects --ignore-policy`" time="0.099">
      <failure>TypeError: Cannot read properties of undefined (reading &apos;query&apos;)
    at Object.&lt;anonymous&gt; (/project/workspace/test/jest/acceptance/snyk-test/all-projects.spec.ts:146:16)
    at processTicksAndRejections (node:internal/process/task_queues:95:5)</failure>
    </testcase>
    <testcase classname="snyk test --all-projects (mocked server only) `test mono-repo-with-ignores --all-projects` respects .snyk policy" name="snyk test --all-projects (mocked server only) `test mono-repo-with-ignores --all-projects` respects .snyk policy" time="0.042">
      <failure>Error: expect(received).toHaveLength(expected)

Expected length: 2
Received length: 0
Received array:  []
    at Object.&lt;anonymous&gt; (/project/workspace/test/jest/acceptance/snyk-test/all-projects.spec.ts:170:29)
    at processTicksAndRejections (node:internal/process/task_queues:95:5)</failure>
    </testcase>
    <testcase classname="snyk test --all-projects (mocked server only) `test empty --all-projects`" name="snyk test --all-projects (mocked server only) `test empty --all-projects`" time="0.035">
      <failure>Error: expect(received).toEqual(expected) // deep equality

Expected: 3
Received: 1
    at Object.&lt;anonymous&gt; (/project/workspace/test/jest/acceptance/snyk-test/all-projects.spec.ts:200:18)
    at processTicksAndRejections (node:internal/process/task_queues:95:5)</failure>
    </testcase>
    <testcase classname="snyk test --all-projects (mocked server only) `test composer-app --all-projects`" name="snyk test --all-projects (mocked server only) `test composer-app --all-projects`" time="0.037">
      <failure>Error: expect(received).toHaveLength(expected)

Expected length: 1
Received length: 0
Received array:  []
    at Object.&lt;anonymous&gt; (/project/workspace/test/jest/acceptance/snyk-test/all-projects.spec.ts:215:29)
    at processTicksAndRejections (node:internal/process/task_queues:95:5)</failure>
    </testcase>
  </testsuite>
  <testsuite name="Terraform" errors="0" failures="12" skipped="0" timestamp="2024-06-12T20:53:30" time="1.378" tests="12">
    <testcase classname="Terraform Terraform single file scans finds issues in Terraform file" name="Terraform Terraform single file scans finds issues in Terraform file" time="0.054">
      <failure>Error: expect(received).toContain(expected) // indexOf

Expected substring: &quot;File:    ./iac/terraform/sg_open_ssh.tf&quot;
Received string:    &quot;&quot;
    at Object.&lt;anonymous&gt; (/project/workspace/test/jest/acceptance/iac/test-terraform.spec.ts:26:22)
    at processTicksAndRejections (node:internal/process/task_queues:95:5)</failure>
    </testcase>
    <testcase classname="Terraform Terraform single file scans filters out issues when using severity threshold" name="Terraform Terraform single file scans filters out issues when using severity threshold" time="0.057">
      <failure>Error: expect(received).toContain(expected) // indexOf

Expected substring: &quot;No vulnerable paths were found!&quot;
Received string:    &quot;&quot;
    at Object.&lt;anonymous&gt; (/project/workspace/test/jest/acceptance/iac/test-terraform.spec.ts:39:22)
    at processTicksAndRejections (node:internal/process/task_queues:95:5)</failure>
    </testcase>
    <testcase classname="Terraform Terraform single file scans outputs an error for files with invalid HCL2" name="Terraform Terraform single file scans outputs an error for files with invalid HCL2" time="0.054">
      <failure>Error: expect(received).toContain(expected) // indexOf

Expected substring: &quot;Failed to parse Terraform file
  Path: ./iac/terraform/sg_open_ssh_invalid_hcl2.tf&quot;
Received string:    &quot;&quot;
    at Object.&lt;anonymous&gt; (/project/workspace/test/jest/acceptance/iac/test-terraform.spec.ts:47:22)
    at processTicksAndRejections (node:internal/process/task_queues:95:5)</failure>
    </testcase>
    <testcase classname="Terraform Terraform single file scans outputs the expected text when running with --sarif flag" name="Terraform Terraform single file scans outputs the expected text when running with --sarif flag" time="0.054">
      <failure>Error: expect(received).toBe(expected) // Object.is equality

Expected: true
Received: false
    at Object.&lt;anonymous&gt; (/project/workspace/test/jest/acceptance/iac/test-terraform.spec.ts:59:41)
    at processTicksAndRejections (node:internal/process/task_queues:95:5)</failure>
    </testcase>
    <testcase classname="Terraform Terraform single file scans outputs the expected text when running with --json flag" name="Terraform Terraform single file scans outputs the expected text when running with --json flag" time="0.063">
      <failure>Error: expect(received).toBe(expected) // Object.is equality

Expected: true
Received: false
    at Object.&lt;anonymous&gt; (/project/workspace/test/jest/acceptance/iac/test-terraform.spec.ts:69:41)
    at processTicksAndRejections (node:internal/process/task_queues:95:5)</failure>
    </testcase>
    <testcase classname="Terraform Terraform single file scans returns error empty Terraform file" name="Terraform Terraform single file scans returns error empty Terraform file" time="0.051">
      <failure>Error: expect(received).toBe(expected) // Object.is equality

Expected: 3
Received: 1
    at Object.&lt;anonymous&gt; (/project/workspace/test/jest/acceptance/iac/test-terraform.spec.ts:79:24)
    at processTicksAndRejections (node:internal/process/task_queues:95:5)</failure>
    </testcase>
    <testcase classname="Terraform Terraform directories dereferences variables in nested directories" name="Terraform Terraform directories dereferences variables in nested directories" time="0.07">
      <failure>Error: expect(received).toHaveLength(expected)

Matcher error: received value must have a length property whose value must be a number

Received has value: null
    at Object.&lt;anonymous&gt; (/project/workspace/test/jest/acceptance/iac/test-terraform.spec.ts:89:67)
    at processTicksAndRejections (node:internal/process/task_queues:95:5)</failure>
    </testcase>
    <testcase classname="Terraform Terraform directories scans a mix of IaC files in nested directories" name="Terraform Terraform directories scans a mix of IaC files in nested directories" time="0.093">
      <failure>Error: expect(received).toContain(expected) // indexOf

Expected substring: &quot;File:    kubernetes/pod-privileged.yaml&quot;
Received string:    &quot;&quot;
    at Object.&lt;anonymous&gt; (/project/workspace/test/jest/acceptance/iac/test-terraform.spec.ts:107:22)
    at processTicksAndRejections (node:internal/process/task_queues:95:5)</failure>
    </testcase>
    <testcase classname="Terraform Terraform directories filters out issues when using detection depth" name="Terraform Terraform directories filters out issues when using detection depth" time="0.122">
      <failure>Error: expect(received).toContain(expected) // indexOf

Expected substring: &quot;File:    var_deref/sg_open_ssh.tf&quot;
Received string:    &quot;&quot;
    at Object.&lt;anonymous&gt; (/project/workspace/test/jest/acceptance/iac/test-terraform.spec.ts:145:22)
    at processTicksAndRejections (node:internal/process/task_queues:95:5)</failure>
    </testcase>
    <testcase classname="Terraform with the --var-file flag picks up the file and dereferences the variable context for the right directory (pathToScan)" name="Terraform with the --var-file flag picks up the file and dereferences the variable context for the right directory (pathToScan)" time="0.175">
      <failure>Error: expect(received).toContain(expected) // indexOf

Expected substring: &quot;  Path:    input &gt; resource &gt; aws_security_group[allow_ssh_external_var_file] &gt;
           ingress&quot;
Received string:    &quot;&quot;
    at Object.&lt;anonymous&gt; (/project/workspace/test/jest/acceptance/iac/test-terraform.spec.ts:169:22)
    at processTicksAndRejections (node:internal/process/task_queues:95:5)</failure>
    </testcase>
    <testcase classname="Terraform with the --var-file flag returns error if the file does not exist" name="Terraform with the --var-file flag returns error if the file does not exist" time="0.104">
      <failure>Error: expect(received).toContain(expected) // indexOf

Expected substring: &quot;Invalid path to variable definitions file
  Path: ./iac/terraform/var_deref&quot;
Received string:    &quot;&quot;
    at Object.&lt;anonymous&gt; (/project/workspace/test/jest/acceptance/iac/test-terraform.spec.ts:183:22)
    at processTicksAndRejections (node:internal/process/task_queues:95:5)</failure>
    </testcase>
    <testcase classname="Terraform with the --var-file flag will not parse the external file if it is invalid" name="Terraform with the --var-file flag will not parse the external file if it is invalid" time="0.097">
      <failure>Error: expect(received).toContain(expected) // indexOf

Expected substring: &quot;Failed to parse Terraform file
  Path: ./iac/terraform/sg_open_ssh_invalid_hcl2.tf&quot;
Received string:    &quot;&quot;
    at Object.&lt;anonymous&gt; (/project/workspace/test/jest/acceptance/iac/test-terraform.spec.ts:194:22)
    at processTicksAndRejections (node:internal/process/task_queues:95:5)</failure>
    </testcase>
  </testsuite>
  <testsuite name="Basic acceptance test" errors="0" failures="4" skipped="0" timestamp="2024-06-12T20:53:31" time="43.78" tests="5">
    <testcase classname="Basic acceptance test Bootstrap binary &amp; execute a command" name="Basic acceptance test Bootstrap binary &amp; execute a command" time="9.007">
      <failure>Error: Cannot find module &apos;/project/workspace/ts-binary-wrapper/src/generated/binary-deployments.json&apos; from &apos;ts-binary-wrapper/src/common.ts&apos;
    at Resolver._throwModNotFoundError (/project/workspace/node_modules/jest-resolve/build/resolver.js:427:11)
    at Resolver.resolveModule (/project/workspace/node_modules/jest-resolve/build/resolver.js:358:10)
    at Resolver._getVirtualMockPath (/project/workspace/node_modules/jest-resolve/build/resolver.js:619:14)
    at Resolver._getAbsolutePath (/project/workspace/node_modules/jest-resolve/build/resolver.js:587:14)
    at Resolver.getModuleID (/project/workspace/node_modules/jest-resolve/build/resolver.js:530:31)
    at Runtime._shouldMockCjs (/project/workspace/node_modules/jest-runtime/build/index.js:1713:37)
    at Runtime.requireModuleOrMock (/project/workspace/node_modules/jest-runtime/build/index.js:1045:16)
    at determineBinaryName (/project/workspace/ts-binary-wrapper/src/common.ts:98:30)
    at Object.getCurrentConfiguration (/project/workspace/ts-binary-wrapper/src/common.ts:144:22)
    at Object.&lt;anonymous&gt; (/project/workspace/ts-binary-wrapper/test/acceptance/basic.spec.ts:25:27)
    at Promise.then.completed (/project/workspace/node_modules/jest-circus/build/utils.js:298:28)
    at new Promise (&lt;anonymous&gt;)
    at callAsyncCircusFn (/project/workspace/node_modules/jest-circus/build/utils.js:231:10)
    at _callCircusTest (/project/workspace/node_modules/jest-circus/build/run.js:316:40)
    at processTicksAndRejections (node:internal/process/task_queues:95:5)
    at _runTest (/project/workspace/node_modules/jest-circus/build/run.js:252:3)
    at _runTestsForDescribeBlock (/project/workspace/node_modules/jest-circus/build/run.js:126:9)
    at _runTestsForDescribeBlock (/project/workspace/node_modules/jest-circus/build/run.js:121:9)
    at run (/project/workspace/node_modules/jest-circus/build/run.js:71:3)
    at runAndTransformResultsToJestFormat (/project/workspace/node_modules/jest-circus/build/legacy-code-todo-rewrite/jestAdapterInit.js:122:21)
    at jestAdapter (/project/workspace/node_modules/jest-circus/build/legacy-code-todo-rewrite/jestAdapter.js:79:19)
    at runTestInternal (/project/workspace/node_modules/jest-runner/build/runTest.js:367:16)
    at runTest (/project/workspace/node_modules/jest-runner/build/runTest.js:444:34)</failure>
    </testcase>
    <testcase classname="Basic acceptance test Execute a command without bootstrap" name="Basic acceptance test Execute a command without bootstrap" time="8.356">
      <failure>Error: Cannot find module &apos;/project/workspace/ts-binary-wrapper/src/generated/binary-deployments.json&apos; from &apos;ts-binary-wrapper/src/common.ts&apos;
    at Resolver._throwModNotFoundError (/project/workspace/node_modules/jest-resolve/build/resolver.js:427:11)
    at Resolver.resolveModule (/project/workspace/node_modules/jest-resolve/build/resolver.js:358:10)
    at Resolver._getVirtualMockPath (/project/workspace/node_modules/jest-resolve/build/resolver.js:619:14)
    at Resolver._getAbsolutePath (/project/workspace/node_modules/jest-resolve/build/resolver.js:587:14)
    at Resolver.getModuleID (/project/workspace/node_modules/jest-resolve/build/resolver.js:530:31)
    at Runtime._shouldMockCjs (/project/workspace/node_modules/jest-runtime/build/index.js:1713:37)
    at Runtime.requireModuleOrMock (/project/workspace/node_modules/jest-runtime/build/index.js:1045:16)
    at determineBinaryName (/project/workspace/ts-binary-wrapper/src/common.ts:98:30)
    at Object.getCurrentConfiguration (/project/workspace/ts-binary-wrapper/src/common.ts:144:22)
    at Object.&lt;anonymous&gt; (/project/workspace/ts-binary-wrapper/test/acceptance/basic.spec.ts:78:27)
    at Promise.then.completed (/project/workspace/node_modules/jest-circus/build/utils.js:298:28)
    at new Promise (&lt;anonymous&gt;)
    at callAsyncCircusFn (/project/workspace/node_modules/jest-circus/build/utils.js:231:10)
    at _callCircusTest (/project/workspace/node_modules/jest-circus/build/run.js:316:40)
    at processTicksAndRejections (node:internal/process/task_queues:95:5)
    at _runTest (/project/workspace/node_modules/jest-circus/build/run.js:252:3)
    at _runTestsForDescribeBlock (/project/workspace/node_modules/jest-circus/build/run.js:126:9)
    at _runTestsForDescribeBlock (/project/workspace/node_modules/jest-circus/build/run.js:121:9)
    at run (/project/workspace/node_modules/jest-circus/build/run.js:71:3)
    at runAndTransformResultsToJestFormat (/project/workspace/node_modules/jest-circus/build/legacy-code-todo-rewrite/jestAdapterInit.js:122:21)
    at jestAdapter (/project/workspace/node_modules/jest-circus/build/legacy-code-todo-rewrite/jestAdapter.js:79:19)
    at runTestInternal (/project/workspace/node_modules/jest-runner/build/runTest.js:367:16)
    at runTest (/project/workspace/node_modules/jest-runner/build/runTest.js:444:34)</failure>
    </testcase>
    <testcase classname="Basic acceptance test Execute with --legacy-cli" name="Basic acceptance test Execute with --legacy-cli" time="8.455">
      <failure>Error: Cannot find module &apos;/project/workspace/ts-binary-wrapper/src/generated/binary-deployments.json&apos; from &apos;ts-binary-wrapper/src/common.ts&apos;
    at Resolver._throwModNotFoundError (/project/workspace/node_modules/jest-resolve/build/resolver.js:427:11)
    at Resolver.resolveModule (/project/workspace/node_modules/jest-resolve/build/resolver.js:358:10)
    at Resolver._getVirtualMockPath (/project/workspace/node_modules/jest-resolve/build/resolver.js:619:14)
    at Resolver._getAbsolutePath (/project/workspace/node_modules/jest-resolve/build/resolver.js:587:14)
    at Resolver.getModuleID (/project/workspace/node_modules/jest-resolve/build/resolver.js:530:31)
    at Runtime._shouldMockCjs (/project/workspace/node_modules/jest-runtime/build/index.js:1713:37)
    at Runtime.requireModuleOrMock (/project/workspace/node_modules/jest-runtime/build/index.js:1045:16)
    at determineBinaryName (/project/workspace/ts-binary-wrapper/src/common.ts:98:30)
    at Object.getCurrentConfiguration (/project/workspace/ts-binary-wrapper/src/common.ts:144:22)
    at Object.&lt;anonymous&gt; (/project/workspace/ts-binary-wrapper/test/acceptance/basic.spec.ts:119:27)
    at Promise.then.completed (/project/workspace/node_modules/jest-circus/build/utils.js:298:28)
    at new Promise (&lt;anonymous&gt;)
    at callAsyncCircusFn (/project/workspace/node_modules/jest-circus/build/utils.js:231:10)
    at _callCircusTest (/project/workspace/node_modules/jest-circus/build/run.js:316:40)
    at processTicksAndRejections (node:internal/process/task_queues:95:5)
    at _runTest (/project/workspace/node_modules/jest-circus/build/run.js:252:3)
    at _runTestsForDescribeBlock (/project/workspace/node_modules/jest-circus/build/run.js:126:9)
    at _runTestsForDescribeBlock (/project/workspace/node_modules/jest-circus/build/run.js:121:9)
    at run (/project/workspace/node_modules/jest-circus/build/run.js:71:3)
    at runAndTransformResultsToJestFormat (/project/workspace/node_modules/jest-circus/build/legacy-code-todo-rewrite/jestAdapterInit.js:122:21)
    at jestAdapter (/project/workspace/node_modules/jest-circus/build/legacy-code-todo-rewrite/jestAdapter.js:79:19)
    at runTestInternal (/project/workspace/node_modules/jest-runner/build/runTest.js:367:16)
    at runTest (/project/workspace/node_modules/jest-runner/build/runTest.js:444:34)</failure>
    </testcase>
    <testcase classname="Basic acceptance test Execute with a failing download" name="Basic acceptance test Execute with a failing download" time="8.878">
      <failure>Error: Cannot find module &apos;/project/workspace/ts-binary-wrapper/src/generated/binary-deployments.json&apos; from &apos;ts-binary-wrapper/src/common.ts&apos;
    at Resolver._throwModNotFoundError (/project/workspace/node_modules/jest-resolve/build/resolver.js:427:11)
    at Resolver.resolveModule (/project/workspace/node_modules/jest-resolve/build/resolver.js:358:10)
    at Resolver._getVirtualMockPath (/project/workspace/node_modules/jest-resolve/build/resolver.js:619:14)
    at Resolver._getAbsolutePath (/project/workspace/node_modules/jest-resolve/build/resolver.js:587:14)
    at Resolver.getModuleID (/project/workspace/node_modules/jest-resolve/build/resolver.js:530:31)
    at Runtime._shouldMockCjs (/project/workspace/node_modules/jest-runtime/build/index.js:1713:37)
    at Runtime.requireModuleOrMock (/project/workspace/node_modules/jest-runtime/build/index.js:1045:16)
    at determineBinaryName (/project/workspace/ts-binary-wrapper/src/common.ts:98:30)
    at Object.getCurrentConfiguration (/project/workspace/ts-binary-wrapper/src/common.ts:144:22)
    at Object.&lt;anonymous&gt; (/project/workspace/ts-binary-wrapper/test/acceptance/basic.spec.ts:149:27)
    at Promise.then.completed (/project/workspace/node_modules/jest-circus/build/utils.js:298:28)
    at new Promise (&lt;anonymous&gt;)
    at callAsyncCircusFn (/project/workspace/node_modules/jest-circus/build/utils.js:231:10)
    at _callCircusTest (/project/workspace/node_modules/jest-circus/build/run.js:316:40)
    at processTicksAndRejections (node:internal/process/task_queues:95:5)
    at _runTest (/project/workspace/node_modules/jest-circus/build/run.js:252:3)
    at _runTestsForDescribeBlock (/project/workspace/node_modules/jest-circus/build/run.js:126:9)
    at _runTestsForDescribeBlock (/project/workspace/node_modules/jest-circus/build/run.js:121:9)
    at run (/project/workspace/node_modules/jest-circus/build/run.js:71:3)
    at runAndTransformResultsToJestFormat (/project/workspace/node_modules/jest-circus/build/legacy-code-todo-rewrite/jestAdapterInit.js:122:21)
    at jestAdapter (/project/workspace/node_modules/jest-circus/build/legacy-code-todo-rewrite/jestAdapter.js:79:19)
    at runTestInternal (/project/workspace/node_modules/jest-runner/build/runTest.js:367:16)
    at runTest (/project/workspace/node_modules/jest-runner/build/runTest.js:444:34)</failure>
    </testcase>
    <testcase classname="Basic acceptance test Bootstrap binary fails when proxy is used but not allowed" name="Basic acceptance test Bootstrap binary fails when proxy is used but not allowed" time="8.565">
    </testcase>
  </testsuite>
  <testsuite name="extractProvenance" errors="0" failures="0" skipped="0" timestamp="2024-06-12T20:54:15" time="0.2" tests="5">
    <testcase classname="extractProvenance can extract and parse 1 required files" name="extractProvenance can extract and parse 1 required files" time="0.002">
    </testcase>
    <testcase classname="extractProvenance can extract and parse 1 required files" name="extractProvenance can extract and parse 1 required files" time="0">
    </testcase>
    <testcase classname="extractProvenance can extract and parse all required files with both -r and -c" name="extractProvenance can extract and parse all required files with both -r and -c" time="0.001">
    </testcase>
    <testcase classname="extractProvenance can extract and parse all required files with nested -r and -c" name="extractProvenance can extract and parse all required files with nested -r and -c" time="0.006">
    </testcase>
    <testcase classname="extractProvenance can extract and parse all required files when -r is recursive" name="extractProvenance can extract and parse all required files when -r is recursive" time="0.001">
    </testcase>
  </testsuite>
  <testsuite name="log4shell command" errors="0" failures="6" skipped="0" timestamp="2024-06-12T20:54:15" time="0.422" tests="6">
    <testcase classname="log4shell command detects vulnerable versions of log4j only in jar files" name="log4shell command detects vulnerable versions of log4j only in jar files" time="0.046">
      <failure>Error: expect(received).toContain(expected) // indexOf

Expected substring: &quot;Please note this command is for already built artifacts. To test source code please use `snyk test`.
- Looking for Log4Shell...·
Results:
A version of Log4J that is vulnerable to Log4Shell was detected:
	./log4j-core-2.12.0.jar
	./log4j-core-2.12.1.jar
	./log4j-core-2.13.0.jar
	./log4j-core-2.13.1.jar
	./log4j-core-2.13.2.jar
	./log4j-core-2.13.3.jar
	./log4j-core-2.14.0.jar
	./log4j-core-2.14.1.jar
	./log4j-core-2.15.0.jar·
We highly recommend fixing this vulnerability. If it cannot be fixed by upgrading, see mitigation information here:
      	- https://security.snyk.io/vuln/SNYK-JAVA-ORGAPACHELOGGINGLOG4J-2314720
      	- https://snyk.io/blog/log4shell-remediation-cheat-sheet/·
A version of Log4J that is vulnerable to CVE-2021-45105 (Denial of Service) was detected:
	./log4j-core-2.16.0.jar·
We recommend fixing this vulnerability by upgrading to a later version. To learn more about this vulnerability, see:
      	- https://security.snyk.io/vuln/SNYK-JAVA-ORGAPACHELOGGINGLOG4J-2321524··
&quot;
Received string:    &quot;&quot;
    at Object.&lt;anonymous&gt; (/project/workspace/test/jest/acceptance/snyk-log4shell/log4shell-detection.spec.ts:55:20)
    at processTicksAndRejections (node:internal/process/task_queues:95:5)</failure>
    </testcase>
    <testcase classname="log4shell command detects vulnerable versions of log4j for mixed file extensions (jar, ear) and nested files" name="log4shell command detects vulnerable versions of log4j for mixed file extensions (jar, ear) and nested files" time="0.043">
      <failure>Error: expect(received).toContain(expected) // indexOf

Expected substring: &quot;Please note this command is for already built artifacts. To test source code please use `snyk test`.
- Looking for Log4Shell...·
Results:
A version of Log4J that is vulnerable to Log4Shell was detected:
	./log4j-core-2.13.0.jar
	./nested-artifacts/snyk-module.ear/log4j-core-2.14.0.jar
	./nested-artifacts/snyk-module.jar/log4j-core-2.14.1.jar
	./snyk-module.ear/log4j-core-2.14.0.jar·
We highly recommend fixing this vulnerability. If it cannot be fixed by upgrading, see mitigation information here:
      	- https://security.snyk.io/vuln/SNYK-JAVA-ORGAPACHELOGGINGLOG4J-2314720
      	- https://snyk.io/blog/log4shell-remediation-cheat-sheet/··
&quot;
Received string:    &quot;&quot;
    at Object.&lt;anonymous&gt; (/project/workspace/test/jest/acceptance/snyk-log4shell/log4shell-detection.spec.ts:86:20)
    at processTicksAndRejections (node:internal/process/task_queues:95:5)</failure>
    </testcase>
    <testcase classname="log4shell command not detects non-vulnerable versions of log4j" name="log4shell command not detects non-vulnerable versions of log4j" time="0.037">
      <failure>Error: expect(received).toBe(expected) // Object.is equality

Expected: 0
Received: 1
    at Object.&lt;anonymous&gt; (/project/workspace/test/jest/acceptance/snyk-log4shell/log4shell-detection.spec.ts:106:18)
    at processTicksAndRejections (node:internal/process/task_queues:95:5)</failure>
    </testcase>
    <testcase classname="log4shell command detects vulnerable versions of nested log4j jar" name="log4shell command detects vulnerable versions of nested log4j jar" time="0.042">
      <failure>Error: expect(received).toContain(expected) // indexOf

Expected substring: &quot;Please note this command is for already built artifacts. To test source code please use `snyk test`.
- Looking for Log4Shell...·
Results:
A version of Log4J that is vulnerable to Log4Shell was detected:
	./1-level/1-level-nested.jar/log4j-core-2.14.1.jar
	./2-level/2-level-nested.jar/libs/1-level-nested.jar/log4j-core-2.14.1.jar
	./3-level/3-level-nested.jar/libs/2-level-nested.jar/libs/1-level-nested.jar/log4j-core-2.14.1.jar
	./4-level/4-level-nested.jar/libs/3-level-nested.jar/libs/2-level-nested.jar/libs/1-level-nested.jar/log4j-core-2.14.1.jar
	./5-level/5-level-nested.jar/libs/4-level-nested.jar/libs/3-level-nested.jar/libs/2-level-nested.jar/libs/1-level-nested.jar/log4j-core-2.14.1.jar·
We highly recommend fixing this vulnerability. If it cannot be fixed by upgrading, see mitigation information here:
      	- https://security.snyk.io/vuln/SNYK-JAVA-ORGAPACHELOGGINGLOG4J-2314720
      	- https://snyk.io/blog/log4shell-remediation-cheat-sheet/··
&quot;
Received string:    &quot;&quot;
    at Object.&lt;anonymous&gt; (/project/workspace/test/jest/acceptance/snyk-log4shell/log4shell-detection.spec.ts:139:20)
    at processTicksAndRejections (node:internal/process/task_queues:95:5)</failure>
    </testcase>
    <testcase classname="log4shell command detects vulnerable versions of log4j without jar" name="log4shell command detects vulnerable versions of log4j without jar" time="0.04">
      <failure>Error: expect(received).toContain(expected) // indexOf

Expected substring: &quot;Please note this command is for already built artifacts. To test source code please use `snyk test`.
- Looking for Log4Shell...·
Results:
A version of Log4J that is vulnerable to Log4Shell was detected:
	./org/apache/logging/log4j/core·
We highly recommend fixing this vulnerability. If it cannot be fixed by upgrading, see mitigation information here:
      	- https://security.snyk.io/vuln/SNYK-JAVA-ORGAPACHELOGGINGLOG4J-2314720
      	- https://snyk.io/blog/log4shell-remediation-cheat-sheet/··
&quot;
Received string:    &quot;&quot;
    at Object.&lt;anonymous&gt; (/project/workspace/test/jest/acceptance/snyk-log4shell/log4shell-detection.spec.ts:167:20)
    at processTicksAndRejections (node:internal/process/task_queues:95:5)</failure>
    </testcase>
    <testcase classname="log4shell command displays DOS message for 2.16.x" name="log4shell command displays DOS message for 2.16.x" time="0.037">
      <failure>Error: expect(received).toContain(expected) // indexOf

Expected substring: &quot;Please note this command is for already built artifacts. To test source code please use `snyk test`.
- Looking for Log4Shell...·
Results:
A version of Log4J that is vulnerable to CVE-2021-45105 (Denial of Service) was detected:
	./ear/ear-1.0-SNAPSHOT.ear/log4j-core-2.16.0.jar
	./log4j-core-2.16.0.jar
	./war/war-1.0-SNAPSHOT.war/WEB-INF/lib/log4j-core-2.16.0.jar·
We recommend fixing this vulnerability by upgrading to a later version. To learn more about this vulnerability, see:
      	- https://security.snyk.io/vuln/SNYK-JAVA-ORGAPACHELOGGINGLOG4J-2321524··
&quot;
Received string:    &quot;&quot;
    at Object.&lt;anonymous&gt; (/project/workspace/test/jest/acceptance/snyk-log4shell/log4shell-detection.spec.ts:196:20)
    at processTicksAndRejections (node:internal/process/task_queues:95:5)</failure>
    </testcase>
  </testsuite>
  <testsuite name="container test projects behavior with --app-vulns, --file and --exclude-base-image-vulns flags" errors="0" failures="9" skipped="0" timestamp="2024-06-12T20:54:16" time="0.567" tests="9">
    <testcase classname="container test projects behavior with --app-vulns, --file and --exclude-base-image-vulns flags should find nothing when only vulns are in base image" name="container test projects behavior with --app-vulns, --file and --exclude-base-image-vulns flags should find nothing when only vulns are in base image" time="0.038">
      <failure>SyntaxError: Unexpected end of JSON input
    at JSON.parse (&lt;anonymous&gt;)
    at Object.&lt;anonymous&gt; (/project/workspace/test/jest/acceptance/snyk-test/app-vuln-container-project.spec.ts:12:29)
    at processTicksAndRejections (node:internal/process/task_queues:95:5)</failure>
    </testcase>
    <testcase classname="container test projects behavior with --app-vulns, --file and --exclude-base-image-vulns flags should find all vulns including app vulns" name="container test projects behavior with --app-vulns, --file and --exclude-base-image-vulns flags should find all vulns including app vulns" time="0.033">
      <failure>SyntaxError: Unexpected end of JSON input
    at JSON.parse (&lt;anonymous&gt;)
    at Object.&lt;anonymous&gt; (/project/workspace/test/jest/acceptance/snyk-test/app-vuln-container-project.spec.ts:20:29)
    at processTicksAndRejections (node:internal/process/task_queues:95:5)</failure>
    </testcase>
    <testcase classname="container test projects behavior with --app-vulns, --file and --exclude-base-image-vulns flags should find nothing when app-vulns are explicitly disabled" name="container test projects behavior with --app-vulns, --file and --exclude-base-image-vulns flags should find nothing when app-vulns are explicitly disabled" time="0.032">
      <failure>SyntaxError: Unexpected end of JSON input
    at JSON.parse (&lt;anonymous&gt;)
    at Object.&lt;anonymous&gt; (/project/workspace/test/jest/acceptance/snyk-test/app-vuln-container-project.spec.ts:32:29)
    at processTicksAndRejections (node:internal/process/task_queues:95:5)</failure>
    </testcase>
    <testcase classname="container test projects behavior with --app-vulns, --file and --exclude-base-image-vulns flags should find nothing on conflicting app-vulns flags" name="container test projects behavior with --app-vulns, --file and --exclude-base-image-vulns flags should find nothing on conflicting app-vulns flags" time="0.032">
      <failure>SyntaxError: Unexpected end of JSON input
    at JSON.parse (&lt;anonymous&gt;)
    at Object.&lt;anonymous&gt; (/project/workspace/test/jest/acceptance/snyk-test/app-vuln-container-project.spec.ts:45:29)
    at processTicksAndRejections (node:internal/process/task_queues:95:5)</failure>
    </testcase>
    <testcase classname="container test projects behavior with --app-vulns, --file and --exclude-base-image-vulns flags should show app vulns tip when available" name="container test projects behavior with --app-vulns, --file and --exclude-base-image-vulns flags should show app vulns tip when available" time="0.033">
      <failure>Error: expect(received).toContain(expected) // indexOf

Expected substring: &quot;Testing docker-archive:test&quot;
Received string:    &quot;&quot;
    at Object.&lt;anonymous&gt; (/project/workspace/test/jest/acceptance/snyk-test/app-vuln-container-project.spec.ts:58:20)
    at processTicksAndRejections (node:internal/process/task_queues:95:5)</failure>
    </testcase>
    <testcase classname="container test projects behavior with --app-vulns, --file and --exclude-base-image-vulns flags should find all vulns without experimental flag" name="container test projects behavior with --app-vulns, --file and --exclude-base-image-vulns flags should find all vulns without experimental flag" time="0.033">
      <failure>SyntaxError: Unexpected end of JSON input
    at JSON.parse (&lt;anonymous&gt;)
    at Object.&lt;anonymous&gt; (/project/workspace/test/jest/acceptance/snyk-test/app-vuln-container-project.spec.ts:65:29)
    at processTicksAndRejections (node:internal/process/task_queues:95:5)</failure>
    </testcase>
    <testcase classname="container test projects behavior with --app-vulns, --file and --exclude-base-image-vulns flags should return only dockerfile instructions vulnerabilities when excluding base image vulns" name="container test projects behavior with --app-vulns, --file and --exclude-base-image-vulns flags should return only dockerfile instructions vulnerabilities when excluding base image vulns" time="0.033">
      <failure>SyntaxError: Unexpected end of JSON input
    at JSON.parse (&lt;anonymous&gt;)
    at Object.&lt;anonymous&gt; (/project/workspace/test/jest/acceptance/snyk-test/app-vuln-container-project.spec.ts:83:29)
    at processTicksAndRejections (node:internal/process/task_queues:95:5)</failure>
    </testcase>
    <testcase classname="container test projects behavior with --app-vulns, --file and --exclude-base-image-vulns flags finds dockerfile instructions and app vulns when excluding base image vulns" name="container test projects behavior with --app-vulns, --file and --exclude-base-image-vulns flags finds dockerfile instructions and app vulns when excluding base image vulns" time="0.034">
      <failure>SyntaxError: Unexpected end of JSON input
    at JSON.parse (&lt;anonymous&gt;)
    at Object.&lt;anonymous&gt; (/project/workspace/test/jest/acceptance/snyk-test/app-vuln-container-project.spec.ts:98:29)
    at processTicksAndRejections (node:internal/process/task_queues:95:5)</failure>
    </testcase>
    <testcase classname="container test projects behavior with --json flag returns a json with the --experimental flags" name="container test projects behavior with --json flag returns a json with the --experimental flags" time="0.033">
      <failure>SyntaxError: Unexpected end of JSON input
    at JSON.parse (&lt;anonymous&gt;)
    at Object.&lt;anonymous&gt; (/project/workspace/test/jest/acceptance/snyk-test/app-vuln-container-project.spec.ts:147:29)
    at processTicksAndRejections (node:internal/process/task_queues:95:5)</failure>
    </testcase>
  </testsuite>
  <testsuite name="`test` command with `--print-graph` option" errors="0" failures="3" skipped="0" timestamp="2024-06-12T20:54:16" time="0.355" tests="3">
    <testcase classname="`test` command with `--print-graph` option works for project with no deps" name="`test` command with `--print-graph` option works for project with no deps" time="0.046">
      <failure>Error: expect(received).toEqual(expected) // deep equality

Expected: 0
Received: 1
    at Object.&lt;anonymous&gt; (/project/workspace/test/jest/acceptance/print-graph.spec.ts:52:18)
    at processTicksAndRejections (node:internal/process/task_queues:95:5)</failure>
    </testcase>
    <testcase classname="`test` command with `--print-graph` option works for project with dep" name="`test` command with `--print-graph` option works for project with dep" time="0.038">
      <failure>Error: expect(received).toEqual(expected) // deep equality

Expected: 0
Received: 1
    at Object.&lt;anonymous&gt; (/project/workspace/test/jest/acceptance/print-graph.spec.ts:99:18)
    at processTicksAndRejections (node:internal/process/task_queues:95:5)</failure>
    </testcase>
    <testcase classname="`test` command with `--print-graph` option works with `--all-projects`" name="`test` command with `--print-graph` option works with `--all-projects`" time="0.037">
      <failure>Error: expect(received).toEqual(expected) // deep equality

Expected: 0
Received: 1
    at Object.&lt;anonymous&gt; (/project/workspace/test/jest/acceptance/print-graph.spec.ts:169:18)
    at processTicksAndRejections (node:internal/process/task_queues:95:5)</failure>
    </testcase>
  </testsuite>
  <testsuite name="test --json" errors="0" failures="5" skipped="0" timestamp="2024-06-12T20:54:17" time="0.994" tests="5">
    <testcase classname="test --json test with --json returns without error and with JSON return type when no vulns found" name="test --json test with --json returns without error and with JSON return type when no vulns found" time="0.166">
      <failure>Error: expect(received).toEqual(expected) // deep equality

Expected: 0
Received: 1
    at Object.&lt;anonymous&gt; (/project/workspace/test/jest/acceptance/cli-json-output.spec.ts:45:18)</failure>
    </testcase>
    <testcase classname="test --json test without --json returns without error and with a string return type when no vulns found" name="test --json test without --json returns without error and with a string return type when no vulns found" time="0.102">
      <failure>Error: expect(received).toEqual(expected) // deep equality

Expected: 0
Received: 1
    at Object.&lt;anonymous&gt; (/project/workspace/test/jest/acceptance/cli-json-output.spec.ts:61:18)</failure>
    </testcase>
    <testcase classname="test --json test with --json throws error and error contains json output with vulnerabilities when vulns found" name="test --json test with --json throws error and error contains json output with vulnerabilities when vulns found" time="0.096">
      <failure>SyntaxError: Unexpected end of JSON input
    at JSON.parse (&lt;anonymous&gt;)
    at Object.&lt;anonymous&gt; (/project/workspace/test/jest/acceptance/cli-json-output.spec.ts:77:31)</failure>
    </testcase>
    <testcase classname="test --json handling responses larger than 512Mb string size limit in v8 container test --json" name="test --json handling responses larger than 512Mb string size limit in v8 container test --json" time="0.185">
      <failure>Error: expect(received).toBeTruthy()

Received: false
    at Object.&lt;anonymous&gt; (/project/workspace/test/jest/acceptance/cli-json-output.spec.ts:132:48)</failure>
    </testcase>
    <testcase classname="test --json when policy data is available includes a user note and reason" name="test --json when policy data is available includes a user note and reason" time="0.2">
      <failure>SyntaxError: Unexpected end of JSON input
    at JSON.parse (&lt;anonymous&gt;)
    at Object.&lt;anonymous&gt; (/project/workspace/test/jest/acceptance/cli-json-output.spec.ts:159:33)</failure>
    </testcase>
  </testsuite>
  <testsuite name="analytics module" errors="0" failures="4" skipped="0" timestamp="2024-06-12T20:54:18" time="0.468" tests="4">
    <testcase classname="analytics module detects upgradable protect paths with `snyk test` with upgradable path in the cwd" name="analytics module detects upgradable protect paths with `snyk test` with upgradable path in the cwd" time="0.044">
      <failure>Error: expect(received).toBe(expected) // Object.is equality

Expected: 0
Received: 1
    at Object.&lt;anonymous&gt; (/project/workspace/test/jest/acceptance/snyk-test/protect-upgrade-notification.spec.ts:49:18)
    at processTicksAndRejections (node:internal/process/task_queues:95:5)</failure>
    </testcase>
    <testcase classname="analytics module detects upgradable protect paths with `snyk test` using `--file=`" name="analytics module detects upgradable protect paths with `snyk test` using `--file=`" time="0.036">
      <failure>Error: expect(received).toBe(expected) // Object.is equality

Expected: 0
Received: 1
    at Object.&lt;anonymous&gt; (/project/workspace/test/jest/acceptance/snyk-test/protect-upgrade-notification.spec.ts:83:18)
    at processTicksAndRejections (node:internal/process/task_queues:95:5)</failure>
    </testcase>
    <testcase classname="analytics module detects upgradable protect paths with `snyk test` using paths as positional args" name="analytics module detects upgradable protect paths with `snyk test` using paths as positional args" time="0.038">
      <failure>Error: expect(received).toBe(expected) // Object.is equality

Expected: 0
Received: 1
    at Object.&lt;anonymous&gt; (/project/workspace/test/jest/acceptance/snyk-test/protect-upgrade-notification.spec.ts:124:18)
    at processTicksAndRejections (node:internal/process/task_queues:95:5)</failure>
    </testcase>
    <testcase classname="analytics module detects no upgradable protect paths with `snyk test` with no upgradable paths in the cwd" name="analytics module detects no upgradable protect paths with `snyk test` with no upgradable paths in the cwd" time="0.037">
      <failure>Error: expect(received).toBe(expected) // Object.is equality

Expected: 0
Received: 1
    at Object.&lt;anonymous&gt; (/project/workspace/test/jest/acceptance/snyk-test/protect-upgrade-notification.spec.ts:165:18)
    at processTicksAndRejections (node:internal/process/task_queues:95:5)</failure>
    </testcase>
  </testsuite>
  <testsuite name="cli token precedence" errors="0" failures="9" skipped="0" timestamp="2024-06-12T20:54:18" time="2.173" tests="9">
    <testcase classname="cli token precedence when snykAPI is set in config should use snykAPI auth type set in config" name="cli token precedence when snykAPI is set in config should use snykAPI auth type set in config" time="0.184">
      <failure>TypeError: Cannot read properties of undefined (reading &apos;headers&apos;)
    at Object.&lt;anonymous&gt; (/project/workspace/test/jest/acceptance/cli-token-precedence.spec.ts:107:47)
    at processTicksAndRejections (node:internal/process/task_queues:95:5)</failure>
    </testcase>
    <testcase classname="cli token precedence when snykAPI is set in config when oauth env vars are set SNYK_OAUTH_TOKEN should override config" name="cli token precedence when snykAPI is set in config when oauth env vars are set SNYK_OAUTH_TOKEN should override config" time="0.402">
      <failure>TypeError: Cannot read properties of undefined (reading &apos;headers&apos;)
    at Object.&lt;anonymous&gt; (/project/workspace/test/jest/acceptance/cli-token-precedence.spec.ts:122:49)
    at processTicksAndRejections (node:internal/process/task_queues:95:5)</failure>
    </testcase>
    <testcase classname="cli token precedence when snykAPI is set in config when oauth env vars are set SNYK_DOCKER_TOKEN should override config" name="cli token precedence when snykAPI is set in config when oauth env vars are set SNYK_DOCKER_TOKEN should override config" time="0.345">
      <failure>Error: expect(received).toEqual(expected) // deep equality

Expected: &quot;Bearer snykDockerToken&quot;
Received: undefined
    at Object.&lt;anonymous&gt; (/project/workspace/test/jest/acceptance/cli-token-precedence.spec.ts:135:30)
    at processTicksAndRejections (node:internal/process/task_queues:95:5)</failure>
    </testcase>
    <testcase classname="cli token precedence when snykAPI is set in config when token env vars are set SNYK_TOKEN should override config" name="cli token precedence when snykAPI is set in config when token env vars are set SNYK_TOKEN should override config" time="0.147">
      <failure>TypeError: Cannot read properties of undefined (reading &apos;headers&apos;)
    at Object.&lt;anonymous&gt; (/project/workspace/test/jest/acceptance/cli-token-precedence.spec.ts:149:51)
    at processTicksAndRejections (node:internal/process/task_queues:95:5)</failure>
    </testcase>
    <testcase classname="cli token precedence when snykAPI is set in config when token env vars are set SNYK_CFG_API should override config" name="cli token precedence when snykAPI is set in config when token env vars are set SNYK_CFG_API should override config" time="0.109">
      <failure>TypeError: Cannot read properties of undefined (reading &apos;headers&apos;)
    at Object.&lt;anonymous&gt; (/project/workspace/test/jest/acceptance/cli-token-precedence.spec.ts:161:51)
    at processTicksAndRejections (node:internal/process/task_queues:95:5)</failure>
    </testcase>
    <testcase classname="cli token precedence when snykOAuth is set in config should use snykOAuth auth type set in config" name="cli token precedence when snykOAuth is set in config should use snykOAuth auth type set in config" time="0.146">
      <failure>TypeError: Cannot read properties of undefined (reading &apos;headers&apos;)
    at Object.&lt;anonymous&gt; (/project/workspace/test/jest/acceptance/cli-token-precedence.spec.ts:107:47)
    at processTicksAndRejections (node:internal/process/task_queues:95:5)</failure>
    </testcase>
    <testcase classname="cli token precedence when snykOAuth is set in config when oauth env vars are set SNYK_OAUTH_TOKEN should override config" name="cli token precedence when snykOAuth is set in config when oauth env vars are set SNYK_OAUTH_TOKEN should override config" time="0.145">
      <failure>TypeError: Cannot read properties of undefined (reading &apos;headers&apos;)
    at Object.&lt;anonymous&gt; (/project/workspace/test/jest/acceptance/cli-token-precedence.spec.ts:122:49)
    at processTicksAndRejections (node:internal/process/task_queues:95:5)</failure>
    </testcase>
    <testcase classname="cli token precedence when snykOAuth is set in config when oauth env vars are set SNYK_DOCKER_TOKEN should override config" name="cli token precedence when snykOAuth is set in config when oauth env vars are set SNYK_DOCKER_TOKEN should override config" time="0.14">
      <failure>TypeError: Cannot read properties of undefined (reading &apos;headers&apos;)
    at Object.&lt;anonymous&gt; (/project/workspace/test/jest/acceptance/cli-token-precedence.spec.ts:134:49)
    at processTicksAndRejections (node:internal/process/task_queues:95:5)</failure>
    </testcase>
    <testcase classname="cli token precedence when snykOAuth is set in config when INTERNAL_OAUTH_TOKEN_STORAGE env var is set SNYK_OAUTH_TOKEN should NOT override other env var" name="cli token precedence when snykOAuth is set in config when INTERNAL_OAUTH_TOKEN_STORAGE env var is set SNYK_OAUTH_TOKEN should NOT override other env var" time="0.143">
      <failure>TypeError: Cannot read properties of undefined (reading &apos;headers&apos;)
    at Object.&lt;anonymous&gt; (/project/workspace/test/jest/acceptance/cli-token-precedence.spec.ts:177:51)
    at processTicksAndRejections (node:internal/process/task_queues:95:5)</failure>
    </testcase>
  </testsuite>
  <testsuite name="iac test --rules" errors="0" failures="6" skipped="0" timestamp="2024-06-12T20:54:20" time="0.583" tests="10">
    <testcase classname="iac test --rules scans local custom rules provided via the --rules flag" name="iac test --rules scans local custom rules provided via the --rules flag" time="0.039">
      <failure>Error: expect(received).toContain(expected) // indexOf

Expected substring: &quot;Using custom rules to generate misconfigurations.&quot;
Received string:    &quot;&quot;
    at Object.&lt;anonymous&gt; (/project/workspace/test/jest/acceptance/iac/custom-rules.spec.ts:27:20)
    at processTicksAndRejections (node:internal/process/task_queues:95:5)</failure>
    </testcase>
    <testcase classname="iac test --rules does not show custom rules message if it scans local custom rules and uses --json flag" name="iac test --rules does not show custom rules message if it scans local custom rules and uses --json flag" time="0.034">
    </testcase>
    <testcase classname="iac test --rules presents an error message when the local rules cannot be found" name="iac test --rules presents an error message when the local rules cannot be found" time="0.033">
      <failure>Error: expect(received).toContain(expected) // indexOf

Expected substring: &quot;We were unable to extract the rules provided at: ./not/a/real/path.tar.gz&quot;
Received string:    &quot;&quot;
    at Object.&lt;anonymous&gt; (/project/workspace/test/jest/acceptance/iac/custom-rules.spec.ts:53:20)
    at processTicksAndRejections (node:internal/process/task_queues:95:5)</failure>
    </testcase>
    <testcase classname="iac test --rules presents an error message when the user is not entitled to custom-rules" name="iac test --rules presents an error message when the user is not entitled to custom-rules" time="0.034">
      <failure>Error: expect(received).toContain(expected) // indexOf

Expected substring: &quot;Flag \&quot;--rules\&quot; is currently not supported for this org. To enable it, please contact snyk support.&quot;
Received string:    &quot;&quot;
    at Object.&lt;anonymous&gt; (/project/workspace/test/jest/acceptance/iac/custom-rules.spec.ts:63:20)
    at processTicksAndRejections (node:internal/process/task_queues:95:5)</failure>
    </testcase>
    <testcase classname="iac test --rules when used with the --report flag should resolve successfully" name="iac test --rules when used with the --report flag should resolve successfully" time="0.033">
      <failure>Error: expect(received).toEqual(expected) // deep equality

Expected: &quot;&quot;
Received: &quot;node:internal/modules/package_json_reader:93
        throw error;
        ^·
SyntaxError: Error parsing /project/workspace/package.json: Unexpected non-whitespace character after JSON at position 8
    at parse (&lt;anonymous&gt;)
    at read (node:internal/modules/package_json_reader:80:16)
    at readPackage (node:internal/modules/package_json_reader:141:10)
    at readPackageScope (node:internal/modules/package_json_reader:164:19)
    at shouldUseESMLoader (node:internal/modules/run_main:72:15)
    at Function.executeUserEntryPoint [as runMain] (node:internal/modules/run_main:129:24)
    at node:internal/main/run_main_module:28:49 {
  path: &apos;/project/workspace/package.json&apos;
}·
Node.js v20.12.1
&quot;
    at Object.&lt;anonymous&gt; (/project/workspace/test/jest/acceptance/iac/custom-rules.spec.ts:74:22)
    at processTicksAndRejections (node:internal/process/task_queues:95:5)</failure>
    </testcase>
    <testcase classname="iac test --rules when used with the --report flag should display a message informing of the application of custom rules" name="iac test --rules when used with the --report flag should display a message informing of the application of custom rules" time="0.032">
      <failure>Error: expect(received).toContain(expected) // indexOf

Expected substring: &quot;Using custom rules to generate misconfigurations.&quot;
Received string:    &quot;&quot;
    at Object.&lt;anonymous&gt; (/project/workspace/test/jest/acceptance/iac/custom-rules.spec.ts:83:22)
    at processTicksAndRejections (node:internal/process/task_queues:95:5)</failure>
    </testcase>
    <testcase classname="iac test --rules when used with the --report flag should display a warning message for custom rules not being available on the platform if iacShareCliResultsCustomRules feature flag is not enabled" name="iac test --rules when used with the --report flag should display a warning message for custom rules not being available on the platform if iacShareCliResultsCustomRules feature flag is not enabled" time="0.032">
      <failure>Error: expect(received).toContain(expected) // indexOf

Expected substring: &quot;Please note that your custom rules will not be sent to the Snyk platform, and will not be available on the project&apos;s page.&quot;
Received string:    &quot;&quot;
    at Object.&lt;anonymous&gt; (/project/workspace/test/jest/acceptance/iac/custom-rules.spec.ts:95:22)
    at processTicksAndRejections (node:internal/process/task_queues:95:5)</failure>
    </testcase>
    <testcase classname="iac test --rules when used with the --report flag should not display a warning message for custom rules not being available on the platform if iacShareCliResultsCustomRules feature flag is enabled" name="iac test --rules when used with the --report flag should not display a warning message for custom rules not being available on the platform if iacShareCliResultsCustomRules feature flag is enabled" time="0.033">
    </testcase>
    <testcase classname="iac test --rules when used with the --report flag when the --json flag is provided should not display the warning message for the custom rules not being available on the platform" name="iac test --rules when used with the --report flag when the --json flag is provided should not display the warning message for the custom rules not being available on the platform" time="0.033">
    </testcase>
    <testcase classname="iac test --rules when used with the --report flag when the --sarif flag is provided should not display the warning message for the custom rules not being available on the platform" name="iac test --rules when used with the --report flag when the --sarif flag is provided should not display the warning message for the custom rules not being available on the platform" time="0.036">
    </testcase>
  </testsuite>
  <testsuite name="snyk fix" errors="0" failures="7" skipped="0" timestamp="2024-06-12T20:54:21" time="11.312" tests="7">
    <testcase classname="snyk fix succeeds when there are no vulns to fix" name="snyk fix succeeds when there are no vulns to fix" time="0.039">
      <failure>Error: expect(received).toBe(expected) // Object.is equality

Expected: 0
Received: 1
    at Object.&lt;anonymous&gt; (/project/workspace/test/jest/acceptance/snyk-fix/fix.spec.ts:48:18)
    at processTicksAndRejections (node:internal/process/task_queues:95:5)</failure>
    </testcase>
    <testcase classname="snyk fix fails when FF is not enabled" name="snyk fix fails when FF is not enabled" time="0.038">
      <failure>Error: expect(received).toEqual(expected) // deep equality

Expected: 2
Received: 1
    at Object.&lt;anonymous&gt; (/project/workspace/test/jest/acceptance/snyk-fix/fix.spec.ts:59:18)
    at processTicksAndRejections (node:internal/process/task_queues:95:5)</failure>
    </testcase>
    <testcase classname="snyk fix fails when called with --unmanaged" name="snyk fix fails when called with --unmanaged" time="0.039">
      <failure>Error: expect(received).toEqual(expected) // deep equality

Expected: 2
Received: 1
    at Object.&lt;anonymous&gt; (/project/workspace/test/jest/acceptance/snyk-fix/fix.spec.ts:72:18)
    at processTicksAndRejections (node:internal/process/task_queues:95:5)</failure>
    </testcase>
    <testcase classname="snyk fix fails when called with --docker (deprecated)" name="snyk fix fails when called with --docker (deprecated)" time="0.035">
      <failure>Error: expect(received).toEqual(expected) // deep equality

Expected: 2
Received: 1
    at Object.&lt;anonymous&gt; (/project/workspace/test/jest/acceptance/snyk-fix/fix.spec.ts:83:18)
    at processTicksAndRejections (node:internal/process/task_queues:95:5)</failure>
    </testcase>
    <testcase classname="snyk fix fails when called with --code" name="snyk fix fails when called with --code" time="0.035">
      <failure>Error: expect(received).toEqual(expected) // deep equality

Expected: 2
Received: 1
    at Object.&lt;anonymous&gt; (/project/workspace/test/jest/acceptance/snyk-fix/fix.spec.ts:96:18)
    at processTicksAndRejections (node:internal/process/task_queues:95:5)</failure>
    </testcase>
    <testcase classname="snyk fix fails when api requests fail" name="snyk fix fails when api requests fail" time="0.04">
      <failure>Error: expect(received).toBe(expected) // Object.is equality

Expected: 2
Received: 1
    at Object.&lt;anonymous&gt; (/project/workspace/test/jest/acceptance/snyk-fix/fix.spec.ts:111:18)
    at processTicksAndRejections (node:internal/process/task_queues:95:5)</failure>
    </testcase>
    <testcase classname="snyk fix runs successfully on a pipenv project" name="snyk fix runs successfully on a pipenv project" time="9.857">
      <failure>Error: expect(received).toBe(expected) // Object.is equality

Expected: 0
Received: 1
    at Object.&lt;anonymous&gt; (/project/workspace/test/jest/acceptance/snyk-fix/fix.spec.ts:148:20)
    at processTicksAndRejections (node:internal/process/task_queues:95:5)</failure>
    </testcase>
  </testsuite>
  <testsuite name="iac test JSON output" errors="0" failures="5" skipped="0" timestamp="2024-06-12T20:54:32" time="0.993" tests="7">
    <testcase classname="iac test JSON output should not show an initial message" name="iac test JSON output should not show an initial message" time="0.058">
    </testcase>
    <testcase classname="iac test JSON output should not show spinner messages" name="iac test JSON output should not show spinner messages" time="0.076">
    </testcase>
    <testcase classname="iac test JSON output with a single file when the test is successful should output a result in the correct schema" name="iac test JSON output with a single file when the test is successful should output a result in the correct schema" time="0.04">
      <failure>SyntaxError: Unexpected end of JSON input
    at JSON.parse (&lt;anonymous&gt;)
    at Object.&lt;anonymous&gt; (/project/workspace/test/jest/acceptance/iac/output-formats/json.spec.ts:111:33)
    at processTicksAndRejections (node:internal/process/task_queues:95:5)</failure>
    </testcase>
    <testcase classname="iac test JSON output with a single file when the test fails should output an error in the correct schema" name="iac test JSON output with a single file when the test fails should output an error in the correct schema" time="0.037">
      <failure>SyntaxError: Unexpected end of JSON input
    at JSON.parse (&lt;anonymous&gt;)
    at Object.&lt;anonymous&gt; (/project/workspace/test/jest/acceptance/iac/output-formats/json.spec.ts:125:33)
    at processTicksAndRejections (node:internal/process/task_queues:95:5)</failure>
    </testcase>
    <testcase classname="iac test JSON output with multiple files with some successful tests should output results in the correct schema" name="iac test JSON output with multiple files with some successful tests should output results in the correct schema" time="0.047">
      <failure>SyntaxError: Unexpected end of JSON input
    at JSON.parse (&lt;anonymous&gt;)
    at Object.&lt;anonymous&gt; (/project/workspace/test/jest/acceptance/iac/output-formats/json.spec.ts:141:33)
    at processTicksAndRejections (node:internal/process/task_queues:95:5)</failure>
    </testcase>
    <testcase classname="iac test JSON output with multiple files with some successful tests with multiple paths should return valid output" name="iac test JSON output with multiple files with some successful tests with multiple paths should return valid output" time="0.046">
      <failure>SyntaxError: Unexpected end of JSON input
    at JSON.parse (&lt;anonymous&gt;)
    at Object.&lt;anonymous&gt; (/project/workspace/test/jest/acceptance/iac/output-formats/json.spec.ts:158:35)
    at processTicksAndRejections (node:internal/process/task_queues:95:5)</failure>
    </testcase>
    <testcase classname="iac test JSON output with multiple files with only failing tests should output errors in the correct schema" name="iac test JSON output with multiple files with only failing tests should output errors in the correct schema" time="0.05">
      <failure>SyntaxError: Unexpected end of JSON input
    at JSON.parse (&lt;anonymous&gt;)
    at Object.&lt;anonymous&gt; (/project/workspace/test/jest/acceptance/iac/output-formats/json.spec.ts:175:33)
    at processTicksAndRejections (node:internal/process/task_queues:95:5)</failure>
    </testcase>
  </testsuite>
  <testsuite name="snyk sbom (mocked server only)" errors="0" failures="5" skipped="0" timestamp="2024-06-12T20:54:33" time="0.595" tests="5">
    <testcase classname="snyk sbom (mocked server only) `sbom` generates an SBOM for a single project - CycloneDX 1.4" name="snyk sbom (mocked server only) `sbom` generates an SBOM for a single project - CycloneDX 1.4" time="0.077">
      <failure>Error: expect(received).toEqual(expected) // deep equality

Expected: 0
Received: 1
    at Object.&lt;anonymous&gt; (/project/workspace/test/jest/acceptance/snyk-sbom/sbom.spec.ts:51:18)
    at processTicksAndRejections (node:internal/process/task_queues:95:5)</failure>
    </testcase>
    <testcase classname="snyk sbom (mocked server only) `sbom` includes a tool name in the document - CycloneDX 1.4" name="snyk sbom (mocked server only) `sbom` includes a tool name in the document - CycloneDX 1.4" time="0.063">
      <failure>SyntaxError: Unexpected end of JSON input
    at JSON.parse (&lt;anonymous&gt;)
    at Object.&lt;anonymous&gt; (/project/workspace/test/jest/acceptance/snyk-sbom/sbom.spec.ts:74:22)</failure>
    </testcase>
    <testcase classname="snyk sbom (mocked server only) `sbom` is written to a file - CycloneDX 1.4" name="snyk sbom (mocked server only) `sbom` is written to a file - CycloneDX 1.4" time="0.053">
      <failure>Error: expect(received).toEqual(expected) // deep equality

Expected: 0
Received: 1
    at Object.&lt;anonymous&gt; (/project/workspace/test/jest/acceptance/snyk-sbom/sbom.spec.ts:98:18)
    at processTicksAndRejections (node:internal/process/task_queues:95:5)</failure>
    </testcase>
    <testcase classname="snyk sbom (mocked server only) `sbom` generates an SBOM for a single project - CycloneDX 1.5" name="snyk sbom (mocked server only) `sbom` generates an SBOM for a single project - CycloneDX 1.5" time="0.057">
      <failure>Error: expect(received).toEqual(expected) // deep equality

Expected: 0
Received: 1
    at Object.&lt;anonymous&gt; (/project/workspace/test/jest/acceptance/snyk-sbom/sbom.spec.ts:128:18)
    at processTicksAndRejections (node:internal/process/task_queues:95:5)</failure>
    </testcase>
    <testcase classname="snyk sbom (mocked server only) `sbom` includes a tool name in the document - CycloneDX 1.5" name="snyk sbom (mocked server only) `sbom` includes a tool name in the document - CycloneDX 1.5" time="0.049">
      <failure>SyntaxError: Unexpected end of JSON input
    at JSON.parse (&lt;anonymous&gt;)
    at Object.&lt;anonymous&gt; (/project/workspace/test/jest/acceptance/snyk-sbom/sbom.spec.ts:151:22)
    at processTicksAndRejections (node:internal/process/task_queues:95:5)</failure>
    </testcase>
  </testsuite>
  <testsuite name="`snyk test` with `--file=`" errors="0" failures="4" skipped="0" timestamp="2024-06-12T20:54:34" time="0.386" tests="4">
    <testcase classname="`snyk test` with `--file=` without `.snyk` file policy field is empty in payload when using relative path" name="`snyk test` with `--file=` without `.snyk` file policy field is empty in payload when using relative path" time="0.04">
      <failure>TypeError: Cannot read properties of undefined (reading &apos;body&apos;)
    at Object.&lt;anonymous&gt; (/project/workspace/test/jest/acceptance/snyk-test/snyk-test-local-policy-file.spec.ts:60:34)
    at processTicksAndRejections (node:internal/process/task_queues:95:5)</failure>
    </testcase>
    <testcase classname="`snyk test` with `--file=` without `.snyk` file policy field is empty in payload when using absolute path" name="`snyk test` with `--file=` without `.snyk` file policy field is empty in payload when using absolute path" time="0.044">
      <failure>TypeError: Cannot read properties of undefined (reading &apos;body&apos;)
    at Object.&lt;anonymous&gt; (/project/workspace/test/jest/acceptance/snyk-test/snyk-test-local-policy-file.spec.ts:80:34)
    at processTicksAndRejections (node:internal/process/task_queues:95:5)</failure>
    </testcase>
    <testcase classname="`snyk test` with `--file=` with `.snyk` file picks up the `.snyk` file when using relative path" name="`snyk test` with `--file=` with `.snyk` file picks up the `.snyk` file when using relative path" time="0.04">
      <failure>TypeError: Cannot read properties of undefined (reading &apos;body&apos;)
    at Object.&lt;anonymous&gt; (/project/workspace/test/jest/acceptance/snyk-test/snyk-test-local-policy-file.spec.ts:110:34)
    at processTicksAndRejections (node:internal/process/task_queues:95:5)</failure>
    </testcase>
    <testcase classname="`snyk test` with `--file=` with `.snyk` file picks up the `.snyk` file when using absolute path" name="`snyk test` with `--file=` with `.snyk` file picks up the `.snyk` file when using absolute path" time="0.038">
      <failure>TypeError: Cannot read properties of undefined (reading &apos;body&apos;)
    at Object.&lt;anonymous&gt; (/project/workspace/test/jest/acceptance/snyk-test/snyk-test-local-policy-file.spec.ts:137:34)
    at processTicksAndRejections (node:internal/process/task_queues:95:5)</failure>
    </testcase>
  </testsuite>
  <testsuite name="snyk sbom: gradle options (mocked server only)" errors="0" failures="6" skipped="0" timestamp="2024-06-12T20:54:34" time="0.685" tests="6">
    <testcase classname="snyk sbom: gradle options (mocked server only) `sbom --sub-project=&lt;NAME&gt;` generates an SBOM for selected sub-project" name="snyk sbom: gradle options (mocked server only) `sbom --sub-project=&lt;NAME&gt;` generates an SBOM for selected sub-project" time="0.058">
      <failure>Error: expect(received).toEqual(expected) // deep equality

Expected: 0
Received: 1
    at runSnykSbomCliCycloneDxJsonForFixture (/project/workspace/test/jest/acceptance/snyk-sbom/common.ts:23:16)
    at processTicksAndRejections (node:internal/process/task_queues:95:5)
    at Object.&lt;anonymous&gt; (/project/workspace/test/jest/acceptance/snyk-sbom/gradle-options.spec.ts:38:18)</failure>
    </testcase>
    <testcase classname="snyk sbom: gradle options (mocked server only) `sbom --gradle-sub-project=&lt;NAME&gt;` generates an SBOM for selected sub-project" name="snyk sbom: gradle options (mocked server only) `sbom --gradle-sub-project=&lt;NAME&gt;` generates an SBOM for selected sub-project" time="0.066">
      <failure>Error: expect(received).toEqual(expected) // deep equality

Expected: 0
Received: 1
    at runSnykSbomCliCycloneDxJsonForFixture (/project/workspace/test/jest/acceptance/snyk-sbom/common.ts:23:16)
    at processTicksAndRejections (node:internal/process/task_queues:95:5)
    at Object.&lt;anonymous&gt; (/project/workspace/test/jest/acceptance/snyk-sbom/gradle-options.spec.ts:49:18)</failure>
    </testcase>
    <testcase classname="snyk sbom: gradle options (mocked server only) `sbom --all-sub-projects` generates an SBOM for all sub-projects" name="snyk sbom: gradle options (mocked server only) `sbom --all-sub-projects` generates an SBOM for all sub-projects" time="0.06">
      <failure>Error: expect(received).toEqual(expected) // deep equality

Expected: 0
Received: 1
    at runSnykSbomCliCycloneDxJsonForFixture (/project/workspace/test/jest/acceptance/snyk-sbom/common.ts:23:16)
    at processTicksAndRejections (node:internal/process/task_queues:95:5)
    at Object.&lt;anonymous&gt; (/project/workspace/test/jest/acceptance/snyk-sbom/gradle-options.spec.ts:60:18)</failure>
    </testcase>
    <testcase classname="snyk sbom: gradle options (mocked server only) `sbom --configuration-matching=&lt;CONFIGURATION_REGEX&gt;` generates an SBOM only for matching configuration" name="snyk sbom: gradle options (mocked server only) `sbom --configuration-matching=&lt;CONFIGURATION_REGEX&gt;` generates an SBOM only for matching configuration" time="0.054">
      <failure>Error: expect(received).toEqual(expected) // deep equality

Expected: 0
Received: 1
    at runSnykSbomCliCycloneDxJsonForFixture (/project/workspace/test/jest/acceptance/snyk-sbom/common.ts:23:16)
    at processTicksAndRejections (node:internal/process/task_queues:95:5)
    at Object.&lt;anonymous&gt; (/project/workspace/test/jest/acceptance/snyk-sbom/gradle-options.spec.ts:74:18)</failure>
    </testcase>
    <testcase classname="snyk sbom: gradle options (mocked server only) `sbom --configuration-attributes=&lt;ATTRIBUTE&gt;[,&lt;ATTRIBUTE&gt;]...` generates an SBOM only for matching variant" name="snyk sbom: gradle options (mocked server only) `sbom --configuration-attributes=&lt;ATTRIBUTE&gt;[,&lt;ATTRIBUTE&gt;]...` generates an SBOM only for matching variant" time="0.057">
      <failure>Error: expect(received).toEqual(expected) // deep equality

Expected: 0
Received: 1
    at runSnykSbomCliCycloneDxJsonForFixture (/project/workspace/test/jest/acceptance/snyk-sbom/common.ts:23:16)
    at processTicksAndRejections (node:internal/process/task_queues:95:5)
    at Object.&lt;anonymous&gt; (/project/workspace/test/jest/acceptance/snyk-sbom/gradle-options.spec.ts:87:18)</failure>
    </testcase>
    <testcase classname="snyk sbom: gradle options (mocked server only) `sbom --init-script=&lt;FILE&gt;` applies given init script" name="snyk sbom: gradle options (mocked server only) `sbom --init-script=&lt;FILE&gt;` applies given init script" time="0.048">
      <failure>Error: expect(received).toEqual(expected) // deep equality

Expected: 0
Received: 1
    at runSnykSbomCliCycloneDxJsonForFixture (/project/workspace/test/jest/acceptance/snyk-sbom/common.ts:23:16)
    at processTicksAndRejections (node:internal/process/task_queues:95:5)
    at Object.&lt;anonymous&gt; (/project/workspace/test/jest/acceptance/snyk-sbom/gradle-options.spec.ts:108:18)</failure>
    </testcase>
  </testsuite>
  <testsuite name="iac test --json-file-output" errors="0" failures="4" skipped="0" timestamp="2024-06-12T20:54:35" time="0.506" tests="5">
    <testcase classname="iac test --json-file-output contains a valid line number" name="iac test --json-file-output contains a valid line number" time="0.053">
      <failure>Error: expect(received).toMatch(expected)

Expected substring: &quot;Organization:&quot;
Received string:    &quot;&quot;
    at Object.&lt;anonymous&gt; (/project/workspace/test/jest/acceptance/iac/file-output.spec.ts:28:20)
    at processTicksAndRejections (node:internal/process/task_queues:95:5)</failure>
    </testcase>
    <testcase classname="iac test --json-file-output returns the correct paths for provided path" name="iac test --json-file-output returns the correct paths for provided path" time="0.054">
      <failure>Error: expect(received).toMatch(expected)

Expected substring: &quot;Organization:&quot;
Received string:    &quot;&quot;
    at Object.&lt;anonymous&gt; (/project/workspace/test/jest/acceptance/iac/file-output.spec.ts:43:20)
    at processTicksAndRejections (node:internal/process/task_queues:95:5)</failure>
    </testcase>
    <testcase classname="iac test --sarif-file-output contains a valid line number" name="iac test --sarif-file-output contains a valid line number" time="0.037">
      <failure>Error: expect(received).toMatch(expected)

Expected substring: &quot;Organization:&quot;
Received string:    &quot;&quot;
    at Object.&lt;anonymous&gt; (/project/workspace/test/jest/acceptance/iac/file-output.spec.ts:76:20)
    at processTicksAndRejections (node:internal/process/task_queues:95:5)</failure>
    </testcase>
    <testcase classname="iac test --sarif-file-output returns the correct paths for provided path" name="iac test --sarif-file-output returns the correct paths for provided path" time="0.039">
      <failure>Error: expect(received).toMatch(expected)

Expected substring: &quot;Organization:&quot;
Received string:    &quot;&quot;
    at Object.&lt;anonymous&gt; (/project/workspace/test/jest/acceptance/iac/file-output.spec.ts:93:20)
    at processTicksAndRejections (node:internal/process/task_queues:95:5)</failure>
    </testcase>
    <testcase classname="iac test --sarif-file-output does not include file content in analytics logs" name="iac test --sarif-file-output does not include file content in analytics logs" time="0.037">
    </testcase>
  </testsuite>
  <testsuite name="help" errors="0" failures="9" skipped="0" timestamp="2024-06-12T20:54:35" time="0.665" tests="9">
    <testcase classname="help prints help info" name="help prints help info" time="0.067">
      <failure>Error: expect(received).toContain(expected) // indexOf

Expected substring: &quot;Snyk CLI scans and monitors your projects for security vulnerabilities&quot;
Received string:    &quot;&quot;
    at Object.&lt;anonymous&gt; (/project/workspace/test/jest/acceptance/help.spec.ts:7:20)
    at processTicksAndRejections (node:internal/process/task_queues:95:5)</failure>
    </testcase>
    <testcase classname="help extensive snyk help prints help info when called with unknown argument" name="help extensive snyk help prints help info when called with unknown argument" time="0.049">
      <failure>Error: expect(received).toContain(expected) // indexOf

Expected substring: &quot;Snyk CLI scans and monitors your projects for security vulnerabilities&quot;
Received string:    &quot;&quot;
    at Object.&lt;anonymous&gt; (/project/workspace/test/jest/acceptance/help.spec.ts:19:22)
    at processTicksAndRejections (node:internal/process/task_queues:95:5)</failure>
    </testcase>
    <testcase classname="help extensive snyk help prints help info when called with flag and unknown argument" name="help extensive snyk help prints help info when called with flag and unknown argument" time="0.039">
      <failure>Error: expect(received).toContain(expected) // indexOf

Expected substring: &quot;Snyk CLI scans and monitors your projects for security vulnerabilities&quot;
Received string:    &quot;&quot;
    at Object.&lt;anonymous&gt; (/project/workspace/test/jest/acceptance/help.spec.ts:30:22)
    at processTicksAndRejections (node:internal/process/task_queues:95:5)</failure>
    </testcase>
    <testcase classname="help extensive snyk help prints specific help info for container" name="help extensive snyk help prints specific help info for container" time="0.038">
      <failure>Error: expect(received).toContain(expected) // indexOf

Expected substring: &quot;test and continuously monitor container images for vulnerabilities&quot;
Received string:    &quot;&quot;
    at Object.&lt;anonymous&gt; (/project/workspace/test/jest/acceptance/help.spec.ts:41:22)
    at processTicksAndRejections (node:internal/process/task_queues:95:5)</failure>
    </testcase>
    <testcase classname="help extensive snyk help prints specific help info for iac" name="help extensive snyk help prints specific help info for iac" time="0.041">
      <failure>Error: expect(received).toContain(expected) // indexOf

Expected substring: &quot;Infrastructure as Code&quot;
Received string:    &quot;&quot;
    at Object.&lt;anonymous&gt; (/project/workspace/test/jest/acceptance/help.spec.ts:52:22)
    at processTicksAndRejections (node:internal/process/task_queues:95:5)</failure>
    </testcase>
    <testcase classname="help extensive snyk help prints specific help info when called with flag and equals sign" name="help extensive snyk help prints specific help info when called with flag and equals sign" time="0.054">
      <failure>Error: expect(received).toContain(expected) // indexOf

Expected substring: &quot;Infrastructure as Code&quot;
Received string:    &quot;&quot;
    at Object.&lt;anonymous&gt; (/project/workspace/test/jest/acceptance/help.spec.ts:61:22)
    at processTicksAndRejections (node:internal/process/task_queues:95:5)</failure>
    </testcase>
    <testcase classname="help extensive snyk help prints help info for argument with mode" name="help extensive snyk help prints help info for argument with mode" time="0.057">
      <failure>Error: expect(received).toContain(expected) // indexOf

Expected substring: &quot;tests container images for any known vulnerabilities&quot;
Received string:    &quot;&quot;
    at Object.&lt;anonymous&gt; (/project/workspace/test/jest/acceptance/help.spec.ts:72:22)
    at processTicksAndRejections (node:internal/process/task_queues:95:5)</failure>
    </testcase>
    <testcase classname="help extensive snyk help prints help info without ascii escape sequences has NO_COLOR set" name="help extensive snyk help prints help info without ascii escape sequences has NO_COLOR set" time="0.047">
      <failure>Error: expect(received).toBe(expected) // Object.is equality

Expected: 0
Received: 1
    at Object.&lt;anonymous&gt; (/project/workspace/test/jest/acceptance/help.spec.ts:92:22)
    at processTicksAndRejections (node:internal/process/task_queues:95:5)</failure>
    </testcase>
    <testcase classname="help extensive snyk help prints help info without ascii escape sequences is not tty" name="help extensive snyk help prints help info without ascii escape sequences is not tty" time="0.042">
      <failure>Error: expect(received).toBe(expected) // Object.is equality

Expected: 0
Received: 1
    at Object.&lt;anonymous&gt; (/project/workspace/test/jest/acceptance/help.spec.ts:106:22)
    at processTicksAndRejections (node:internal/process/task_queues:95:5)</failure>
    </testcase>
  </testsuite>
  <testsuite name="test --json-file-output" errors="0" failures="4" skipped="0" timestamp="2024-06-12T20:54:36" time="0.473" tests="4">
    <testcase classname="test --json-file-output can save JSON output to file while sending human readable output to stdout" name="test --json-file-output can save JSON output to file while sending human readable output to stdout" time="0.051">
      <failure>Error: expect(received).toEqual(expected) // deep equality

Expected: 0
Received: 1
    at Object.&lt;anonymous&gt; (/project/workspace/test/jest/acceptance/cli-json-file-output.spec.ts:48:18)
    at processTicksAndRejections (node:internal/process/task_queues:95:5)</failure>
    </testcase>
    <testcase classname="test --json-file-output test --json-file-output produces same JSON output as normal JSON output to stdout" name="test --json-file-output test --json-file-output produces same JSON output as normal JSON output to stdout" time="0.045">
      <failure>Error: expect(received).toEqual(expected) // deep equality

Expected: 0
Received: 1
    at Object.&lt;anonymous&gt; (/project/workspace/test/jest/acceptance/cli-json-file-output.spec.ts:64:18)
    at processTicksAndRejections (node:internal/process/task_queues:95:5)</failure>
    </testcase>
    <testcase classname="test --json-file-output test --json-file-ouput handles responses larger than 512Mb string size limit in v8" name="test --json-file-output test --json-file-ouput handles responses larger than 512Mb string size limit in v8" time="0.066">
      <failure>Error: ENOENT: no such file or directory, stat &apos;/tmp/snyk-test-extra-large-response-payload-XXXXXX5virD2/extra-large-response-payload/json-file-output.json&apos;
    at Object.statSync (node:fs:1659:25)
    at Object.&lt;anonymous&gt; (/project/workspace/test/jest/acceptance/cli-json-file-output.spec.ts:95:25)
    at processTicksAndRejections (node:internal/process/task_queues:95:5)</failure>
    </testcase>
    <testcase classname="test --json-file-output test --json-file-ouput does not write an empty file if no issues are found" name="test --json-file-output test --json-file-ouput does not write an empty file if no issues are found" time="0.042">
      <failure>Error: expect(received).toEqual(expected) // deep equality

Expected: 0
Received: 1
    at Object.&lt;anonymous&gt; (/project/workspace/test/jest/acceptance/cli-json-file-output.spec.ts:114:18)
    at processTicksAndRejections (node:internal/process/task_queues:95:5)</failure>
    </testcase>
  </testsuite>
  <testsuite name="snyk test --all-projects with one project that has errors" errors="0" failures="4" skipped="0" timestamp="2024-06-12T20:54:37" time="0.893" tests="4">
    <testcase classname="snyk test --all-projects with one project that has errors and another that has issues (vulnerabilities) should exit with exit code 1 when the `--fail-fast` option is not set" name="snyk test --all-projects with one project that has errors and another that has issues (vulnerabilities) should exit with exit code 1 when the `--fail-fast` option is not set" time="0.155">
      <failure>Error: expect(received).toContain(expected) // indexOf

Expected substring: &quot;1/2 potential projects failed to get dependencies.&quot;
Received string:    &quot;node:internal/modules/package_json_reader:93
        throw error;
        ^·
SyntaxError: Error parsing /project/workspace/package.json: Unexpected non-whitespace character after JSON at position 8
    at parse (&lt;anonymous&gt;)
    at read (node:internal/modules/package_json_reader:80:16)
    at readPackage (node:internal/modules/package_json_reader:141:10)
    at readPackageScope (node:internal/modules/package_json_reader:164:19)
    at shouldUseESMLoader (node:internal/modules/run_main:72:15)
    at Function.executeUserEntryPoint [as runMain] (node:internal/modules/run_main:129:24)
    at node:internal/main/run_main_module:28:49 {
  path: &apos;/project/workspace/package.json&apos;
}·
Node.js v20.12.1
&quot;
    at Object.&lt;anonymous&gt; (/project/workspace/test/jest/acceptance/snyk-test-all-projects-exit-codes.spec.ts:51:22)</failure>
    </testcase>
    <testcase classname="snyk test --all-projects with one project that has errors and another that has issues (vulnerabilities) should exit with exit code 2 when the `--fail-fast` option is set" name="snyk test --all-projects with one project that has errors and another that has issues (vulnerabilities) should exit with exit code 2 when the `--fail-fast` option is set" time="0.205">
      <failure>Error: expect(received).toEqual(expected) // deep equality

Expected: 2
Received: 1
    at Object.&lt;anonymous&gt; (/project/workspace/test/jest/acceptance/snyk-test-all-projects-exit-codes.spec.ts:70:20)</failure>
    </testcase>
    <testcase classname="snyk test --all-projects with one project that has errors and another has no issues (vulnerabilities) should exit with exit code 0 when the `--fail-fast` option is not set" name="snyk test --all-projects with one project that has errors and another has no issues (vulnerabilities) should exit with exit code 0 when the `--fail-fast` option is not set" time="0.207">
      <failure>Error: expect(received).toEqual(expected) // deep equality

Expected: 0
Received: 1
    at Object.&lt;anonymous&gt; (/project/workspace/test/jest/acceptance/snyk-test-all-projects-exit-codes.spec.ts:86:20)</failure>
    </testcase>
    <testcase classname="snyk test --all-projects with one project that has errors and another has no issues (vulnerabilities) should exit with exit code 2 when the `--fail-fast` option is set" name="snyk test --all-projects with one project that has errors and another has no issues (vulnerabilities) should exit with exit code 2 when the `--fail-fast` option is set" time="0.108">
      <failure>Error: expect(received).toEqual(expected) // deep equality

Expected: 2
Received: 1
    at Object.&lt;anonymous&gt; (/project/workspace/test/jest/acceptance/snyk-test-all-projects-exit-codes.spec.ts:103:20)
    at processTicksAndRejections (node:internal/process/task_queues:95:5)</failure>
    </testcase>
  </testsuite>
  <testsuite name="Language Server Extension" errors="0" failures="3" skipped="0" timestamp="2024-06-12T20:54:37" time="0.523" tests="3">
    <testcase classname="Language Server Extension get ls licenses" name="Language Server Extension get ls licenses" time="0.049">
      <failure>Error: expect(received).toBe(expected) // Object.is equality

Expected: 0
Received: 1
    at Object.&lt;anonymous&gt; (/project/workspace/test/jest/acceptance/language-server-extension.spec.ts:16:25)
    at processTicksAndRejections (node:internal/process/task_queues:95:5)</failure>
    </testcase>
    <testcase classname="Language Server Extension get ls version" name="Language Server Extension get ls version" time="0.077">
      <failure>Error: expect(received).toBe(expected) // Object.is equality

Expected: 0
Received: 1
    at Object.&lt;anonymous&gt; (/project/workspace/test/jest/acceptance/language-server-extension.spec.ts:26:25)
    at processTicksAndRejections (node:internal/process/task_queues:95:5)</failure>
    </testcase>
    <testcase classname="Language Server Extension run and wait for diagnostics" name="Language Server Extension run and wait for diagnostics" time="0">
      <failure>TypeError: The argument &apos;file&apos; cannot be empty. Received &apos;&apos;
    at normalizeSpawnArguments (node:child_process:552:11)
    at Object.spawn (node:child_process:754:13)
    at Object.&lt;anonymous&gt; (/project/workspace/test/jest/acceptance/language-server-extension.spec.ts:37:20)
    at Promise.then.completed (/project/workspace/node_modules/jest-circus/build/utils.js:298:28)
    at new Promise (&lt;anonymous&gt;)
    at callAsyncCircusFn (/project/workspace/node_modules/jest-circus/build/utils.js:231:10)
    at _callCircusTest (/project/workspace/node_modules/jest-circus/build/run.js:316:40)
    at processTicksAndRejections (node:internal/process/task_queues:95:5)
    at _runTest (/project/workspace/node_modules/jest-circus/build/run.js:252:3)
    at _runTestsForDescribeBlock (/project/workspace/node_modules/jest-circus/build/run.js:126:9)
    at _runTestsForDescribeBlock (/project/workspace/node_modules/jest-circus/build/run.js:121:9)
    at run (/project/workspace/node_modules/jest-circus/build/run.js:71:3)
    at runAndTransformResultsToJestFormat (/project/workspace/node_modules/jest-circus/build/legacy-code-todo-rewrite/jestAdapterInit.js:122:21)
    at jestAdapter (/project/workspace/node_modules/jest-circus/build/legacy-code-todo-rewrite/jestAdapter.js:79:19)
    at runTestInternal (/project/workspace/node_modules/jest-runner/build/runTest.js:367:16)
    at runTest (/project/workspace/node_modules/jest-runner/build/runTest.js:444:34)</failure>
    </testcase>
  </testsuite>
  <testsuite name="Extra CA certificates specified with `NODE_EXTRA_CA_CERTS`" errors="0" failures="3" skipped="0" timestamp="2024-06-12T20:54:38" time="14.643" tests="3">
    <testcase classname="Extra CA certificates specified with `NODE_EXTRA_CA_CERTS` using a not existing file" name="Extra CA certificates specified with `NODE_EXTRA_CA_CERTS` using a not existing file" time="0.069">
      <failure>Error: expect(received).toBe(expected) // Object.is equality

Expected: 0
Received: 1
    at Object.&lt;anonymous&gt; (/project/workspace/test/jest/acceptance/extra-certs.spec.ts:16:18)
    at processTicksAndRejections (node:internal/process/task_queues:95:5)</failure>
    </testcase>
    <testcase classname="Extra CA certificates specified with `NODE_EXTRA_CA_CERTS` using an invalid file" name="Extra CA certificates specified with `NODE_EXTRA_CA_CERTS` using an invalid file" time="0.103">
      <failure>Error: expect(received).toBe(expected) // Object.is equality

Expected: 0
Received: 1
    at Object.&lt;anonymous&gt; (/project/workspace/test/jest/acceptance/extra-certs.spec.ts:32:18)
    at processTicksAndRejections (node:internal/process/task_queues:95:5)</failure>
    </testcase>
    <testcase classname="Extra CA certificates specified with `NODE_EXTRA_CA_CERTS` using a valid cert file" name="Extra CA certificates specified with `NODE_EXTRA_CA_CERTS` using a valid cert file" time="14.227">
      <failure>Error: expect(received).toBe(expected) // Object.is equality

Expected: 2
Received: 1
    at Object.&lt;anonymous&gt; (/project/workspace/test/jest/acceptance/extra-certs.spec.ts:106:23)
    at processTicksAndRejections (node:internal/process/task_queues:95:5)</failure>
    </testcase>
  </testsuite>
  <testsuite name="snyk sbom --command (mocked server only)" errors="0" failures="3" skipped="0" timestamp="2024-06-12T20:54:53" time="1.495" tests="3">
    <testcase classname="snyk sbom --command (mocked server only) `sbom pip-app` generates an SBOM with a specified python command" name="snyk sbom --command (mocked server only) `sbom pip-app` generates an SBOM with a specified python command" time="0.626">
      <failure>Error: expect(received).toEqual(expected) // deep equality

Expected: 0
Received: 1
    at Object.&lt;anonymous&gt; (/project/workspace/test/jest/acceptance/snyk-sbom/pip-options.spec.ts:58:18)
    at processTicksAndRejections (node:internal/process/task_queues:95:5)</failure>
    </testcase>
    <testcase classname="snyk sbom --command (mocked server only) `sbom pip-app-custom` generates an SBOM with pip for custom manifest names" name="snyk sbom --command (mocked server only) `sbom pip-app-custom` generates an SBOM with pip for custom manifest names" time="0.607">
      <failure>Error: expect(received).toEqual(expected) // deep equality

Expected: 0
Received: 1
    at Object.&lt;anonymous&gt; (/project/workspace/test/jest/acceptance/snyk-sbom/pip-options.spec.ts:79:18)
    at processTicksAndRejections (node:internal/process/task_queues:95:5)</failure>
    </testcase>
    <testcase classname="snyk sbom --command (mocked server only) `sbom pip-app-private` generates an SBOM and skips unresolved packages" name="snyk sbom --command (mocked server only) `sbom pip-app-private` generates an SBOM and skips unresolved packages" time="0.043">
      <failure>Error: expect(received).toEqual(expected) // deep equality

Expected: 0
Received: 1
    at Object.&lt;anonymous&gt; (/project/workspace/test/jest/acceptance/snyk-sbom/pip-options.spec.ts:99:18)
    at processTicksAndRejections (node:internal/process/task_queues:95:5)</failure>
    </testcase>
  </testsuite>
  <testsuite name="snyk sbom: maven options (mocked server only)" errors="0" failures="4" skipped="0" timestamp="2024-06-12T20:54:54" time="0.557" tests="4">
    <testcase classname="snyk sbom: maven options (mocked server only) `sbom --maven-aggregate-project` generates an SBOM for the multi-module maven project" name="snyk sbom: maven options (mocked server only) `sbom --maven-aggregate-project` generates an SBOM for the multi-module maven project" time="0.061">
      <failure>Error: expect(received).toEqual(expected) // deep equality

Expected: 0
Received: 1
    at runSnykSbomCliCycloneDxJsonForFixture (/project/workspace/test/jest/acceptance/snyk-sbom/common.ts:23:16)
    at processTicksAndRejections (node:internal/process/task_queues:95:5)
    at Object.&lt;anonymous&gt; (/project/workspace/test/jest/acceptance/snyk-sbom/maven-options.spec.ts:40:18)</failure>
    </testcase>
    <testcase classname="snyk sbom: maven options (mocked server only) `sbom --scan-unmanaged --file=&lt;NAME&gt;` generates an SBOM for the specific JAR file" name="snyk sbom: maven options (mocked server only) `sbom --scan-unmanaged --file=&lt;NAME&gt;` generates an SBOM for the specific JAR file" time="0.065">
      <failure>Error: expect(received).toEqual(expected) // deep equality

Expected: 0
Received: 1
    at runSnykSbomCliCycloneDxJsonForFixture (/project/workspace/test/jest/acceptance/snyk-sbom/common.ts:23:16)
    at processTicksAndRejections (node:internal/process/task_queues:95:5)
    at Object.&lt;anonymous&gt; (/project/workspace/test/jest/acceptance/snyk-sbom/maven-options.spec.ts:51:18)</failure>
    </testcase>
    <testcase classname="snyk sbom: maven options (mocked server only) `sbom --scan-all-unmanaged` generates an SBOM for all the available JARs" name="snyk sbom: maven options (mocked server only) `sbom --scan-all-unmanaged` generates an SBOM for all the available JARs" time="0.072">
      <failure>Error: expect(received).toEqual(expected) // deep equality

Expected: 0
Received: 1
    at runSnykSbomCliCycloneDxJsonForFixture (/project/workspace/test/jest/acceptance/snyk-sbom/common.ts:23:16)
    at processTicksAndRejections (node:internal/process/task_queues:95:5)
    at Object.&lt;anonymous&gt; (/project/workspace/test/jest/acceptance/snyk-sbom/maven-options.spec.ts:62:18)</failure>
    </testcase>
    <testcase classname="snyk sbom: maven options (mocked server only) `sbom using double dash (--) to specify a settings.xml for the underlying maven command" name="snyk sbom: maven options (mocked server only) `sbom using double dash (--) to specify a settings.xml for the underlying maven command" time="0.06">
      <failure>Error: expect(received).toEqual(expected) // deep equality

Expected: 2
Received: 1
    at Object.&lt;anonymous&gt; (/project/workspace/test/jest/acceptance/snyk-sbom/maven-options.spec.ts:82:19)
    at processTicksAndRejections (node:internal/process/task_queues:95:5)</failure>
    </testcase>
  </testsuite>
  <testsuite name="CloudFormation single file scan" errors="0" failures="6" skipped="0" timestamp="2024-06-12T20:54:55" time="0.491" tests="6">
    <testcase classname="CloudFormation single file scan finds issues in CloudFormation YAML file" name="CloudFormation single file scan finds issues in CloudFormation YAML file" time="0.043">
      <failure>Error: expect(received).toContain(expected) // indexOf

Expected substring: &quot;File:    ./iac/cloudformation/aurora-valid.yml&quot;
Received string:    &quot;&quot;
    at Object.&lt;anonymous&gt; (/project/workspace/test/jest/acceptance/iac/test-cloudformation.spec.ts:24:20)
    at processTicksAndRejections (node:internal/process/task_queues:95:5)</failure>
    </testcase>
    <testcase classname="CloudFormation single file scan finds issues in CloudFormation JSON file" name="CloudFormation single file scan finds issues in CloudFormation JSON file" time="0.039">
      <failure>Error: expect(received).toContain(expected) // indexOf

Expected substring: &quot;File:    ./iac/cloudformation/fargate-valid.json&quot;
Received string:    &quot;&quot;
    at Object.&lt;anonymous&gt; (/project/workspace/test/jest/acceptance/iac/test-cloudformation.spec.ts:40:20)
    at processTicksAndRejections (node:internal/process/task_queues:95:5)</failure>
    </testcase>
    <testcase classname="CloudFormation single file scan filters out issues when using severity threshold" name="CloudFormation single file scan filters out issues when using severity threshold" time="0.038">
      <failure>Error: expect(received).toContain(expected) // indexOf

Expected substring: &quot;No vulnerable paths were found!&quot;
Received string:    &quot;&quot;
    at Object.&lt;anonymous&gt; (/project/workspace/test/jest/acceptance/iac/test-cloudformation.spec.ts:52:20)
    at processTicksAndRejections (node:internal/process/task_queues:95:5)</failure>
    </testcase>
    <testcase classname="CloudFormation single file scan outputs an error for files with no valid YAML" name="CloudFormation single file scan outputs an error for files with no valid YAML" time="0.037">
      <failure>Error: expect(received).toContain(expected) // indexOf

Expected substring: &quot;Failed to parse YAML file
  Path: ./iac/cloudformation/invalid-cfn.yml&quot;
Received string:    &quot;&quot;
    at Object.&lt;anonymous&gt; (/project/workspace/test/jest/acceptance/iac/test-cloudformation.spec.ts:61:20)
    at processTicksAndRejections (node:internal/process/task_queues:95:5)</failure>
    </testcase>
    <testcase classname="CloudFormation single file scan outputs the expected text when running with --sarif flag" name="CloudFormation single file scan outputs the expected text when running with --sarif flag" time="0.039">
      <failure>Error: expect(received).toBe(expected) // Object.is equality

Expected: true
Received: false
    at Object.&lt;anonymous&gt; (/project/workspace/test/jest/acceptance/iac/test-cloudformation.spec.ts:74:39)
    at processTicksAndRejections (node:internal/process/task_queues:95:5)</failure>
    </testcase>
    <testcase classname="CloudFormation single file scan outputs the expected text when running with --json flag" name="CloudFormation single file scan outputs the expected text when running with --json flag" time="0.041">
      <failure>Error: expect(received).toBe(expected) // Object.is equality

Expected: true
Received: false
    at Object.&lt;anonymous&gt; (/project/workspace/test/jest/acceptance/iac/test-cloudformation.spec.ts:85:39)
    at processTicksAndRejections (node:internal/process/task_queues:95:5)</failure>
    </testcase>
  </testsuite>
  <testsuite name="snyk sbom test (mocked server only)" errors="0" failures="3" skipped="0" timestamp="2024-06-12T20:54:55" time="0.308" tests="3">
    <testcase classname="snyk sbom test (mocked server only) `npm CycloneDX JSON`" name="snyk sbom test (mocked server only) `npm CycloneDX JSON`" time="0.041">
      <failure>Error: expect(received).toMatch(expected)

Expected substring: &quot;[MEDIUM] Regular Expression Denial of Service (ReDoS)&quot;
Received string:    &quot;&quot;
    at Object.&lt;anonymous&gt; (/project/workspace/test/jest/acceptance/snyk-sbom-test/all-projects.spec.ts:56:20)
    at processTicksAndRejections (node:internal/process/task_queues:95:5)</failure>
    </testcase>
    <testcase classname="snyk sbom test (mocked server only) `missing experimental flag`" name="snyk sbom test (mocked server only) `missing experimental flag`" time="0.037">
      <failure>Error: expect(received).toMatch(expected)

Expected substring: &quot;Flag `--experimental` is required to execute this command.&quot;
Received string:    &quot;&quot;
    at Object.&lt;anonymous&gt; (/project/workspace/test/jest/acceptance/snyk-sbom-test/all-projects.spec.ts:91:20)
    at processTicksAndRejections (node:internal/process/task_queues:95:5)</failure>
    </testcase>
    <testcase classname="snyk sbom test (mocked server only) `missing file flag`" name="snyk sbom test (mocked server only) `missing file flag`" time="0.036">
      <failure>Error: expect(received).toMatch(expected)

Expected substring: &quot;Flag `--file` is required to execute this command. Value should point to a valid SBOM document.&quot;
Received string:    &quot;&quot;
    at Object.&lt;anonymous&gt; (/project/workspace/test/jest/acceptance/snyk-sbom-test/all-projects.spec.ts:107:20)
    at processTicksAndRejections (node:internal/process/task_queues:95:5)</failure>
    </testcase>
  </testsuite>
  <testsuite name="Kubernetes single file scan" errors="0" failures="6" skipped="0" timestamp="2024-06-12T20:54:55" time="0.446" tests="6">
    <testcase classname="Kubernetes single file scan finds issues in Kubernetes JSON file" name="Kubernetes single file scan finds issues in Kubernetes JSON file" time="0.043">
      <failure>Error: expect(received).toContain(expected) // indexOf

Expected substring: &quot;File:    ./iac/kubernetes/pod-privileged.yaml&quot;
Received string:    &quot;&quot;
    at Object.&lt;anonymous&gt; (/project/workspace/test/jest/acceptance/iac/test-kubernetes.spec.ts:25:20)
    at processTicksAndRejections (node:internal/process/task_queues:95:5)</failure>
    </testcase>
    <testcase classname="Kubernetes single file scan filters out issues when using severity threshold" name="Kubernetes single file scan filters out issues when using severity threshold" time="0.042">
      <failure>Error: expect(received).toContain(expected) // indexOf

Expected substring: &quot;File:    ./iac/kubernetes/pod-privileged.yaml&quot;
Received string:    &quot;&quot;
    at Object.&lt;anonymous&gt; (/project/workspace/test/jest/acceptance/iac/test-kubernetes.spec.ts:39:20)
    at processTicksAndRejections (node:internal/process/task_queues:95:5)</failure>
    </testcase>
    <testcase classname="Kubernetes single file scan outputs an error for files with no valid YAML" name="Kubernetes single file scan outputs an error for files with no valid YAML" time="0.046">
      <failure>Error: expect(received).toContain(expected) // indexOf

Expected substring: &quot;Could not find any valid IaC files
  Path: ./iac/kubernetes/pod-invalid.yaml&quot;
Received string:    &quot;&quot;
    at Object.&lt;anonymous&gt; (/project/workspace/test/jest/acceptance/iac/test-kubernetes.spec.ts:48:20)
    at processTicksAndRejections (node:internal/process/task_queues:95:5)</failure>
    </testcase>
    <testcase classname="Kubernetes single file scan outputs the expected text when running with --sarif flag" name="Kubernetes single file scan outputs the expected text when running with --sarif flag" time="0.042">
      <failure>Error: expect(received).toBe(expected) // Object.is equality

Expected: true
Received: false
    at Object.&lt;anonymous&gt; (/project/workspace/test/jest/acceptance/iac/test-kubernetes.spec.ts:61:39)
    at processTicksAndRejections (node:internal/process/task_queues:95:5)</failure>
    </testcase>
    <testcase classname="Kubernetes single file scan outputs the expected text when running with --json flag" name="Kubernetes single file scan outputs the expected text when running with --json flag" time="0.037">
      <failure>Error: expect(received).toBe(expected) // Object.is equality

Expected: true
Received: false
    at Object.&lt;anonymous&gt; (/project/workspace/test/jest/acceptance/iac/test-kubernetes.spec.ts:72:39)
    at processTicksAndRejections (node:internal/process/task_queues:95:5)</failure>
    </testcase>
    <testcase classname="Kubernetes single file scan outputs an error for Helm files" name="Kubernetes single file scan outputs an error for Helm files" time="0.036">
      <failure>Error: expect(received).toContain(expected) // indexOf

Expected substring: &quot;Failed to parse YAML file&quot;
Received string:    &quot;&quot;
    at Object.&lt;anonymous&gt; (/project/workspace/test/jest/acceptance/iac/test-kubernetes.spec.ts:83:20)
    at processTicksAndRejections (node:internal/process/task_queues:95:5)</failure>
    </testcase>
  </testsuite>
  <testsuite name="undefined" errors="0" failures="2" skipped="0" timestamp="2024-06-12T20:54:56" time="0.292" tests="2">
    <testcase classname=" returns value in one line" name=" returns value in one line" time="0.038">
      <failure>Error: expect(received).toEqual(expected) // deep equality

Expected: 0
Received: 1
    at Object.&lt;anonymous&gt; (/project/workspace/test/jest/acceptance/snyk-config/snyk-config.spec.ts:17:16)
    at processTicksAndRejections (node:internal/process/task_queues:95:5)</failure>
    </testcase>
    <testcase classname="snyk config set endpoint set and use endpoint" name="snyk config set endpoint set and use endpoint" time="0.041">
      <failure>Error: expect(received).toEqual(expected) // deep equality

Expected: 0
Received: 1
    at Object.&lt;anonymous&gt; (/project/workspace/test/jest/acceptance/snyk-config/snyk-config.spec.ts:66:34)
    at processTicksAndRejections (node:internal/process/task_queues:95:5)</failure>
    </testcase>
  </testsuite>
  <testsuite name="config" errors="0" failures="3" skipped="0" timestamp="2024-06-12T20:54:56" time="0.355" tests="4">
    <testcase classname="config loads API_REST_URL from config key if set" name="config loads API_REST_URL from config key if set" time="0.041">
      <failure>Error: expect(received).toBe(expected) // Object.is equality

Expected: 0
Received: 1
    at Object.&lt;anonymous&gt; (/project/workspace/test/jest/acceptance/snyk-apps/config.spec.ts:44:18)
    at processTicksAndRejections (node:internal/process/task_queues:95:5)</failure>
    </testcase>
    <testcase classname="config fails with incorrect base url for sanity check" name="config fails with incorrect base url for sanity check" time="0.039">
    </testcase>
    <testcase classname="config loads API_REST_URL from API_V3_URL if set" name="config loads API_REST_URL from API_V3_URL if set" time="0.035">
      <failure>Error: expect(received).toBe(expected) // Object.is equality

Expected: 0
Received: 1
    at Object.&lt;anonymous&gt; (/project/workspace/test/jest/acceptance/snyk-apps/config.spec.ts:76:18)
    at processTicksAndRejections (node:internal/process/task_queues:95:5)</failure>
    </testcase>
    <testcase classname="config prefers API_V3_URL over API_REST_URL when both are set" name="config prefers API_V3_URL over API_REST_URL when both are set" time="0.037">
      <failure>Error: expect(received).toBe(expected) // Object.is equality

Expected: 0
Received: 1
    at Object.&lt;anonymous&gt; (/project/workspace/test/jest/acceptance/snyk-apps/config.spec.ts:93:18)
    at processTicksAndRejections (node:internal/process/task_queues:95:5)</failure>
    </testcase>
  </testsuite>
  <testsuite name="Auth" errors="0" failures="3" skipped="0" timestamp="2024-06-12T20:54:57" time="0.676" tests="3">
    <testcase classname="Auth successfully uses oauth client credentials grant to authenticate" name="Auth successfully uses oauth client credentials grant to authenticate" time="0.133">
      <failure>Error: expect(received).toEqual(expected) // deep equality

Expected: 0
Received: 1
    at Object.&lt;anonymous&gt; (/project/workspace/test/jest/acceptance/auth.spec.ts:53:18)
    at processTicksAndRejections (node:internal/process/task_queues:95:5)</failure>
    </testcase>
    <testcase classname="Auth fails to us oauth client credentials grant to authenticate" name="Auth fails to us oauth client credentials grant to authenticate" time="0.105">
      <failure>Error: expect(received).toEqual(expected) // deep equality

Expected: 2
Received: 1
    at Object.&lt;anonymous&gt; (/project/workspace/test/jest/acceptance/auth.spec.ts:68:18)
    at processTicksAndRejections (node:internal/process/task_queues:95:5)</failure>
    </testcase>
    <testcase classname="Auth ignore existing token when running auth" name="Auth ignore existing token when running auth" time="0.108">
      <failure>Error: expect(received).toEqual(expected) // deep equality

Expected: 0
Received: 1
    at Object.&lt;anonymous&gt; (/project/workspace/test/jest/acceptance/auth.spec.ts:76:34)
    at processTicksAndRejections (node:internal/process/task_queues:95:5)</failure>
    </testcase>
  </testsuite>
  <testsuite name="snyk sbom --all-projects (mocked server only)" errors="0" failures="1" skipped="1" timestamp="2024-06-12T20:54:57" time="0.238" tests="2">
    <testcase classname="snyk sbom --all-projects (mocked server only) `sbom mono-repo-project` generates an SBOM for multiple projects" name="snyk sbom --all-projects (mocked server only) `sbom mono-repo-project` generates an SBOM for multiple projects" time="0">
      <skipped/>
    </testcase>
    <testcase classname="snyk sbom --all-projects (mocked server only) `sbom mono-repo-project-manifests-only` generates an SBOM for multiple projects" name="snyk sbom --all-projects (mocked server only) `sbom mono-repo-project-manifests-only` generates an SBOM for multiple projects" time="0.045">
      <failure>Error: expect(received).toEqual(expected) // deep equality

Expected: 0
Received: 1
    at Object.&lt;anonymous&gt; (/project/workspace/test/jest/acceptance/snyk-sbom/all-projects.spec.ts:80:18)
    at processTicksAndRejections (node:internal/process/task_queues:95:5)</failure>
    </testcase>
  </testsuite>
  <testsuite name="https" errors="0" failures="2" skipped="0" timestamp="2024-06-12T20:54:57" time="0.309" tests="2">
    <testcase classname="https invalid certificate rejects connections" name="https invalid certificate rejects connections" time="0.057">
      <failure>Error: expect(received).toBe(expected) // Object.is equality

Expected: 2
Received: 1
    at Object.&lt;anonymous&gt; (/project/workspace/test/jest/acceptance/https.spec.ts:61:20)
    at processTicksAndRejections (node:internal/process/task_queues:95:5)</failure>
    </testcase>
    <testcase classname="https invalid certificate accepts connections using --insecure" name="https invalid certificate accepts connections using --insecure" time="0.044">
      <failure>Error: expect(received).toBeGreaterThan(expected)

Expected: &gt; 1
Received:   0
    at Object.&lt;anonymous&gt; (/project/workspace/test/jest/acceptance/https.spec.ts:70:43)
    at processTicksAndRejections (node:internal/process/task_queues:95:5)</failure>
    </testcase>
  </testsuite>
  <testsuite name="snyk test with missing node_modules" errors="0" failures="3" skipped="0" timestamp="2024-06-12T20:54:58" time="0.325" tests="3">
    <testcase classname="snyk test with missing node_modules throws when missing node_modules" name="snyk test with missing node_modules throws when missing node_modules" time="0.001">
      <failure>Error: No Snyk Token found in test environment.
    at requireSnykToken (/project/workspace/test/jest/util/requireSnykToken.ts:8:11)
    at Object.&lt;anonymous&gt; (/project/workspace/test/jest/acceptance/snyk-test/missing-node-modules.spec.ts:27:35)
    at Promise.then.completed (/project/workspace/node_modules/jest-circus/build/utils.js:290:26)
    at new Promise (&lt;anonymous&gt;)
    at callAsyncCircusFn (/project/workspace/node_modules/jest-circus/build/utils.js:231:10)
    at _callCircusHook (/project/workspace/node_modules/jest-circus/build/run.js:281:40)
    at _runTestsForDescribeBlock (/project/workspace/node_modules/jest-circus/build/run.js:95:7)
    at _runTestsForDescribeBlock (/project/workspace/node_modules/jest-circus/build/run.js:121:9)
    at run (/project/workspace/node_modules/jest-circus/build/run.js:71:3)
    at runAndTransformResultsToJestFormat (/project/workspace/node_modules/jest-circus/build/legacy-code-todo-rewrite/jestAdapterInit.js:122:21)
    at jestAdapter (/project/workspace/node_modules/jest-circus/build/legacy-code-todo-rewrite/jestAdapter.js:79:19)
    at runTestInternal (/project/workspace/node_modules/jest-runner/build/runTest.js:367:16)
    at runTest (/project/workspace/node_modules/jest-runner/build/runTest.js:444:34)</failure>
    </testcase>
    <testcase classname="snyk test with missing node_modules does not throw when missing node_modules &amp; package.json has no dependencies" name="snyk test with missing node_modules does not throw when missing node_modules &amp; package.json has no dependencies" time="0">
      <failure>Error: No Snyk Token found in test environment.
    at requireSnykToken (/project/workspace/test/jest/util/requireSnykToken.ts:8:11)
    at Object.&lt;anonymous&gt; (/project/workspace/test/jest/acceptance/snyk-test/missing-node-modules.spec.ts:27:35)
    at Promise.then.completed (/project/workspace/node_modules/jest-circus/build/utils.js:290:26)
    at new Promise (&lt;anonymous&gt;)
    at callAsyncCircusFn (/project/workspace/node_modules/jest-circus/build/utils.js:231:10)
    at _callCircusHook (/project/workspace/node_modules/jest-circus/build/run.js:281:40)
    at _runTestsForDescribeBlock (/project/workspace/node_modules/jest-circus/build/run.js:95:7)
    at _runTestsForDescribeBlock (/project/workspace/node_modules/jest-circus/build/run.js:121:9)
    at run (/project/workspace/node_modules/jest-circus/build/run.js:71:3)
    at runAndTransformResultsToJestFormat (/project/workspace/node_modules/jest-circus/build/legacy-code-todo-rewrite/jestAdapterInit.js:122:21)
    at jestAdapter (/project/workspace/node_modules/jest-circus/build/legacy-code-todo-rewrite/jestAdapter.js:79:19)
    at runTestInternal (/project/workspace/node_modules/jest-runner/build/runTest.js:367:16)
    at runTest (/project/workspace/node_modules/jest-runner/build/runTest.js:444:34)</failure>
    </testcase>
    <testcase classname="snyk test with missing node_modules does not throw when missing node_modules &amp; package.json has no dependencies (with --dev)" name="snyk test with missing node_modules does not throw when missing node_modules &amp; package.json has no dependencies (with --dev)" time="0">
      <failure>Error: No Snyk Token found in test environment.
    at requireSnykToken (/project/workspace/test/jest/util/requireSnykToken.ts:8:11)
    at Object.&lt;anonymous&gt; (/project/workspace/test/jest/acceptance/snyk-test/missing-node-modules.spec.ts:27:35)
    at Promise.then.completed (/project/workspace/node_modules/jest-circus/build/utils.js:290:26)
    at new Promise (&lt;anonymous&gt;)
    at callAsyncCircusFn (/project/workspace/node_modules/jest-circus/build/utils.js:231:10)
    at _callCircusHook (/project/workspace/node_modules/jest-circus/build/run.js:281:40)
    at _runTestsForDescribeBlock (/project/workspace/node_modules/jest-circus/build/run.js:95:7)
    at _runTestsForDescribeBlock (/project/workspace/node_modules/jest-circus/build/run.js:121:9)
    at run (/project/workspace/node_modules/jest-circus/build/run.js:71:3)
    at runAndTransformResultsToJestFormat (/project/workspace/node_modules/jest-circus/build/legacy-code-todo-rewrite/jestAdapterInit.js:122:21)
    at jestAdapter (/project/workspace/node_modules/jest-circus/build/legacy-code-todo-rewrite/jestAdapter.js:79:19)
    at runTestInternal (/project/workspace/node_modules/jest-runner/build/runTest.js:367:16)
    at runTest (/project/workspace/node_modules/jest-runner/build/runTest.js:444:34)</failure>
    </testcase>
    <testcase classname=" Test execution failure: could be caused by test hooks like &apos;afterAll&apos;." name=" Test execution failure: could be caused by test hooks like &apos;afterAll&apos;." time="0">
      <failure>{&quot;message&quot;:&quot;&quot;,&quot;stack&quot;:&quot;TypeError: Cannot read properties of undefined (reading &apos;close&apos;)\n    at Object.&lt;anonymous&gt; (/project/workspace/test/jest/acceptance/snyk-test/missing-node-modules.spec.ts:39:12)\n    at Promise.then.completed (/project/workspace/node_modules/jest-circus/build/utils.js:290:26)\n    at new Promise (&lt;anonymous&gt;)\n    at callAsyncCircusFn (/project/workspace/node_modules/jest-circus/build/utils.js:231:10)\n    at _callCircusHook (/project/workspace/node_modules/jest-circus/build/run.js:281:40)\n    at _runTestsForDescribeBlock (/project/workspace/node_modules/jest-circus/build/run.js:154:7)\n    at _runTestsForDescribeBlock (/project/workspace/node_modules/jest-circus/build/run.js:121:9)\n    at run (/project/workspace/node_modules/jest-circus/build/run.js:71:3)\n    at runAndTransformResultsToJestFormat (/project/workspace/node_modules/jest-circus/build/legacy-code-todo-rewrite/jestAdapterInit.js:122:21)\n    at jestAdapter (/project/workspace/node_modules/jest-circus/build/legacy-code-todo-rewrite/jestAdapter.js:79:19)\n    at runTestInternal (/project/workspace/node_modules/jest-runner/build/runTest.js:367:16)\n    at runTest (/project/workspace/node_modules/jest-runner/build/runTest.js:444:34)&quot;}</failure>
    </testcase>
  </testsuite>
  <testsuite name="ARM single file scan" errors="0" failures="5" skipped="0" timestamp="2024-06-12T20:54:58" time="0.477" tests="5">
    <testcase classname="ARM single file scan finds issues in ARM JSON file" name="ARM single file scan finds issues in ARM JSON file" time="0.04">
      <failure>Error: expect(received).toContain(expected) // indexOf

Expected substring: &quot;Azure Firewall Network Rule Collection allows public access&quot;
Received string:    &quot;&quot;
    at Object.&lt;anonymous&gt; (/project/workspace/test/jest/acceptance/iac/test-arm.spec.ts:23:20)
    at processTicksAndRejections (node:internal/process/task_queues:95:5)</failure>
    </testcase>
    <testcase classname="ARM single file scan filters out issues when using severity threshold" name="ARM single file scan filters out issues when using severity threshold" time="0.042">
      <failure>Error: expect(received).toContain(expected) // indexOf

Expected substring: &quot;No vulnerable paths were found!&quot;
Received string:    &quot;&quot;
    at Object.&lt;anonymous&gt; (/project/workspace/test/jest/acceptance/iac/test-arm.spec.ts:39:20)
    at processTicksAndRejections (node:internal/process/task_queues:95:5)</failure>
    </testcase>
    <testcase classname="ARM single file scan outputs an error for files with no valid JSON" name="ARM single file scan outputs an error for files with no valid JSON" time="0.04">
      <failure>Error: expect(received).toContain(expected) // indexOf

Expected substring: &quot;Failed to parse JSON file
  Path: ./iac/arm/invalid_rule_test.json&quot;
Received string:    &quot;&quot;
    at Object.&lt;anonymous&gt; (/project/workspace/test/jest/acceptance/iac/test-arm.spec.ts:48:20)
    at processTicksAndRejections (node:internal/process/task_queues:95:5)</failure>
    </testcase>
    <testcase classname="ARM single file scan outputs the expected text when running with --sarif flag" name="ARM single file scan outputs the expected text when running with --sarif flag" time="0.054">
      <failure>Error: expect(received).toContain(expected) // indexOf

Expected substring: &quot;\&quot;id\&quot;: \&quot;SNYK-CC-TF-20\&quot;,&quot;
Received string:    &quot;&quot;
    at Object.&lt;anonymous&gt; (/project/workspace/test/jest/acceptance/iac/test-arm.spec.ts:61:20)
    at processTicksAndRejections (node:internal/process/task_queues:95:5)</failure>
    </testcase>
    <testcase classname="ARM single file scan outputs the expected text when running with --json flag" name="ARM single file scan outputs the expected text when running with --json flag" time="0.059">
      <failure>Error: expect(received).toBe(expected) // Object.is equality

Expected: true
Received: false
    at Object.&lt;anonymous&gt; (/project/workspace/test/jest/acceptance/iac/test-arm.spec.ts:71:39)
    at processTicksAndRejections (node:internal/process/task_queues:95:5)</failure>
    </testcase>
  </testsuite>
  <testsuite name="snyk sbom: nuget options (mocked server only)" errors="0" failures="2" skipped="0" timestamp="2024-06-12T20:54:59" time="0.34" tests="2">
    <testcase classname="snyk sbom: nuget options (mocked server only) `sbom --assets-project-name` generates an SBOM for the NuGet project by using the project name in project.assets.json if found" name="snyk sbom: nuget options (mocked server only) `sbom --assets-project-name` generates an SBOM for the NuGet project by using the project name in project.assets.json if found" time="0.058">
      <failure>Error: expect(received).toEqual(expected) // deep equality

Expected: 0
Received: 1
    at Object.&lt;anonymous&gt; (/project/workspace/test/jest/acceptance/snyk-sbom/nuget-options.spec.ts:52:18)
    at processTicksAndRejections (node:internal/process/task_queues:95:5)</failure>
    </testcase>
    <testcase classname="snyk sbom: nuget options (mocked server only) `sbom --packages-folder=...` generates an SBOM for the NuGet project by specifying a custom path to the packages folder." name="snyk sbom: nuget options (mocked server only) `sbom --packages-folder=...` generates an SBOM for the NuGet project by specifying a custom path to the packages folder." time="0.061">
      <failure>Error: expect(received).toEqual(expected) // deep equality

Expected: 0
Received: 1
    at Object.&lt;anonymous&gt; (/project/workspace/test/jest/acceptance/snyk-sbom/nuget-options.spec.ts:78:18)
    at processTicksAndRejections (node:internal/process/task_queues:95:5)</failure>
    </testcase>
  </testsuite>
  <testsuite name="Terraform plan scanning" errors="0" failures="5" skipped="0" timestamp="2024-06-12T20:54:59" time="0.433" tests="5">
    <testcase classname="Terraform plan scanning finds issues in a Terraform plan file" name="Terraform plan scanning finds issues in a Terraform plan file" time="0.062">
      <failure>Error: expect(received).toContain(expected) // indexOf

Expected substring: &quot;File:    ./iac/terraform-plan/tf-plan-create.json&quot;
Received string:    &quot;&quot;
    at Object.&lt;anonymous&gt; (/project/workspace/test/jest/acceptance/iac/test-terraform-plan.spec.ts:24:20)
    at processTicksAndRejections (node:internal/process/task_queues:95:5)</failure>
    </testcase>
    <testcase classname="Terraform plan scanning finds issues in a Terraform plan file - explicit delta scan with flag" name="Terraform plan scanning finds issues in a Terraform plan file - explicit delta scan with flag" time="0.049">
      <failure>Error: expect(received).toContain(expected) // indexOf

Expected substring: &quot;Files with issues: 1&quot;
Received string:    &quot;&quot;
    at Object.&lt;anonymous&gt; (/project/workspace/test/jest/acceptance/iac/test-terraform-plan.spec.ts:39:20)
    at processTicksAndRejections (node:internal/process/task_queues:95:5)</failure>
    </testcase>
    <testcase classname="Terraform plan scanning errors when a wrong value is passed to the --scan flag" name="Terraform plan scanning errors when a wrong value is passed to the --scan flag" time="0.037">
      <failure>Error: expect(received).toContain(expected) // indexOf

Expected substring: &quot;Unsupported value \&quot;resrc-changes\&quot; provided to flag \&quot;--scan\&quot;.&quot;
Received string:    &quot;&quot;
    at Object.&lt;anonymous&gt; (/project/workspace/test/jest/acceptance/iac/test-terraform-plan.spec.ts:47:20)
    at processTicksAndRejections (node:internal/process/task_queues:95:5)</failure>
    </testcase>
    <testcase classname="Terraform plan scanning errors when no value is provided to the --scan flag" name="Terraform plan scanning errors when no value is provided to the --scan flag" time="0.036">
      <failure>Error: expect(received).toContain(expected) // indexOf

Expected substring: &quot;Unsupported value \&quot;true\&quot; provided to flag \&quot;--scan\&quot;.&quot;
Received string:    &quot;&quot;
    at Object.&lt;anonymous&gt; (/project/workspace/test/jest/acceptance/iac/test-terraform-plan.spec.ts:57:20)
    at processTicksAndRejections (node:internal/process/task_queues:95:5)</failure>
    </testcase>
    <testcase classname="Terraform plan scanning succesfully scans a TF-Plan with the --json output flag" name="Terraform plan scanning succesfully scans a TF-Plan with the --json output flag" time="0.045">
      <failure>Error: expect(received).toBe(expected) // Object.is equality

Expected: true
Received: false
    at Object.&lt;anonymous&gt; (/project/workspace/test/jest/acceptance/iac/test-terraform-plan.spec.ts:68:39)
    at processTicksAndRejections (node:internal/process/task_queues:95:5)</failure>
    </testcase>
  </testsuite>
  <testsuite name="snyk test --yarn-workspaces (mocked server only)" errors="0" failures="3" skipped="0" timestamp="2024-06-12T20:54:59" time="0.308" tests="3">
    <testcase classname="snyk test --yarn-workspaces (mocked server only) `test yarn-out-of-sync` out of sync fails by default" name="snyk test --yarn-workspaces (mocked server only) `test yarn-out-of-sync` out of sync fails by default" time="0.046">
      <failure>Error: expect(received).toEqual(expected) // deep equality

Expected: 2
Received: 1
    at Object.&lt;anonymous&gt; (/project/workspace/test/jest/acceptance/snyk-test/yarn-workspaces.spec.ts:52:18)
    at processTicksAndRejections (node:internal/process/task_queues:95:5)</failure>
    </testcase>
    <testcase classname="snyk test --yarn-workspaces (mocked server only) `test yarn-out-of-sync` out of sync succeeds" name="snyk test --yarn-workspaces (mocked server only) `test yarn-out-of-sync` out of sync succeeds" time="0.036">
      <failure>Error: expect(received).toEqual(expected) // deep equality

Expected: 0
Received: 1
    at Object.&lt;anonymous&gt; (/project/workspace/test/jest/acceptance/snyk-test/yarn-workspaces.spec.ts:71:18)
    at processTicksAndRejections (node:internal/process/task_queues:95:5)</failure>
    </testcase>
    <testcase classname="snyk test --yarn-workspaces (mocked server only) `test empty --yarn-workspaces`" name="snyk test --yarn-workspaces (mocked server only) `test empty --yarn-workspaces`" time="0.036">
      <failure>Error: expect(received).toEqual(expected) // deep equality

Expected: 3
Received: 1
    at Object.&lt;anonymous&gt; (/project/workspace/test/jest/acceptance/snyk-test/yarn-workspaces.spec.ts:87:18)
    at processTicksAndRejections (node:internal/process/task_queues:95:5)</failure>
    </testcase>
  </testsuite>
  <testsuite name="snyk sbom: npm options (mocked server only)" errors="0" failures="2" skipped="0" timestamp="2024-06-12T20:55:00" time="0.27" tests="2">
    <testcase classname="snyk sbom: npm options (mocked server only) `sbom --strict-out-of-sync=false` generates an SBOM for the NPM project by NOT preventing scanning out-of-sync NPM lockfiles." name="snyk sbom: npm options (mocked server only) `sbom --strict-out-of-sync=false` generates an SBOM for the NPM project by NOT preventing scanning out-of-sync NPM lockfiles." time="0.039">
      <failure>Error: expect(received).toEqual(expected) // deep equality

Expected: 0
Received: 1
    at Object.&lt;anonymous&gt; (/project/workspace/test/jest/acceptance/snyk-sbom/npm-options.spec.ts:50:18)
    at processTicksAndRejections (node:internal/process/task_queues:95:5)</failure>
    </testcase>
    <testcase classname="snyk sbom: npm options (mocked server only) `sbom --strict-out-of-sync=true` fails to generate an SBOM for the NPM project because out-of-sync NPM lockfiles." name="snyk sbom: npm options (mocked server only) `sbom --strict-out-of-sync=true` fails to generate an SBOM for the NPM project because out-of-sync NPM lockfiles." time="0.039">
      <failure>Error: expect(received).toEqual(expected) // deep equality

Expected: 2
Received: 1
    at Object.&lt;anonymous&gt; (/project/workspace/test/jest/acceptance/snyk-sbom/npm-options.spec.ts:69:18)
    at processTicksAndRejections (node:internal/process/task_queues:95:5)</failure>
    </testcase>
  </testsuite>
  <testsuite name="--target-reference" errors="0" failures="2" skipped="0" timestamp="2024-06-12T20:55:00" time="0.492" tests="2">
    <testcase classname="--target-reference forwards value to monitor endpoint" name="--target-reference forwards value to monitor endpoint" time="0.055">
      <failure>Error: expect(received).toEqual(expected) // deep equality

Expected: 0
Received: 1
    at Object.&lt;anonymous&gt; (/project/workspace/test/jest/acceptance/snyk-monitor/target-reference.spec.ts:46:18)
    at processTicksAndRejections (node:internal/process/task_queues:95:5)</failure>
    </testcase>
    <testcase classname="--target-reference forwards value to test endpoint" name="--target-reference forwards value to test endpoint" time="0.043">
      <failure>Error: expect(received).toEqual(expected) // deep equality

Expected: 0
Received: 1
    at Object.&lt;anonymous&gt; (/project/workspace/test/jest/acceptance/snyk-monitor/target-reference.spec.ts:71:18)
    at processTicksAndRejections (node:internal/process/task_queues:95:5)</failure>
    </testcase>
  </testsuite>
  <testsuite name="snyk config endpoint" errors="0" failures="1" skipped="0" timestamp="2024-06-12T20:55:00" time="0.487" tests="1">
    <testcase classname="snyk config endpoint can set an endpoint after setting an invalid one" name="snyk config endpoint can set an endpoint after setting an invalid one" time="0.163">
      <failure>Error: expect(received).toEqual(expected) // deep equality

Expected: &quot;&quot;
Received: &quot;node:internal/modules/package_json_reader:93
        throw error;
        ^·
SyntaxError: Error parsing /project/workspace/package.json: Unexpected non-whitespace character after JSON at position 8
    at parse (&lt;anonymous&gt;)
    at read (node:internal/modules/package_json_reader:80:16)
    at readPackage (node:internal/modules/package_json_reader:141:10)
    at readPackageScope (node:internal/modules/package_json_reader:164:19)
    at shouldUseESMLoader (node:internal/modules/run_main:72:15)
    at Function.executeUserEntryPoint [as runMain] (node:internal/modules/run_main:129:24)
    at node:internal/main/run_main_module:28:49 {
  path: &apos;/project/workspace/package.json&apos;
}·
Node.js v20.12.1
&quot;
    at Object.&lt;anonymous&gt; (/project/workspace/test/jest/acceptance/snyk-config/snyk-config-endpoint.spec.ts:35:22)
    at processTicksAndRejections (node:internal/process/task_queues:95:5)</failure>
    </testcase>
  </testsuite>
  <testsuite name="project attributes (--lifecycle, --environment, --business-criticality)" errors="0" failures="0" skipped="0" timestamp="2024-06-12T20:55:01" time="1.533" tests="6">
    <testcase classname="project attributes (--lifecycle, --environment, --business-criticality) returns undefined when they are all missing, for each option" name="project attributes (--lifecycle, --environment, --business-criticality) returns undefined when they are all missing, for each option" time="0.002">
    </testcase>
    <testcase classname="project attributes (--lifecycle, --environment, --business-criticality) parses the options correctly when they are valid" name="project attributes (--lifecycle, --environment, --business-criticality) parses the options correctly when they are valid" time="0">
    </testcase>
    <testcase classname="project attributes (--lifecycle, --environment, --business-criticality) raises the correct error with an invalid business criticality" name="project attributes (--lifecycle, --environment, --business-criticality) raises the correct error with an invalid business criticality" time="0.004">
    </testcase>
    <testcase classname="project attributes (--lifecycle, --environment, --business-criticality) raises the correct error with an invalid lifecycle" name="project attributes (--lifecycle, --environment, --business-criticality) raises the correct error with an invalid lifecycle" time="0.001">
    </testcase>
    <testcase classname="project attributes (--lifecycle, --environment, --business-criticality) raises the correct error with an invalid environment" name="project attributes (--lifecycle, --environment, --business-criticality) raises the correct error with an invalid environment" time="0">
    </testcase>
    <testcase classname="project attributes (--lifecycle, --environment, --business-criticality) raises the correct error with multiple invalid attributes" name="project attributes (--lifecycle, --environment, --business-criticality) raises the correct error with multiple invalid attributes" time="0.001">
    </testcase>
  </testsuite>
  <testsuite name="iac capture" errors="0" failures="3" skipped="0" timestamp="2024-06-12T20:55:02" time="0.866" tests="3">
    <testcase classname="iac capture capture fail when not used as an iac sub-command" name="iac capture capture fail when not used as an iac sub-command" time="0.103">
      <failure>Error: expect(received).toContain(expected) // indexOf

Expected substring: &quot;Unknown command \&quot;capture\&quot;&quot;
Received string:    &quot;&quot;
    at Object.&lt;anonymous&gt; (/project/workspace/test/jest/acceptance/iac/capture.spec.ts:25:20)</failure>
    </testcase>
    <testcase classname="iac capture Launch capture without states" name="iac capture Launch capture without states" time="0.265">
      <failure>Error: expect(received).toContain(expected) // indexOf

Expected substring: &quot;could not find any Terraform state in &apos;./iac/drift/&apos;&quot;
Received string:    &quot;&quot;
    at Object.&lt;anonymous&gt; (/project/workspace/test/jest/acceptance/iac/capture.spec.ts:40:20)</failure>
    </testcase>
    <testcase classname="iac capture Launch capture with a state success" name="iac capture Launch capture with a state success" time="0.2">
      <failure>Error: expect(received).toContain(expected) // indexOf

Expected substring: &quot;Successfully captured all your states&quot;
Received string:    &quot;&quot;
    at Object.&lt;anonymous&gt; (/project/workspace/test/jest/acceptance/iac/capture.spec.ts:64:20)
    at processTicksAndRejections (node:internal/process/task_queues:95:5)</failure>
    </testcase>
  </testsuite>
  <testsuite name="iac update-exclude-policy" errors="0" failures="2" skipped="0" timestamp="2024-06-12T20:55:03" time="0.688" tests="2">
    <testcase classname="iac update-exclude-policy update-exclude-policy fail without the right entitlement" name="iac update-exclude-policy update-exclude-policy fail without the right entitlement" time="0.038">
      <failure>Error: expect(received).toMatch(expected)

Expected substring: &quot;Command \&quot;update-exclude-policy\&quot; is currently not supported for this org. To enable it, please contact snyk support.&quot;
Received string:    &quot;&quot;
    at Object.&lt;anonymous&gt; (/project/workspace/test/jest/acceptance/iac/update-exclude-policy.spec.ts:34:20)
    at processTicksAndRejections (node:internal/process/task_queues:95:5)</failure>
    </testcase>
    <testcase classname="iac update-exclude-policy update-exclude-policy successfully executed when org has the entitlement" name="iac update-exclude-policy update-exclude-policy successfully executed when org has the entitlement" time="0.04">
      <failure>Error: expect(received).toBe(expected) // Object.is equality

Expected: 0
Received: 1
    at Object.&lt;anonymous&gt; (/project/workspace/test/jest/acceptance/iac/update-exclude-policy.spec.ts:71:22)</failure>
    </testcase>
  </testsuite>
  <testsuite name="OAuth Token" errors="0" failures="2" skipped="0" timestamp="2024-06-12T20:55:04" time="0.302" tests="2">
    <testcase classname="OAuth Token uses oauth token for authorised requests when testing projects" name="OAuth Token uses oauth token for authorised requests when testing projects" time="0.041">
      <failure>Error: expect(received).toEqual(expected) // deep equality

Expected: 0
Received: 1
    at Object.&lt;anonymous&gt; (/project/workspace/test/jest/acceptance/oauth-token.spec.ts:43:18)
    at processTicksAndRejections (node:internal/process/task_queues:95:5)</failure>
    </testcase>
    <testcase classname="OAuth Token uses oauth token for authorised requests when monitoring projects" name="OAuth Token uses oauth token for authorised requests when monitoring projects" time="0.05">
      <failure>Error: expect(received).toEqual(expected) // deep equality

Expected: 0
Received: 1
    at Object.&lt;anonymous&gt; (/project/workspace/test/jest/acceptance/oauth-token.spec.ts:64:18)
    at processTicksAndRejections (node:internal/process/task_queues:95:5)</failure>
    </testcase>
  </testsuite>
  <testsuite name="trust policies" errors="0" failures="1" skipped="0" timestamp="2024-06-12T20:55:04" time="3.153" tests="2">
    <testcase classname="trust policies `snyk test` detects suggested ignore policies" name="trust policies `snyk test` detects suggested ignore policies" time="1.42">
      <failure>Error: expect(received).toMatch(expected)

Expected substring: &quot;suggests ignoring this issue, with reason: test trust policies&quot;
Received string:    &quot;&quot;
    at Object.&lt;anonymous&gt; (/project/workspace/test/jest/acceptance/snyk-test/trust-policies.spec.ts:50:20)
    at processTicksAndRejections (node:internal/process/task_queues:95:5)</failure>
    </testcase>
    <testcase classname="trust policies `snyk test --trust-policies` applies suggested ignore policies" name="trust policies `snyk test --trust-policies` applies suggested ignore policies" time="1.485">
    </testcase>
  </testsuite>
  <testsuite name="snyk test with patched vulnerabilities" errors="0" failures="1" skipped="0" timestamp="2024-06-12T20:55:08" time="0.524" tests="1">
    <testcase classname="snyk test with patched vulnerabilities takes into account patched vulnerabilities" name="snyk test with patched vulnerabilities takes into account patched vulnerabilities" time="0.051">
      <failure>SyntaxError: Unexpected end of JSON input
    at JSON.parse (&lt;anonymous&gt;)
    at Object.&lt;anonymous&gt; (/project/workspace/test/jest/acceptance/snyk-test/with-patched-vulnerabilities.spec.ts:52:28)
    at processTicksAndRejections (node:internal/process/task_queues:95:5)</failure>
    </testcase>
  </testsuite>
  <testsuite name="test formatting for human consumption" errors="0" failures="2" skipped="0" timestamp="2024-06-12T20:55:08" time="0.31" tests="2">
    <testcase classname="test formatting for human consumption includes a summary of vulnerabilites and paths" name="test formatting for human consumption includes a summary of vulnerabilites and paths" time="0.046">
      <failure>Error: expect(received).toContain(expected) // indexOf

Expected substring: &quot;Tested 1 dependencies for known issues, found 1 issue, 1 vulnerable path.&quot;
Received string:    &quot;&quot;
    at Object.&lt;anonymous&gt; (/project/workspace/test/jest/acceptance/snyk-test/human-formatted-output.spec.ts:45:31)
    at processTicksAndRejections (node:internal/process/task_queues:95:5)</failure>
    </testcase>
    <testcase classname="test formatting for human consumption includes a user note and reason" name="test formatting for human consumption includes a user note and reason" time="0.053">
      <failure>Error: expect(received).toContain(expected) // indexOf

Expected substring: &quot;User note: This is a test user note&quot;
Received string:    &quot;&quot;
    at Object.&lt;anonymous&gt; (/project/workspace/test/jest/acceptance/snyk-test/human-formatted-output.spec.ts:63:31)
    at processTicksAndRejections (node:internal/process/task_queues:95:5)</failure>
    </testcase>
  </testsuite>
  <testsuite name="snyk test --fail-on" errors="0" failures="5" skipped="0" timestamp="2024-06-12T20:55:08" time="0.603" tests="9">
    <testcase classname="snyk test --fail-on snyk test --fail-on=&quot;all&quot; with no-vulns result exits with 0" name="snyk test --fail-on snyk test --fail-on=&quot;all&quot; with no-vulns result exits with 0" time="0.067">
      <failure>Error: expect(received).toEqual(expected) // deep equality

Expected: 0
Received: 1
    at /project/workspace/test/jest/acceptance/snyk-test/fail-on.spec.ts:59:20
    at processTicksAndRejections (node:internal/process/task_queues:95:5)</failure>
    </testcase>
    <testcase classname="snyk test --fail-on snyk test --fail-on=&quot;all&quot; with no-fixable result exits with 0" name="snyk test --fail-on snyk test --fail-on=&quot;all&quot; with no-fixable result exits with 0" time="0.04">
      <failure>Error: expect(received).toEqual(expected) // deep equality

Expected: 0
Received: 1
    at /project/workspace/test/jest/acceptance/snyk-test/fail-on.spec.ts:59:20
    at processTicksAndRejections (node:internal/process/task_queues:95:5)</failure>
    </testcase>
    <testcase classname="snyk test --fail-on snyk test --fail-on=&quot;all&quot; with upgradable result exits with 1" name="snyk test --fail-on snyk test --fail-on=&quot;all&quot; with upgradable result exits with 1" time="0.042">
    </testcase>
    <testcase classname="snyk test --fail-on snyk test --fail-on=&quot;all&quot; with patchable result exits with 1" name="snyk test --fail-on snyk test --fail-on=&quot;all&quot; with patchable result exits with 1" time="0.039">
    </testcase>
    <testcase classname="snyk test --fail-on snyk test --fail-on=&quot;upgradable&quot; with upgradable result exits with 1" name="snyk test --fail-on snyk test --fail-on=&quot;upgradable&quot; with upgradable result exits with 1" time="0.038">
    </testcase>
    <testcase classname="snyk test --fail-on snyk test --fail-on=&quot;upgradable&quot; with patchable result exits with 0" name="snyk test --fail-on snyk test --fail-on=&quot;upgradable&quot; with patchable result exits with 0" time="0.039">
      <failure>Error: expect(received).toEqual(expected) // deep equality

Expected: 0
Received: 1
    at /project/workspace/test/jest/acceptance/snyk-test/fail-on.spec.ts:59:20
    at processTicksAndRejections (node:internal/process/task_queues:95:5)</failure>
    </testcase>
    <testcase classname="snyk test --fail-on snyk test --fail-on=&quot;patchable&quot; with upgradable result exits with 0" name="snyk test --fail-on snyk test --fail-on=&quot;patchable&quot; with upgradable result exits with 0" time="0.039">
      <failure>Error: expect(received).toEqual(expected) // deep equality

Expected: 0
Received: 1
    at /project/workspace/test/jest/acceptance/snyk-test/fail-on.spec.ts:59:20
    at processTicksAndRejections (node:internal/process/task_queues:95:5)</failure>
    </testcase>
    <testcase classname="snyk test --fail-on snyk test --fail-on=&quot;patchable&quot; with patchable result exits with 1" name="snyk test --fail-on snyk test --fail-on=&quot;patchable&quot; with patchable result exits with 1" time="0.039">
    </testcase>
    <testcase classname="snyk test --fail-on snyk test --fail-on=&quot;invalid-value&quot; with no-vulns result exits with 2" name="snyk test --fail-on snyk test --fail-on=&quot;invalid-value&quot; with no-vulns result exits with 2" time="0.061">
      <failure>Error: expect(received).toEqual(expected) // deep equality

Expected: 2
Received: 1
    at /project/workspace/test/jest/acceptance/snyk-test/fail-on.spec.ts:59:20
    at processTicksAndRejections (node:internal/process/task_queues:95:5)</failure>
    </testcase>
  </testsuite>
  <testsuite name="iac test SARIF output" errors="0" failures="1" skipped="0" timestamp="2024-06-12T20:55:09" time="0.666" tests="3">
    <testcase classname="iac test SARIF output should not show an initial message" name="iac test SARIF output should not show an initial message" time="0.038">
    </testcase>
    <testcase classname="iac test SARIF output should not show spinner messages" name="iac test SARIF output should not show spinner messages" time="0.058">
    </testcase>
    <testcase classname="iac test SARIF output with multiple paths should return valid output" name="iac test SARIF output with multiple paths should return valid output" time="0.041">
      <failure>Error: expect(received).toBe(expected) // Object.is equality

Expected: true
Received: false
    at Object.&lt;anonymous&gt; (/project/workspace/test/jest/acceptance/iac/output-formats/sarif.spec.ts:64:41)
    at processTicksAndRejections (node:internal/process/task_queues:95:5)</failure>
    </testcase>
  </testsuite>
  <testsuite name="checkPackageToolSupported" errors="0" failures="0" skipped="0" timestamp="2024-06-12T20:55:10" time="0.726" tests="2">
    <testcase classname="checkPackageToolSupported pipenv fix package called with correct data" name="checkPackageToolSupported pipenv fix package called with correct data" time="0.013">
    </testcase>
    <testcase classname="checkPackageToolSupported poetry fix package called with correct data" name="checkPackageToolSupported poetry fix package called with correct data" time="0.002">
    </testcase>
  </testsuite>
  <testsuite name="spotlight vuln notification" errors="0" failures="1" skipped="0" timestamp="2024-06-12T20:55:10" time="1.164" tests="1">
    <testcase classname="spotlight vuln notification includes spotlight vuln notification for Log4j SNYK-JAVA-ORGAPACHELOGGINGLOG4J-2314720" name="spotlight vuln notification includes spotlight vuln notification for Log4j SNYK-JAVA-ORGAPACHELOGGINGLOG4J-2314720" time="0.048">
      <failure>Error: expect(received).toContain(expected) // indexOf

Expected substring: &quot;WARNING: Critical severity vulnerabilities were found with Log4j!&quot;
Received string:    &quot;&quot;
    at Object.&lt;anonymous&gt; (/project/workspace/test/jest/acceptance/snyk-test/spotlight-vuln-notification.spec.ts:51:20)
    at processTicksAndRejections (node:internal/process/task_queues:95:5)</failure>
    </testcase>
  </testsuite>
  <testsuite name="snyk test retry mechanism" errors="0" failures="2" skipped="0" timestamp="2024-06-12T20:55:12" time="0.334" tests="2">
    <testcase classname="snyk test retry mechanism run `snyk test` on an arbitrary cocoapods project and expect retries in case of failures" name="snyk test retry mechanism run `snyk test` on an arbitrary cocoapods project and expect retries in case of failures" time="0.041">
      <failure>Error: expect(received).toEqual(expected) // deep equality

Expected: 0
Received: 1
    at Object.&lt;anonymous&gt; (/project/workspace/test/jest/acceptance/snyk-test/retry-mechanism.spec.ts:47:18)
    at processTicksAndRejections (node:internal/process/task_queues:95:5)</failure>
    </testcase>
    <testcase classname="snyk test retry mechanism run `snyk test` on an arbitrary cocoapods project and expect failure when the retry budget is consumed" name="snyk test retry mechanism run `snyk test` on an arbitrary cocoapods project and expect failure when the retry budget is consumed" time="0.041">
      <failure>Error: expect(received).toEqual(expected) // deep equality

Expected: 2
Received: 1
    at Object.&lt;anonymous&gt; (/project/workspace/test/jest/acceptance/snyk-test/retry-mechanism.spec.ts:59:18)
    at processTicksAndRejections (node:internal/process/task_queues:95:5)</failure>
    </testcase>
  </testsuite>
  <testsuite name="snyk test --sarif" errors="0" failures="1" skipped="0" timestamp="2024-06-12T20:55:12" time="0.254" tests="1">
    <testcase classname="snyk test --sarif `snyk test --sarif` includes the expected output" name="snyk test --sarif `snyk test --sarif` includes the expected output" time="0.056">
      <failure>Error: expect(received).toContain(expected) // indexOf

Expected substring: &quot;\&quot;artifactsScanned\&quot;: 1&quot;
Received string:    &quot;&quot;
    at Object.&lt;anonymous&gt; (/project/workspace/test/jest/acceptance/snyk-test/output-formats/sarif.spec.ts:53:20)
    at processTicksAndRejections (node:internal/process/task_queues:95:5)</failure>
    </testcase>
  </testsuite>
  <testsuite name="snyk sbom --yarn-workspaces (mocked server only)" errors="0" failures="1" skipped="0" timestamp="2024-06-12T20:55:12" time="0.258" tests="1">
    <testcase classname="snyk sbom --yarn-workspaces (mocked server only) `sbom yarn-workspaces` generates an SBOM for multiple yarn workspaces" name="snyk sbom --yarn-workspaces (mocked server only) `sbom yarn-workspaces` generates an SBOM for multiple yarn workspaces" time="0.064">
      <failure>Error: expect(received).toEqual(expected) // deep equality

Expected: 0
Received: 1
    at Object.&lt;anonymous&gt; (/project/workspace/test/jest/acceptance/snyk-sbom/yarn-options.spec.ts:52:18)
    at processTicksAndRejections (node:internal/process/task_queues:95:5)</failure>
    </testcase>
  </testsuite>
  <testsuite name="woof" errors="0" failures="11" skipped="0" timestamp="2024-06-12T20:55:12" time="0.623" tests="11">
    <testcase classname="woof Woofs in English by default" name="woof Woofs in English by default" time="0.039">
      <failure>Error: expect(received).toContain(expected) // indexOf

Expected substring: &quot;Woof!&quot;
Received string:    &quot;&quot;
    at Object.&lt;anonymous&gt; (/project/workspace/test/jest/acceptance/woof.spec.ts:20:20)
    at processTicksAndRejections (node:internal/process/task_queues:95:5)</failure>
    </testcase>
    <testcase classname="woof Woofs in English when passed unsupported language" name="woof Woofs in English when passed unsupported language" time="0.037">
      <failure>Error: expect(received).toContain(expected) // indexOf

Expected substring: &quot;Woof!&quot;
Received string:    &quot;&quot;
    at Object.&lt;anonymous&gt; (/project/workspace/test/jest/acceptance/woof.spec.ts:30:20)
    at processTicksAndRejections (node:internal/process/task_queues:95:5)</failure>
    </testcase>
    <testcase classname="woof Woofs in { langCode: &apos;en&apos;, expectedWoof: &apos;Woof!&apos; }" name="woof Woofs in { langCode: &apos;en&apos;, expectedWoof: &apos;Woof!&apos; }" time="0.042">
      <failure>Error: expect(received).toContain(expected) // indexOf

Expected substring: &quot;Woof!&quot;
Received string:    &quot;&quot;
    at /project/workspace/test/jest/acceptance/woof.spec.ts:40:20
    at processTicksAndRejections (node:internal/process/task_queues:95:5)</failure>
    </testcase>
    <testcase classname="woof Woofs in { langCode: &apos;he&apos;, expectedWoof: &apos;בה! &apos; }" name="woof Woofs in { langCode: &apos;he&apos;, expectedWoof: &apos;בה! &apos; }" time="0.035">
      <failure>Error: expect(received).toContain(expected) // indexOf

Expected substring: &quot;בה! &quot;
Received string:    &quot;&quot;
    at /project/workspace/test/jest/acceptance/woof.spec.ts:40:20
    at processTicksAndRejections (node:internal/process/task_queues:95:5)</failure>
    </testcase>
    <testcase classname="woof Woofs in { langCode: &apos;ru&apos;, expectedWoof: &apos;Гав!&apos; }" name="woof Woofs in { langCode: &apos;ru&apos;, expectedWoof: &apos;Гав!&apos; }" time="0.039">
      <failure>Error: expect(received).toContain(expected) // indexOf

Expected substring: &quot;Гав!&quot;
Received string:    &quot;&quot;
    at /project/workspace/test/jest/acceptance/woof.spec.ts:40:20
    at processTicksAndRejections (node:internal/process/task_queues:95:5)</failure>
    </testcase>
    <testcase classname="woof Woofs in { langCode: &apos;es&apos;, expectedWoof: &apos;Guau!&apos; }" name="woof Woofs in { langCode: &apos;es&apos;, expectedWoof: &apos;Guau!&apos; }" time="0.033">
      <failure>Error: expect(received).toContain(expected) // indexOf

Expected substring: &quot;Guau!&quot;
Received string:    &quot;&quot;
    at /project/workspace/test/jest/acceptance/woof.spec.ts:40:20
    at processTicksAndRejections (node:internal/process/task_queues:95:5)</failure>
    </testcase>
    <testcase classname="woof Woofs in { langCode: &apos;cs&apos;, expectedWoof: &apos;Haf!&apos; }" name="woof Woofs in { langCode: &apos;cs&apos;, expectedWoof: &apos;Haf!&apos; }" time="0.036">
      <failure>Error: expect(received).toContain(expected) // indexOf

Expected substring: &quot;Haf!&quot;
Received string:    &quot;&quot;
    at /project/workspace/test/jest/acceptance/woof.spec.ts:40:20
    at processTicksAndRejections (node:internal/process/task_queues:95:5)</failure>
    </testcase>
    <testcase classname="woof Woofs in { langCode: &apos;uk&apos;, expectedWoof: &apos;Гав!&apos; }" name="woof Woofs in { langCode: &apos;uk&apos;, expectedWoof: &apos;Гав!&apos; }" time="0.035">
      <failure>Error: expect(received).toContain(expected) // indexOf

Expected substring: &quot;Гав!&quot;
Received string:    &quot;&quot;
    at /project/workspace/test/jest/acceptance/woof.spec.ts:40:20
    at processTicksAndRejections (node:internal/process/task_queues:95:5)</failure>
    </testcase>
    <testcase classname="woof Woofs in { langCode: &apos;de&apos;, expectedWoof: &apos;Wuff!&apos; }" name="woof Woofs in { langCode: &apos;de&apos;, expectedWoof: &apos;Wuff!&apos; }" time="0.035">
      <failure>Error: expect(received).toContain(expected) // indexOf

Expected substring: &quot;Wuff!&quot;
Received string:    &quot;&quot;
    at /project/workspace/test/jest/acceptance/woof.spec.ts:40:20
    at processTicksAndRejections (node:internal/process/task_queues:95:5)</failure>
    </testcase>
    <testcase classname="woof Woofs in { langCode: &apos;ro&apos;, expectedWoof: &apos;Ham!&apos; }" name="woof Woofs in { langCode: &apos;ro&apos;, expectedWoof: &apos;Ham!&apos; }" time="0.056">
      <failure>Error: expect(received).toContain(expected) // indexOf

Expected substring: &quot;Ham!&quot;
Received string:    &quot;&quot;
    at /project/workspace/test/jest/acceptance/woof.spec.ts:40:20
    at processTicksAndRejections (node:internal/process/task_queues:95:5)</failure>
    </testcase>
    <testcase classname="woof Woofs in { langCode: &apos;cat&apos;, expectedWoof: &apos;Meow?&apos; }" name="woof Woofs in { langCode: &apos;cat&apos;, expectedWoof: &apos;Meow?&apos; }" time="0.041">
      <failure>Error: expect(received).toContain(expected) // indexOf

Expected substring: &quot;Meow?&quot;
Received string:    &quot;&quot;
    at /project/workspace/test/jest/acceptance/woof.spec.ts:40:20
    at processTicksAndRejections (node:internal/process/task_queues:95:5)</failure>
    </testcase>
  </testsuite>
  <testsuite name="--tags" errors="0" failures="0" skipped="0" timestamp="2024-06-12T20:55:13" time="0.767" tests="6">
    <testcase classname="--tags raises the correct error when passed as --project-tags (i.e. missing the =)" name="--tags raises the correct error when passed as --project-tags (i.e. missing the =)" time="0.004">
    </testcase>
    <testcase classname="--tags returns an empty set of tags when passed as --project-tags=" name="--tags returns an empty set of tags when passed as --project-tags=" time="0">
    </testcase>
    <testcase classname="--tags returns undefined when --project-tags is not passed" name="--tags returns undefined when --project-tags is not passed" time="0">
    </testcase>
    <testcase classname="--tags raises the correct error when a key is supplied with no value" name="--tags raises the correct error when a key is supplied with no value" time="0.001">
    </testcase>
    <testcase classname="--tags parses a single key/value pair into the correct data structure" name="--tags parses a single key/value pair into the correct data structure" time="0">
    </testcase>
    <testcase classname="--tags parses multiple key/value pairs into the correct data structure" name="--tags parses multiple key/value pairs into the correct data structure" time="0.001">
    </testcase>
  </testsuite>
  <testsuite name="GitHub action - IaC" errors="0" failures="5" skipped="0" timestamp="2024-06-12T20:55:14" time="0.559" tests="5">
    <testcase classname="GitHub action - IaC when provided config: {&quot;relativeDir&quot;:&quot;&quot;,&quot;inputPath&quot;:&quot;/project/workspace/test/fixtures/iac/kubernetes/pod-valid.json&quot;} tests the GH Action SARIF output" name="GitHub action - IaC when provided config: {&quot;relativeDir&quot;:&quot;&quot;,&quot;inputPath&quot;:&quot;/project/workspace/test/fixtures/iac/kubernetes/pod-valid.json&quot;} tests the GH Action SARIF output" time="0.04">
      <failure>Error: expect(received).toEqual(expected) // deep equality

Expected: &quot;&quot;
Received: &quot;node:internal/modules/package_json_reader:93
        throw error;
        ^·
SyntaxError: Error parsing /project/workspace/package.json: Unexpected non-whitespace character after JSON at position 8
    at parse (&lt;anonymous&gt;)
    at read (node:internal/modules/package_json_reader:80:16)
    at readPackage (node:internal/modules/package_json_reader:141:10)
    at readPackageScope (node:internal/modules/package_json_reader:164:19)
    at shouldUseESMLoader (node:internal/modules/run_main:72:15)
    at Function.executeUserEntryPoint [as runMain] (node:internal/modules/run_main:129:24)
    at node:internal/main/run_main_module:28:49 {
  path: &apos;/project/workspace/package.json&apos;
}·
Node.js v20.12.1
&quot;
    at GithubActionTestRunner.runAndGenerateSARIF (/project/workspace/test/jest/acceptance/iac/github-action/runner.ts:66:22)
    at processTicksAndRejections (node:internal/process/task_queues:95:5)
    at GithubActionTestRunner.test (/project/workspace/test/jest/acceptance/iac/github-action/runner.ts:53:19)
    at Object.&lt;anonymous&gt; (/project/workspace/test/jest/acceptance/iac/github-action/iac.spec.ts:48:7)</failure>
    </testcase>
    <testcase classname="GitHub action - IaC when provided config: {&quot;relativeDir&quot;:&quot;&quot;,&quot;inputPath&quot;:&quot;./iac/kubernetes/pod-valid.json&quot;} tests the GH Action SARIF output" name="GitHub action - IaC when provided config: {&quot;relativeDir&quot;:&quot;&quot;,&quot;inputPath&quot;:&quot;./iac/kubernetes/pod-valid.json&quot;} tests the GH Action SARIF output" time="0.04">
      <failure>Error: expect(received).toEqual(expected) // deep equality

Expected: &quot;&quot;
Received: &quot;node:internal/modules/package_json_reader:93
        throw error;
        ^·
SyntaxError: Error parsing /project/workspace/package.json: Unexpected non-whitespace character after JSON at position 8
    at parse (&lt;anonymous&gt;)
    at read (node:internal/modules/package_json_reader:80:16)
    at readPackage (node:internal/modules/package_json_reader:141:10)
    at readPackageScope (node:internal/modules/package_json_reader:164:19)
    at shouldUseESMLoader (node:internal/modules/run_main:72:15)
    at Function.executeUserEntryPoint [as runMain] (node:internal/modules/run_main:129:24)
    at node:internal/main/run_main_module:28:49 {
  path: &apos;/project/workspace/package.json&apos;
}·
Node.js v20.12.1
&quot;
    at GithubActionTestRunner.runAndGenerateSARIF (/project/workspace/test/jest/acceptance/iac/github-action/runner.ts:66:22)
    at processTicksAndRejections (node:internal/process/task_queues:95:5)
    at GithubActionTestRunner.test (/project/workspace/test/jest/acceptance/iac/github-action/runner.ts:53:19)
    at Object.&lt;anonymous&gt; (/project/workspace/test/jest/acceptance/iac/github-action/iac.spec.ts:48:7)</failure>
    </testcase>
    <testcase classname="GitHub action - IaC when provided config: {&quot;relativeDir&quot;:&quot;&quot;,&quot;inputPath&quot;:&quot;./iac&quot;} tests the GH Action SARIF output" name="GitHub action - IaC when provided config: {&quot;relativeDir&quot;:&quot;&quot;,&quot;inputPath&quot;:&quot;./iac&quot;} tests the GH Action SARIF output" time="0.048">
      <failure>Error: expect(received).toEqual(expected) // deep equality

Expected: &quot;&quot;
Received: &quot;node:internal/modules/package_json_reader:93
        throw error;
        ^·
SyntaxError: Error parsing /project/workspace/package.json: Unexpected non-whitespace character after JSON at position 8
    at parse (&lt;anonymous&gt;)
    at read (node:internal/modules/package_json_reader:80:16)
    at readPackage (node:internal/modules/package_json_reader:141:10)
    at readPackageScope (node:internal/modules/package_json_reader:164:19)
    at shouldUseESMLoader (node:internal/modules/run_main:72:15)
    at Function.executeUserEntryPoint [as runMain] (node:internal/modules/run_main:129:24)
    at node:internal/main/run_main_module:28:49 {
  path: &apos;/project/workspace/package.json&apos;
}·
Node.js v20.12.1
&quot;
    at GithubActionTestRunner.runAndGenerateSARIF (/project/workspace/test/jest/acceptance/iac/github-action/runner.ts:66:22)
    at processTicksAndRejections (node:internal/process/task_queues:95:5)
    at GithubActionTestRunner.test (/project/workspace/test/jest/acceptance/iac/github-action/runner.ts:53:19)
    at Object.&lt;anonymous&gt; (/project/workspace/test/jest/acceptance/iac/github-action/iac.spec.ts:48:7)</failure>
    </testcase>
    <testcase classname="GitHub action - IaC when provided config: {&quot;relativeDir&quot;:&quot;iac&quot;,&quot;inputPath&quot;:&quot;.&quot;} tests the GH Action SARIF output" name="GitHub action - IaC when provided config: {&quot;relativeDir&quot;:&quot;iac&quot;,&quot;inputPath&quot;:&quot;.&quot;} tests the GH Action SARIF output" time="0.039">
      <failure>Error: expect(received).toEqual(expected) // deep equality

Expected: &quot;&quot;
Received: &quot;node:internal/modules/package_json_reader:93
        throw error;
        ^·
SyntaxError: Error parsing /project/workspace/package.json: Unexpected non-whitespace character after JSON at position 8
    at parse (&lt;anonymous&gt;)
    at read (node:internal/modules/package_json_reader:80:16)
    at readPackage (node:internal/modules/package_json_reader:141:10)
    at readPackageScope (node:internal/modules/package_json_reader:164:19)
    at shouldUseESMLoader (node:internal/modules/run_main:72:15)
    at Function.executeUserEntryPoint [as runMain] (node:internal/modules/run_main:129:24)
    at node:internal/main/run_main_module:28:49 {
  path: &apos;/project/workspace/package.json&apos;
}·
Node.js v20.12.1
&quot;
    at GithubActionTestRunner.runAndGenerateSARIF (/project/workspace/test/jest/acceptance/iac/github-action/runner.ts:66:22)
    at processTicksAndRejections (node:internal/process/task_queues:95:5)
    at GithubActionTestRunner.test (/project/workspace/test/jest/acceptance/iac/github-action/runner.ts:53:19)
    at Object.&lt;anonymous&gt; (/project/workspace/test/jest/acceptance/iac/github-action/iac.spec.ts:48:7)</failure>
    </testcase>
    <testcase classname="GitHub action - IaC when provided config: {&quot;relativeDir&quot;:&quot;iac&quot;,&quot;inputPath&quot;:&quot;&quot;} tests the GH Action SARIF output" name="GitHub action - IaC when provided config: {&quot;relativeDir&quot;:&quot;iac&quot;,&quot;inputPath&quot;:&quot;&quot;} tests the GH Action SARIF output" time="0.042">
      <failure>Error: expect(received).toEqual(expected) // deep equality

Expected: &quot;&quot;
Received: &quot;node:internal/modules/package_json_reader:93
        throw error;
        ^·
SyntaxError: Error parsing /project/workspace/package.json: Unexpected non-whitespace character after JSON at position 8
    at parse (&lt;anonymous&gt;)
    at read (node:internal/modules/package_json_reader:80:16)
    at readPackage (node:internal/modules/package_json_reader:141:10)
    at readPackageScope (node:internal/modules/package_json_reader:164:19)
    at shouldUseESMLoader (node:internal/modules/run_main:72:15)
    at Function.executeUserEntryPoint [as runMain] (node:internal/modules/run_main:129:24)
    at node:internal/main/run_main_module:28:49 {
  path: &apos;/project/workspace/package.json&apos;
}·
Node.js v20.12.1
&quot;
    at GithubActionTestRunner.runAndGenerateSARIF (/project/workspace/test/jest/acceptance/iac/github-action/runner.ts:66:22)
    at processTicksAndRejections (node:internal/process/task_queues:95:5)
    at GithubActionTestRunner.test (/project/workspace/test/jest/acceptance/iac/github-action/runner.ts:53:19)
    at Object.&lt;anonymous&gt; (/project/workspace/test/jest/acceptance/iac/github-action/iac.spec.ts:48:7)</failure>
    </testcase>
  </testsuite>
  <testsuite name="iac test --org" errors="0" failures="3" skipped="0" timestamp="2024-06-12T20:55:14" time="0.302" tests="3">
    <testcase classname="iac test --org uses the default org" name="iac test --org uses the default org" time="0.042">
      <failure>SyntaxError: Unexpected end of JSON input
    at JSON.parse (&lt;anonymous&gt;)
    at Object.&lt;anonymous&gt; (/project/workspace/test/jest/acceptance/iac/org-flag.spec.ts:21:25)
    at processTicksAndRejections (node:internal/process/task_queues:95:5)</failure>
    </testcase>
    <testcase classname="iac test --org uses the the org provided via the --org flag" name="iac test --org uses the the org provided via the --org flag" time="0.039">
      <failure>SyntaxError: Unexpected end of JSON input
    at JSON.parse (&lt;anonymous&gt;)
    at Object.&lt;anonymous&gt; (/project/workspace/test/jest/acceptance/iac/org-flag.spec.ts:29:25)
    at processTicksAndRejections (node:internal/process/task_queues:95:5)</failure>
    </testcase>
    <testcase classname="iac test --org uses the the org provided via the SNYK_CFG_ORG variable" name="iac test --org uses the the org provided via the SNYK_CFG_ORG variable" time="0.037">
      <failure>SyntaxError: Unexpected end of JSON input
    at JSON.parse (&lt;anonymous&gt;)
    at Object.&lt;anonymous&gt; (/project/workspace/test/jest/acceptance/iac/org-flag.spec.ts:40:25)
    at processTicksAndRejections (node:internal/process/task_queues:95:5)</failure>
    </testcase>
  </testsuite>
  <testsuite name="debug log" errors="0" failures="1" skipped="0" timestamp="2024-06-12T20:55:15" time="0.297" tests="2">
    <testcase classname="debug log redacts token from env var" name="debug log redacts token from env var" time="0.041">
    </testcase>
    <testcase classname="debug log redacts token from config file" name="debug log redacts token from config file" time="0.084">
      <failure>Error: expect(received).not.toBeFalsy()

Received: &quot;&quot;
    at Object.&lt;anonymous&gt; (/project/workspace/test/jest/acceptance/debuglog.spec.ts:41:31)
    at processTicksAndRejections (node:internal/process/task_queues:95:5)</failure>
    </testcase>
  </testsuite>
  <testsuite name="dep-graph" errors="0" failures="0" skipped="0" timestamp="2024-06-12T20:55:15" time="0.169" tests="3">
    <testcase classname="dep-graph hasUnknownVersions returns true when dep-graph has unknown versions" name="dep-graph hasUnknownVersions returns true when dep-graph has unknown versions" time="0.002">
    </testcase>
    <testcase classname="dep-graph hasUnknownVersions returns false when dep-graph does not have unknown versions" name="dep-graph hasUnknownVersions returns false when dep-graph does not have unknown versions" time="0">
    </testcase>
    <testcase classname="dep-graph hasUnknownVersions returns false when dep-graph is undefined" name="dep-graph hasUnknownVersions returns false when dep-graph is undefined" time="0.001">
    </testcase>
  </testsuite>
  <testsuite name="FIPS" errors="0" failures="0" skipped="0" timestamp="2024-06-12T20:55:15" time="0.146" tests="1">
    <testcase classname="FIPS Tests are disabled!" name="FIPS Tests are disabled!" time="0.002">
    </testcase>
  </testsuite>
  <testsuite name="iac test --json file.yaml" errors="0" failures="1" skipped="0" timestamp="2024-06-12T20:55:15" time="0.211" tests="1">
    <testcase classname="iac test --json file.yaml supports the correct line numbers for multi-doc YAML files" name="iac test --json file.yaml supports the correct line numbers for multi-doc YAML files" time="0.042">
      <failure>SyntaxError: Unexpected end of JSON input
    at JSON.parse (&lt;anonymous&gt;)
    at Object.&lt;anonymous&gt; (/project/workspace/test/jest/acceptance/iac/multidoc-yaml.spec.ts:23:48)
    at processTicksAndRejections (node:internal/process/task_queues:95:5)</failure>
    </testcase>
  </testsuite>
  <testsuite name="checkPath() regression test snyk/cli#3406" errors="0" failures="1" skipped="0" timestamp="2024-06-12T20:55:16" time="0.356" tests="1">
    <testcase classname="checkPath() regression test snyk/cli#3406 supports scanning a project matching an OSS manifest name" name="checkPath() regression test snyk/cli#3406 supports scanning a project matching an OSS manifest name" time="0.091">
      <failure>Error: expect(received).toContain(expected) // indexOf

Expected substring: &quot;Could not find any valid IaC files
  Path: ./iac/check-paths-regression/package.json&quot;
Received string:    &quot;&quot;
    at Object.&lt;anonymous&gt; (/project/workspace/test/jest/acceptance/iac/check-paths-regression.spec.ts:27:20)</failure>
    </testcase>
  </testsuite>
  <testsuite name="snyk sbom: unmanaged options" errors="0" failures="1" skipped="0" timestamp="2024-06-12T20:55:16" time="0.804" tests="1">
    <testcase classname="snyk sbom: unmanaged options `sbom --max-depth=1` generates an SBOM includind the dependencies within the archive" name="snyk sbom: unmanaged options `sbom --max-depth=1` generates an SBOM includind the dependencies within the archive" time="0.147">
      <failure>Error: expect(received).toEqual(expected) // deep equality

Expected: 0
Received: 1
    at Object.&lt;anonymous&gt; (/project/workspace/test/jest/acceptance/snyk-sbom/unmanaged-options.spec.ts:20:18)
    at processTicksAndRejections (node:internal/process/task_queues:95:5)</failure>
    </testcase>
  </testsuite>
  <testsuite name="Fix PR" errors="0" failures="0" skipped="0" timestamp="2024-06-12T20:55:17" time="2.631" tests="1">
    <testcase classname="Fix PR patches vulnerable dependencies on install" name="Fix PR patches vulnerable dependencies on install" time="2.54">
    </testcase>
  </testsuite>
  <testsuite name="iac test with infrastructureAsCode entitlement" errors="0" failures="1" skipped="0" timestamp="2024-06-12T20:55:19" time="0.223" tests="1">
    <testcase classname="iac test with infrastructureAsCode entitlement fails to scan because the user is not entitled to infrastructureAsCode" name="iac test with infrastructureAsCode entitlement fails to scan because the user is not entitled to infrastructureAsCode" time="0.034">
      <failure>Error: expect(received).toContain(expected) // indexOf

Expected substring: &quot;This feature is currently not enabled for your org. To enable it, please contact snyk support.&quot;
Received string:    &quot;&quot;
    at Object.&lt;anonymous&gt; (/project/workspace/test/jest/acceptance/iac/iac-entitlement.spec.ts:21:20)
    at processTicksAndRejections (node:internal/process/task_queues:95:5)</failure>
    </testcase>
  </testsuite>
  <testsuite name="Parallel CLI execution" errors="0" failures="1" skipped="0" timestamp="2024-06-12T20:55:20" time="0.355" tests="1">
    <testcase classname="Parallel CLI execution parallel woof" name="Parallel CLI execution parallel woof" time="0.18">
      <failure>Error: expect(received).toBe(expected) // Object.is equality

Expected: 0
Received: 1
    at Object.&lt;anonymous&gt; (/project/workspace/test/jest/acceptance/parallel-execution.spec.ts:17:20)</failure>
    </testcase>
  </testsuite>
  <testsuite name="--about" errors="0" failures="1" skipped="0" timestamp="2024-06-12T20:55:20" time="0.276" tests="1">
    <testcase classname="--about prints open source attribution information" name="--about prints open source attribution information" time="0.04">
      <failure>Error: expect(received).toBe(expected) // Object.is equality

Expected: 0
Received: 1
    at Object.&lt;anonymous&gt; (/project/workspace/test/jest/acceptance/about.spec.ts:9:18)
    at processTicksAndRejections (node:internal/process/task_queues:95:5)</failure>
    </testcase>
  </testsuite>
</testsuites>